[1.956s] Invoking command in '/home/admin/ros2_ws/src/projekt2': PYTHONPATH=/home/admin/ros2_ws/src/build/projekt2/prefix_override:/home/admin/ros2_ws/src/install/projekt2/lib/python3.10/site-packages:${PYTHONPATH} /usr/bin/python3 setup.py egg_info --egg-base ../build/projekt2 build --build-base /home/admin/ros2_ws/src/build/projekt2/build install --record /home/admin/ros2_ws/src/build/projekt2/install.log --single-version-externally-managed
[2.255s] running egg_info
[2.256s] writing ../build/projekt2/projekt2.egg-info/PKG-INFO
[2.256s] writing dependency_links to ../build/projekt2/projekt2.egg-info/dependency_links.txt
[2.257s] writing entry points to ../build/projekt2/projekt2.egg-info/entry_points.txt
[2.258s] writing requirements to ../build/projekt2/projekt2.egg-info/requires.txt
[2.258s] writing top-level names to ../build/projekt2/projekt2.egg-info/top_level.txt
[2.261s] reading manifest file '../build/projekt2/projekt2.egg-info/SOURCES.txt'
[2.261s] writing manifest file '../build/projekt2/projekt2.egg-info/SOURCES.txt'
[2.262s] running build
[2.262s] running build_py
[2.263s] running install
[2.263s] /usr/lib/python3/dist-packages/setuptools/command/install.py:34: SetuptoolsDeprecationWarning: setup.py install is deprecated. Use build and pip and other standards-based tools.
[2.263s]   warnings.warn(
[2.263s] running install_lib
[2.264s] running install_data
[2.265s] running install_egg_info
[2.267s] removing '/home/admin/ros2_ws/src/install/projekt2/lib/python3.10/site-packages/projekt2-0.0.0-py3.10.egg-info' (and everything under it)
[2.268s] Copying ../build/projekt2/projekt2.egg-info to /home/admin/ros2_ws/src/install/projekt2/lib/python3.10/site-packages/projekt2-0.0.0-py3.10.egg-info
[2.269s] running install_scripts
[2.306s] Installing forward_kin script to /home/admin/ros2_ws/src/install/projekt2/lib/projekt2
[2.307s] writing list of installed files to '/home/admin/ros2_ws/src/build/projekt2/install.log'
[2.534s] Invoked command in '/home/admin/ros2_ws/src/projekt2' returned '0': PYTHONPATH=/home/admin/ros2_ws/src/build/projekt2/prefix_override:/home/admin/ros2_ws/src/install/projekt2/lib/python3.10/site-packages:${PYTHONPATH} /usr/bin/python3 setup.py egg_info --egg-base ../build/projekt2 build --build-base /home/admin/ros2_ws/src/build/projekt2/build install --record /home/admin/ros2_ws/src/build/projekt2/install.log --single-version-externally-managed
