[1.948s] Invoking command in '/home/admin/ros2_ws/src/projekt2': PYTHONPATH=/home/admin/ros2_ws/src/build/projekt2/prefix_override:/home/admin/ros2_ws/src/install/projekt2/lib/python3.10/site-packages:${PYTHONPATH} /usr/bin/python3 setup.py egg_info --egg-base ../build/projekt2 build --build-base /home/admin/ros2_ws/src/build/projekt2/build install --record /home/admin/ros2_ws/src/build/projekt2/install.log --single-version-externally-managed
[2.235s] running egg_info
[2.236s] writing ../build/projekt2/projekt2.egg-info/PKG-INFO
[2.238s] writing dependency_links to ../build/projekt2/projekt2.egg-info/dependency_links.txt
[2.242s] writing entry points to ../build/projekt2/projekt2.egg-info/entry_points.txt
[2.243s] writing requirements to ../build/projekt2/projekt2.egg-info/requires.txt
[2.243s] writing top-level names to ../build/projekt2/projekt2.egg-info/top_level.txt
[2.245s] reading manifest file '../build/projekt2/projekt2.egg-info/SOURCES.txt'
[2.248s] writing manifest file '../build/projekt2/projekt2.egg-info/SOURCES.txt'
[2.248s] running build
[2.248s] running build_py
[2.249s] running install
[2.249s] /usr/lib/python3/dist-packages/setuptools/command/install.py:34: SetuptoolsDeprecationWarning: setup.py install is deprecated. Use build and pip and other standards-based tools.
[2.249s]   warnings.warn(
[2.249s] running install_lib
[2.251s] running install_data
[2.251s] running install_egg_info
[2.254s] removing '/home/admin/ros2_ws/src/install/projekt2/lib/python3.10/site-packages/projekt2-0.0.0-py3.10.egg-info' (and everything under it)
[2.254s] Copying ../build/projekt2/projekt2.egg-info to /home/admin/ros2_ws/src/install/projekt2/lib/python3.10/site-packages/projekt2-0.0.0-py3.10.egg-info
[2.256s] running install_scripts
[2.284s] Installing forward_kin script to /home/admin/ros2_ws/src/install/projekt2/lib/projekt2
[2.284s] writing list of installed files to '/home/admin/ros2_ws/src/build/projekt2/install.log'
[2.671s] Invoked command in '/home/admin/ros2_ws/src/projekt2' returned '0': PYTHONPATH=/home/admin/ros2_ws/src/build/projekt2/prefix_override:/home/admin/ros2_ws/src/install/projekt2/lib/python3.10/site-packages:${PYTHONPATH} /usr/bin/python3 setup.py egg_info --egg-base ../build/projekt2 build --build-base /home/admin/ros2_ws/src/build/projekt2/build install --record /home/admin/ros2_ws/src/build/projekt2/install.log --single-version-externally-managed
