[1.514s] Invoking command in '/home/admin/ros2_ws/src/py_pubsub': PYTHONPATH=/home/admin/ros2_ws/src/build/py_pubsub/prefix_override:/home/admin/ros2_ws/src/install/py_pubsub/lib/python3.10/site-packages:${PYTHONPATH} /usr/bin/python3 setup.py egg_info --egg-base ../build/py_pubsub build --build-base /home/admin/ros2_ws/src/build/py_pubsub/build install --record /home/admin/ros2_ws/src/build/py_pubsub/install.log --single-version-externally-managed
[1.810s] running egg_info
[1.811s] writing ../build/py_pubsub/py_pubsub.egg-info/PKG-INFO
[1.811s] writing dependency_links to ../build/py_pubsub/py_pubsub.egg-info/dependency_links.txt
[1.811s] writing entry points to ../build/py_pubsub/py_pubsub.egg-info/entry_points.txt
[1.822s] writing requirements to ../build/py_pubsub/py_pubsub.egg-info/requires.txt
[1.822s] writing top-level names to ../build/py_pubsub/py_pubsub.egg-info/top_level.txt
[1.822s] reading manifest file '../build/py_pubsub/py_pubsub.egg-info/SOURCES.txt'
[1.822s] adding license file 'LICENSE'
[1.822s] writing manifest file '../build/py_pubsub/py_pubsub.egg-info/SOURCES.txt'
[1.822s] running build
[1.822s] running build_py
[1.822s] running install
[1.823s] running install_lib
[1.823s] running install_data
[1.823s] running install_egg_info
[1.823s] /usr/lib/python3/dist-packages/setuptools/command/install.py:34: SetuptoolsDeprecationWarning: setup.py install is deprecated. Use build and pip and other standards-based tools.
[1.824s]   warnings.warn(
[1.824s] removing '/home/admin/ros2_ws/src/install/py_pubsub/lib/python3.10/site-packages/py_pubsub-0.0.0-py3.10.egg-info' (and everything under it)
[1.825s] Copying ../build/py_pubsub/py_pubsub.egg-info to /home/admin/ros2_ws/src/install/py_pubsub/lib/python3.10/site-packages/py_pubsub-0.0.0-py3.10.egg-info
[1.827s] running install_scripts
[1.855s] Installing listener script to /home/admin/ros2_ws/src/install/py_pubsub/lib/py_pubsub
[1.855s] Installing talker script to /home/admin/ros2_ws/src/install/py_pubsub/lib/py_pubsub
[1.855s] writing list of installed files to '/home/admin/ros2_ws/src/build/py_pubsub/install.log'
[1.887s] Invoked command in '/home/admin/ros2_ws/src/py_pubsub' returned '0': PYTHONPATH=/home/admin/ros2_ws/src/build/py_pubsub/prefix_override:/home/admin/ros2_ws/src/install/py_pubsub/lib/python3.10/site-packages:${PYTHONPATH} /usr/bin/python3 setup.py egg_info --egg-base ../build/py_pubsub build --build-base /home/admin/ros2_ws/src/build/py_pubsub/build install --record /home/admin/ros2_ws/src/build/py_pubsub/install.log --single-version-externally-managed
