running egg_info
writing ../build/projekt4/projekt4.egg-info/PKG-INFO
writing dependency_links to ../build/projekt4/projekt4.egg-info/dependency_links.txt
writing entry points to ../build/projekt4/projekt4.egg-info/entry_points.txt
writing requirements to ../build/projekt4/projekt4.egg-info/requires.txt
writing top-level names to ../build/projekt4/projekt4.egg-info/top_level.txt
reading manifest file '../build/projekt4/projekt4.egg-info/SOURCES.txt'
writing manifest file '../build/projekt4/projekt4.egg-info/SOURCES.txt'
running build
running build_py
running install
/usr/lib/python3/dist-packages/setuptools/command/install.py:34: SetuptoolsDeprecationWarning: setup.py install is deprecated. Use build and pip and other standards-based tools.
  warnings.warn(
running install_lib
running install_data
copying package.xml -> /home/admin/ros2_ws/src/install/projekt4/share/projekt4
running install_egg_info
removing '/home/admin/ros2_ws/src/install/projekt4/lib/python3.10/site-packages/projekt4-0.0.0-py3.10.egg-info' (and everything under it)
Copying ../build/projekt4/projekt4.egg-info to /home/admin/ros2_ws/src/install/projekt4/lib/python3.10/site-packages/projekt4-0.0.0-py3.10.egg-info
running install_scripts
Installing draw_shape_server script to /home/admin/ros2_ws/src/install/projekt4/lib/projekt4
writing list of installed files to '/home/admin/ros2_ws/src/build/projekt4/install.log'
