[0.805s] Invoking command in '/home/admin/ros2_ws/src/projekt4': AMENT_PREFIX_PATH=/home/admin/ros2_ws/src/install/projekt3:/home/admin/ros2_ws/src/install/tutorial_interfaces:${AMENT_PREFIX_PATH} CMAKE_PREFIX_PATH=/home/admin/ros2_ws/src/install/tutorial_interfaces LD_LIBRARY_PATH=/home/admin/ros2_ws/src/install/tutorial_interfaces/lib:${LD_LIBRARY_PATH} PYTHONPATH=/home/admin/ros2_ws/src/build/projekt4/prefix_override:/home/admin/ros2_ws/src/install/projekt4/lib/python3.10/site-packages:/home/admin/ros2_ws/src/install/projekt3/lib/python3.10/site-packages:/home/admin/ros2_ws/src/install/tutorial_interfaces/local/lib/python3.10/dist-packages:${PYTHONPATH} /usr/bin/python3 setup.py egg_info --egg-base ../build/projekt4 build --build-base /home/admin/ros2_ws/src/build/projekt4/build install --record /home/admin/ros2_ws/src/build/projekt4/install.log --single-version-externally-managed
[1.069s] running egg_info
[1.069s] writing ../build/projekt4/projekt4.egg-info/PKG-INFO
[1.070s] writing dependency_links to ../build/projekt4/projekt4.egg-info/dependency_links.txt
[1.071s] writing entry points to ../build/projekt4/projekt4.egg-info/entry_points.txt
[1.071s] writing requirements to ../build/projekt4/projekt4.egg-info/requires.txt
[1.071s] writing top-level names to ../build/projekt4/projekt4.egg-info/top_level.txt
[1.073s] reading manifest file '../build/projekt4/projekt4.egg-info/SOURCES.txt'
[1.074s] writing manifest file '../build/projekt4/projekt4.egg-info/SOURCES.txt'
[1.075s] running build
[1.075s] running build_py
[1.075s] running install
[1.075s] /usr/lib/python3/dist-packages/setuptools/command/install.py:34: SetuptoolsDeprecationWarning: setup.py install is deprecated. Use build and pip and other standards-based tools.
[1.075s]   warnings.warn(
[1.075s] running install_lib
[1.077s] running install_data
[1.078s] copying package.xml -> /home/admin/ros2_ws/src/install/projekt4/share/projekt4
[1.078s] running install_egg_info
[1.080s] removing '/home/admin/ros2_ws/src/install/projekt4/lib/python3.10/site-packages/projekt4-0.0.0-py3.10.egg-info' (and everything under it)
[1.081s] Copying ../build/projekt4/projekt4.egg-info to /home/admin/ros2_ws/src/install/projekt4/lib/python3.10/site-packages/projekt4-0.0.0-py3.10.egg-info
[1.082s] running install_scripts
[1.114s] Installing draw_shape_server script to /home/admin/ros2_ws/src/install/projekt4/lib/projekt4
[1.115s] writing list of installed files to '/home/admin/ros2_ws/src/build/projekt4/install.log'
[1.146s] Invoked command in '/home/admin/ros2_ws/src/projekt4' returned '0': AMENT_PREFIX_PATH=/home/admin/ros2_ws/src/install/projekt3:/home/admin/ros2_ws/src/install/tutorial_interfaces:${AMENT_PREFIX_PATH} CMAKE_PREFIX_PATH=/home/admin/ros2_ws/src/install/tutorial_interfaces LD_LIBRARY_PATH=/home/admin/ros2_ws/src/install/tutorial_interfaces/lib:${LD_LIBRARY_PATH} PYTHONPATH=/home/admin/ros2_ws/src/build/projekt4/prefix_override:/home/admin/ros2_ws/src/install/projekt4/lib/python3.10/site-packages:/home/admin/ros2_ws/src/install/projekt3/lib/python3.10/site-packages:/home/admin/ros2_ws/src/install/tutorial_interfaces/local/lib/python3.10/dist-packages:${PYTHONPATH} /usr/bin/python3 setup.py egg_info --egg-base ../build/projekt4 build --build-base /home/admin/ros2_ws/src/build/projekt4/build install --record /home/admin/ros2_ws/src/build/projekt4/install.log --single-version-externally-managed
