[1.194s] DEBUG:colcon:Command line arguments: ['/usr/bin/colcon', 'build']
[1.194s] DEBUG:colcon:Parsed command line arguments: Namespace(log_base=None, log_level=None, verb_name='build', build_base='build', install_base='install', merge_install=False, symlink_install=False, test_result_base=None, continue_on_error=False, executor='parallel', parallel_workers=4, event_handlers=None, ignore_user_meta=False, metas=['./colcon.meta'], base_paths=['.'], packages_ignore=None, packages_ignore_regex=None, paths=None, packages_up_to=None, packages_up_to_regex=None, packages_above=None, packages_above_and_dependencies=None, packages_above_depth=None, packages_select_by_dep=None, packages_skip_by_dep=None, packages_skip_up_to=None, packages_select_build_failed=False, packages_skip_build_finished=False, packages_select_test_failures=False, packages_skip_test_passed=False, packages_select=None, packages_skip=None, packages_select_regex=None, packages_skip_regex=None, packages_start=None, packages_end=None, allow_overriding=[], cmake_args=None, cmake_target=None, cmake_target_skip_unavailable=False, cmake_clean_cache=False, cmake_clean_first=False, cmake_force_configure=False, ament_cmake_args=None, catkin_cmake_args=None, catkin_skip_building_tests=False, verb_parser=<colcon_defaults.argument_parser.defaults.DefaultArgumentsDecorator object at 0x77e86634d540>, verb_extension=<colcon_core.verb.build.BuildVerb object at 0x77e866622f80>, main=<bound method BuildVerb.main of <colcon_core.verb.build.BuildVerb object at 0x77e866622f80>>)
[1.247s] Level 1:colcon.colcon_core.package_discovery:discover_packages(colcon_meta) check parameters
[1.248s] Level 1:colcon.colcon_core.package_discovery:discover_packages(recursive) check parameters
[1.248s] Level 1:colcon.colcon_core.package_discovery:discover_packages(ignore) check parameters
[1.248s] Level 1:colcon.colcon_core.package_discovery:discover_packages(path) check parameters
[1.248s] Level 1:colcon.colcon_core.package_discovery:discover_packages(colcon_meta) discover
[1.248s] Level 1:colcon.colcon_core.package_discovery:discover_packages(recursive) discover
[1.248s] INFO:colcon.colcon_core.package_discovery:Crawling recursively for packages in '/home/admin/ros2_ws/src'
[1.248s] Level 1:colcon.colcon_core.package_identification:_identify(.) by extensions ['ignore', 'ignore_ament_install']
[1.248s] Level 1:colcon.colcon_core.package_identification:_identify(.) by extension 'ignore'
[1.248s] Level 1:colcon.colcon_core.package_identification:_identify(.) by extension 'ignore_ament_install'
[1.248s] Level 1:colcon.colcon_core.package_identification:_identify(.) by extensions ['colcon_pkg']
[1.248s] Level 1:colcon.colcon_core.package_identification:_identify(.) by extension 'colcon_pkg'
[1.248s] Level 1:colcon.colcon_core.package_identification:_identify(.) by extensions ['colcon_meta']
[1.248s] Level 1:colcon.colcon_core.package_identification:_identify(.) by extension 'colcon_meta'
[1.248s] Level 1:colcon.colcon_core.package_identification:_identify(.) by extensions ['ros']
[1.248s] Level 1:colcon.colcon_core.package_identification:_identify(.) by extension 'ros'
[1.259s] Level 1:colcon.colcon_core.package_identification:_identify(.) by extensions ['cmake', 'python']
[1.259s] Level 1:colcon.colcon_core.package_identification:_identify(.) by extension 'cmake'
[1.259s] Level 1:colcon.colcon_core.package_identification:_identify(.) by extension 'python'
[1.260s] Level 1:colcon.colcon_core.package_identification:_identify(.) by extensions ['python_setup_py']
[1.260s] Level 1:colcon.colcon_core.package_identification:_identify(.) by extension 'python_setup_py'
[1.260s] Level 1:colcon.colcon_core.package_identification:_identify(ROS2_lectures) by extensions ['ignore', 'ignore_ament_install']
[1.260s] Level 1:colcon.colcon_core.package_identification:_identify(ROS2_lectures) by extension 'ignore'
[1.260s] Level 1:colcon.colcon_core.package_identification:_identify(ROS2_lectures) by extension 'ignore_ament_install'
[1.260s] Level 1:colcon.colcon_core.package_identification:_identify(ROS2_lectures) by extensions ['colcon_pkg']
[1.260s] Level 1:colcon.colcon_core.package_identification:_identify(ROS2_lectures) by extension 'colcon_pkg'
[1.260s] Level 1:colcon.colcon_core.package_identification:_identify(ROS2_lectures) by extensions ['colcon_meta']
[1.260s] Level 1:colcon.colcon_core.package_identification:_identify(ROS2_lectures) by extension 'colcon_meta'
[1.260s] Level 1:colcon.colcon_core.package_identification:_identify(ROS2_lectures) by extensions ['ros']
[1.260s] Level 1:colcon.colcon_core.package_identification:_identify(ROS2_lectures) by extension 'ros'
[1.261s] Level 1:colcon.colcon_core.package_identification:_identify(ROS2_lectures) by extensions ['cmake', 'python']
[1.261s] Level 1:colcon.colcon_core.package_identification:_identify(ROS2_lectures) by extension 'cmake'
[1.261s] Level 1:colcon.colcon_core.package_identification:_identify(ROS2_lectures) by extension 'python'
[1.261s] Level 1:colcon.colcon_core.package_identification:_identify(ROS2_lectures) by extensions ['python_setup_py']
[1.261s] Level 1:colcon.colcon_core.package_identification:_identify(ROS2_lectures) by extension 'python_setup_py'
[1.261s] Level 1:colcon.colcon_core.package_identification:_identify(build) by extensions ['ignore', 'ignore_ament_install']
[1.261s] Level 1:colcon.colcon_core.package_identification:_identify(build) by extension 'ignore'
[1.261s] Level 1:colcon.colcon_core.package_identification:_identify(build) ignored
[1.261s] Level 1:colcon.colcon_core.package_identification:_identify(install) by extensions ['ignore', 'ignore_ament_install']
[1.261s] Level 1:colcon.colcon_core.package_identification:_identify(install) by extension 'ignore'
[1.261s] Level 1:colcon.colcon_core.package_identification:_identify(install) ignored
[1.261s] Level 1:colcon.colcon_core.package_identification:_identify(lab0) by extensions ['ignore', 'ignore_ament_install']
[1.261s] Level 1:colcon.colcon_core.package_identification:_identify(lab0) by extension 'ignore'
[1.261s] Level 1:colcon.colcon_core.package_identification:_identify(lab0) by extension 'ignore_ament_install'
[1.261s] Level 1:colcon.colcon_core.package_identification:_identify(lab0) by extensions ['colcon_pkg']
[1.261s] Level 1:colcon.colcon_core.package_identification:_identify(lab0) by extension 'colcon_pkg'
[1.262s] Level 1:colcon.colcon_core.package_identification:_identify(lab0) by extensions ['colcon_meta']
[1.262s] Level 1:colcon.colcon_core.package_identification:_identify(lab0) by extension 'colcon_meta'
[1.262s] Level 1:colcon.colcon_core.package_identification:_identify(lab0) by extensions ['ros']
[1.262s] Level 1:colcon.colcon_core.package_identification:_identify(lab0) by extension 'ros'
[1.262s] Level 1:colcon.colcon_core.package_identification:_identify(lab0) by extensions ['cmake', 'python']
[1.262s] Level 1:colcon.colcon_core.package_identification:_identify(lab0) by extension 'cmake'
[1.262s] Level 1:colcon.colcon_core.package_identification:_identify(lab0) by extension 'python'
[1.262s] Level 1:colcon.colcon_core.package_identification:_identify(lab0) by extensions ['python_setup_py']
[1.262s] Level 1:colcon.colcon_core.package_identification:_identify(lab0) by extension 'python_setup_py'
[1.262s] Level 1:colcon.colcon_core.package_identification:_identify(lab1) by extensions ['ignore', 'ignore_ament_install']
[1.262s] Level 1:colcon.colcon_core.package_identification:_identify(lab1) by extension 'ignore'
[1.262s] Level 1:colcon.colcon_core.package_identification:_identify(lab1) by extension 'ignore_ament_install'
[1.262s] Level 1:colcon.colcon_core.package_identification:_identify(lab1) by extensions ['colcon_pkg']
[1.262s] Level 1:colcon.colcon_core.package_identification:_identify(lab1) by extension 'colcon_pkg'
[1.262s] Level 1:colcon.colcon_core.package_identification:_identify(lab1) by extensions ['colcon_meta']
[1.262s] Level 1:colcon.colcon_core.package_identification:_identify(lab1) by extension 'colcon_meta'
[1.262s] Level 1:colcon.colcon_core.package_identification:_identify(lab1) by extensions ['ros']
[1.262s] Level 1:colcon.colcon_core.package_identification:_identify(lab1) by extension 'ros'
[1.262s] Level 1:colcon.colcon_core.package_identification:_identify(lab1) by extensions ['cmake', 'python']
[1.262s] Level 1:colcon.colcon_core.package_identification:_identify(lab1) by extension 'cmake'
[1.262s] Level 1:colcon.colcon_core.package_identification:_identify(lab1) by extension 'python'
[1.262s] Level 1:colcon.colcon_core.package_identification:_identify(lab1) by extensions ['python_setup_py']
[1.262s] Level 1:colcon.colcon_core.package_identification:_identify(lab1) by extension 'python_setup_py'
[1.263s] Level 1:colcon.colcon_core.package_identification:_identify(lab2) by extensions ['ignore', 'ignore_ament_install']
[1.263s] Level 1:colcon.colcon_core.package_identification:_identify(lab2) by extension 'ignore'
[1.263s] Level 1:colcon.colcon_core.package_identification:_identify(lab2) by extension 'ignore_ament_install'
[1.263s] Level 1:colcon.colcon_core.package_identification:_identify(lab2) by extensions ['colcon_pkg']
[1.263s] Level 1:colcon.colcon_core.package_identification:_identify(lab2) by extension 'colcon_pkg'
[1.263s] Level 1:colcon.colcon_core.package_identification:_identify(lab2) by extensions ['colcon_meta']
[1.263s] Level 1:colcon.colcon_core.package_identification:_identify(lab2) by extension 'colcon_meta'
[1.263s] Level 1:colcon.colcon_core.package_identification:_identify(lab2) by extensions ['ros']
[1.263s] Level 1:colcon.colcon_core.package_identification:_identify(lab2) by extension 'ros'
[1.263s] Level 1:colcon.colcon_core.package_identification:_identify(lab2) by extensions ['cmake', 'python']
[1.263s] Level 1:colcon.colcon_core.package_identification:_identify(lab2) by extension 'cmake'
[1.263s] Level 1:colcon.colcon_core.package_identification:_identify(lab2) by extension 'python'
[1.263s] Level 1:colcon.colcon_core.package_identification:_identify(lab2) by extensions ['python_setup_py']
[1.263s] Level 1:colcon.colcon_core.package_identification:_identify(lab2) by extension 'python_setup_py'
[1.263s] Level 1:colcon.colcon_core.package_identification:_identify(lab2_to_send) by extensions ['ignore', 'ignore_ament_install']
[1.263s] Level 1:colcon.colcon_core.package_identification:_identify(lab2_to_send) by extension 'ignore'
[1.263s] Level 1:colcon.colcon_core.package_identification:_identify(lab2_to_send) by extension 'ignore_ament_install'
[1.263s] Level 1:colcon.colcon_core.package_identification:_identify(lab2_to_send) by extensions ['colcon_pkg']
[1.263s] Level 1:colcon.colcon_core.package_identification:_identify(lab2_to_send) by extension 'colcon_pkg'
[1.263s] Level 1:colcon.colcon_core.package_identification:_identify(lab2_to_send) by extensions ['colcon_meta']
[1.263s] Level 1:colcon.colcon_core.package_identification:_identify(lab2_to_send) by extension 'colcon_meta'
[1.263s] Level 1:colcon.colcon_core.package_identification:_identify(lab2_to_send) by extensions ['ros']
[1.263s] Level 1:colcon.colcon_core.package_identification:_identify(lab2_to_send) by extension 'ros'
[1.266s] DEBUG:colcon.colcon_core.package_identification:Package 'lab2_to_send' with type 'ros.ament_python' and name 'lab2_to_send'
[1.266s] Level 1:colcon.colcon_core.package_identification:_identify(log) by extensions ['ignore', 'ignore_ament_install']
[1.266s] Level 1:colcon.colcon_core.package_identification:_identify(log) by extension 'ignore'
[1.267s] Level 1:colcon.colcon_core.package_identification:_identify(log) ignored
[1.267s] Level 1:colcon.colcon_core.package_identification:_identify(my_urdf_pkg) by extensions ['ignore', 'ignore_ament_install']
[1.267s] Level 1:colcon.colcon_core.package_identification:_identify(my_urdf_pkg) by extension 'ignore'
[1.267s] Level 1:colcon.colcon_core.package_identification:_identify(my_urdf_pkg) by extension 'ignore_ament_install'
[1.267s] Level 1:colcon.colcon_core.package_identification:_identify(my_urdf_pkg) by extensions ['colcon_pkg']
[1.267s] Level 1:colcon.colcon_core.package_identification:_identify(my_urdf_pkg) by extension 'colcon_pkg'
[1.267s] Level 1:colcon.colcon_core.package_identification:_identify(my_urdf_pkg) by extensions ['colcon_meta']
[1.267s] Level 1:colcon.colcon_core.package_identification:_identify(my_urdf_pkg) by extension 'colcon_meta'
[1.267s] Level 1:colcon.colcon_core.package_identification:_identify(my_urdf_pkg) by extensions ['ros']
[1.267s] Level 1:colcon.colcon_core.package_identification:_identify(my_urdf_pkg) by extension 'ros'
[1.267s] DEBUG:colcon.colcon_core.package_identification:Package 'my_urdf_pkg' with type 'ros.ament_cmake' and name 'my_urdf_pkg'
[1.267s] Level 1:colcon.colcon_core.package_identification:_identify(projekt2) by extensions ['ignore', 'ignore_ament_install']
[1.268s] Level 1:colcon.colcon_core.package_identification:_identify(projekt2) by extension 'ignore'
[1.268s] Level 1:colcon.colcon_core.package_identification:_identify(projekt2) by extension 'ignore_ament_install'
[1.268s] Level 1:colcon.colcon_core.package_identification:_identify(projekt2) by extensions ['colcon_pkg']
[1.268s] Level 1:colcon.colcon_core.package_identification:_identify(projekt2) by extension 'colcon_pkg'
[1.268s] Level 1:colcon.colcon_core.package_identification:_identify(projekt2) by extensions ['colcon_meta']
[1.268s] Level 1:colcon.colcon_core.package_identification:_identify(projekt2) by extension 'colcon_meta'
[1.268s] Level 1:colcon.colcon_core.package_identification:_identify(projekt2) by extensions ['ros']
[1.268s] Level 1:colcon.colcon_core.package_identification:_identify(projekt2) by extension 'ros'
[1.268s] DEBUG:colcon.colcon_core.package_identification:Package 'projekt2' with type 'ros.ament_python' and name 'projekt2'
[1.268s] Level 1:colcon.colcon_core.package_identification:_identify(projekt3) by extensions ['ignore', 'ignore_ament_install']
[1.268s] Level 1:colcon.colcon_core.package_identification:_identify(projekt3) by extension 'ignore'
[1.268s] Level 1:colcon.colcon_core.package_identification:_identify(projekt3) by extension 'ignore_ament_install'
[1.268s] Level 1:colcon.colcon_core.package_identification:_identify(projekt3) by extensions ['colcon_pkg']
[1.268s] Level 1:colcon.colcon_core.package_identification:_identify(projekt3) by extension 'colcon_pkg'
[1.268s] Level 1:colcon.colcon_core.package_identification:_identify(projekt3) by extensions ['colcon_meta']
[1.268s] Level 1:colcon.colcon_core.package_identification:_identify(projekt3) by extension 'colcon_meta'
[1.268s] Level 1:colcon.colcon_core.package_identification:_identify(projekt3) by extensions ['ros']
[1.269s] Level 1:colcon.colcon_core.package_identification:_identify(projekt3) by extension 'ros'
[1.269s] DEBUG:colcon.colcon_core.package_identification:Package 'projekt3' with type 'ros.ament_python' and name 'projekt3'
[1.269s] Level 1:colcon.colcon_core.package_identification:_identify(projekt4) by extensions ['ignore', 'ignore_ament_install']
[1.269s] Level 1:colcon.colcon_core.package_identification:_identify(projekt4) by extension 'ignore'
[1.269s] Level 1:colcon.colcon_core.package_identification:_identify(projekt4) by extension 'ignore_ament_install'
[1.269s] Level 1:colcon.colcon_core.package_identification:_identify(projekt4) by extensions ['colcon_pkg']
[1.269s] Level 1:colcon.colcon_core.package_identification:_identify(projekt4) by extension 'colcon_pkg'
[1.269s] Level 1:colcon.colcon_core.package_identification:_identify(projekt4) by extensions ['colcon_meta']
[1.269s] Level 1:colcon.colcon_core.package_identification:_identify(projekt4) by extension 'colcon_meta'
[1.270s] Level 1:colcon.colcon_core.package_identification:_identify(projekt4) by extensions ['ros']
[1.270s] Level 1:colcon.colcon_core.package_identification:_identify(projekt4) by extension 'ros'
[1.270s] DEBUG:colcon.colcon_core.package_identification:Package 'projekt4' with type 'ros.ament_python' and name 'projekt4'
[1.270s] Level 1:colcon.colcon_core.package_identification:_identify(py_pubsub) by extensions ['ignore', 'ignore_ament_install']
[1.270s] Level 1:colcon.colcon_core.package_identification:_identify(py_pubsub) by extension 'ignore'
[1.270s] Level 1:colcon.colcon_core.package_identification:_identify(py_pubsub) by extension 'ignore_ament_install'
[1.270s] Level 1:colcon.colcon_core.package_identification:_identify(py_pubsub) by extensions ['colcon_pkg']
[1.270s] Level 1:colcon.colcon_core.package_identification:_identify(py_pubsub) by extension 'colcon_pkg'
[1.271s] Level 1:colcon.colcon_core.package_identification:_identify(py_pubsub) by extensions ['colcon_meta']
[1.271s] Level 1:colcon.colcon_core.package_identification:_identify(py_pubsub) by extension 'colcon_meta'
[1.271s] Level 1:colcon.colcon_core.package_identification:_identify(py_pubsub) by extensions ['ros']
[1.271s] Level 1:colcon.colcon_core.package_identification:_identify(py_pubsub) by extension 'ros'
[1.271s] DEBUG:colcon.colcon_core.package_identification:Package 'py_pubsub' with type 'ros.ament_python' and name 'py_pubsub'
[1.271s] Level 1:colcon.colcon_core.package_identification:_identify(tutorial_interfaces) by extensions ['ignore', 'ignore_ament_install']
[1.271s] Level 1:colcon.colcon_core.package_identification:_identify(tutorial_interfaces) by extension 'ignore'
[1.271s] Level 1:colcon.colcon_core.package_identification:_identify(tutorial_interfaces) by extension 'ignore_ament_install'
[1.271s] Level 1:colcon.colcon_core.package_identification:_identify(tutorial_interfaces) by extensions ['colcon_pkg']
[1.271s] Level 1:colcon.colcon_core.package_identification:_identify(tutorial_interfaces) by extension 'colcon_pkg'
[1.271s] Level 1:colcon.colcon_core.package_identification:_identify(tutorial_interfaces) by extensions ['colcon_meta']
[1.271s] Level 1:colcon.colcon_core.package_identification:_identify(tutorial_interfaces) by extension 'colcon_meta'
[1.271s] Level 1:colcon.colcon_core.package_identification:_identify(tutorial_interfaces) by extensions ['ros']
[1.271s] Level 1:colcon.colcon_core.package_identification:_identify(tutorial_interfaces) by extension 'ros'
[1.272s] DEBUG:colcon.colcon_core.package_identification:Package 'tutorial_interfaces' with type 'ros.ament_cmake' and name 'tutorial_interfaces'
[1.272s] Level 1:colcon.colcon_core.package_discovery:discover_packages(recursive) using defaults
[1.272s] Level 1:colcon.colcon_core.package_discovery:discover_packages(ignore) discover
[1.272s] Level 1:colcon.colcon_core.package_discovery:discover_packages(ignore) using defaults
[1.272s] Level 1:colcon.colcon_core.package_discovery:discover_packages(path) discover
[1.272s] Level 1:colcon.colcon_core.package_discovery:discover_packages(path) using defaults
[1.358s] Level 1:colcon.colcon_core.package_discovery:discover_packages(prefix_path) check parameters
[1.359s] Level 1:colcon.colcon_core.package_discovery:discover_packages(prefix_path) discover
[1.388s] DEBUG:colcon.colcon_installed_package_information.package_discovery:Found 7 installed packages in /home/admin/ros2_ws/src/install
[1.403s] DEBUG:colcon.colcon_installed_package_information.package_discovery:Found 10 installed packages in /home/admin/ros2_ws/install
[1.420s] DEBUG:colcon.colcon_installed_package_information.package_discovery:Found 293 installed packages in /opt/ros/humble
[1.421s] Level 1:colcon.colcon_core.package_discovery:discover_packages(prefix_path) using defaults
[1.512s] Level 5:colcon.colcon_core.verb:set package 'lab2_to_send' build argument 'cmake_args' from command line to 'None'
[1.512s] Level 5:colcon.colcon_core.verb:set package 'lab2_to_send' build argument 'cmake_target' from command line to 'None'
[1.512s] Level 5:colcon.colcon_core.verb:set package 'lab2_to_send' build argument 'cmake_target_skip_unavailable' from command line to 'False'
[1.513s] Level 5:colcon.colcon_core.verb:set package 'lab2_to_send' build argument 'cmake_clean_cache' from command line to 'False'
[1.513s] Level 5:colcon.colcon_core.verb:set package 'lab2_to_send' build argument 'cmake_clean_first' from command line to 'False'
[1.513s] Level 5:colcon.colcon_core.verb:set package 'lab2_to_send' build argument 'cmake_force_configure' from command line to 'False'
[1.513s] Level 5:colcon.colcon_core.verb:set package 'lab2_to_send' build argument 'ament_cmake_args' from command line to 'None'
[1.513s] Level 5:colcon.colcon_core.verb:set package 'lab2_to_send' build argument 'catkin_cmake_args' from command line to 'None'
[1.513s] Level 5:colcon.colcon_core.verb:set package 'lab2_to_send' build argument 'catkin_skip_building_tests' from command line to 'False'
[1.513s] DEBUG:colcon.colcon_core.verb:Building package 'lab2_to_send' with the following arguments: {'ament_cmake_args': None, 'build_base': '/home/admin/ros2_ws/src/build/lab2_to_send', 'catkin_cmake_args': None, 'catkin_skip_building_tests': False, 'cmake_args': None, 'cmake_clean_cache': False, 'cmake_clean_first': False, 'cmake_force_configure': False, 'cmake_target': None, 'cmake_target_skip_unavailable': False, 'install_base': '/home/admin/ros2_ws/src/install/lab2_to_send', 'merge_install': False, 'path': '/home/admin/ros2_ws/src/lab2_to_send', 'symlink_install': False, 'test_result_base': None}
[1.527s] Level 5:colcon.colcon_core.verb:set package 'my_urdf_pkg' build argument 'cmake_args' from command line to 'None'
[1.527s] Level 5:colcon.colcon_core.verb:set package 'my_urdf_pkg' build argument 'cmake_target' from command line to 'None'
[1.527s] Level 5:colcon.colcon_core.verb:set package 'my_urdf_pkg' build argument 'cmake_target_skip_unavailable' from command line to 'False'
[1.527s] Level 5:colcon.colcon_core.verb:set package 'my_urdf_pkg' build argument 'cmake_clean_cache' from command line to 'False'
[1.527s] Level 5:colcon.colcon_core.verb:set package 'my_urdf_pkg' build argument 'cmake_clean_first' from command line to 'False'
[1.527s] Level 5:colcon.colcon_core.verb:set package 'my_urdf_pkg' build argument 'cmake_force_configure' from command line to 'False'
[1.527s] Level 5:colcon.colcon_core.verb:set package 'my_urdf_pkg' build argument 'ament_cmake_args' from command line to 'None'
[1.527s] Level 5:colcon.colcon_core.verb:set package 'my_urdf_pkg' build argument 'catkin_cmake_args' from command line to 'None'
[1.527s] Level 5:colcon.colcon_core.verb:set package 'my_urdf_pkg' build argument 'catkin_skip_building_tests' from command line to 'False'
[1.527s] DEBUG:colcon.colcon_core.verb:Building package 'my_urdf_pkg' with the following arguments: {'ament_cmake_args': None, 'build_base': '/home/admin/ros2_ws/src/build/my_urdf_pkg', 'catkin_cmake_args': None, 'catkin_skip_building_tests': False, 'cmake_args': None, 'cmake_clean_cache': False, 'cmake_clean_first': False, 'cmake_force_configure': False, 'cmake_target': None, 'cmake_target_skip_unavailable': False, 'install_base': '/home/admin/ros2_ws/src/install/my_urdf_pkg', 'merge_install': False, 'path': '/home/admin/ros2_ws/src/my_urdf_pkg', 'symlink_install': False, 'test_result_base': None}
[1.541s] Level 5:colcon.colcon_core.verb:set package 'projekt2' build argument 'cmake_args' from command line to 'None'
[1.542s] Level 5:colcon.colcon_core.verb:set package 'projekt2' build argument 'cmake_target' from command line to 'None'
[1.542s] Level 5:colcon.colcon_core.verb:set package 'projekt2' build argument 'cmake_target_skip_unavailable' from command line to 'False'
[1.542s] Level 5:colcon.colcon_core.verb:set package 'projekt2' build argument 'cmake_clean_cache' from command line to 'False'
[1.542s] Level 5:colcon.colcon_core.verb:set package 'projekt2' build argument 'cmake_clean_first' from command line to 'False'
[1.542s] Level 5:colcon.colcon_core.verb:set package 'projekt2' build argument 'cmake_force_configure' from command line to 'False'
[1.542s] Level 5:colcon.colcon_core.verb:set package 'projekt2' build argument 'ament_cmake_args' from command line to 'None'
[1.542s] Level 5:colcon.colcon_core.verb:set package 'projekt2' build argument 'catkin_cmake_args' from command line to 'None'
[1.542s] Level 5:colcon.colcon_core.verb:set package 'projekt2' build argument 'catkin_skip_building_tests' from command line to 'False'
[1.542s] DEBUG:colcon.colcon_core.verb:Building package 'projekt2' with the following arguments: {'ament_cmake_args': None, 'build_base': '/home/admin/ros2_ws/src/build/projekt2', 'catkin_cmake_args': None, 'catkin_skip_building_tests': False, 'cmake_args': None, 'cmake_clean_cache': False, 'cmake_clean_first': False, 'cmake_force_configure': False, 'cmake_target': None, 'cmake_target_skip_unavailable': False, 'install_base': '/home/admin/ros2_ws/src/install/projekt2', 'merge_install': False, 'path': '/home/admin/ros2_ws/src/projekt2', 'symlink_install': False, 'test_result_base': None}
[1.556s] Level 5:colcon.colcon_core.verb:set package 'py_pubsub' build argument 'cmake_args' from command line to 'None'
[1.556s] Level 5:colcon.colcon_core.verb:set package 'py_pubsub' build argument 'cmake_target' from command line to 'None'
[1.556s] Level 5:colcon.colcon_core.verb:set package 'py_pubsub' build argument 'cmake_target_skip_unavailable' from command line to 'False'
[1.556s] Level 5:colcon.colcon_core.verb:set package 'py_pubsub' build argument 'cmake_clean_cache' from command line to 'False'
[1.556s] Level 5:colcon.colcon_core.verb:set package 'py_pubsub' build argument 'cmake_clean_first' from command line to 'False'
[1.556s] Level 5:colcon.colcon_core.verb:set package 'py_pubsub' build argument 'cmake_force_configure' from command line to 'False'
[1.556s] Level 5:colcon.colcon_core.verb:set package 'py_pubsub' build argument 'ament_cmake_args' from command line to 'None'
[1.556s] Level 5:colcon.colcon_core.verb:set package 'py_pubsub' build argument 'catkin_cmake_args' from command line to 'None'
[1.556s] Level 5:colcon.colcon_core.verb:set package 'py_pubsub' build argument 'catkin_skip_building_tests' from command line to 'False'
[1.556s] DEBUG:colcon.colcon_core.verb:Building package 'py_pubsub' with the following arguments: {'ament_cmake_args': None, 'build_base': '/home/admin/ros2_ws/src/build/py_pubsub', 'catkin_cmake_args': None, 'catkin_skip_building_tests': False, 'cmake_args': None, 'cmake_clean_cache': False, 'cmake_clean_first': False, 'cmake_force_configure': False, 'cmake_target': None, 'cmake_target_skip_unavailable': False, 'install_base': '/home/admin/ros2_ws/src/install/py_pubsub', 'merge_install': False, 'path': '/home/admin/ros2_ws/src/py_pubsub', 'symlink_install': False, 'test_result_base': None}
[1.570s] Level 5:colcon.colcon_core.verb:set package 'tutorial_interfaces' build argument 'cmake_args' from command line to 'None'
[1.570s] Level 5:colcon.colcon_core.verb:set package 'tutorial_interfaces' build argument 'cmake_target' from command line to 'None'
[1.570s] Level 5:colcon.colcon_core.verb:set package 'tutorial_interfaces' build argument 'cmake_target_skip_unavailable' from command line to 'False'
[1.570s] Level 5:colcon.colcon_core.verb:set package 'tutorial_interfaces' build argument 'cmake_clean_cache' from command line to 'False'
[1.570s] Level 5:colcon.colcon_core.verb:set package 'tutorial_interfaces' build argument 'cmake_clean_first' from command line to 'False'
[1.570s] Level 5:colcon.colcon_core.verb:set package 'tutorial_interfaces' build argument 'cmake_force_configure' from command line to 'False'
[1.570s] Level 5:colcon.colcon_core.verb:set package 'tutorial_interfaces' build argument 'ament_cmake_args' from command line to 'None'
[1.570s] Level 5:colcon.colcon_core.verb:set package 'tutorial_interfaces' build argument 'catkin_cmake_args' from command line to 'None'
[1.570s] Level 5:colcon.colcon_core.verb:set package 'tutorial_interfaces' build argument 'catkin_skip_building_tests' from command line to 'False'
[1.570s] DEBUG:colcon.colcon_core.verb:Building package 'tutorial_interfaces' with the following arguments: {'ament_cmake_args': None, 'build_base': '/home/admin/ros2_ws/src/build/tutorial_interfaces', 'catkin_cmake_args': None, 'catkin_skip_building_tests': False, 'cmake_args': None, 'cmake_clean_cache': False, 'cmake_clean_first': False, 'cmake_force_configure': False, 'cmake_target': None, 'cmake_target_skip_unavailable': False, 'install_base': '/home/admin/ros2_ws/src/install/tutorial_interfaces', 'merge_install': False, 'path': '/home/admin/ros2_ws/src/tutorial_interfaces', 'symlink_install': False, 'test_result_base': None}
[1.584s] Level 5:colcon.colcon_core.verb:set package 'projekt3' build argument 'cmake_args' from command line to 'None'
[1.584s] Level 5:colcon.colcon_core.verb:set package 'projekt3' build argument 'cmake_target' from command line to 'None'
[1.584s] Level 5:colcon.colcon_core.verb:set package 'projekt3' build argument 'cmake_target_skip_unavailable' from command line to 'False'
[1.584s] Level 5:colcon.colcon_core.verb:set package 'projekt3' build argument 'cmake_clean_cache' from command line to 'False'
[1.584s] Level 5:colcon.colcon_core.verb:set package 'projekt3' build argument 'cmake_clean_first' from command line to 'False'
[1.584s] Level 5:colcon.colcon_core.verb:set package 'projekt3' build argument 'cmake_force_configure' from command line to 'False'
[1.584s] Level 5:colcon.colcon_core.verb:set package 'projekt3' build argument 'ament_cmake_args' from command line to 'None'
[1.584s] Level 5:colcon.colcon_core.verb:set package 'projekt3' build argument 'catkin_cmake_args' from command line to 'None'
[1.584s] Level 5:colcon.colcon_core.verb:set package 'projekt3' build argument 'catkin_skip_building_tests' from command line to 'False'
[1.584s] DEBUG:colcon.colcon_core.verb:Building package 'projekt3' with the following arguments: {'ament_cmake_args': None, 'build_base': '/home/admin/ros2_ws/src/build/projekt3', 'catkin_cmake_args': None, 'catkin_skip_building_tests': False, 'cmake_args': None, 'cmake_clean_cache': False, 'cmake_clean_first': False, 'cmake_force_configure': False, 'cmake_target': None, 'cmake_target_skip_unavailable': False, 'install_base': '/home/admin/ros2_ws/src/install/projekt3', 'merge_install': False, 'path': '/home/admin/ros2_ws/src/projekt3', 'symlink_install': False, 'test_result_base': None}
[1.599s] Level 5:colcon.colcon_core.verb:set package 'projekt4' build argument 'cmake_args' from command line to 'None'
[1.599s] Level 5:colcon.colcon_core.verb:set package 'projekt4' build argument 'cmake_target' from command line to 'None'
[1.599s] Level 5:colcon.colcon_core.verb:set package 'projekt4' build argument 'cmake_target_skip_unavailable' from command line to 'False'
[1.599s] Level 5:colcon.colcon_core.verb:set package 'projekt4' build argument 'cmake_clean_cache' from command line to 'False'
[1.599s] Level 5:colcon.colcon_core.verb:set package 'projekt4' build argument 'cmake_clean_first' from command line to 'False'
[1.599s] Level 5:colcon.colcon_core.verb:set package 'projekt4' build argument 'cmake_force_configure' from command line to 'False'
[1.599s] Level 5:colcon.colcon_core.verb:set package 'projekt4' build argument 'ament_cmake_args' from command line to 'None'
[1.599s] Level 5:colcon.colcon_core.verb:set package 'projekt4' build argument 'catkin_cmake_args' from command line to 'None'
[1.599s] Level 5:colcon.colcon_core.verb:set package 'projekt4' build argument 'catkin_skip_building_tests' from command line to 'False'
[1.599s] DEBUG:colcon.colcon_core.verb:Building package 'projekt4' with the following arguments: {'ament_cmake_args': None, 'build_base': '/home/admin/ros2_ws/src/build/projekt4', 'catkin_cmake_args': None, 'catkin_skip_building_tests': False, 'cmake_args': None, 'cmake_clean_cache': False, 'cmake_clean_first': False, 'cmake_force_configure': False, 'cmake_target': None, 'cmake_target_skip_unavailable': False, 'install_base': '/home/admin/ros2_ws/src/install/projekt4', 'merge_install': False, 'path': '/home/admin/ros2_ws/src/projekt4', 'symlink_install': False, 'test_result_base': None}
[1.613s] INFO:colcon.colcon_core.executor:Executing jobs using 'parallel' executor
[1.629s] DEBUG:colcon.colcon_parallel_executor.executor.parallel:run_until_complete
[1.630s] INFO:colcon.colcon_ros.task.ament_cmake.build:Building ROS package in '/home/admin/ros2_ws/src/tutorial_interfaces' with build type 'ament_cmake'
[1.630s] INFO:colcon.colcon_cmake.task.cmake.build:Building CMake package in '/home/admin/ros2_ws/src/tutorial_interfaces'
[1.649s] INFO:colcon.colcon_core.plugin_system:Skipping extension 'colcon_core.shell.bat': Not used on non-Windows systems
[1.649s] INFO:colcon.colcon_core.shell:Skip shell extension 'powershell' for command environment: Not usable outside of PowerShell
[1.649s] DEBUG:colcon.colcon_core.shell:Skip shell extension 'dsv' for command environment
[1.712s] INFO:colcon.colcon_ros.task.ament_python.build:Building ROS package in '/home/admin/ros2_ws/src/lab2_to_send' with build type 'ament_python'
[1.712s] Level 1:colcon.colcon_core.shell:create_environment_hook('lab2_to_send', 'ament_prefix_path')
[1.734s] INFO:colcon.colcon_core.shell:Creating environment hook '/home/admin/ros2_ws/src/install/lab2_to_send/share/lab2_to_send/hook/ament_prefix_path.ps1'
[1.741s] INFO:colcon.colcon_core.shell:Creating environment descriptor '/home/admin/ros2_ws/src/install/lab2_to_send/share/lab2_to_send/hook/ament_prefix_path.dsv'
[1.748s] INFO:colcon.colcon_core.shell:Creating environment hook '/home/admin/ros2_ws/src/install/lab2_to_send/share/lab2_to_send/hook/ament_prefix_path.sh'
[1.780s] INFO:colcon.colcon_core.shell:Skip shell extension 'powershell' for command environment: Not usable outside of PowerShell
[1.780s] DEBUG:colcon.colcon_core.shell:Skip shell extension 'dsv' for command environment
[1.857s] INFO:colcon.colcon_ros.task.ament_cmake.build:Building ROS package in '/home/admin/ros2_ws/src/my_urdf_pkg' with build type 'ament_cmake'
[1.858s] INFO:colcon.colcon_cmake.task.cmake.build:Building CMake package in '/home/admin/ros2_ws/src/my_urdf_pkg'
[1.876s] INFO:colcon.colcon_core.shell:Skip shell extension 'powershell' for command environment: Not usable outside of PowerShell
[1.876s] DEBUG:colcon.colcon_core.shell:Skip shell extension 'dsv' for command environment
[1.944s] INFO:colcon.colcon_ros.task.ament_python.build:Building ROS package in '/home/admin/ros2_ws/src/projekt2' with build type 'ament_python'
[1.944s] Level 1:colcon.colcon_core.shell:create_environment_hook('projekt2', 'ament_prefix_path')
[1.960s] INFO:colcon.colcon_core.shell:Creating environment hook '/home/admin/ros2_ws/src/install/projekt2/share/projekt2/hook/ament_prefix_path.ps1'
[1.961s] INFO:colcon.colcon_core.shell:Creating environment descriptor '/home/admin/ros2_ws/src/install/projekt2/share/projekt2/hook/ament_prefix_path.dsv'
[1.962s] INFO:colcon.colcon_core.shell:Creating environment hook '/home/admin/ros2_ws/src/install/projekt2/share/projekt2/hook/ament_prefix_path.sh'
[1.978s] INFO:colcon.colcon_core.shell:Skip shell extension 'powershell' for command environment: Not usable outside of PowerShell
[1.978s] DEBUG:colcon.colcon_core.shell:Skip shell extension 'dsv' for command environment
[2.047s] DEBUG:colcon.colcon_core.event_handler.log_command:Invoking command in '/home/admin/ros2_ws/src/build/tutorial_interfaces': CMAKE_PREFIX_PATH=${CMAKE_PREFIX_PATH}:/home/admin/ros2_ws/src/install/projekt4:/home/admin/ros2_ws/src/install/projekt3:/home/admin/ros2_ws/src/install/py_pubsub:/home/admin/ros2_ws/src/install/projekt2:/home/admin/ros2_ws/src/install/lab2_to_send:/home/admin/ros2_ws/install/projekt4:/home/admin/ros2_ws/install/projekt3:/home/admin/ros2_ws/install/py_pubsub:/home/admin/ros2_ws/install/projekt2:/home/admin/ros2_ws/install/listener:/home/admin/ros2_ws/install/lab2_to_send:/home/admin/ros2_ws/install/Projekt2:/home/admin/ros2_ws/install/LAB2:/opt/ros/humble /usr/bin/cmake --build /home/admin/ros2_ws/src/build/tutorial_interfaces -- -j4 -l4
[2.355s] INFO:colcon.colcon_core.task.python.build:Building Python package in '/home/admin/ros2_ws/src/lab2_to_send'
[2.372s] INFO:colcon.colcon_core.shell:Skip shell extension 'powershell' for command environment: Not usable outside of PowerShell
[2.372s] DEBUG:colcon.colcon_core.shell:Skip shell extension 'dsv' for command environment
[2.462s] DEBUG:colcon.colcon_core.event_handler.log_command:Invoking command in '/home/admin/ros2_ws/src/build/my_urdf_pkg': CMAKE_PREFIX_PATH=${CMAKE_PREFIX_PATH}:/home/admin/ros2_ws/src/install/projekt4:/home/admin/ros2_ws/src/install/projekt3:/home/admin/ros2_ws/src/install/py_pubsub:/home/admin/ros2_ws/src/install/projekt2:/home/admin/ros2_ws/src/install/lab2_to_send:/home/admin/ros2_ws/install/projekt4:/home/admin/ros2_ws/install/projekt3:/home/admin/ros2_ws/install/py_pubsub:/home/admin/ros2_ws/install/projekt2:/home/admin/ros2_ws/install/listener:/home/admin/ros2_ws/install/lab2_to_send:/home/admin/ros2_ws/install/Projekt2:/home/admin/ros2_ws/install/LAB2:/opt/ros/humble /usr/bin/cmake --build /home/admin/ros2_ws/src/build/my_urdf_pkg -- -j4 -l4
[2.756s] INFO:colcon.colcon_core.task.python.build:Building Python package in '/home/admin/ros2_ws/src/projekt2'
[2.770s] INFO:colcon.colcon_core.shell:Skip shell extension 'powershell' for command environment: Not usable outside of PowerShell
[2.770s] DEBUG:colcon.colcon_core.shell:Skip shell extension 'dsv' for command environment
[2.846s] DEBUG:colcon.colcon_core.event_handler.log_command:Invoked command in '/home/admin/ros2_ws/src/build/my_urdf_pkg' returned '0': CMAKE_PREFIX_PATH=${CMAKE_PREFIX_PATH}:/home/admin/ros2_ws/src/install/projekt4:/home/admin/ros2_ws/src/install/projekt3:/home/admin/ros2_ws/src/install/py_pubsub:/home/admin/ros2_ws/src/install/projekt2:/home/admin/ros2_ws/src/install/lab2_to_send:/home/admin/ros2_ws/install/projekt4:/home/admin/ros2_ws/install/projekt3:/home/admin/ros2_ws/install/py_pubsub:/home/admin/ros2_ws/install/projekt2:/home/admin/ros2_ws/install/listener:/home/admin/ros2_ws/install/lab2_to_send:/home/admin/ros2_ws/install/Projekt2:/home/admin/ros2_ws/install/LAB2:/opt/ros/humble /usr/bin/cmake --build /home/admin/ros2_ws/src/build/my_urdf_pkg -- -j4 -l4
[2.850s] DEBUG:colcon.colcon_core.event_handler.log_command:Invoked command in '/home/admin/ros2_ws/src/build/tutorial_interfaces' returned '0': CMAKE_PREFIX_PATH=${CMAKE_PREFIX_PATH}:/home/admin/ros2_ws/src/install/projekt4:/home/admin/ros2_ws/src/install/projekt3:/home/admin/ros2_ws/src/install/py_pubsub:/home/admin/ros2_ws/src/install/projekt2:/home/admin/ros2_ws/src/install/lab2_to_send:/home/admin/ros2_ws/install/projekt4:/home/admin/ros2_ws/install/projekt3:/home/admin/ros2_ws/install/py_pubsub:/home/admin/ros2_ws/install/projekt2:/home/admin/ros2_ws/install/listener:/home/admin/ros2_ws/install/lab2_to_send:/home/admin/ros2_ws/install/Projekt2:/home/admin/ros2_ws/install/LAB2:/opt/ros/humble /usr/bin/cmake --build /home/admin/ros2_ws/src/build/tutorial_interfaces -- -j4 -l4
[2.949s] DEBUG:colcon.colcon_core.event_handler.log_command:Invoking command in '/home/admin/ros2_ws/src/build/my_urdf_pkg': CMAKE_PREFIX_PATH=${CMAKE_PREFIX_PATH}:/home/admin/ros2_ws/src/install/projekt4:/home/admin/ros2_ws/src/install/projekt3:/home/admin/ros2_ws/src/install/py_pubsub:/home/admin/ros2_ws/src/install/projekt2:/home/admin/ros2_ws/src/install/lab2_to_send:/home/admin/ros2_ws/install/projekt4:/home/admin/ros2_ws/install/projekt3:/home/admin/ros2_ws/install/py_pubsub:/home/admin/ros2_ws/install/projekt2:/home/admin/ros2_ws/install/listener:/home/admin/ros2_ws/install/lab2_to_send:/home/admin/ros2_ws/install/Projekt2:/home/admin/ros2_ws/install/LAB2:/opt/ros/humble /usr/bin/cmake --install /home/admin/ros2_ws/src/build/my_urdf_pkg
[2.982s] Level 1:colcon.colcon_core.environment:create_environment_scripts_only(my_urdf_pkg)
[3.001s] Level 1:colcon.colcon_core.environment:checking '/home/admin/ros2_ws/src/install/my_urdf_pkg' for CMake module files
[3.001s] Level 1:colcon.colcon_core.environment:checking '/home/admin/ros2_ws/src/install/my_urdf_pkg' for CMake config files
[3.002s] Level 1:colcon.colcon_core.shell:create_environment_hook('my_urdf_pkg', 'cmake_prefix_path')
[3.019s] INFO:colcon.colcon_core.shell:Creating environment hook '/home/admin/ros2_ws/src/install/my_urdf_pkg/share/my_urdf_pkg/hook/cmake_prefix_path.ps1'
[3.020s] DEBUG:colcon.colcon_core.event_handler.log_command:Invoked command in '/home/admin/ros2_ws/src/build/my_urdf_pkg' returned '0': CMAKE_PREFIX_PATH=${CMAKE_PREFIX_PATH}:/home/admin/ros2_ws/src/install/projekt4:/home/admin/ros2_ws/src/install/projekt3:/home/admin/ros2_ws/src/install/py_pubsub:/home/admin/ros2_ws/src/install/projekt2:/home/admin/ros2_ws/src/install/lab2_to_send:/home/admin/ros2_ws/install/projekt4:/home/admin/ros2_ws/install/projekt3:/home/admin/ros2_ws/install/py_pubsub:/home/admin/ros2_ws/install/projekt2:/home/admin/ros2_ws/install/listener:/home/admin/ros2_ws/install/lab2_to_send:/home/admin/ros2_ws/install/Projekt2:/home/admin/ros2_ws/install/LAB2:/opt/ros/humble /usr/bin/cmake --install /home/admin/ros2_ws/src/build/my_urdf_pkg
[3.021s] INFO:colcon.colcon_core.shell:Creating environment descriptor '/home/admin/ros2_ws/src/install/my_urdf_pkg/share/my_urdf_pkg/hook/cmake_prefix_path.dsv'
[3.021s] INFO:colcon.colcon_core.shell:Creating environment hook '/home/admin/ros2_ws/src/install/my_urdf_pkg/share/my_urdf_pkg/hook/cmake_prefix_path.sh'
[3.023s] Level 1:colcon.colcon_core.environment:checking '/home/admin/ros2_ws/src/install/my_urdf_pkg/bin'
[3.023s] Level 1:colcon.colcon_core.environment:checking '/home/admin/ros2_ws/src/install/my_urdf_pkg/lib/pkgconfig/my_urdf_pkg.pc'
[3.023s] Level 1:colcon.colcon_core.environment:checking '/home/admin/ros2_ws/src/install/my_urdf_pkg/lib/python3.10/site-packages'
[3.023s] Level 1:colcon.colcon_core.environment:checking '/home/admin/ros2_ws/src/install/my_urdf_pkg/bin'
[3.040s] INFO:colcon.colcon_core.shell:Creating package script '/home/admin/ros2_ws/src/install/my_urdf_pkg/share/my_urdf_pkg/package.ps1'
[3.043s] INFO:colcon.colcon_core.shell:Creating package descriptor '/home/admin/ros2_ws/src/install/my_urdf_pkg/share/my_urdf_pkg/package.dsv'
[3.044s] INFO:colcon.colcon_core.shell:Creating package script '/home/admin/ros2_ws/src/install/my_urdf_pkg/share/my_urdf_pkg/package.sh'
[3.045s] INFO:colcon.colcon_core.shell:Creating package script '/home/admin/ros2_ws/src/install/my_urdf_pkg/share/my_urdf_pkg/package.bash'
[3.046s] INFO:colcon.colcon_core.shell:Creating package script '/home/admin/ros2_ws/src/install/my_urdf_pkg/share/my_urdf_pkg/package.zsh'
[3.047s] Level 1:colcon.colcon_core.environment:create_file_with_runtime_dependencies(/home/admin/ros2_ws/src/install/my_urdf_pkg/share/colcon-core/packages/my_urdf_pkg)
[3.142s] DEBUG:colcon.colcon_core.event_handler.log_command:Invoking command in '/home/admin/ros2_ws/src/build/tutorial_interfaces': CMAKE_PREFIX_PATH=${CMAKE_PREFIX_PATH}:/home/admin/ros2_ws/src/install/projekt4:/home/admin/ros2_ws/src/install/projekt3:/home/admin/ros2_ws/src/install/py_pubsub:/home/admin/ros2_ws/src/install/projekt2:/home/admin/ros2_ws/src/install/lab2_to_send:/home/admin/ros2_ws/install/projekt4:/home/admin/ros2_ws/install/projekt3:/home/admin/ros2_ws/install/py_pubsub:/home/admin/ros2_ws/install/projekt2:/home/admin/ros2_ws/install/listener:/home/admin/ros2_ws/install/lab2_to_send:/home/admin/ros2_ws/install/Projekt2:/home/admin/ros2_ws/install/LAB2:/opt/ros/humble /usr/bin/cmake --install /home/admin/ros2_ws/src/build/tutorial_interfaces
[3.202s] Level 1:colcon.colcon_core.environment:create_environment_scripts_only(my_urdf_pkg)
[3.227s] Level 1:colcon.colcon_core.environment:checking '/home/admin/ros2_ws/src/install/my_urdf_pkg' for CMake module files
[3.228s] Level 1:colcon.colcon_core.environment:checking '/home/admin/ros2_ws/src/install/my_urdf_pkg' for CMake config files
[3.228s] Level 1:colcon.colcon_core.shell:create_environment_hook('my_urdf_pkg', 'cmake_prefix_path')
[3.247s] INFO:colcon.colcon_core.shell:Creating environment hook '/home/admin/ros2_ws/src/install/my_urdf_pkg/share/my_urdf_pkg/hook/cmake_prefix_path.ps1'
[3.248s] INFO:colcon.colcon_core.shell:Creating environment descriptor '/home/admin/ros2_ws/src/install/my_urdf_pkg/share/my_urdf_pkg/hook/cmake_prefix_path.dsv'
[3.249s] INFO:colcon.colcon_core.shell:Creating environment hook '/home/admin/ros2_ws/src/install/my_urdf_pkg/share/my_urdf_pkg/hook/cmake_prefix_path.sh'
[3.249s] Level 1:colcon.colcon_core.environment:checking '/home/admin/ros2_ws/src/install/my_urdf_pkg/bin'
[3.250s] Level 1:colcon.colcon_core.environment:checking '/home/admin/ros2_ws/src/install/my_urdf_pkg/lib/pkgconfig/my_urdf_pkg.pc'
[3.250s] Level 1:colcon.colcon_core.environment:checking '/home/admin/ros2_ws/src/install/my_urdf_pkg/lib/python3.10/site-packages'
[3.250s] Level 1:colcon.colcon_core.environment:checking '/home/admin/ros2_ws/src/install/my_urdf_pkg/bin'
[3.272s] INFO:colcon.colcon_core.shell:Creating package script '/home/admin/ros2_ws/src/install/my_urdf_pkg/share/my_urdf_pkg/package.ps1'
[3.274s] INFO:colcon.colcon_core.shell:Creating package descriptor '/home/admin/ros2_ws/src/install/my_urdf_pkg/share/my_urdf_pkg/package.dsv'
[3.276s] INFO:colcon.colcon_core.shell:Creating package script '/home/admin/ros2_ws/src/install/my_urdf_pkg/share/my_urdf_pkg/package.sh'
[3.276s] INFO:colcon.colcon_core.shell:Creating package script '/home/admin/ros2_ws/src/install/my_urdf_pkg/share/my_urdf_pkg/package.bash'
[3.277s] INFO:colcon.colcon_core.shell:Creating package script '/home/admin/ros2_ws/src/install/my_urdf_pkg/share/my_urdf_pkg/package.zsh'
[3.278s] Level 1:colcon.colcon_core.environment:create_file_with_runtime_dependencies(/home/admin/ros2_ws/src/install/my_urdf_pkg/share/colcon-core/packages/my_urdf_pkg)
[3.280s] INFO:colcon.colcon_ros.task.ament_python.build:Building ROS package in '/home/admin/ros2_ws/src/py_pubsub' with build type 'ament_python'
[3.280s] Level 1:colcon.colcon_core.shell:create_environment_hook('py_pubsub', 'ament_prefix_path')
[3.302s] INFO:colcon.colcon_core.shell:Creating environment hook '/home/admin/ros2_ws/src/install/py_pubsub/share/py_pubsub/hook/ament_prefix_path.ps1'
[3.303s] INFO:colcon.colcon_core.shell:Creating environment descriptor '/home/admin/ros2_ws/src/install/py_pubsub/share/py_pubsub/hook/ament_prefix_path.dsv'
[3.304s] INFO:colcon.colcon_core.shell:Creating environment hook '/home/admin/ros2_ws/src/install/py_pubsub/share/py_pubsub/hook/ament_prefix_path.sh'
[3.331s] INFO:colcon.colcon_core.shell:Skip shell extension 'powershell' for command environment: Not usable outside of PowerShell
[3.331s] DEBUG:colcon.colcon_core.shell:Skip shell extension 'dsv' for command environment
[3.419s] Level 1:colcon.colcon_core.environment:create_environment_scripts_only(tutorial_interfaces)
[3.419s] DEBUG:colcon.colcon_core.event_handler.log_command:Invoked command in '/home/admin/ros2_ws/src/build/tutorial_interfaces' returned '0': CMAKE_PREFIX_PATH=${CMAKE_PREFIX_PATH}:/home/admin/ros2_ws/src/install/projekt4:/home/admin/ros2_ws/src/install/projekt3:/home/admin/ros2_ws/src/install/py_pubsub:/home/admin/ros2_ws/src/install/projekt2:/home/admin/ros2_ws/src/install/lab2_to_send:/home/admin/ros2_ws/install/projekt4:/home/admin/ros2_ws/install/projekt3:/home/admin/ros2_ws/install/py_pubsub:/home/admin/ros2_ws/install/projekt2:/home/admin/ros2_ws/install/listener:/home/admin/ros2_ws/install/lab2_to_send:/home/admin/ros2_ws/install/Projekt2:/home/admin/ros2_ws/install/LAB2:/opt/ros/humble /usr/bin/cmake --install /home/admin/ros2_ws/src/build/tutorial_interfaces
[3.438s] Level 1:colcon.colcon_core.environment:checking '/home/admin/ros2_ws/src/install/tutorial_interfaces' for CMake module files
[3.439s] Level 1:colcon.colcon_core.environment:checking '/home/admin/ros2_ws/src/install/tutorial_interfaces' for CMake config files
[3.439s] Level 1:colcon.colcon_core.shell:create_environment_hook('tutorial_interfaces', 'cmake_prefix_path')
[3.462s] INFO:colcon.colcon_core.shell:Creating environment hook '/home/admin/ros2_ws/src/install/tutorial_interfaces/share/tutorial_interfaces/hook/cmake_prefix_path.ps1'
[3.464s] INFO:colcon.colcon_core.shell:Creating environment descriptor '/home/admin/ros2_ws/src/install/tutorial_interfaces/share/tutorial_interfaces/hook/cmake_prefix_path.dsv'
[3.465s] INFO:colcon.colcon_core.shell:Creating environment hook '/home/admin/ros2_ws/src/install/tutorial_interfaces/share/tutorial_interfaces/hook/cmake_prefix_path.sh'
[3.468s] Level 1:colcon.colcon_core.environment:checking '/home/admin/ros2_ws/src/install/tutorial_interfaces/lib'
[3.468s] Level 1:colcon.colcon_core.shell:create_environment_hook('tutorial_interfaces', 'ld_library_path_lib')
[3.487s] INFO:colcon.colcon_core.shell:Creating environment hook '/home/admin/ros2_ws/src/install/tutorial_interfaces/share/tutorial_interfaces/hook/ld_library_path_lib.ps1'
[3.487s] INFO:colcon.colcon_core.shell:Creating environment descriptor '/home/admin/ros2_ws/src/install/tutorial_interfaces/share/tutorial_interfaces/hook/ld_library_path_lib.dsv'
[3.488s] INFO:colcon.colcon_core.shell:Creating environment hook '/home/admin/ros2_ws/src/install/tutorial_interfaces/share/tutorial_interfaces/hook/ld_library_path_lib.sh'
[3.488s] Level 1:colcon.colcon_core.environment:checking '/home/admin/ros2_ws/src/install/tutorial_interfaces/bin'
[3.488s] Level 1:colcon.colcon_core.environment:checking '/home/admin/ros2_ws/src/install/tutorial_interfaces/lib/pkgconfig/tutorial_interfaces.pc'
[3.488s] Level 1:colcon.colcon_core.environment:checking '/home/admin/ros2_ws/src/install/tutorial_interfaces/lib/python3.10/site-packages'
[3.489s] Level 1:colcon.colcon_core.environment:checking '/home/admin/ros2_ws/src/install/tutorial_interfaces/bin'
[3.506s] INFO:colcon.colcon_core.shell:Creating package script '/home/admin/ros2_ws/src/install/tutorial_interfaces/share/tutorial_interfaces/package.ps1'
[3.507s] INFO:colcon.colcon_core.shell:Creating package descriptor '/home/admin/ros2_ws/src/install/tutorial_interfaces/share/tutorial_interfaces/package.dsv'
[3.508s] INFO:colcon.colcon_core.shell:Creating package script '/home/admin/ros2_ws/src/install/tutorial_interfaces/share/tutorial_interfaces/package.sh'
[3.508s] INFO:colcon.colcon_core.shell:Creating package script '/home/admin/ros2_ws/src/install/tutorial_interfaces/share/tutorial_interfaces/package.bash'
[3.509s] INFO:colcon.colcon_core.shell:Creating package script '/home/admin/ros2_ws/src/install/tutorial_interfaces/share/tutorial_interfaces/package.zsh'
[3.509s] Level 1:colcon.colcon_core.environment:create_file_with_runtime_dependencies(/home/admin/ros2_ws/src/install/tutorial_interfaces/share/colcon-core/packages/tutorial_interfaces)
[3.514s] DEBUG:colcon.colcon_core.event_handler.log_command:Invoking command in '/home/admin/ros2_ws/src/lab2_to_send': PYTHONPATH=/home/admin/ros2_ws/src/build/lab2_to_send/prefix_override:/home/admin/ros2_ws/src/install/lab2_to_send/lib/python3.10/site-packages:${PYTHONPATH} /usr/bin/python3 setup.py egg_info --egg-base ../build/lab2_to_send build --build-base /home/admin/ros2_ws/src/build/lab2_to_send/build install --record /home/admin/ros2_ws/src/build/lab2_to_send/install.log --single-version-externally-managed
[3.515s] DEBUG:colcon.colcon_core.event_handler.log_command:Invoking command in '/home/admin/ros2_ws/src/projekt2': PYTHONPATH=/home/admin/ros2_ws/src/build/projekt2/prefix_override:/home/admin/ros2_ws/src/install/projekt2/lib/python3.10/site-packages:${PYTHONPATH} /usr/bin/python3 setup.py egg_info --egg-base ../build/projekt2 build --build-base /home/admin/ros2_ws/src/build/projekt2/build install --record /home/admin/ros2_ws/src/build/projekt2/install.log --single-version-externally-managed
[3.859s] INFO:colcon.colcon_core.task.python.build:Building Python package in '/home/admin/ros2_ws/src/py_pubsub'
[3.879s] INFO:colcon.colcon_core.shell:Skip shell extension 'powershell' for command environment: Not usable outside of PowerShell
[3.879s] DEBUG:colcon.colcon_core.shell:Skip shell extension 'dsv' for command environment
[3.967s] DEBUG:colcon.colcon_core.event_handler.log_command:Invoked command in '/home/admin/ros2_ws/src/lab2_to_send' returned '0': PYTHONPATH=/home/admin/ros2_ws/src/build/lab2_to_send/prefix_override:/home/admin/ros2_ws/src/install/lab2_to_send/lib/python3.10/site-packages:${PYTHONPATH} /usr/bin/python3 setup.py egg_info --egg-base ../build/lab2_to_send build --build-base /home/admin/ros2_ws/src/build/lab2_to_send/build install --record /home/admin/ros2_ws/src/build/lab2_to_send/install.log --single-version-externally-managed
[3.990s] Level 1:colcon.colcon_core.environment:checking '/home/admin/ros2_ws/src/install/lab2_to_send' for CMake module files
[3.990s] Level 1:colcon.colcon_core.environment:checking '/home/admin/ros2_ws/src/install/lab2_to_send' for CMake config files
[3.991s] Level 1:colcon.colcon_core.environment:checking '/home/admin/ros2_ws/src/install/lab2_to_send/lib'
[3.991s] Level 1:colcon.colcon_core.environment:checking '/home/admin/ros2_ws/src/install/lab2_to_send/bin'
[3.991s] Level 1:colcon.colcon_core.environment:checking '/home/admin/ros2_ws/src/install/lab2_to_send/lib/pkgconfig/lab2_to_send.pc'
[3.991s] Level 1:colcon.colcon_core.environment:checking '/home/admin/ros2_ws/src/install/lab2_to_send/lib/python3.10/site-packages'
[3.991s] Level 1:colcon.colcon_core.shell:create_environment_hook('lab2_to_send', 'pythonpath')
[4.007s] INFO:colcon.colcon_core.shell:Creating environment hook '/home/admin/ros2_ws/src/install/lab2_to_send/share/lab2_to_send/hook/pythonpath.ps1'
[4.008s] INFO:colcon.colcon_core.shell:Creating environment descriptor '/home/admin/ros2_ws/src/install/lab2_to_send/share/lab2_to_send/hook/pythonpath.dsv'
[4.009s] INFO:colcon.colcon_core.shell:Creating environment hook '/home/admin/ros2_ws/src/install/lab2_to_send/share/lab2_to_send/hook/pythonpath.sh'
[4.010s] Level 1:colcon.colcon_core.environment:checking '/home/admin/ros2_ws/src/install/lab2_to_send/bin'
[4.010s] Level 1:colcon.colcon_core.environment:create_environment_scripts_only(lab2_to_send)
[4.029s] INFO:colcon.colcon_core.shell:Creating package script '/home/admin/ros2_ws/src/install/lab2_to_send/share/lab2_to_send/package.ps1'
[4.030s] INFO:colcon.colcon_core.shell:Creating package descriptor '/home/admin/ros2_ws/src/install/lab2_to_send/share/lab2_to_send/package.dsv'
[4.031s] INFO:colcon.colcon_core.shell:Creating package script '/home/admin/ros2_ws/src/install/lab2_to_send/share/lab2_to_send/package.sh'
[4.031s] INFO:colcon.colcon_core.shell:Creating package script '/home/admin/ros2_ws/src/install/lab2_to_send/share/lab2_to_send/package.bash'
[4.032s] INFO:colcon.colcon_core.shell:Creating package script '/home/admin/ros2_ws/src/install/lab2_to_send/share/lab2_to_send/package.zsh'
[4.032s] Level 1:colcon.colcon_core.environment:create_file_with_runtime_dependencies(/home/admin/ros2_ws/src/install/lab2_to_send/share/colcon-core/packages/lab2_to_send)
[4.042s] DEBUG:colcon.colcon_core.event_handler.log_command:Invoked command in '/home/admin/ros2_ws/src/projekt2' returned '0': PYTHONPATH=/home/admin/ros2_ws/src/build/projekt2/prefix_override:/home/admin/ros2_ws/src/install/projekt2/lib/python3.10/site-packages:${PYTHONPATH} /usr/bin/python3 setup.py egg_info --egg-base ../build/projekt2 build --build-base /home/admin/ros2_ws/src/build/projekt2/build install --record /home/admin/ros2_ws/src/build/projekt2/install.log --single-version-externally-managed
[4.056s] Level 1:colcon.colcon_core.environment:checking '/home/admin/ros2_ws/src/install/projekt2' for CMake module files
[4.056s] Level 1:colcon.colcon_core.environment:checking '/home/admin/ros2_ws/src/install/projekt2' for CMake config files
[4.057s] Level 1:colcon.colcon_core.environment:checking '/home/admin/ros2_ws/src/install/projekt2/lib'
[4.057s] Level 1:colcon.colcon_core.environment:checking '/home/admin/ros2_ws/src/install/projekt2/bin'
[4.057s] Level 1:colcon.colcon_core.environment:checking '/home/admin/ros2_ws/src/install/projekt2/lib/pkgconfig/projekt2.pc'
[4.057s] Level 1:colcon.colcon_core.environment:checking '/home/admin/ros2_ws/src/install/projekt2/lib/python3.10/site-packages'
[4.057s] Level 1:colcon.colcon_core.shell:create_environment_hook('projekt2', 'pythonpath')
[4.076s] INFO:colcon.colcon_core.shell:Creating environment hook '/home/admin/ros2_ws/src/install/projekt2/share/projekt2/hook/pythonpath.ps1'
[4.077s] INFO:colcon.colcon_core.shell:Creating environment descriptor '/home/admin/ros2_ws/src/install/projekt2/share/projekt2/hook/pythonpath.dsv'
[4.078s] INFO:colcon.colcon_core.shell:Creating environment hook '/home/admin/ros2_ws/src/install/projekt2/share/projekt2/hook/pythonpath.sh'
[4.078s] Level 1:colcon.colcon_core.environment:checking '/home/admin/ros2_ws/src/install/projekt2/bin'
[4.079s] Level 1:colcon.colcon_core.environment:create_environment_scripts_only(projekt2)
[4.096s] INFO:colcon.colcon_core.shell:Creating package script '/home/admin/ros2_ws/src/install/projekt2/share/projekt2/package.ps1'
[4.096s] INFO:colcon.colcon_core.shell:Creating package descriptor '/home/admin/ros2_ws/src/install/projekt2/share/projekt2/package.dsv'
[4.097s] INFO:colcon.colcon_core.shell:Creating package script '/home/admin/ros2_ws/src/install/projekt2/share/projekt2/package.sh'
[4.098s] INFO:colcon.colcon_core.shell:Creating package script '/home/admin/ros2_ws/src/install/projekt2/share/projekt2/package.bash'
[4.098s] INFO:colcon.colcon_core.shell:Creating package script '/home/admin/ros2_ws/src/install/projekt2/share/projekt2/package.zsh'
[4.098s] Level 1:colcon.colcon_core.environment:create_file_with_runtime_dependencies(/home/admin/ros2_ws/src/install/projekt2/share/colcon-core/packages/projekt2)
[4.120s] Level 1:colcon.colcon_core.environment:create_environment_scripts_only(tutorial_interfaces)
[4.139s] Level 1:colcon.colcon_core.environment:checking '/home/admin/ros2_ws/src/install/tutorial_interfaces' for CMake module files
[4.140s] Level 1:colcon.colcon_core.environment:checking '/home/admin/ros2_ws/src/install/tutorial_interfaces' for CMake config files
[4.141s] Level 1:colcon.colcon_core.shell:create_environment_hook('tutorial_interfaces', 'cmake_prefix_path')
[4.158s] INFO:colcon.colcon_core.shell:Creating environment hook '/home/admin/ros2_ws/src/install/tutorial_interfaces/share/tutorial_interfaces/hook/cmake_prefix_path.ps1'
[4.160s] INFO:colcon.colcon_core.shell:Creating environment descriptor '/home/admin/ros2_ws/src/install/tutorial_interfaces/share/tutorial_interfaces/hook/cmake_prefix_path.dsv'
[4.160s] INFO:colcon.colcon_core.shell:Creating environment hook '/home/admin/ros2_ws/src/install/tutorial_interfaces/share/tutorial_interfaces/hook/cmake_prefix_path.sh'
[4.161s] Level 1:colcon.colcon_core.environment:checking '/home/admin/ros2_ws/src/install/tutorial_interfaces/lib'
[4.161s] Level 1:colcon.colcon_core.shell:create_environment_hook('tutorial_interfaces', 'ld_library_path_lib')
[4.180s] INFO:colcon.colcon_core.shell:Creating environment hook '/home/admin/ros2_ws/src/install/tutorial_interfaces/share/tutorial_interfaces/hook/ld_library_path_lib.ps1'
[4.181s] INFO:colcon.colcon_core.shell:Creating environment descriptor '/home/admin/ros2_ws/src/install/tutorial_interfaces/share/tutorial_interfaces/hook/ld_library_path_lib.dsv'
[4.181s] INFO:colcon.colcon_core.shell:Creating environment hook '/home/admin/ros2_ws/src/install/tutorial_interfaces/share/tutorial_interfaces/hook/ld_library_path_lib.sh'
[4.182s] Level 1:colcon.colcon_core.environment:checking '/home/admin/ros2_ws/src/install/tutorial_interfaces/bin'
[4.182s] Level 1:colcon.colcon_core.environment:checking '/home/admin/ros2_ws/src/install/tutorial_interfaces/lib/pkgconfig/tutorial_interfaces.pc'
[4.182s] Level 1:colcon.colcon_core.environment:checking '/home/admin/ros2_ws/src/install/tutorial_interfaces/lib/python3.10/site-packages'
[4.182s] Level 1:colcon.colcon_core.environment:checking '/home/admin/ros2_ws/src/install/tutorial_interfaces/bin'
[4.200s] INFO:colcon.colcon_core.shell:Creating package script '/home/admin/ros2_ws/src/install/tutorial_interfaces/share/tutorial_interfaces/package.ps1'
[4.201s] INFO:colcon.colcon_core.shell:Creating package descriptor '/home/admin/ros2_ws/src/install/tutorial_interfaces/share/tutorial_interfaces/package.dsv'
[4.201s] INFO:colcon.colcon_core.shell:Creating package script '/home/admin/ros2_ws/src/install/tutorial_interfaces/share/tutorial_interfaces/package.sh'
[4.202s] INFO:colcon.colcon_core.shell:Creating package script '/home/admin/ros2_ws/src/install/tutorial_interfaces/share/tutorial_interfaces/package.bash'
[4.202s] INFO:colcon.colcon_core.shell:Creating package script '/home/admin/ros2_ws/src/install/tutorial_interfaces/share/tutorial_interfaces/package.zsh'
[4.203s] Level 1:colcon.colcon_core.environment:create_file_with_runtime_dependencies(/home/admin/ros2_ws/src/install/tutorial_interfaces/share/colcon-core/packages/tutorial_interfaces)
[4.205s] INFO:colcon.colcon_ros.task.ament_python.build:Building ROS package in '/home/admin/ros2_ws/src/projekt3' with build type 'ament_python'
[4.205s] Level 1:colcon.colcon_core.shell:create_environment_hook('projekt3', 'ament_prefix_path')
[4.231s] INFO:colcon.colcon_core.shell:Creating environment hook '/home/admin/ros2_ws/src/install/projekt3/share/projekt3/hook/ament_prefix_path.ps1'
[4.232s] INFO:colcon.colcon_core.shell:Creating environment descriptor '/home/admin/ros2_ws/src/install/projekt3/share/projekt3/hook/ament_prefix_path.dsv'
[4.233s] INFO:colcon.colcon_core.shell:Creating environment hook '/home/admin/ros2_ws/src/install/projekt3/share/projekt3/hook/ament_prefix_path.sh'
[4.253s] INFO:colcon.colcon_core.shell:Skip shell extension 'powershell' for command environment: Not usable outside of PowerShell
[4.253s] DEBUG:colcon.colcon_core.shell:Skip shell extension 'dsv' for command environment
[4.672s] INFO:colcon.colcon_core.task.python.build:Building Python package in '/home/admin/ros2_ws/src/projekt3'
[4.688s] INFO:colcon.colcon_core.shell:Skip shell extension 'powershell' for command environment: Not usable outside of PowerShell
[4.688s] DEBUG:colcon.colcon_core.shell:Skip shell extension 'dsv' for command environment
[4.758s] DEBUG:colcon.colcon_core.event_handler.log_command:Invoking command in '/home/admin/ros2_ws/src/py_pubsub': PYTHONPATH=/home/admin/ros2_ws/src/build/py_pubsub/prefix_override:/home/admin/ros2_ws/src/install/py_pubsub/lib/python3.10/site-packages:${PYTHONPATH} /usr/bin/python3 setup.py egg_info --egg-base ../build/py_pubsub build --build-base /home/admin/ros2_ws/src/build/py_pubsub/build install --record /home/admin/ros2_ws/src/build/py_pubsub/install.log --single-version-externally-managed
[5.108s] DEBUG:colcon.colcon_core.event_handler.log_command:Invoked command in '/home/admin/ros2_ws/src/py_pubsub' returned '0': PYTHONPATH=/home/admin/ros2_ws/src/build/py_pubsub/prefix_override:/home/admin/ros2_ws/src/install/py_pubsub/lib/python3.10/site-packages:${PYTHONPATH} /usr/bin/python3 setup.py egg_info --egg-base ../build/py_pubsub build --build-base /home/admin/ros2_ws/src/build/py_pubsub/build install --record /home/admin/ros2_ws/src/build/py_pubsub/install.log --single-version-externally-managed
[5.123s] Level 1:colcon.colcon_core.environment:checking '/home/admin/ros2_ws/src/install/py_pubsub' for CMake module files
[5.123s] Level 1:colcon.colcon_core.environment:checking '/home/admin/ros2_ws/src/install/py_pubsub' for CMake config files
[5.124s] Level 1:colcon.colcon_core.environment:checking '/home/admin/ros2_ws/src/install/py_pubsub/lib'
[5.124s] Level 1:colcon.colcon_core.environment:checking '/home/admin/ros2_ws/src/install/py_pubsub/bin'
[5.124s] Level 1:colcon.colcon_core.environment:checking '/home/admin/ros2_ws/src/install/py_pubsub/lib/pkgconfig/py_pubsub.pc'
[5.124s] Level 1:colcon.colcon_core.environment:checking '/home/admin/ros2_ws/src/install/py_pubsub/lib/python3.10/site-packages'
[5.124s] Level 1:colcon.colcon_core.shell:create_environment_hook('py_pubsub', 'pythonpath')
[5.143s] INFO:colcon.colcon_core.shell:Creating environment hook '/home/admin/ros2_ws/src/install/py_pubsub/share/py_pubsub/hook/pythonpath.ps1'
[5.144s] INFO:colcon.colcon_core.shell:Creating environment descriptor '/home/admin/ros2_ws/src/install/py_pubsub/share/py_pubsub/hook/pythonpath.dsv'
[5.145s] INFO:colcon.colcon_core.shell:Creating environment hook '/home/admin/ros2_ws/src/install/py_pubsub/share/py_pubsub/hook/pythonpath.sh'
[5.145s] Level 1:colcon.colcon_core.environment:checking '/home/admin/ros2_ws/src/install/py_pubsub/bin'
[5.145s] Level 1:colcon.colcon_core.environment:create_environment_scripts_only(py_pubsub)
[5.164s] INFO:colcon.colcon_core.shell:Creating package script '/home/admin/ros2_ws/src/install/py_pubsub/share/py_pubsub/package.ps1'
[5.165s] INFO:colcon.colcon_core.shell:Creating package descriptor '/home/admin/ros2_ws/src/install/py_pubsub/share/py_pubsub/package.dsv'
[5.166s] INFO:colcon.colcon_core.shell:Creating package script '/home/admin/ros2_ws/src/install/py_pubsub/share/py_pubsub/package.sh'
[5.166s] INFO:colcon.colcon_core.shell:Creating package script '/home/admin/ros2_ws/src/install/py_pubsub/share/py_pubsub/package.bash'
[5.167s] INFO:colcon.colcon_core.shell:Creating package script '/home/admin/ros2_ws/src/install/py_pubsub/share/py_pubsub/package.zsh'
[5.167s] Level 1:colcon.colcon_core.environment:create_file_with_runtime_dependencies(/home/admin/ros2_ws/src/install/py_pubsub/share/colcon-core/packages/py_pubsub)
[5.172s] DEBUG:colcon.colcon_core.event_handler.log_command:Invoking command in '/home/admin/ros2_ws/src/projekt3': PYTHONPATH=/home/admin/ros2_ws/src/build/projekt3/prefix_override:/home/admin/ros2_ws/src/install/projekt3/lib/python3.10/site-packages:${PYTHONPATH} /usr/bin/python3 setup.py egg_info --egg-base ../build/projekt3 build --build-base /home/admin/ros2_ws/src/build/projekt3/build install --record /home/admin/ros2_ws/src/build/projekt3/install.log --single-version-externally-managed
[5.553s] DEBUG:colcon.colcon_core.event_handler.log_command:Invoked command in '/home/admin/ros2_ws/src/projekt3' returned '0': PYTHONPATH=/home/admin/ros2_ws/src/build/projekt3/prefix_override:/home/admin/ros2_ws/src/install/projekt3/lib/python3.10/site-packages:${PYTHONPATH} /usr/bin/python3 setup.py egg_info --egg-base ../build/projekt3 build --build-base /home/admin/ros2_ws/src/build/projekt3/build install --record /home/admin/ros2_ws/src/build/projekt3/install.log --single-version-externally-managed
[5.569s] Level 1:colcon.colcon_core.environment:checking '/home/admin/ros2_ws/src/install/projekt3' for CMake module files
[5.570s] Level 1:colcon.colcon_core.environment:checking '/home/admin/ros2_ws/src/install/projekt3' for CMake config files
[5.571s] Level 1:colcon.colcon_core.environment:checking '/home/admin/ros2_ws/src/install/projekt3/lib'
[5.571s] Level 1:colcon.colcon_core.environment:checking '/home/admin/ros2_ws/src/install/projekt3/bin'
[5.571s] Level 1:colcon.colcon_core.environment:checking '/home/admin/ros2_ws/src/install/projekt3/lib/pkgconfig/projekt3.pc'
[5.571s] Level 1:colcon.colcon_core.environment:checking '/home/admin/ros2_ws/src/install/projekt3/lib/python3.10/site-packages'
[5.571s] Level 1:colcon.colcon_core.shell:create_environment_hook('projekt3', 'pythonpath')
[5.588s] INFO:colcon.colcon_core.shell:Creating environment hook '/home/admin/ros2_ws/src/install/projekt3/share/projekt3/hook/pythonpath.ps1'
[5.589s] INFO:colcon.colcon_core.shell:Creating environment descriptor '/home/admin/ros2_ws/src/install/projekt3/share/projekt3/hook/pythonpath.dsv'
[5.589s] INFO:colcon.colcon_core.shell:Creating environment hook '/home/admin/ros2_ws/src/install/projekt3/share/projekt3/hook/pythonpath.sh'
[5.590s] Level 1:colcon.colcon_core.environment:checking '/home/admin/ros2_ws/src/install/projekt3/bin'
[5.590s] Level 1:colcon.colcon_core.environment:create_environment_scripts_only(projekt3)
[5.609s] INFO:colcon.colcon_core.shell:Creating package script '/home/admin/ros2_ws/src/install/projekt3/share/projekt3/package.ps1'
[5.609s] INFO:colcon.colcon_core.shell:Creating package descriptor '/home/admin/ros2_ws/src/install/projekt3/share/projekt3/package.dsv'
[5.610s] INFO:colcon.colcon_core.shell:Creating package script '/home/admin/ros2_ws/src/install/projekt3/share/projekt3/package.sh'
[5.611s] INFO:colcon.colcon_core.shell:Creating package script '/home/admin/ros2_ws/src/install/projekt3/share/projekt3/package.bash'
[5.612s] INFO:colcon.colcon_core.shell:Creating package script '/home/admin/ros2_ws/src/install/projekt3/share/projekt3/package.zsh'
[5.612s] Level 1:colcon.colcon_core.environment:create_file_with_runtime_dependencies(/home/admin/ros2_ws/src/install/projekt3/share/colcon-core/packages/projekt3)
[5.618s] INFO:colcon.colcon_ros.task.ament_python.build:Building ROS package in '/home/admin/ros2_ws/src/projekt4' with build type 'ament_python'
[5.618s] Level 1:colcon.colcon_core.shell:create_environment_hook('projekt4', 'ament_prefix_path')
[5.636s] INFO:colcon.colcon_core.shell:Creating environment hook '/home/admin/ros2_ws/src/install/projekt4/share/projekt4/hook/ament_prefix_path.ps1'
[5.637s] INFO:colcon.colcon_core.shell:Creating environment descriptor '/home/admin/ros2_ws/src/install/projekt4/share/projekt4/hook/ament_prefix_path.dsv'
[5.637s] INFO:colcon.colcon_core.shell:Creating environment hook '/home/admin/ros2_ws/src/install/projekt4/share/projekt4/hook/ament_prefix_path.sh'
[5.656s] INFO:colcon.colcon_core.shell:Skip shell extension 'powershell' for command environment: Not usable outside of PowerShell
[5.656s] DEBUG:colcon.colcon_core.shell:Skip shell extension 'dsv' for command environment
[6.072s] INFO:colcon.colcon_core.task.python.build:Building Python package in '/home/admin/ros2_ws/src/projekt4'
[6.088s] INFO:colcon.colcon_core.shell:Skip shell extension 'powershell' for command environment: Not usable outside of PowerShell
[6.089s] DEBUG:colcon.colcon_core.shell:Skip shell extension 'dsv' for command environment
[6.555s] DEBUG:colcon.colcon_core.event_handler.log_command:Invoking command in '/home/admin/ros2_ws/src/projekt4': AMENT_PREFIX_PATH=/home/admin/ros2_ws/src/install/projekt3:/home/admin/ros2_ws/src/install/projekt4:/home/admin/ros2_ws/src/install/tutorial_interfaces:/home/admin/ros2_ws/src/install/py_pubsub:/home/admin/ros2_ws/src/install/projekt2:/home/admin/ros2_ws/src/install/my_urdf_pkg:/home/admin/ros2_ws/src/install/lab2_to_send:/home/admin/ros2_ws/install/projekt4:/home/admin/ros2_ws/install/projekt3:/home/admin/ros2_ws/install/tutorial_interfaces:/home/admin/ros2_ws/install/py_pubsub:/home/admin/ros2_ws/install/projekt2:/home/admin/ros2_ws/install/my_urdf_pkg:/home/admin/ros2_ws/install/listener:/home/admin/ros2_ws/install/lab2_to_send:/home/admin/ros2_ws/install/Projekt2:/home/admin/ros2_ws/install/LAB2:/opt/ros/humble PYTHONPATH=/home/admin/ros2_ws/src/build/projekt4/prefix_override:/home/admin/ros2_ws/src/install/projekt4/lib/python3.10/site-packages:/home/admin/ros2_ws/src/install/projekt3/lib/python3.10/site-packages:/home/admin/ros2_ws/src/install/projekt4/lib/python3.10/site-packages:/home/admin/ros2_ws/src/install/tutorial_interfaces/local/lib/python3.10/dist-packages:/home/admin/ros2_ws/src/install/py_pubsub/lib/python3.10/site-packages:/home/admin/ros2_ws/src/install/projekt2/lib/python3.10/site-packages:/home/admin/ros2_ws/src/install/lab2_to_send/lib/python3.10/site-packages:/home/admin/ros2_ws/install/projekt4/lib/python3.10/site-packages:/home/admin/ros2_ws/install/projekt3/lib/python3.10/site-packages:/home/admin/ros2_ws/install/tutorial_interfaces/local/lib/python3.10/dist-packages:/home/admin/ros2_ws/install/py_pubsub/lib/python3.10/site-packages:/home/admin/ros2_ws/install/projekt2/lib/python3.10/site-packages:/home/admin/ros2_ws/install/listener/lib/python3.10/site-packages:/home/admin/ros2_ws/install/lab2_to_send/lib/python3.10/site-packages:/home/admin/ros2_ws/install/Projekt2/lib/python3.10/site-packages:/home/admin/ros2_ws/install/LAB2/lib/python3.10/site-packages:/opt/ros/humble/lib/python3.10/site-packages:/opt/ros/humble/local/lib/python3.10/dist-packages /usr/bin/python3 setup.py egg_info --egg-base ../build/projekt4 build --build-base /home/admin/ros2_ws/src/build/projekt4/build install --record /home/admin/ros2_ws/src/build/projekt4/install.log --single-version-externally-managed
[6.885s] DEBUG:colcon.colcon_core.event_handler.log_command:Invoked command in '/home/admin/ros2_ws/src/projekt4' returned '0': AMENT_PREFIX_PATH=/home/admin/ros2_ws/src/install/projekt3:/home/admin/ros2_ws/src/install/projekt4:/home/admin/ros2_ws/src/install/tutorial_interfaces:/home/admin/ros2_ws/src/install/py_pubsub:/home/admin/ros2_ws/src/install/projekt2:/home/admin/ros2_ws/src/install/my_urdf_pkg:/home/admin/ros2_ws/src/install/lab2_to_send:/home/admin/ros2_ws/install/projekt4:/home/admin/ros2_ws/install/projekt3:/home/admin/ros2_ws/install/tutorial_interfaces:/home/admin/ros2_ws/install/py_pubsub:/home/admin/ros2_ws/install/projekt2:/home/admin/ros2_ws/install/my_urdf_pkg:/home/admin/ros2_ws/install/listener:/home/admin/ros2_ws/install/lab2_to_send:/home/admin/ros2_ws/install/Projekt2:/home/admin/ros2_ws/install/LAB2:/opt/ros/humble PYTHONPATH=/home/admin/ros2_ws/src/build/projekt4/prefix_override:/home/admin/ros2_ws/src/install/projekt4/lib/python3.10/site-packages:/home/admin/ros2_ws/src/install/projekt3/lib/python3.10/site-packages:/home/admin/ros2_ws/src/install/projekt4/lib/python3.10/site-packages:/home/admin/ros2_ws/src/install/tutorial_interfaces/local/lib/python3.10/dist-packages:/home/admin/ros2_ws/src/install/py_pubsub/lib/python3.10/site-packages:/home/admin/ros2_ws/src/install/projekt2/lib/python3.10/site-packages:/home/admin/ros2_ws/src/install/lab2_to_send/lib/python3.10/site-packages:/home/admin/ros2_ws/install/projekt4/lib/python3.10/site-packages:/home/admin/ros2_ws/install/projekt3/lib/python3.10/site-packages:/home/admin/ros2_ws/install/tutorial_interfaces/local/lib/python3.10/dist-packages:/home/admin/ros2_ws/install/py_pubsub/lib/python3.10/site-packages:/home/admin/ros2_ws/install/projekt2/lib/python3.10/site-packages:/home/admin/ros2_ws/install/listener/lib/python3.10/site-packages:/home/admin/ros2_ws/install/lab2_to_send/lib/python3.10/site-packages:/home/admin/ros2_ws/install/Projekt2/lib/python3.10/site-packages:/home/admin/ros2_ws/install/LAB2/lib/python3.10/site-packages:/opt/ros/humble/lib/python3.10/site-packages:/opt/ros/humble/local/lib/python3.10/dist-packages /usr/bin/python3 setup.py egg_info --egg-base ../build/projekt4 build --build-base /home/admin/ros2_ws/src/build/projekt4/build install --record /home/admin/ros2_ws/src/build/projekt4/install.log --single-version-externally-managed
[6.909s] Level 1:colcon.colcon_core.environment:checking '/home/admin/ros2_ws/src/install/projekt4' for CMake module files
[6.909s] Level 1:colcon.colcon_core.environment:checking '/home/admin/ros2_ws/src/install/projekt4' for CMake config files
[6.910s] Level 1:colcon.colcon_core.environment:checking '/home/admin/ros2_ws/src/install/projekt4/lib'
[6.910s] Level 1:colcon.colcon_core.environment:checking '/home/admin/ros2_ws/src/install/projekt4/bin'
[6.910s] Level 1:colcon.colcon_core.environment:checking '/home/admin/ros2_ws/src/install/projekt4/lib/pkgconfig/projekt4.pc'
[6.910s] Level 1:colcon.colcon_core.environment:checking '/home/admin/ros2_ws/src/install/projekt4/lib/python3.10/site-packages'
[6.911s] Level 1:colcon.colcon_core.shell:create_environment_hook('projekt4', 'pythonpath')
[6.938s] INFO:colcon.colcon_core.shell:Creating environment hook '/home/admin/ros2_ws/src/install/projekt4/share/projekt4/hook/pythonpath.ps1'
[6.939s] INFO:colcon.colcon_core.shell:Creating environment descriptor '/home/admin/ros2_ws/src/install/projekt4/share/projekt4/hook/pythonpath.dsv'
[6.940s] INFO:colcon.colcon_core.shell:Creating environment hook '/home/admin/ros2_ws/src/install/projekt4/share/projekt4/hook/pythonpath.sh'
[6.944s] Level 1:colcon.colcon_core.environment:checking '/home/admin/ros2_ws/src/install/projekt4/bin'
[6.945s] Level 1:colcon.colcon_core.environment:create_environment_scripts_only(projekt4)
[6.963s] INFO:colcon.colcon_core.shell:Creating package script '/home/admin/ros2_ws/src/install/projekt4/share/projekt4/package.ps1'
[6.964s] INFO:colcon.colcon_core.shell:Creating package descriptor '/home/admin/ros2_ws/src/install/projekt4/share/projekt4/package.dsv'
[6.965s] INFO:colcon.colcon_core.shell:Creating package script '/home/admin/ros2_ws/src/install/projekt4/share/projekt4/package.sh'
[6.966s] INFO:colcon.colcon_core.shell:Creating package script '/home/admin/ros2_ws/src/install/projekt4/share/projekt4/package.bash'
[6.967s] INFO:colcon.colcon_core.shell:Creating package script '/home/admin/ros2_ws/src/install/projekt4/share/projekt4/package.zsh'
[6.968s] Level 1:colcon.colcon_core.environment:create_file_with_runtime_dependencies(/home/admin/ros2_ws/src/install/projekt4/share/colcon-core/packages/projekt4)
[6.968s] DEBUG:colcon.colcon_parallel_executor.executor.parallel:closing loop
[6.969s] DEBUG:colcon.colcon_parallel_executor.executor.parallel:loop closed
[6.969s] DEBUG:colcon.colcon_parallel_executor.executor.parallel:run_until_complete finished with '0'
[6.971s] DEBUG:colcon.colcon_core.event_reactor:joining thread
[6.992s] INFO:colcon.colcon_core.plugin_system:Skipping extension 'colcon_notification.desktop_notification.terminal_notifier': Not used on non-Darwin systems
[6.993s] INFO:colcon.colcon_core.plugin_system:Skipping extension 'colcon_notification.desktop_notification.win32': Not used on non-Windows systems
[6.993s] INFO:colcon.colcon_notification.desktop_notification:Sending desktop notification using 'notify2'
[7.023s] DEBUG:colcon.colcon_core.event_reactor:joined thread
[7.038s] INFO:colcon.colcon_core.shell:Creating prefix script '/home/admin/ros2_ws/src/install/local_setup.ps1'
[7.040s] INFO:colcon.colcon_core.shell:Creating prefix util module '/home/admin/ros2_ws/src/install/_local_setup_util_ps1.py'
[7.042s] INFO:colcon.colcon_core.shell:Creating prefix chain script '/home/admin/ros2_ws/src/install/setup.ps1'
[7.061s] INFO:colcon.colcon_core.shell:Creating prefix script '/home/admin/ros2_ws/src/install/local_setup.sh'
[7.063s] INFO:colcon.colcon_core.shell:Creating prefix util module '/home/admin/ros2_ws/src/install/_local_setup_util_sh.py'
[7.064s] INFO:colcon.colcon_core.shell:Creating prefix chain script '/home/admin/ros2_ws/src/install/setup.sh'
[7.081s] INFO:colcon.colcon_core.shell:Creating prefix script '/home/admin/ros2_ws/src/install/local_setup.bash'
[7.084s] INFO:colcon.colcon_core.shell:Creating prefix chain script '/home/admin/ros2_ws/src/install/setup.bash'
[7.102s] INFO:colcon.colcon_core.shell:Creating prefix script '/home/admin/ros2_ws/src/install/local_setup.zsh'
[7.103s] INFO:colcon.colcon_core.shell:Creating prefix chain script '/home/admin/ros2_ws/src/install/setup.zsh'
