[1.544s] Invoking command in '/home/admin/ros2_ws/src/projekt2': PYTHONPATH=/home/admin/ros2_ws/src/build/projekt2/prefix_override:/home/admin/ros2_ws/src/install/projekt2/lib/python3.10/site-packages:${PYTHONPATH} /usr/bin/python3 setup.py egg_info --egg-base ../build/projekt2 build --build-base /home/admin/ros2_ws/src/build/projekt2/build install --record /home/admin/ros2_ws/src/build/projekt2/install.log --single-version-externally-managed
[1.792s] running egg_info
[1.793s] creating ../build/projekt2/projekt2.egg-info
[1.793s] writing ../build/projekt2/projekt2.egg-info/PKG-INFO
[1.794s] writing dependency_links to ../build/projekt2/projekt2.egg-info/dependency_links.txt
[1.794s] writing entry points to ../build/projekt2/projekt2.egg-info/entry_points.txt
[1.795s] writing requirements to ../build/projekt2/projekt2.egg-info/requires.txt
[1.795s] writing top-level names to ../build/projekt2/projekt2.egg-info/top_level.txt
[1.795s] writing manifest file '../build/projekt2/projekt2.egg-info/SOURCES.txt'
[1.796s] reading manifest file '../build/projekt2/projekt2.egg-info/SOURCES.txt'
[1.797s] writing manifest file '../build/projekt2/projekt2.egg-info/SOURCES.txt'
[1.797s] running build
[1.798s] running build_py
[1.798s] creating /home/admin/ros2_ws/src/build/projekt2/build
[1.798s] creating /home/admin/ros2_ws/src/build/projekt2/build/lib
[1.798s] creating /home/admin/ros2_ws/src/build/projekt2/build/lib/projekt2
[1.799s] copying projekt2/__init__.py -> /home/admin/ros2_ws/src/build/projekt2/build/lib/projekt2
[1.799s] copying projekt2/forward_kin.py -> /home/admin/ros2_ws/src/build/projekt2/build/lib/projekt2
[1.799s] running install
[1.799s] /usr/lib/python3/dist-packages/setuptools/command/install.py:34: SetuptoolsDeprecationWarning: setup.py install is deprecated. Use build and pip and other standards-based tools.
[1.799s]   warnings.warn(
[1.800s] running install_lib
[1.800s] creating /home/admin/ros2_ws/src/install/projekt2/lib/python3.10/site-packages/projekt2
[1.801s] copying /home/admin/ros2_ws/src/build/projekt2/build/lib/projekt2/__init__.py -> /home/admin/ros2_ws/src/install/projekt2/lib/python3.10/site-packages/projekt2
[1.801s] copying /home/admin/ros2_ws/src/build/projekt2/build/lib/projekt2/forward_kin.py -> /home/admin/ros2_ws/src/install/projekt2/lib/python3.10/site-packages/projekt2
[1.802s] byte-compiling /home/admin/ros2_ws/src/install/projekt2/lib/python3.10/site-packages/projekt2/__init__.py to __init__.cpython-310.pyc
[1.802s] byte-compiling /home/admin/ros2_ws/src/install/projekt2/lib/python3.10/site-packages/projekt2/forward_kin.py to forward_kin.cpython-310.pyc
[1.804s] running install_data
[1.804s] creating /home/admin/ros2_ws/src/install/projekt2/share/ament_index
[1.805s] creating /home/admin/ros2_ws/src/install/projekt2/share/ament_index/resource_index
[1.805s] creating /home/admin/ros2_ws/src/install/projekt2/share/ament_index/resource_index/packages
[1.807s] copying resource/projekt2 -> /home/admin/ros2_ws/src/install/projekt2/share/ament_index/resource_index/packages
[1.807s] copying package.xml -> /home/admin/ros2_ws/src/install/projekt2/share/projekt2
[1.807s] running install_egg_info
[1.810s] Copying ../build/projekt2/projekt2.egg-info to /home/admin/ros2_ws/src/install/projekt2/lib/python3.10/site-packages/projekt2-0.0.0-py3.10.egg-info
[1.811s] running install_scripts
[1.852s] Installing forward_kin script to /home/admin/ros2_ws/src/install/projekt2/lib/projekt2
[1.852s] writing list of installed files to '/home/admin/ros2_ws/src/build/projekt2/install.log'
[1.883s] Invoked command in '/home/admin/ros2_ws/src/projekt2' returned '0': PYTHONPATH=/home/admin/ros2_ws/src/build/projekt2/prefix_override:/home/admin/ros2_ws/src/install/projekt2/lib/python3.10/site-packages:${PYTHONPATH} /usr/bin/python3 setup.py egg_info --egg-base ../build/projekt2 build --build-base /home/admin/ros2_ws/src/build/projekt2/build install --record /home/admin/ros2_ws/src/build/projekt2/install.log --single-version-externally-managed
