[1.173s] Invoking command in '/home/admin/ros2_ws/src/lab2_to_send': PYTHONPATH=/home/admin/ros2_ws/src/build/lab2_to_send/prefix_override:/home/admin/ros2_ws/src/install/lab2_to_send/lib/python3.10/site-packages:${PYTHONPATH} /usr/bin/python3 setup.py egg_info --egg-base ../build/lab2_to_send build --build-base /home/admin/ros2_ws/src/build/lab2_to_send/build install --record /home/admin/ros2_ws/src/build/lab2_to_send/install.log --single-version-externally-managed
[1.412s] running egg_info
[1.412s] creating ../build/lab2_to_send/lab2_to_send.egg-info
[1.413s] writing ../build/lab2_to_send/lab2_to_send.egg-info/PKG-INFO
[1.413s] writing dependency_links to ../build/lab2_to_send/lab2_to_send.egg-info/dependency_links.txt
[1.413s] writing entry points to ../build/lab2_to_send/lab2_to_send.egg-info/entry_points.txt
[1.413s] writing requirements to ../build/lab2_to_send/lab2_to_send.egg-info/requires.txt
[1.413s] writing top-level names to ../build/lab2_to_send/lab2_to_send.egg-info/top_level.txt
[1.414s] writing manifest file '../build/lab2_to_send/lab2_to_send.egg-info/SOURCES.txt'
[1.415s] reading manifest file '../build/lab2_to_send/lab2_to_send.egg-info/SOURCES.txt'
[1.416s] adding license file 'LICENSE'
[1.417s] writing manifest file '../build/lab2_to_send/lab2_to_send.egg-info/SOURCES.txt'
[1.418s] running build
[1.418s] running build_py
[1.419s] creating /home/admin/ros2_ws/src/build/lab2_to_send/build
[1.419s] creating /home/admin/ros2_ws/src/build/lab2_to_send/build/lib
[1.419s] creating /home/admin/ros2_ws/src/build/lab2_to_send/build/lib/lab2_to_send
[1.419s] copying lab2_to_send/launch.py -> /home/admin/ros2_ws/src/build/lab2_to_send/build/lib/lab2_to_send
[1.419s] copying lab2_to_send/pose_subscriber.py -> /home/admin/ros2_ws/src/build/lab2_to_send/build/lib/lab2_to_send
[1.419s] copying lab2_to_send/__init__.py -> /home/admin/ros2_ws/src/build/lab2_to_send/build/lib/lab2_to_send
[1.419s] copying lab2_to_send/draw.py -> /home/admin/ros2_ws/src/build/lab2_to_send/build/lib/lab2_to_send
[1.419s] copying lab2_to_send/template.py -> /home/admin/ros2_ws/src/build/lab2_to_send/build/lib/lab2_to_send
[1.420s] running install
[1.421s] /usr/lib/python3/dist-packages/setuptools/command/install.py:34: SetuptoolsDeprecationWarning: setup.py install is deprecated. Use build and pip and other standards-based tools.
[1.421s]   warnings.warn(
[1.421s] running install_lib
[1.421s] creating /home/admin/ros2_ws/src/install/lab2_to_send/lib/python3.10/site-packages/lab2_to_send
[1.422s] copying /home/admin/ros2_ws/src/build/lab2_to_send/build/lib/lab2_to_send/launch.py -> /home/admin/ros2_ws/src/install/lab2_to_send/lib/python3.10/site-packages/lab2_to_send
[1.422s] copying /home/admin/ros2_ws/src/build/lab2_to_send/build/lib/lab2_to_send/pose_subscriber.py -> /home/admin/ros2_ws/src/install/lab2_to_send/lib/python3.10/site-packages/lab2_to_send
[1.422s] copying /home/admin/ros2_ws/src/build/lab2_to_send/build/lib/lab2_to_send/__init__.py -> /home/admin/ros2_ws/src/install/lab2_to_send/lib/python3.10/site-packages/lab2_to_send
[1.422s] copying /home/admin/ros2_ws/src/build/lab2_to_send/build/lib/lab2_to_send/draw.py -> /home/admin/ros2_ws/src/install/lab2_to_send/lib/python3.10/site-packages/lab2_to_send
[1.423s] copying /home/admin/ros2_ws/src/build/lab2_to_send/build/lib/lab2_to_send/template.py -> /home/admin/ros2_ws/src/install/lab2_to_send/lib/python3.10/site-packages/lab2_to_send
[1.423s] byte-compiling /home/admin/ros2_ws/src/install/lab2_to_send/lib/python3.10/site-packages/lab2_to_send/launch.py to launch.cpython-310.pyc
[1.423s] byte-compiling /home/admin/ros2_ws/src/install/lab2_to_send/lib/python3.10/site-packages/lab2_to_send/pose_subscriber.py to pose_subscriber.cpython-310.pyc
[1.423s] byte-compiling /home/admin/ros2_ws/src/install/lab2_to_send/lib/python3.10/site-packages/lab2_to_send/__init__.py to __init__.cpython-310.pyc
[1.423s] byte-compiling /home/admin/ros2_ws/src/install/lab2_to_send/lib/python3.10/site-packages/lab2_to_send/draw.py to draw.cpython-310.pyc
[1.424s] byte-compiling /home/admin/ros2_ws/src/install/lab2_to_send/lib/python3.10/site-packages/lab2_to_send/template.py to template.cpython-310.pyc
[1.425s] running install_data
[1.426s] creating /home/admin/ros2_ws/src/install/lab2_to_send/share/ament_index
[1.426s] creating /home/admin/ros2_ws/src/install/lab2_to_send/share/ament_index/resource_index
[1.426s] creating /home/admin/ros2_ws/src/install/lab2_to_send/share/ament_index/resource_index/packages
[1.427s] copying resource/lab2_to_send -> /home/admin/ros2_ws/src/install/lab2_to_send/share/ament_index/resource_index/packages
[1.427s] copying package.xml -> /home/admin/ros2_ws/src/install/lab2_to_send/share/lab2_to_send
[1.427s] running install_egg_info
[1.428s] Copying ../build/lab2_to_send/lab2_to_send.egg-info to /home/admin/ros2_ws/src/install/lab2_to_send/lib/python3.10/site-packages/lab2_to_send-0.0.0-py3.10.egg-info
[1.430s] running install_scripts
[1.449s] Installing draw script to /home/admin/ros2_ws/src/install/lab2_to_send/lib/lab2_to_send
[1.449s] Installing pose_subscriber script to /home/admin/ros2_ws/src/install/lab2_to_send/lib/lab2_to_send
[1.451s] writing list of installed files to '/home/admin/ros2_ws/src/build/lab2_to_send/install.log'
[1.486s] Invoked command in '/home/admin/ros2_ws/src/lab2_to_send' returned '0': PYTHONPATH=/home/admin/ros2_ws/src/build/lab2_to_send/prefix_override:/home/admin/ros2_ws/src/install/lab2_to_send/lib/python3.10/site-packages:${PYTHONPATH} /usr/bin/python3 setup.py egg_info --egg-base ../build/lab2_to_send build --build-base /home/admin/ros2_ws/src/build/lab2_to_send/build install --record /home/admin/ros2_ws/src/build/lab2_to_send/install.log --single-version-externally-managed
