[0.899s] Invoking command in '/home/admin/ros2_ws/src/py_pubsub': PYTHONPATH=/home/admin/ros2_ws/src/build/py_pubsub/prefix_override:/home/admin/ros2_ws/src/install/py_pubsub/lib/python3.10/site-packages:${PYTHONPATH} /usr/bin/python3 setup.py egg_info --egg-base ../build/py_pubsub build --build-base /home/admin/ros2_ws/src/build/py_pubsub/build install --record /home/admin/ros2_ws/src/build/py_pubsub/install.log --single-version-externally-managed
[1.164s] running egg_info
[1.166s] writing ../build/py_pubsub/py_pubsub.egg-info/PKG-INFO
[1.169s] writing dependency_links to ../build/py_pubsub/py_pubsub.egg-info/dependency_links.txt
[1.169s] writing entry points to ../build/py_pubsub/py_pubsub.egg-info/entry_points.txt
[1.170s] writing requirements to ../build/py_pubsub/py_pubsub.egg-info/requires.txt
[1.170s] writing top-level names to ../build/py_pubsub/py_pubsub.egg-info/top_level.txt
[1.173s] reading manifest file '../build/py_pubsub/py_pubsub.egg-info/SOURCES.txt'
[1.176s] adding license file 'LICENSE'
[1.184s] writing manifest file '../build/py_pubsub/py_pubsub.egg-info/SOURCES.txt'
[1.184s] running build
[1.184s] running build_py
[1.198s] running install
[1.198s] /usr/lib/python3/dist-packages/setuptools/command/install.py:34: SetuptoolsDeprecationWarning: setup.py install is deprecated. Use build and pip and other standards-based tools.
[1.198s]   warnings.warn(
[1.199s] running install_lib
[1.206s] running install_data
[1.216s] running install_egg_info
[1.218s] removing '/home/admin/ros2_ws/src/install/py_pubsub/lib/python3.10/site-packages/py_pubsub-0.0.0-py3.10.egg-info' (and everything under it)
[1.219s] Copying ../build/py_pubsub/py_pubsub.egg-info to /home/admin/ros2_ws/src/install/py_pubsub/lib/python3.10/site-packages/py_pubsub-0.0.0-py3.10.egg-info
[1.223s] running install_scripts
[1.246s] Installing listener script to /home/admin/ros2_ws/src/install/py_pubsub/lib/py_pubsub
[1.248s] Installing talker script to /home/admin/ros2_ws/src/install/py_pubsub/lib/py_pubsub
[1.249s] writing list of installed files to '/home/admin/ros2_ws/src/build/py_pubsub/install.log'
[1.283s] Invoked command in '/home/admin/ros2_ws/src/py_pubsub' returned '0': PYTHONPATH=/home/admin/ros2_ws/src/build/py_pubsub/prefix_override:/home/admin/ros2_ws/src/install/py_pubsub/lib/python3.10/site-packages:${PYTHONPATH} /usr/bin/python3 setup.py egg_info --egg-base ../build/py_pubsub build --build-base /home/admin/ros2_ws/src/build/py_pubsub/build install --record /home/admin/ros2_ws/src/build/py_pubsub/install.log --single-version-externally-managed
