[0.706s] Invoking command in '/home/admin/ros2_ws/src/build/my_urdf_pkg': CMAKE_PREFIX_PATH=${CMAKE_PREFIX_PATH}:/home/admin/ros2_ws/src/install/projekt4:/home/admin/ros2_ws/src/install/projekt3:/home/admin/ros2_ws/src/install/py_pubsub:/home/admin/ros2_ws/src/install/projekt2:/home/admin/ros2_ws/src/install/lab2_to_send:/opt/ros/humble /usr/bin/cmake --build /home/admin/ros2_ws/src/build/my_urdf_pkg -- -j4 -l4
[1.240s] Invoked command in '/home/admin/ros2_ws/src/build/my_urdf_pkg' returned '0': CMAKE_PREFIX_PATH=${CMAKE_PREFIX_PATH}:/home/admin/ros2_ws/src/install/projekt4:/home/admin/ros2_ws/src/install/projekt3:/home/admin/ros2_ws/src/install/py_pubsub:/home/admin/ros2_ws/src/install/projekt2:/home/admin/ros2_ws/src/install/lab2_to_send:/opt/ros/humble /usr/bin/cmake --build /home/admin/ros2_ws/src/build/my_urdf_pkg -- -j4 -l4
[1.306s] Invoking command in '/home/admin/ros2_ws/src/build/my_urdf_pkg': CMAKE_PREFIX_PATH=${CMAKE_PREFIX_PATH}:/home/admin/ros2_ws/src/install/projekt4:/home/admin/ros2_ws/src/install/projekt3:/home/admin/ros2_ws/src/install/py_pubsub:/home/admin/ros2_ws/src/install/projekt2:/home/admin/ros2_ws/src/install/lab2_to_send:/opt/ros/humble /usr/bin/cmake --install /home/admin/ros2_ws/src/build/my_urdf_pkg
[1.320s] -- Install configuration: ""
[1.321s] -- Up-to-date: /home/admin/ros2_ws/src/install/my_urdf_pkg/share/my_urdf_pkg/launch
[1.321s] -- Up-to-date: /home/admin/ros2_ws/src/install/my_urdf_pkg/share/my_urdf_pkg/launch/display.launch.py
[1.321s] -- Up-to-date: /home/admin/ros2_ws/src/install/my_urdf_pkg/share/my_urdf_pkg/rviz
[1.322s] -- Up-to-date: /home/admin/ros2_ws/src/install/my_urdf_pkg/share/my_urdf_pkg/rviz/urdf.rviz
[1.325s] -- Up-to-date: /home/admin/ros2_ws/src/install/my_urdf_pkg/share/my_urdf_pkg/urdf
[1.325s] -- Up-to-date: /home/admin/ros2_ws/src/install/my_urdf_pkg/share/my_urdf_pkg/urdf/manipulator_model_with_gripper.urdf
[1.326s] -- Up-to-date: /home/admin/ros2_ws/src/install/my_urdf_pkg/share/my_urdf_pkg/urdf/manipulator_model.urdf
[1.326s] -- Up-to-date: /home/admin/ros2_ws/src/install/my_urdf_pkg/share/ament_index/resource_index/package_run_dependencies/my_urdf_pkg
[1.326s] -- Up-to-date: /home/admin/ros2_ws/src/install/my_urdf_pkg/share/ament_index/resource_index/parent_prefix_path/my_urdf_pkg
[1.326s] -- Up-to-date: /home/admin/ros2_ws/src/install/my_urdf_pkg/share/my_urdf_pkg/environment/ament_prefix_path.sh
[1.327s] -- Up-to-date: /home/admin/ros2_ws/src/install/my_urdf_pkg/share/my_urdf_pkg/environment/ament_prefix_path.dsv
[1.327s] -- Up-to-date: /home/admin/ros2_ws/src/install/my_urdf_pkg/share/my_urdf_pkg/environment/path.sh
[1.327s] -- Up-to-date: /home/admin/ros2_ws/src/install/my_urdf_pkg/share/my_urdf_pkg/environment/path.dsv
[1.327s] -- Up-to-date: /home/admin/ros2_ws/src/install/my_urdf_pkg/share/my_urdf_pkg/local_setup.bash
[1.328s] -- Up-to-date: /home/admin/ros2_ws/src/install/my_urdf_pkg/share/my_urdf_pkg/local_setup.sh
[1.328s] -- Up-to-date: /home/admin/ros2_ws/src/install/my_urdf_pkg/share/my_urdf_pkg/local_setup.zsh
[1.328s] -- Up-to-date: /home/admin/ros2_ws/src/install/my_urdf_pkg/share/my_urdf_pkg/local_setup.dsv
[1.328s] -- Installing: /home/admin/ros2_ws/src/install/my_urdf_pkg/share/my_urdf_pkg/package.dsv
[1.329s] -- Up-to-date: /home/admin/ros2_ws/src/install/my_urdf_pkg/share/ament_index/resource_index/packages/my_urdf_pkg
[1.329s] -- Up-to-date: /home/admin/ros2_ws/src/install/my_urdf_pkg/share/my_urdf_pkg/cmake/my_urdf_pkgConfig.cmake
[1.329s] -- Up-to-date: /home/admin/ros2_ws/src/install/my_urdf_pkg/share/my_urdf_pkg/cmake/my_urdf_pkgConfig-version.cmake
[1.330s] -- Up-to-date: /home/admin/ros2_ws/src/install/my_urdf_pkg/share/my_urdf_pkg/package.xml
[1.371s] Invoked command in '/home/admin/ros2_ws/src/build/my_urdf_pkg' returned '0': CMAKE_PREFIX_PATH=${CMAKE_PREFIX_PATH}:/home/admin/ros2_ws/src/install/projekt4:/home/admin/ros2_ws/src/install/projekt3:/home/admin/ros2_ws/src/install/py_pubsub:/home/admin/ros2_ws/src/install/projekt2:/home/admin/ros2_ws/src/install/lab2_to_send:/opt/ros/humble /usr/bin/cmake --install /home/admin/ros2_ws/src/build/my_urdf_pkg
