[0.907s] Invoking command in '/home/admin/ros2_ws/src/py_pubsub': PYTHONPATH=/home/admin/ros2_ws/src/build/py_pubsub/prefix_override:/home/admin/ros2_ws/src/install/py_pubsub/lib/python3.10/site-packages:${PYTHONPATH} /usr/bin/python3 setup.py egg_info --egg-base ../build/py_pubsub build --build-base /home/admin/ros2_ws/src/build/py_pubsub/build install --record /home/admin/ros2_ws/src/build/py_pubsub/install.log --single-version-externally-managed
[1.146s] running egg_info
[1.146s] creating ../build/py_pubsub/py_pubsub.egg-info
[1.147s] writing ../build/py_pubsub/py_pubsub.egg-info/PKG-INFO
[1.147s] writing dependency_links to ../build/py_pubsub/py_pubsub.egg-info/dependency_links.txt
[1.148s] writing entry points to ../build/py_pubsub/py_pubsub.egg-info/entry_points.txt
[1.148s] writing requirements to ../build/py_pubsub/py_pubsub.egg-info/requires.txt
[1.148s] writing top-level names to ../build/py_pubsub/py_pubsub.egg-info/top_level.txt
[1.148s] writing manifest file '../build/py_pubsub/py_pubsub.egg-info/SOURCES.txt'
[1.150s] reading manifest file '../build/py_pubsub/py_pubsub.egg-info/SOURCES.txt'
[1.150s] adding license file 'LICENSE'
[1.150s] writing manifest file '../build/py_pubsub/py_pubsub.egg-info/SOURCES.txt'
[1.151s] running build
[1.151s] running build_py
[1.151s] creating /home/admin/ros2_ws/src/build/py_pubsub/build
[1.152s] creating /home/admin/ros2_ws/src/build/py_pubsub/build/lib
[1.152s] creating /home/admin/ros2_ws/src/build/py_pubsub/build/lib/py_pubsub
[1.152s] copying py_pubsub/__init__.py -> /home/admin/ros2_ws/src/build/py_pubsub/build/lib/py_pubsub
[1.152s] copying py_pubsub/publisher_member_function.py -> /home/admin/ros2_ws/src/build/py_pubsub/build/lib/py_pubsub
[1.152s] copying py_pubsub/subscriber_member_function.py -> /home/admin/ros2_ws/src/build/py_pubsub/build/lib/py_pubsub
[1.153s] running install
[1.153s] /usr/lib/python3/dist-packages/setuptools/command/install.py:34: SetuptoolsDeprecationWarning: setup.py install is deprecated. Use build and pip and other standards-based tools.
[1.153s]   warnings.warn(
[1.153s] running install_lib
[1.154s] creating /home/admin/ros2_ws/src/install/py_pubsub/lib/python3.10/site-packages/py_pubsub
[1.154s] copying /home/admin/ros2_ws/src/build/py_pubsub/build/lib/py_pubsub/__init__.py -> /home/admin/ros2_ws/src/install/py_pubsub/lib/python3.10/site-packages/py_pubsub
[1.155s] copying /home/admin/ros2_ws/src/build/py_pubsub/build/lib/py_pubsub/publisher_member_function.py -> /home/admin/ros2_ws/src/install/py_pubsub/lib/python3.10/site-packages/py_pubsub
[1.155s] copying /home/admin/ros2_ws/src/build/py_pubsub/build/lib/py_pubsub/subscriber_member_function.py -> /home/admin/ros2_ws/src/install/py_pubsub/lib/python3.10/site-packages/py_pubsub
[1.156s] byte-compiling /home/admin/ros2_ws/src/install/py_pubsub/lib/python3.10/site-packages/py_pubsub/__init__.py to __init__.cpython-310.pyc
[1.156s] byte-compiling /home/admin/ros2_ws/src/install/py_pubsub/lib/python3.10/site-packages/py_pubsub/publisher_member_function.py to publisher_member_function.cpython-310.pyc
[1.157s] byte-compiling /home/admin/ros2_ws/src/install/py_pubsub/lib/python3.10/site-packages/py_pubsub/subscriber_member_function.py to subscriber_member_function.cpython-310.pyc
[1.157s] running install_data
[1.158s] creating /home/admin/ros2_ws/src/install/py_pubsub/share/ament_index
[1.158s] creating /home/admin/ros2_ws/src/install/py_pubsub/share/ament_index/resource_index
[1.158s] creating /home/admin/ros2_ws/src/install/py_pubsub/share/ament_index/resource_index/packages
[1.158s] copying resource/py_pubsub -> /home/admin/ros2_ws/src/install/py_pubsub/share/ament_index/resource_index/packages
[1.159s] copying package.xml -> /home/admin/ros2_ws/src/install/py_pubsub/share/py_pubsub
[1.159s] running install_egg_info
[1.160s] Copying ../build/py_pubsub/py_pubsub.egg-info to /home/admin/ros2_ws/src/install/py_pubsub/lib/python3.10/site-packages/py_pubsub-0.0.0-py3.10.egg-info
[1.162s] running install_scripts
[1.183s] Installing listener script to /home/admin/ros2_ws/src/install/py_pubsub/lib/py_pubsub
[1.183s] Installing talker script to /home/admin/ros2_ws/src/install/py_pubsub/lib/py_pubsub
[1.184s] writing list of installed files to '/home/admin/ros2_ws/src/build/py_pubsub/install.log'
[1.213s] Invoked command in '/home/admin/ros2_ws/src/py_pubsub' returned '0': PYTHONPATH=/home/admin/ros2_ws/src/build/py_pubsub/prefix_override:/home/admin/ros2_ws/src/install/py_pubsub/lib/python3.10/site-packages:${PYTHONPATH} /usr/bin/python3 setup.py egg_info --egg-base ../build/py_pubsub build --build-base /home/admin/ros2_ws/src/build/py_pubsub/build install --record /home/admin/ros2_ws/src/build/py_pubsub/install.log --single-version-externally-managed
