[0.828s] Invoking command in '/home/admin/ros2_ws/src/build/my_urdf_pkg': CMAKE_PREFIX_PATH=${CMAKE_PREFIX_PATH}:/home/admin/ros2_ws/install/projekt4:/home/admin/ros2_ws/install/projekt3:/home/admin/ros2_ws/install/py_pubsub:/home/admin/ros2_ws/install/projekt2:/home/admin/ros2_ws/install/listener:/home/admin/ros2_ws/install/lab2_to_send:/home/admin/ros2_ws/install/Projekt2:/home/admin/ros2_ws/install/LAB2:/opt/ros/humble /usr/bin/cmake --build /home/admin/ros2_ws/src/build/my_urdf_pkg -- -j4 -l4
[1.431s] Invoked command in '/home/admin/ros2_ws/src/build/my_urdf_pkg' returned '0': CMAKE_PREFIX_PATH=${CMAKE_PREFIX_PATH}:/home/admin/ros2_ws/install/projekt4:/home/admin/ros2_ws/install/projekt3:/home/admin/ros2_ws/install/py_pubsub:/home/admin/ros2_ws/install/projekt2:/home/admin/ros2_ws/install/listener:/home/admin/ros2_ws/install/lab2_to_send:/home/admin/ros2_ws/install/Projekt2:/home/admin/ros2_ws/install/LAB2:/opt/ros/humble /usr/bin/cmake --build /home/admin/ros2_ws/src/build/my_urdf_pkg -- -j4 -l4
[1.535s] Invoking command in '/home/admin/ros2_ws/src/build/my_urdf_pkg': CMAKE_PREFIX_PATH=${CMAKE_PREFIX_PATH}:/home/admin/ros2_ws/install/projekt4:/home/admin/ros2_ws/install/projekt3:/home/admin/ros2_ws/install/py_pubsub:/home/admin/ros2_ws/install/projekt2:/home/admin/ros2_ws/install/listener:/home/admin/ros2_ws/install/lab2_to_send:/home/admin/ros2_ws/install/Projekt2:/home/admin/ros2_ws/install/LAB2:/opt/ros/humble /usr/bin/cmake --install /home/admin/ros2_ws/src/build/my_urdf_pkg
[1.561s] -- Install configuration: ""
[1.564s] -- Up-to-date: /home/admin/ros2_ws/src/install/my_urdf_pkg/share/my_urdf_pkg/launch
[1.565s] -- Up-to-date: /home/admin/ros2_ws/src/install/my_urdf_pkg/share/my_urdf_pkg/launch/display.launch.py
[1.565s] -- Up-to-date: /home/admin/ros2_ws/src/install/my_urdf_pkg/share/my_urdf_pkg/rviz
[1.566s] -- Up-to-date: /home/admin/ros2_ws/src/install/my_urdf_pkg/share/my_urdf_pkg/rviz/urdf.rviz
[1.566s] -- Up-to-date: /home/admin/ros2_ws/src/install/my_urdf_pkg/share/my_urdf_pkg/urdf
[1.568s] -- Up-to-date: /home/admin/ros2_ws/src/install/my_urdf_pkg/share/my_urdf_pkg/urdf/manipulator_model_with_gripper.urdf
[1.568s] -- Up-to-date: /home/admin/ros2_ws/src/install/my_urdf_pkg/share/my_urdf_pkg/urdf/manipulator_model.urdf
[1.583s] -- Up-to-date: /home/admin/ros2_ws/src/install/my_urdf_pkg/share/ament_index/resource_index/package_run_dependencies/my_urdf_pkg
[1.583s] -- Up-to-date: /home/admin/ros2_ws/src/install/my_urdf_pkg/share/ament_index/resource_index/parent_prefix_path/my_urdf_pkg
[1.590s] -- Up-to-date: /home/admin/ros2_ws/src/install/my_urdf_pkg/share/my_urdf_pkg/environment/ament_prefix_path.sh
[1.591s] -- Up-to-date: /home/admin/ros2_ws/src/install/my_urdf_pkg/share/my_urdf_pkg/environment/ament_prefix_path.dsv
[1.591s] -- Up-to-date: /home/admin/ros2_ws/src/install/my_urdf_pkg/share/my_urdf_pkg/environment/path.sh
[1.591s] -- Up-to-date: /home/admin/ros2_ws/src/install/my_urdf_pkg/share/my_urdf_pkg/environment/path.dsv
[1.597s] -- Up-to-date: /home/admin/ros2_ws/src/install/my_urdf_pkg/share/my_urdf_pkg/local_setup.bash
[1.598s] -- Up-to-date: /home/admin/ros2_ws/src/install/my_urdf_pkg/share/my_urdf_pkg/local_setup.sh
[1.598s] -- Up-to-date: /home/admin/ros2_ws/src/install/my_urdf_pkg/share/my_urdf_pkg/local_setup.zsh
[1.602s] -- Up-to-date: /home/admin/ros2_ws/src/install/my_urdf_pkg/share/my_urdf_pkg/local_setup.dsv
[1.602s] -- Installing: /home/admin/ros2_ws/src/install/my_urdf_pkg/share/my_urdf_pkg/package.dsv
[1.602s] -- Up-to-date: /home/admin/ros2_ws/src/install/my_urdf_pkg/share/ament_index/resource_index/packages/my_urdf_pkg
[1.602s] -- Up-to-date: /home/admin/ros2_ws/src/install/my_urdf_pkg/share/my_urdf_pkg/cmake/my_urdf_pkgConfig.cmake
[1.602s] -- Up-to-date: /home/admin/ros2_ws/src/install/my_urdf_pkg/share/my_urdf_pkg/cmake/my_urdf_pkgConfig-version.cmake
[1.604s] -- Up-to-date: /home/admin/ros2_ws/src/install/my_urdf_pkg/share/my_urdf_pkg/package.xml
[1.609s] Invoked command in '/home/admin/ros2_ws/src/build/my_urdf_pkg' returned '0': CMAKE_PREFIX_PATH=${CMAKE_PREFIX_PATH}:/home/admin/ros2_ws/install/projekt4:/home/admin/ros2_ws/install/projekt3:/home/admin/ros2_ws/install/py_pubsub:/home/admin/ros2_ws/install/projekt2:/home/admin/ros2_ws/install/listener:/home/admin/ros2_ws/install/lab2_to_send:/home/admin/ros2_ws/install/Projekt2:/home/admin/ros2_ws/install/LAB2:/opt/ros/humble /usr/bin/cmake --install /home/admin/ros2_ws/src/build/my_urdf_pkg
