[1.120s] Invoking command in '/home/admin/ros2_ws/src/projekt3': PYTHONPATH=/home/admin/ros2_ws/src/build/projekt3/prefix_override:/home/admin/ros2_ws/src/install/projekt3/lib/python3.10/site-packages:${PYTHONPATH} /usr/bin/python3 setup.py egg_info --egg-base ../build/projekt3 build --build-base /home/admin/ros2_ws/src/build/projekt3/build install --record /home/admin/ros2_ws/src/build/projekt3/install.log --single-version-externally-managed
[1.431s] running egg_info
[1.432s] writing ../build/projekt3/projekt3.egg-info/PKG-INFO
[1.433s] writing dependency_links to ../build/projekt3/projekt3.egg-info/dependency_links.txt
[1.434s] writing entry points to ../build/projekt3/projekt3.egg-info/entry_points.txt
[1.434s] writing requirements to ../build/projekt3/projekt3.egg-info/requires.txt
[1.435s] writing top-level names to ../build/projekt3/projekt3.egg-info/top_level.txt
[1.438s] reading manifest file '../build/projekt3/projekt3.egg-info/SOURCES.txt'
[1.445s] writing manifest file '../build/projekt3/projekt3.egg-info/SOURCES.txt'
[1.445s] running build
[1.445s] running build_py
[1.446s] running install
[1.447s] /usr/lib/python3/dist-packages/setuptools/command/install.py:34: SetuptoolsDeprecationWarning: setup.py install is deprecated. Use build and pip and other standards-based tools.
[1.447s]   warnings.warn(
[1.447s] running install_lib
[1.448s] running install_data
[1.449s] running install_egg_info
[1.452s] removing '/home/admin/ros2_ws/src/install/projekt3/lib/python3.10/site-packages/projekt3-0.0.1-py3.10.egg-info' (and everything under it)
[1.453s] Copying ../build/projekt3/projekt3.egg-info to /home/admin/ros2_ws/src/install/projekt3/lib/python3.10/site-packages/projekt3-0.0.1-py3.10.egg-info
[1.453s] running install_scripts
[1.478s] Installing gripper_client script to /home/admin/ros2_ws/src/install/projekt3/lib/projekt3
[1.478s] Installing gripper_server script to /home/admin/ros2_ws/src/install/projekt3/lib/projekt3
[1.479s] Installing inv_kin script to /home/admin/ros2_ws/src/install/projekt3/lib/projekt3
[1.480s] writing list of installed files to '/home/admin/ros2_ws/src/build/projekt3/install.log'
[1.520s] Invoked command in '/home/admin/ros2_ws/src/projekt3' returned '0': PYTHONPATH=/home/admin/ros2_ws/src/build/projekt3/prefix_override:/home/admin/ros2_ws/src/install/projekt3/lib/python3.10/site-packages:${PYTHONPATH} /usr/bin/python3 setup.py egg_info --egg-base ../build/projekt3 build --build-base /home/admin/ros2_ws/src/build/projekt3/build install --record /home/admin/ros2_ws/src/build/projekt3/install.log --single-version-externally-managed
