[1.668s] Invoking command in '/home/admin/ros2_ws/src/lab2_to_send': PYTHONPATH=/home/admin/ros2_ws/src/build/lab2_to_send/prefix_override:/home/admin/ros2_ws/src/install/lab2_to_send/lib/python3.10/site-packages:${PYTHONPATH} /usr/bin/python3 setup.py egg_info --egg-base ../build/lab2_to_send build --build-base /home/admin/ros2_ws/src/build/lab2_to_send/build install --record /home/admin/ros2_ws/src/build/lab2_to_send/install.log --single-version-externally-managed
[1.916s] running egg_info
[1.917s] creating ../build/lab2_to_send/lab2_to_send.egg-info
[1.918s] writing ../build/lab2_to_send/lab2_to_send.egg-info/PKG-INFO
[1.918s] writing dependency_links to ../build/lab2_to_send/lab2_to_send.egg-info/dependency_links.txt
[1.919s] writing entry points to ../build/lab2_to_send/lab2_to_send.egg-info/entry_points.txt
[1.919s] writing requirements to ../build/lab2_to_send/lab2_to_send.egg-info/requires.txt
[1.919s] writing top-level names to ../build/lab2_to_send/lab2_to_send.egg-info/top_level.txt
[1.920s] writing manifest file '../build/lab2_to_send/lab2_to_send.egg-info/SOURCES.txt'
[1.922s] reading manifest file '../build/lab2_to_send/lab2_to_send.egg-info/SOURCES.txt'
[1.922s] adding license file 'LICENSE'
[1.923s] writing manifest file '../build/lab2_to_send/lab2_to_send.egg-info/SOURCES.txt'
[1.923s] running build
[1.923s] running build_py
[1.924s] creating /home/admin/ros2_ws/src/build/lab2_to_send/build
[1.924s] creating /home/admin/ros2_ws/src/build/lab2_to_send/build/lib
[1.924s] creating /home/admin/ros2_ws/src/build/lab2_to_send/build/lib/lab2_to_send
[1.924s] copying lab2_to_send/pose_subscriber.py -> /home/admin/ros2_ws/src/build/lab2_to_send/build/lib/lab2_to_send
[1.925s] copying lab2_to_send/__init__.py -> /home/admin/ros2_ws/src/build/lab2_to_send/build/lib/lab2_to_send
[1.925s] copying lab2_to_send/draw.py -> /home/admin/ros2_ws/src/build/lab2_to_send/build/lib/lab2_to_send
[1.925s] copying lab2_to_send/template.py -> /home/admin/ros2_ws/src/build/lab2_to_send/build/lib/lab2_to_send
[1.926s] running install
[1.926s] /usr/lib/python3/dist-packages/setuptools/command/install.py:34: SetuptoolsDeprecationWarning: setup.py install is deprecated. Use build and pip and other standards-based tools.
[1.926s]   warnings.warn(
[1.927s] running install_lib
[1.928s] creating /home/admin/ros2_ws/src/install/lab2_to_send/lib/python3.10/site-packages/lab2_to_send
[1.928s] copying /home/admin/ros2_ws/src/build/lab2_to_send/build/lib/lab2_to_send/pose_subscriber.py -> /home/admin/ros2_ws/src/install/lab2_to_send/lib/python3.10/site-packages/lab2_to_send
[1.928s] copying /home/admin/ros2_ws/src/build/lab2_to_send/build/lib/lab2_to_send/__init__.py -> /home/admin/ros2_ws/src/install/lab2_to_send/lib/python3.10/site-packages/lab2_to_send
[1.929s] copying /home/admin/ros2_ws/src/build/lab2_to_send/build/lib/lab2_to_send/draw.py -> /home/admin/ros2_ws/src/install/lab2_to_send/lib/python3.10/site-packages/lab2_to_send
[1.929s] copying /home/admin/ros2_ws/src/build/lab2_to_send/build/lib/lab2_to_send/template.py -> /home/admin/ros2_ws/src/install/lab2_to_send/lib/python3.10/site-packages/lab2_to_send
[1.930s] byte-compiling /home/admin/ros2_ws/src/install/lab2_to_send/lib/python3.10/site-packages/lab2_to_send/pose_subscriber.py to pose_subscriber.cpython-310.pyc
[1.930s] byte-compiling /home/admin/ros2_ws/src/install/lab2_to_send/lib/python3.10/site-packages/lab2_to_send/__init__.py to __init__.cpython-310.pyc
[1.931s] byte-compiling /home/admin/ros2_ws/src/install/lab2_to_send/lib/python3.10/site-packages/lab2_to_send/draw.py to draw.cpython-310.pyc
[1.932s] byte-compiling /home/admin/ros2_ws/src/install/lab2_to_send/lib/python3.10/site-packages/lab2_to_send/template.py to template.cpython-310.pyc
[1.933s] running install_data
[1.933s] creating /home/admin/ros2_ws/src/install/lab2_to_send/share/ament_index
[1.933s] creating /home/admin/ros2_ws/src/install/lab2_to_send/share/ament_index/resource_index
[1.934s] creating /home/admin/ros2_ws/src/install/lab2_to_send/share/ament_index/resource_index/packages
[1.934s] copying resource/lab2_to_send -> /home/admin/ros2_ws/src/install/lab2_to_send/share/ament_index/resource_index/packages
[1.934s] copying package.xml -> /home/admin/ros2_ws/src/install/lab2_to_send/share/lab2_to_send
[1.935s] creating /home/admin/ros2_ws/src/install/lab2_to_send/share/lab2_to_send/launch
[1.935s] copying launch/draw.launch.py -> /home/admin/ros2_ws/src/install/lab2_to_send/share/lab2_to_send/launch
[1.935s] running install_egg_info
[1.939s] Copying ../build/lab2_to_send/lab2_to_send.egg-info to /home/admin/ros2_ws/src/install/lab2_to_send/lib/python3.10/site-packages/lab2_to_send-0.0.0-py3.10.egg-info
[1.944s] running install_scripts
[1.988s] Installing draw script to /home/admin/ros2_ws/src/install/lab2_to_send/lib/lab2_to_send
[1.994s] Installing pose_subscriber script to /home/admin/ros2_ws/src/install/lab2_to_send/lib/lab2_to_send
[1.995s] writing list of installed files to '/home/admin/ros2_ws/src/build/lab2_to_send/install.log'
[2.160s] Invoked command in '/home/admin/ros2_ws/src/lab2_to_send' returned '0': PYTHONPATH=/home/admin/ros2_ws/src/build/lab2_to_send/prefix_override:/home/admin/ros2_ws/src/install/lab2_to_send/lib/python3.10/site-packages:${PYTHONPATH} /usr/bin/python3 setup.py egg_info --egg-base ../build/lab2_to_send build --build-base /home/admin/ros2_ws/src/build/lab2_to_send/build install --record /home/admin/ros2_ws/src/build/lab2_to_send/install.log --single-version-externally-managed
