[1.158s] DEBUG:colcon:Command line arguments: ['/usr/bin/colcon', 'build']
[1.158s] DEBUG:colcon:Parsed command line arguments: Namespace(log_base=None, log_level=None, verb_name='build', build_base='build', install_base='install', merge_install=False, symlink_install=False, test_result_base=None, continue_on_error=False, executor='parallel', parallel_workers=4, event_handlers=None, ignore_user_meta=False, metas=['./colcon.meta'], base_paths=['.'], packages_ignore=None, packages_ignore_regex=None, paths=None, packages_up_to=None, packages_up_to_regex=None, packages_above=None, packages_above_and_dependencies=None, packages_above_depth=None, packages_select_by_dep=None, packages_skip_by_dep=None, packages_skip_up_to=None, packages_select_build_failed=False, packages_skip_build_finished=False, packages_select_test_failures=False, packages_skip_test_passed=False, packages_select=None, packages_skip=None, packages_select_regex=None, packages_skip_regex=None, packages_start=None, packages_end=None, allow_overriding=[], cmake_args=None, cmake_target=None, cmake_target_skip_unavailable=False, cmake_clean_cache=False, cmake_clean_first=False, cmake_force_configure=False, ament_cmake_args=None, catkin_cmake_args=None, catkin_skip_building_tests=False, verb_parser=<colcon_defaults.argument_parser.defaults.DefaultArgumentsDecorator object at 0x7f0705f87b50>, verb_extension=<colcon_core.verb.build.BuildVerb object at 0x7f07063cb670>, main=<bound method BuildVerb.main of <colcon_core.verb.build.BuildVerb object at 0x7f07063cb670>>)
[1.208s] Level 1:colcon.colcon_core.package_discovery:discover_packages(colcon_meta) check parameters
[1.208s] Level 1:colcon.colcon_core.package_discovery:discover_packages(recursive) check parameters
[1.209s] Level 1:colcon.colcon_core.package_discovery:discover_packages(ignore) check parameters
[1.209s] Level 1:colcon.colcon_core.package_discovery:discover_packages(path) check parameters
[1.209s] Level 1:colcon.colcon_core.package_discovery:discover_packages(colcon_meta) discover
[1.209s] Level 1:colcon.colcon_core.package_discovery:discover_packages(recursive) discover
[1.209s] INFO:colcon.colcon_core.package_discovery:Crawling recursively for packages in '/home/admin/ros2_ws/src'
[1.209s] Level 1:colcon.colcon_core.package_identification:_identify(.) by extensions ['ignore', 'ignore_ament_install']
[1.209s] Level 1:colcon.colcon_core.package_identification:_identify(.) by extension 'ignore'
[1.209s] Level 1:colcon.colcon_core.package_identification:_identify(.) by extension 'ignore_ament_install'
[1.209s] Level 1:colcon.colcon_core.package_identification:_identify(.) by extensions ['colcon_pkg']
[1.209s] Level 1:colcon.colcon_core.package_identification:_identify(.) by extension 'colcon_pkg'
[1.209s] Level 1:colcon.colcon_core.package_identification:_identify(.) by extensions ['colcon_meta']
[1.209s] Level 1:colcon.colcon_core.package_identification:_identify(.) by extension 'colcon_meta'
[1.209s] Level 1:colcon.colcon_core.package_identification:_identify(.) by extensions ['ros']
[1.209s] Level 1:colcon.colcon_core.package_identification:_identify(.) by extension 'ros'
[1.222s] Level 1:colcon.colcon_core.package_identification:_identify(.) by extensions ['cmake', 'python']
[1.223s] Level 1:colcon.colcon_core.package_identification:_identify(.) by extension 'cmake'
[1.223s] Level 1:colcon.colcon_core.package_identification:_identify(.) by extension 'python'
[1.223s] Level 1:colcon.colcon_core.package_identification:_identify(.) by extensions ['python_setup_py']
[1.223s] Level 1:colcon.colcon_core.package_identification:_identify(.) by extension 'python_setup_py'
[1.223s] Level 1:colcon.colcon_core.package_identification:_identify(ROS2_lectures) by extensions ['ignore', 'ignore_ament_install']
[1.223s] Level 1:colcon.colcon_core.package_identification:_identify(ROS2_lectures) by extension 'ignore'
[1.223s] Level 1:colcon.colcon_core.package_identification:_identify(ROS2_lectures) by extension 'ignore_ament_install'
[1.223s] Level 1:colcon.colcon_core.package_identification:_identify(ROS2_lectures) by extensions ['colcon_pkg']
[1.223s] Level 1:colcon.colcon_core.package_identification:_identify(ROS2_lectures) by extension 'colcon_pkg'
[1.223s] Level 1:colcon.colcon_core.package_identification:_identify(ROS2_lectures) by extensions ['colcon_meta']
[1.223s] Level 1:colcon.colcon_core.package_identification:_identify(ROS2_lectures) by extension 'colcon_meta'
[1.223s] Level 1:colcon.colcon_core.package_identification:_identify(ROS2_lectures) by extensions ['ros']
[1.223s] Level 1:colcon.colcon_core.package_identification:_identify(ROS2_lectures) by extension 'ros'
[1.224s] Level 1:colcon.colcon_core.package_identification:_identify(ROS2_lectures) by extensions ['cmake', 'python']
[1.224s] Level 1:colcon.colcon_core.package_identification:_identify(ROS2_lectures) by extension 'cmake'
[1.224s] Level 1:colcon.colcon_core.package_identification:_identify(ROS2_lectures) by extension 'python'
[1.224s] Level 1:colcon.colcon_core.package_identification:_identify(ROS2_lectures) by extensions ['python_setup_py']
[1.224s] Level 1:colcon.colcon_core.package_identification:_identify(ROS2_lectures) by extension 'python_setup_py'
[1.224s] Level 1:colcon.colcon_core.package_identification:_identify(build) by extensions ['ignore', 'ignore_ament_install']
[1.224s] Level 1:colcon.colcon_core.package_identification:_identify(build) by extension 'ignore'
[1.224s] Level 1:colcon.colcon_core.package_identification:_identify(build) ignored
[1.224s] Level 1:colcon.colcon_core.package_identification:_identify(install) by extensions ['ignore', 'ignore_ament_install']
[1.224s] Level 1:colcon.colcon_core.package_identification:_identify(install) by extension 'ignore'
[1.224s] Level 1:colcon.colcon_core.package_identification:_identify(install) ignored
[1.224s] Level 1:colcon.colcon_core.package_identification:_identify(lab0) by extensions ['ignore', 'ignore_ament_install']
[1.224s] Level 1:colcon.colcon_core.package_identification:_identify(lab0) by extension 'ignore'
[1.224s] Level 1:colcon.colcon_core.package_identification:_identify(lab0) by extension 'ignore_ament_install'
[1.225s] Level 1:colcon.colcon_core.package_identification:_identify(lab0) by extensions ['colcon_pkg']
[1.225s] Level 1:colcon.colcon_core.package_identification:_identify(lab0) by extension 'colcon_pkg'
[1.225s] Level 1:colcon.colcon_core.package_identification:_identify(lab0) by extensions ['colcon_meta']
[1.225s] Level 1:colcon.colcon_core.package_identification:_identify(lab0) by extension 'colcon_meta'
[1.225s] Level 1:colcon.colcon_core.package_identification:_identify(lab0) by extensions ['ros']
[1.225s] Level 1:colcon.colcon_core.package_identification:_identify(lab0) by extension 'ros'
[1.225s] Level 1:colcon.colcon_core.package_identification:_identify(lab0) by extensions ['cmake', 'python']
[1.226s] Level 1:colcon.colcon_core.package_identification:_identify(lab0) by extension 'cmake'
[1.227s] Level 1:colcon.colcon_core.package_identification:_identify(lab0) by extension 'python'
[1.227s] Level 1:colcon.colcon_core.package_identification:_identify(lab0) by extensions ['python_setup_py']
[1.229s] Level 1:colcon.colcon_core.package_identification:_identify(lab0) by extension 'python_setup_py'
[1.229s] Level 1:colcon.colcon_core.package_identification:_identify(lab1) by extensions ['ignore', 'ignore_ament_install']
[1.229s] Level 1:colcon.colcon_core.package_identification:_identify(lab1) by extension 'ignore'
[1.229s] Level 1:colcon.colcon_core.package_identification:_identify(lab1) by extension 'ignore_ament_install'
[1.229s] Level 1:colcon.colcon_core.package_identification:_identify(lab1) by extensions ['colcon_pkg']
[1.229s] Level 1:colcon.colcon_core.package_identification:_identify(lab1) by extension 'colcon_pkg'
[1.229s] Level 1:colcon.colcon_core.package_identification:_identify(lab1) by extensions ['colcon_meta']
[1.229s] Level 1:colcon.colcon_core.package_identification:_identify(lab1) by extension 'colcon_meta'
[1.229s] Level 1:colcon.colcon_core.package_identification:_identify(lab1) by extensions ['ros']
[1.229s] Level 1:colcon.colcon_core.package_identification:_identify(lab1) by extension 'ros'
[1.230s] Level 1:colcon.colcon_core.package_identification:_identify(lab1) by extensions ['cmake', 'python']
[1.230s] Level 1:colcon.colcon_core.package_identification:_identify(lab1) by extension 'cmake'
[1.230s] Level 1:colcon.colcon_core.package_identification:_identify(lab1) by extension 'python'
[1.230s] Level 1:colcon.colcon_core.package_identification:_identify(lab1) by extensions ['python_setup_py']
[1.230s] Level 1:colcon.colcon_core.package_identification:_identify(lab1) by extension 'python_setup_py'
[1.230s] Level 1:colcon.colcon_core.package_identification:_identify(lab2) by extensions ['ignore', 'ignore_ament_install']
[1.230s] Level 1:colcon.colcon_core.package_identification:_identify(lab2) by extension 'ignore'
[1.230s] Level 1:colcon.colcon_core.package_identification:_identify(lab2) by extension 'ignore_ament_install'
[1.230s] Level 1:colcon.colcon_core.package_identification:_identify(lab2) by extensions ['colcon_pkg']
[1.230s] Level 1:colcon.colcon_core.package_identification:_identify(lab2) by extension 'colcon_pkg'
[1.230s] Level 1:colcon.colcon_core.package_identification:_identify(lab2) by extensions ['colcon_meta']
[1.230s] Level 1:colcon.colcon_core.package_identification:_identify(lab2) by extension 'colcon_meta'
[1.230s] Level 1:colcon.colcon_core.package_identification:_identify(lab2) by extensions ['ros']
[1.230s] Level 1:colcon.colcon_core.package_identification:_identify(lab2) by extension 'ros'
[1.230s] Level 1:colcon.colcon_core.package_identification:_identify(lab2) by extensions ['cmake', 'python']
[1.230s] Level 1:colcon.colcon_core.package_identification:_identify(lab2) by extension 'cmake'
[1.230s] Level 1:colcon.colcon_core.package_identification:_identify(lab2) by extension 'python'
[1.230s] Level 1:colcon.colcon_core.package_identification:_identify(lab2) by extensions ['python_setup_py']
[1.230s] Level 1:colcon.colcon_core.package_identification:_identify(lab2) by extension 'python_setup_py'
[1.230s] Level 1:colcon.colcon_core.package_identification:_identify(lab2_to_send) by extensions ['ignore', 'ignore_ament_install']
[1.231s] Level 1:colcon.colcon_core.package_identification:_identify(lab2_to_send) by extension 'ignore'
[1.231s] Level 1:colcon.colcon_core.package_identification:_identify(lab2_to_send) by extension 'ignore_ament_install'
[1.231s] Level 1:colcon.colcon_core.package_identification:_identify(lab2_to_send) by extensions ['colcon_pkg']
[1.231s] Level 1:colcon.colcon_core.package_identification:_identify(lab2_to_send) by extension 'colcon_pkg'
[1.231s] Level 1:colcon.colcon_core.package_identification:_identify(lab2_to_send) by extensions ['colcon_meta']
[1.231s] Level 1:colcon.colcon_core.package_identification:_identify(lab2_to_send) by extension 'colcon_meta'
[1.231s] Level 1:colcon.colcon_core.package_identification:_identify(lab2_to_send) by extensions ['ros']
[1.231s] Level 1:colcon.colcon_core.package_identification:_identify(lab2_to_send) by extension 'ros'
[1.234s] DEBUG:colcon.colcon_core.package_identification:Package 'lab2_to_send' with type 'ros.ament_python' and name 'lab2_to_send'
[1.235s] Level 1:colcon.colcon_core.package_identification:_identify(log) by extensions ['ignore', 'ignore_ament_install']
[1.235s] Level 1:colcon.colcon_core.package_identification:_identify(log) by extension 'ignore'
[1.235s] Level 1:colcon.colcon_core.package_identification:_identify(log) ignored
[1.235s] Level 1:colcon.colcon_core.package_identification:_identify(my_urdf_pkg) by extensions ['ignore', 'ignore_ament_install']
[1.235s] Level 1:colcon.colcon_core.package_identification:_identify(my_urdf_pkg) by extension 'ignore'
[1.235s] Level 1:colcon.colcon_core.package_identification:_identify(my_urdf_pkg) by extension 'ignore_ament_install'
[1.235s] Level 1:colcon.colcon_core.package_identification:_identify(my_urdf_pkg) by extensions ['colcon_pkg']
[1.235s] Level 1:colcon.colcon_core.package_identification:_identify(my_urdf_pkg) by extension 'colcon_pkg'
[1.235s] Level 1:colcon.colcon_core.package_identification:_identify(my_urdf_pkg) by extensions ['colcon_meta']
[1.236s] Level 1:colcon.colcon_core.package_identification:_identify(my_urdf_pkg) by extension 'colcon_meta'
[1.236s] Level 1:colcon.colcon_core.package_identification:_identify(my_urdf_pkg) by extensions ['ros']
[1.236s] Level 1:colcon.colcon_core.package_identification:_identify(my_urdf_pkg) by extension 'ros'
[1.236s] DEBUG:colcon.colcon_core.package_identification:Package 'my_urdf_pkg' with type 'ros.ament_cmake' and name 'my_urdf_pkg'
[1.236s] Level 1:colcon.colcon_core.package_identification:_identify(projekt2) by extensions ['ignore', 'ignore_ament_install']
[1.236s] Level 1:colcon.colcon_core.package_identification:_identify(projekt2) by extension 'ignore'
[1.236s] Level 1:colcon.colcon_core.package_identification:_identify(projekt2) by extension 'ignore_ament_install'
[1.237s] Level 1:colcon.colcon_core.package_identification:_identify(projekt2) by extensions ['colcon_pkg']
[1.237s] Level 1:colcon.colcon_core.package_identification:_identify(projekt2) by extension 'colcon_pkg'
[1.237s] Level 1:colcon.colcon_core.package_identification:_identify(projekt2) by extensions ['colcon_meta']
[1.237s] Level 1:colcon.colcon_core.package_identification:_identify(projekt2) by extension 'colcon_meta'
[1.237s] Level 1:colcon.colcon_core.package_identification:_identify(projekt2) by extensions ['ros']
[1.237s] Level 1:colcon.colcon_core.package_identification:_identify(projekt2) by extension 'ros'
[1.237s] DEBUG:colcon.colcon_core.package_identification:Package 'projekt2' with type 'ros.ament_python' and name 'projekt2'
[1.237s] Level 1:colcon.colcon_core.package_identification:_identify(projekt3) by extensions ['ignore', 'ignore_ament_install']
[1.237s] Level 1:colcon.colcon_core.package_identification:_identify(projekt3) by extension 'ignore'
[1.237s] Level 1:colcon.colcon_core.package_identification:_identify(projekt3) by extension 'ignore_ament_install'
[1.237s] Level 1:colcon.colcon_core.package_identification:_identify(projekt3) by extensions ['colcon_pkg']
[1.237s] Level 1:colcon.colcon_core.package_identification:_identify(projekt3) by extension 'colcon_pkg'
[1.238s] Level 1:colcon.colcon_core.package_identification:_identify(projekt3) by extensions ['colcon_meta']
[1.238s] Level 1:colcon.colcon_core.package_identification:_identify(projekt3) by extension 'colcon_meta'
[1.238s] Level 1:colcon.colcon_core.package_identification:_identify(projekt3) by extensions ['ros']
[1.238s] Level 1:colcon.colcon_core.package_identification:_identify(projekt3) by extension 'ros'
[1.238s] DEBUG:colcon.colcon_core.package_identification:Package 'projekt3' with type 'ros.ament_python' and name 'projekt3'
[1.239s] Level 1:colcon.colcon_core.package_identification:_identify(projekt4) by extensions ['ignore', 'ignore_ament_install']
[1.239s] Level 1:colcon.colcon_core.package_identification:_identify(projekt4) by extension 'ignore'
[1.239s] Level 1:colcon.colcon_core.package_identification:_identify(projekt4) by extension 'ignore_ament_install'
[1.239s] Level 1:colcon.colcon_core.package_identification:_identify(projekt4) by extensions ['colcon_pkg']
[1.239s] Level 1:colcon.colcon_core.package_identification:_identify(projekt4) by extension 'colcon_pkg'
[1.239s] Level 1:colcon.colcon_core.package_identification:_identify(projekt4) by extensions ['colcon_meta']
[1.239s] Level 1:colcon.colcon_core.package_identification:_identify(projekt4) by extension 'colcon_meta'
[1.239s] Level 1:colcon.colcon_core.package_identification:_identify(projekt4) by extensions ['ros']
[1.239s] Level 1:colcon.colcon_core.package_identification:_identify(projekt4) by extension 'ros'
[1.240s] DEBUG:colcon.colcon_core.package_identification:Package 'projekt4' with type 'ros.ament_python' and name 'projekt4'
[1.240s] Level 1:colcon.colcon_core.package_identification:_identify(py_pubsub) by extensions ['ignore', 'ignore_ament_install']
[1.240s] Level 1:colcon.colcon_core.package_identification:_identify(py_pubsub) by extension 'ignore'
[1.240s] Level 1:colcon.colcon_core.package_identification:_identify(py_pubsub) by extension 'ignore_ament_install'
[1.240s] Level 1:colcon.colcon_core.package_identification:_identify(py_pubsub) by extensions ['colcon_pkg']
[1.240s] Level 1:colcon.colcon_core.package_identification:_identify(py_pubsub) by extension 'colcon_pkg'
[1.240s] Level 1:colcon.colcon_core.package_identification:_identify(py_pubsub) by extensions ['colcon_meta']
[1.240s] Level 1:colcon.colcon_core.package_identification:_identify(py_pubsub) by extension 'colcon_meta'
[1.240s] Level 1:colcon.colcon_core.package_identification:_identify(py_pubsub) by extensions ['ros']
[1.240s] Level 1:colcon.colcon_core.package_identification:_identify(py_pubsub) by extension 'ros'
[1.241s] DEBUG:colcon.colcon_core.package_identification:Package 'py_pubsub' with type 'ros.ament_python' and name 'py_pubsub'
[1.241s] Level 1:colcon.colcon_core.package_identification:_identify(tutorial_interfaces) by extensions ['ignore', 'ignore_ament_install']
[1.241s] Level 1:colcon.colcon_core.package_identification:_identify(tutorial_interfaces) by extension 'ignore'
[1.241s] Level 1:colcon.colcon_core.package_identification:_identify(tutorial_interfaces) by extension 'ignore_ament_install'
[1.241s] Level 1:colcon.colcon_core.package_identification:_identify(tutorial_interfaces) by extensions ['colcon_pkg']
[1.241s] Level 1:colcon.colcon_core.package_identification:_identify(tutorial_interfaces) by extension 'colcon_pkg'
[1.241s] Level 1:colcon.colcon_core.package_identification:_identify(tutorial_interfaces) by extensions ['colcon_meta']
[1.241s] Level 1:colcon.colcon_core.package_identification:_identify(tutorial_interfaces) by extension 'colcon_meta'
[1.241s] Level 1:colcon.colcon_core.package_identification:_identify(tutorial_interfaces) by extensions ['ros']
[1.241s] Level 1:colcon.colcon_core.package_identification:_identify(tutorial_interfaces) by extension 'ros'
[1.242s] DEBUG:colcon.colcon_core.package_identification:Package 'tutorial_interfaces' with type 'ros.ament_cmake' and name 'tutorial_interfaces'
[1.242s] Level 1:colcon.colcon_core.package_discovery:discover_packages(recursive) using defaults
[1.242s] Level 1:colcon.colcon_core.package_discovery:discover_packages(ignore) discover
[1.242s] Level 1:colcon.colcon_core.package_discovery:discover_packages(ignore) using defaults
[1.242s] Level 1:colcon.colcon_core.package_discovery:discover_packages(path) discover
[1.242s] Level 1:colcon.colcon_core.package_discovery:discover_packages(path) using defaults
[1.348s] Level 1:colcon.colcon_core.package_discovery:discover_packages(prefix_path) check parameters
[1.348s] Level 1:colcon.colcon_core.package_discovery:discover_packages(prefix_path) discover
[1.383s] DEBUG:colcon.colcon_installed_package_information.package_discovery:Found 7 installed packages in /home/admin/ros2_ws/src/install
[1.399s] DEBUG:colcon.colcon_installed_package_information.package_discovery:Found 293 installed packages in /opt/ros/humble
[1.401s] Level 1:colcon.colcon_core.package_discovery:discover_packages(prefix_path) using defaults
[1.504s] Level 5:colcon.colcon_core.verb:set package 'lab2_to_send' build argument 'cmake_args' from command line to 'None'
[1.504s] Level 5:colcon.colcon_core.verb:set package 'lab2_to_send' build argument 'cmake_target' from command line to 'None'
[1.504s] Level 5:colcon.colcon_core.verb:set package 'lab2_to_send' build argument 'cmake_target_skip_unavailable' from command line to 'False'
[1.504s] Level 5:colcon.colcon_core.verb:set package 'lab2_to_send' build argument 'cmake_clean_cache' from command line to 'False'
[1.504s] Level 5:colcon.colcon_core.verb:set package 'lab2_to_send' build argument 'cmake_clean_first' from command line to 'False'
[1.504s] Level 5:colcon.colcon_core.verb:set package 'lab2_to_send' build argument 'cmake_force_configure' from command line to 'False'
[1.504s] Level 5:colcon.colcon_core.verb:set package 'lab2_to_send' build argument 'ament_cmake_args' from command line to 'None'
[1.504s] Level 5:colcon.colcon_core.verb:set package 'lab2_to_send' build argument 'catkin_cmake_args' from command line to 'None'
[1.504s] Level 5:colcon.colcon_core.verb:set package 'lab2_to_send' build argument 'catkin_skip_building_tests' from command line to 'False'
[1.504s] DEBUG:colcon.colcon_core.verb:Building package 'lab2_to_send' with the following arguments: {'ament_cmake_args': None, 'build_base': '/home/admin/ros2_ws/src/build/lab2_to_send', 'catkin_cmake_args': None, 'catkin_skip_building_tests': False, 'cmake_args': None, 'cmake_clean_cache': False, 'cmake_clean_first': False, 'cmake_force_configure': False, 'cmake_target': None, 'cmake_target_skip_unavailable': False, 'install_base': '/home/admin/ros2_ws/src/install/lab2_to_send', 'merge_install': False, 'path': '/home/admin/ros2_ws/src/lab2_to_send', 'symlink_install': False, 'test_result_base': None}
[1.520s] Level 5:colcon.colcon_core.verb:set package 'my_urdf_pkg' build argument 'cmake_args' from command line to 'None'
[1.520s] Level 5:colcon.colcon_core.verb:set package 'my_urdf_pkg' build argument 'cmake_target' from command line to 'None'
[1.521s] Level 5:colcon.colcon_core.verb:set package 'my_urdf_pkg' build argument 'cmake_target_skip_unavailable' from command line to 'False'
[1.521s] Level 5:colcon.colcon_core.verb:set package 'my_urdf_pkg' build argument 'cmake_clean_cache' from command line to 'False'
[1.521s] Level 5:colcon.colcon_core.verb:set package 'my_urdf_pkg' build argument 'cmake_clean_first' from command line to 'False'
[1.521s] Level 5:colcon.colcon_core.verb:set package 'my_urdf_pkg' build argument 'cmake_force_configure' from command line to 'False'
[1.521s] Level 5:colcon.colcon_core.verb:set package 'my_urdf_pkg' build argument 'ament_cmake_args' from command line to 'None'
[1.521s] Level 5:colcon.colcon_core.verb:set package 'my_urdf_pkg' build argument 'catkin_cmake_args' from command line to 'None'
[1.521s] Level 5:colcon.colcon_core.verb:set package 'my_urdf_pkg' build argument 'catkin_skip_building_tests' from command line to 'False'
[1.521s] DEBUG:colcon.colcon_core.verb:Building package 'my_urdf_pkg' with the following arguments: {'ament_cmake_args': None, 'build_base': '/home/admin/ros2_ws/src/build/my_urdf_pkg', 'catkin_cmake_args': None, 'catkin_skip_building_tests': False, 'cmake_args': None, 'cmake_clean_cache': False, 'cmake_clean_first': False, 'cmake_force_configure': False, 'cmake_target': None, 'cmake_target_skip_unavailable': False, 'install_base': '/home/admin/ros2_ws/src/install/my_urdf_pkg', 'merge_install': False, 'path': '/home/admin/ros2_ws/src/my_urdf_pkg', 'symlink_install': False, 'test_result_base': None}
[1.538s] Level 5:colcon.colcon_core.verb:set package 'projekt2' build argument 'cmake_args' from command line to 'None'
[1.538s] Level 5:colcon.colcon_core.verb:set package 'projekt2' build argument 'cmake_target' from command line to 'None'
[1.538s] Level 5:colcon.colcon_core.verb:set package 'projekt2' build argument 'cmake_target_skip_unavailable' from command line to 'False'
[1.538s] Level 5:colcon.colcon_core.verb:set package 'projekt2' build argument 'cmake_clean_cache' from command line to 'False'
[1.538s] Level 5:colcon.colcon_core.verb:set package 'projekt2' build argument 'cmake_clean_first' from command line to 'False'
[1.538s] Level 5:colcon.colcon_core.verb:set package 'projekt2' build argument 'cmake_force_configure' from command line to 'False'
[1.538s] Level 5:colcon.colcon_core.verb:set package 'projekt2' build argument 'ament_cmake_args' from command line to 'None'
[1.538s] Level 5:colcon.colcon_core.verb:set package 'projekt2' build argument 'catkin_cmake_args' from command line to 'None'
[1.538s] Level 5:colcon.colcon_core.verb:set package 'projekt2' build argument 'catkin_skip_building_tests' from command line to 'False'
[1.538s] DEBUG:colcon.colcon_core.verb:Building package 'projekt2' with the following arguments: {'ament_cmake_args': None, 'build_base': '/home/admin/ros2_ws/src/build/projekt2', 'catkin_cmake_args': None, 'catkin_skip_building_tests': False, 'cmake_args': None, 'cmake_clean_cache': False, 'cmake_clean_first': False, 'cmake_force_configure': False, 'cmake_target': None, 'cmake_target_skip_unavailable': False, 'install_base': '/home/admin/ros2_ws/src/install/projekt2', 'merge_install': False, 'path': '/home/admin/ros2_ws/src/projekt2', 'symlink_install': False, 'test_result_base': None}
[1.555s] Level 5:colcon.colcon_core.verb:set package 'py_pubsub' build argument 'cmake_args' from command line to 'None'
[1.555s] Level 5:colcon.colcon_core.verb:set package 'py_pubsub' build argument 'cmake_target' from command line to 'None'
[1.555s] Level 5:colcon.colcon_core.verb:set package 'py_pubsub' build argument 'cmake_target_skip_unavailable' from command line to 'False'
[1.555s] Level 5:colcon.colcon_core.verb:set package 'py_pubsub' build argument 'cmake_clean_cache' from command line to 'False'
[1.555s] Level 5:colcon.colcon_core.verb:set package 'py_pubsub' build argument 'cmake_clean_first' from command line to 'False'
[1.555s] Level 5:colcon.colcon_core.verb:set package 'py_pubsub' build argument 'cmake_force_configure' from command line to 'False'
[1.555s] Level 5:colcon.colcon_core.verb:set package 'py_pubsub' build argument 'ament_cmake_args' from command line to 'None'
[1.555s] Level 5:colcon.colcon_core.verb:set package 'py_pubsub' build argument 'catkin_cmake_args' from command line to 'None'
[1.555s] Level 5:colcon.colcon_core.verb:set package 'py_pubsub' build argument 'catkin_skip_building_tests' from command line to 'False'
[1.555s] DEBUG:colcon.colcon_core.verb:Building package 'py_pubsub' with the following arguments: {'ament_cmake_args': None, 'build_base': '/home/admin/ros2_ws/src/build/py_pubsub', 'catkin_cmake_args': None, 'catkin_skip_building_tests': False, 'cmake_args': None, 'cmake_clean_cache': False, 'cmake_clean_first': False, 'cmake_force_configure': False, 'cmake_target': None, 'cmake_target_skip_unavailable': False, 'install_base': '/home/admin/ros2_ws/src/install/py_pubsub', 'merge_install': False, 'path': '/home/admin/ros2_ws/src/py_pubsub', 'symlink_install': False, 'test_result_base': None}
[1.571s] Level 5:colcon.colcon_core.verb:set package 'tutorial_interfaces' build argument 'cmake_args' from command line to 'None'
[1.572s] Level 5:colcon.colcon_core.verb:set package 'tutorial_interfaces' build argument 'cmake_target' from command line to 'None'
[1.572s] Level 5:colcon.colcon_core.verb:set package 'tutorial_interfaces' build argument 'cmake_target_skip_unavailable' from command line to 'False'
[1.572s] Level 5:colcon.colcon_core.verb:set package 'tutorial_interfaces' build argument 'cmake_clean_cache' from command line to 'False'
[1.572s] Level 5:colcon.colcon_core.verb:set package 'tutorial_interfaces' build argument 'cmake_clean_first' from command line to 'False'
[1.572s] Level 5:colcon.colcon_core.verb:set package 'tutorial_interfaces' build argument 'cmake_force_configure' from command line to 'False'
[1.572s] Level 5:colcon.colcon_core.verb:set package 'tutorial_interfaces' build argument 'ament_cmake_args' from command line to 'None'
[1.572s] Level 5:colcon.colcon_core.verb:set package 'tutorial_interfaces' build argument 'catkin_cmake_args' from command line to 'None'
[1.572s] Level 5:colcon.colcon_core.verb:set package 'tutorial_interfaces' build argument 'catkin_skip_building_tests' from command line to 'False'
[1.572s] DEBUG:colcon.colcon_core.verb:Building package 'tutorial_interfaces' with the following arguments: {'ament_cmake_args': None, 'build_base': '/home/admin/ros2_ws/src/build/tutorial_interfaces', 'catkin_cmake_args': None, 'catkin_skip_building_tests': False, 'cmake_args': None, 'cmake_clean_cache': False, 'cmake_clean_first': False, 'cmake_force_configure': False, 'cmake_target': None, 'cmake_target_skip_unavailable': False, 'install_base': '/home/admin/ros2_ws/src/install/tutorial_interfaces', 'merge_install': False, 'path': '/home/admin/ros2_ws/src/tutorial_interfaces', 'symlink_install': False, 'test_result_base': None}
[1.589s] Level 5:colcon.colcon_core.verb:set package 'projekt3' build argument 'cmake_args' from command line to 'None'
[1.589s] Level 5:colcon.colcon_core.verb:set package 'projekt3' build argument 'cmake_target' from command line to 'None'
[1.589s] Level 5:colcon.colcon_core.verb:set package 'projekt3' build argument 'cmake_target_skip_unavailable' from command line to 'False'
[1.589s] Level 5:colcon.colcon_core.verb:set package 'projekt3' build argument 'cmake_clean_cache' from command line to 'False'
[1.589s] Level 5:colcon.colcon_core.verb:set package 'projekt3' build argument 'cmake_clean_first' from command line to 'False'
[1.589s] Level 5:colcon.colcon_core.verb:set package 'projekt3' build argument 'cmake_force_configure' from command line to 'False'
[1.589s] Level 5:colcon.colcon_core.verb:set package 'projekt3' build argument 'ament_cmake_args' from command line to 'None'
[1.589s] Level 5:colcon.colcon_core.verb:set package 'projekt3' build argument 'catkin_cmake_args' from command line to 'None'
[1.589s] Level 5:colcon.colcon_core.verb:set package 'projekt3' build argument 'catkin_skip_building_tests' from command line to 'False'
[1.589s] DEBUG:colcon.colcon_core.verb:Building package 'projekt3' with the following arguments: {'ament_cmake_args': None, 'build_base': '/home/admin/ros2_ws/src/build/projekt3', 'catkin_cmake_args': None, 'catkin_skip_building_tests': False, 'cmake_args': None, 'cmake_clean_cache': False, 'cmake_clean_first': False, 'cmake_force_configure': False, 'cmake_target': None, 'cmake_target_skip_unavailable': False, 'install_base': '/home/admin/ros2_ws/src/install/projekt3', 'merge_install': False, 'path': '/home/admin/ros2_ws/src/projekt3', 'symlink_install': False, 'test_result_base': None}
[1.605s] Level 5:colcon.colcon_core.verb:set package 'projekt4' build argument 'cmake_args' from command line to 'None'
[1.605s] Level 5:colcon.colcon_core.verb:set package 'projekt4' build argument 'cmake_target' from command line to 'None'
[1.605s] Level 5:colcon.colcon_core.verb:set package 'projekt4' build argument 'cmake_target_skip_unavailable' from command line to 'False'
[1.605s] Level 5:colcon.colcon_core.verb:set package 'projekt4' build argument 'cmake_clean_cache' from command line to 'False'
[1.605s] Level 5:colcon.colcon_core.verb:set package 'projekt4' build argument 'cmake_clean_first' from command line to 'False'
[1.605s] Level 5:colcon.colcon_core.verb:set package 'projekt4' build argument 'cmake_force_configure' from command line to 'False'
[1.605s] Level 5:colcon.colcon_core.verb:set package 'projekt4' build argument 'ament_cmake_args' from command line to 'None'
[1.605s] Level 5:colcon.colcon_core.verb:set package 'projekt4' build argument 'catkin_cmake_args' from command line to 'None'
[1.605s] Level 5:colcon.colcon_core.verb:set package 'projekt4' build argument 'catkin_skip_building_tests' from command line to 'False'
[1.605s] DEBUG:colcon.colcon_core.verb:Building package 'projekt4' with the following arguments: {'ament_cmake_args': None, 'build_base': '/home/admin/ros2_ws/src/build/projekt4', 'catkin_cmake_args': None, 'catkin_skip_building_tests': False, 'cmake_args': None, 'cmake_clean_cache': False, 'cmake_clean_first': False, 'cmake_force_configure': False, 'cmake_target': None, 'cmake_target_skip_unavailable': False, 'install_base': '/home/admin/ros2_ws/src/install/projekt4', 'merge_install': False, 'path': '/home/admin/ros2_ws/src/projekt4', 'symlink_install': False, 'test_result_base': None}
[1.622s] INFO:colcon.colcon_core.executor:Executing jobs using 'parallel' executor
[1.640s] DEBUG:colcon.colcon_parallel_executor.executor.parallel:run_until_complete
[1.641s] INFO:colcon.colcon_ros.task.ament_cmake.build:Building ROS package in '/home/admin/ros2_ws/src/tutorial_interfaces' with build type 'ament_cmake'
[1.641s] INFO:colcon.colcon_cmake.task.cmake.build:Building CMake package in '/home/admin/ros2_ws/src/tutorial_interfaces'
[1.665s] INFO:colcon.colcon_core.plugin_system:Skipping extension 'colcon_core.shell.bat': Not used on non-Windows systems
[1.665s] INFO:colcon.colcon_core.shell:Skip shell extension 'powershell' for command environment: Not usable outside of PowerShell
[1.665s] DEBUG:colcon.colcon_core.shell:Skip shell extension 'dsv' for command environment
[1.720s] INFO:colcon.colcon_ros.task.ament_python.build:Building ROS package in '/home/admin/ros2_ws/src/lab2_to_send' with build type 'ament_python'
[1.720s] Level 1:colcon.colcon_core.shell:create_environment_hook('lab2_to_send', 'ament_prefix_path')
[1.742s] INFO:colcon.colcon_core.shell:Creating environment hook '/home/admin/ros2_ws/src/install/lab2_to_send/share/lab2_to_send/hook/ament_prefix_path.ps1'
[1.745s] INFO:colcon.colcon_core.shell:Creating environment descriptor '/home/admin/ros2_ws/src/install/lab2_to_send/share/lab2_to_send/hook/ament_prefix_path.dsv'
[1.750s] INFO:colcon.colcon_core.shell:Creating environment hook '/home/admin/ros2_ws/src/install/lab2_to_send/share/lab2_to_send/hook/ament_prefix_path.sh'
[1.770s] INFO:colcon.colcon_core.shell:Skip shell extension 'powershell' for command environment: Not usable outside of PowerShell
[1.770s] DEBUG:colcon.colcon_core.shell:Skip shell extension 'dsv' for command environment
[1.843s] INFO:colcon.colcon_ros.task.ament_cmake.build:Building ROS package in '/home/admin/ros2_ws/src/my_urdf_pkg' with build type 'ament_cmake'
[1.844s] INFO:colcon.colcon_cmake.task.cmake.build:Building CMake package in '/home/admin/ros2_ws/src/my_urdf_pkg'
[1.862s] INFO:colcon.colcon_core.shell:Skip shell extension 'powershell' for command environment: Not usable outside of PowerShell
[1.862s] DEBUG:colcon.colcon_core.shell:Skip shell extension 'dsv' for command environment
[1.923s] INFO:colcon.colcon_ros.task.ament_python.build:Building ROS package in '/home/admin/ros2_ws/src/projekt2' with build type 'ament_python'
[1.923s] Level 1:colcon.colcon_core.shell:create_environment_hook('projekt2', 'ament_prefix_path')
[1.944s] INFO:colcon.colcon_core.shell:Creating environment hook '/home/admin/ros2_ws/src/install/projekt2/share/projekt2/hook/ament_prefix_path.ps1'
[1.945s] INFO:colcon.colcon_core.shell:Creating environment descriptor '/home/admin/ros2_ws/src/install/projekt2/share/projekt2/hook/ament_prefix_path.dsv'
[1.946s] INFO:colcon.colcon_core.shell:Creating environment hook '/home/admin/ros2_ws/src/install/projekt2/share/projekt2/hook/ament_prefix_path.sh'
[1.964s] INFO:colcon.colcon_core.shell:Skip shell extension 'powershell' for command environment: Not usable outside of PowerShell
[1.964s] DEBUG:colcon.colcon_core.shell:Skip shell extension 'dsv' for command environment
[2.031s] DEBUG:colcon.colcon_core.event_handler.log_command:Invoking command in '/home/admin/ros2_ws/src/build/tutorial_interfaces': CMAKE_PREFIX_PATH=${CMAKE_PREFIX_PATH}:/home/admin/ros2_ws/src/install/projekt4:/home/admin/ros2_ws/src/install/projekt3:/home/admin/ros2_ws/src/install/py_pubsub:/home/admin/ros2_ws/src/install/projekt2:/home/admin/ros2_ws/src/install/lab2_to_send:/opt/ros/humble /usr/bin/cmake --build /home/admin/ros2_ws/src/build/tutorial_interfaces -- -j4 -l4
[2.343s] INFO:colcon.colcon_core.task.python.build:Building Python package in '/home/admin/ros2_ws/src/lab2_to_send'
[2.371s] INFO:colcon.colcon_core.shell:Skip shell extension 'powershell' for command environment: Not usable outside of PowerShell
[2.372s] DEBUG:colcon.colcon_core.shell:Skip shell extension 'dsv' for command environment
[2.448s] DEBUG:colcon.colcon_core.event_handler.log_command:Invoking command in '/home/admin/ros2_ws/src/build/my_urdf_pkg': CMAKE_PREFIX_PATH=${CMAKE_PREFIX_PATH}:/home/admin/ros2_ws/src/install/projekt4:/home/admin/ros2_ws/src/install/projekt3:/home/admin/ros2_ws/src/install/py_pubsub:/home/admin/ros2_ws/src/install/projekt2:/home/admin/ros2_ws/src/install/lab2_to_send:/opt/ros/humble /usr/bin/cmake --build /home/admin/ros2_ws/src/build/my_urdf_pkg -- -j4 -l4
[2.750s] INFO:colcon.colcon_core.task.python.build:Building Python package in '/home/admin/ros2_ws/src/projekt2'
[2.773s] INFO:colcon.colcon_core.shell:Skip shell extension 'powershell' for command environment: Not usable outside of PowerShell
[2.773s] DEBUG:colcon.colcon_core.shell:Skip shell extension 'dsv' for command environment
[2.839s] DEBUG:colcon.colcon_core.event_handler.log_command:Invoked command in '/home/admin/ros2_ws/src/build/tutorial_interfaces' returned '0': CMAKE_PREFIX_PATH=${CMAKE_PREFIX_PATH}:/home/admin/ros2_ws/src/install/projekt4:/home/admin/ros2_ws/src/install/projekt3:/home/admin/ros2_ws/src/install/py_pubsub:/home/admin/ros2_ws/src/install/projekt2:/home/admin/ros2_ws/src/install/lab2_to_send:/opt/ros/humble /usr/bin/cmake --build /home/admin/ros2_ws/src/build/tutorial_interfaces -- -j4 -l4
[2.852s] DEBUG:colcon.colcon_core.event_handler.log_command:Invoked command in '/home/admin/ros2_ws/src/build/my_urdf_pkg' returned '0': CMAKE_PREFIX_PATH=${CMAKE_PREFIX_PATH}:/home/admin/ros2_ws/src/install/projekt4:/home/admin/ros2_ws/src/install/projekt3:/home/admin/ros2_ws/src/install/py_pubsub:/home/admin/ros2_ws/src/install/projekt2:/home/admin/ros2_ws/src/install/lab2_to_send:/opt/ros/humble /usr/bin/cmake --build /home/admin/ros2_ws/src/build/my_urdf_pkg -- -j4 -l4
[2.911s] DEBUG:colcon.colcon_core.event_handler.log_command:Invoking command in '/home/admin/ros2_ws/src/build/my_urdf_pkg': CMAKE_PREFIX_PATH=${CMAKE_PREFIX_PATH}:/home/admin/ros2_ws/src/install/projekt4:/home/admin/ros2_ws/src/install/projekt3:/home/admin/ros2_ws/src/install/py_pubsub:/home/admin/ros2_ws/src/install/projekt2:/home/admin/ros2_ws/src/install/lab2_to_send:/opt/ros/humble /usr/bin/cmake --install /home/admin/ros2_ws/src/build/my_urdf_pkg
[2.940s] Level 1:colcon.colcon_core.environment:create_environment_scripts_only(my_urdf_pkg)
[2.944s] DEBUG:colcon.colcon_core.event_handler.log_command:Invoked command in '/home/admin/ros2_ws/src/build/my_urdf_pkg' returned '0': CMAKE_PREFIX_PATH=${CMAKE_PREFIX_PATH}:/home/admin/ros2_ws/src/install/projekt4:/home/admin/ros2_ws/src/install/projekt3:/home/admin/ros2_ws/src/install/py_pubsub:/home/admin/ros2_ws/src/install/projekt2:/home/admin/ros2_ws/src/install/lab2_to_send:/opt/ros/humble /usr/bin/cmake --install /home/admin/ros2_ws/src/build/my_urdf_pkg
[2.967s] Level 1:colcon.colcon_core.environment:checking '/home/admin/ros2_ws/src/install/my_urdf_pkg' for CMake module files
[2.967s] Level 1:colcon.colcon_core.environment:checking '/home/admin/ros2_ws/src/install/my_urdf_pkg' for CMake config files
[2.968s] Level 1:colcon.colcon_core.shell:create_environment_hook('my_urdf_pkg', 'cmake_prefix_path')
[2.990s] INFO:colcon.colcon_core.shell:Creating environment hook '/home/admin/ros2_ws/src/install/my_urdf_pkg/share/my_urdf_pkg/hook/cmake_prefix_path.ps1'
[2.992s] INFO:colcon.colcon_core.shell:Creating environment descriptor '/home/admin/ros2_ws/src/install/my_urdf_pkg/share/my_urdf_pkg/hook/cmake_prefix_path.dsv'
[2.993s] INFO:colcon.colcon_core.shell:Creating environment hook '/home/admin/ros2_ws/src/install/my_urdf_pkg/share/my_urdf_pkg/hook/cmake_prefix_path.sh'
[2.995s] Level 1:colcon.colcon_core.environment:checking '/home/admin/ros2_ws/src/install/my_urdf_pkg/bin'
[2.995s] Level 1:colcon.colcon_core.environment:checking '/home/admin/ros2_ws/src/install/my_urdf_pkg/lib/pkgconfig/my_urdf_pkg.pc'
[2.995s] Level 1:colcon.colcon_core.environment:checking '/home/admin/ros2_ws/src/install/my_urdf_pkg/lib/python3.10/site-packages'
[2.999s] Level 1:colcon.colcon_core.environment:checking '/home/admin/ros2_ws/src/install/my_urdf_pkg/bin'
[3.016s] INFO:colcon.colcon_core.shell:Creating package script '/home/admin/ros2_ws/src/install/my_urdf_pkg/share/my_urdf_pkg/package.ps1'
[3.018s] INFO:colcon.colcon_core.shell:Creating package descriptor '/home/admin/ros2_ws/src/install/my_urdf_pkg/share/my_urdf_pkg/package.dsv'
[3.022s] INFO:colcon.colcon_core.shell:Creating package script '/home/admin/ros2_ws/src/install/my_urdf_pkg/share/my_urdf_pkg/package.sh'
[3.023s] INFO:colcon.colcon_core.shell:Creating package script '/home/admin/ros2_ws/src/install/my_urdf_pkg/share/my_urdf_pkg/package.bash'
[3.024s] INFO:colcon.colcon_core.shell:Creating package script '/home/admin/ros2_ws/src/install/my_urdf_pkg/share/my_urdf_pkg/package.zsh'
[3.025s] Level 1:colcon.colcon_core.environment:create_file_with_runtime_dependencies(/home/admin/ros2_ws/src/install/my_urdf_pkg/share/colcon-core/packages/my_urdf_pkg)
[3.046s] DEBUG:colcon.colcon_core.event_handler.log_command:Invoking command in '/home/admin/ros2_ws/src/build/tutorial_interfaces': CMAKE_PREFIX_PATH=${CMAKE_PREFIX_PATH}:/home/admin/ros2_ws/src/install/projekt4:/home/admin/ros2_ws/src/install/projekt3:/home/admin/ros2_ws/src/install/py_pubsub:/home/admin/ros2_ws/src/install/projekt2:/home/admin/ros2_ws/src/install/lab2_to_send:/opt/ros/humble /usr/bin/cmake --install /home/admin/ros2_ws/src/build/tutorial_interfaces
[3.139s] Level 1:colcon.colcon_core.environment:create_environment_scripts_only(tutorial_interfaces)
[3.152s] DEBUG:colcon.colcon_core.event_handler.log_command:Invoked command in '/home/admin/ros2_ws/src/build/tutorial_interfaces' returned '0': CMAKE_PREFIX_PATH=${CMAKE_PREFIX_PATH}:/home/admin/ros2_ws/src/install/projekt4:/home/admin/ros2_ws/src/install/projekt3:/home/admin/ros2_ws/src/install/py_pubsub:/home/admin/ros2_ws/src/install/projekt2:/home/admin/ros2_ws/src/install/lab2_to_send:/opt/ros/humble /usr/bin/cmake --install /home/admin/ros2_ws/src/build/tutorial_interfaces
[3.157s] Level 1:colcon.colcon_core.environment:checking '/home/admin/ros2_ws/src/install/tutorial_interfaces' for CMake module files
[3.159s] Level 1:colcon.colcon_core.environment:checking '/home/admin/ros2_ws/src/install/tutorial_interfaces' for CMake config files
[3.160s] Level 1:colcon.colcon_core.shell:create_environment_hook('tutorial_interfaces', 'cmake_prefix_path')
[3.176s] INFO:colcon.colcon_core.shell:Creating environment hook '/home/admin/ros2_ws/src/install/tutorial_interfaces/share/tutorial_interfaces/hook/cmake_prefix_path.ps1'
[3.177s] INFO:colcon.colcon_core.shell:Creating environment descriptor '/home/admin/ros2_ws/src/install/tutorial_interfaces/share/tutorial_interfaces/hook/cmake_prefix_path.dsv'
[3.177s] INFO:colcon.colcon_core.shell:Creating environment hook '/home/admin/ros2_ws/src/install/tutorial_interfaces/share/tutorial_interfaces/hook/cmake_prefix_path.sh'
[3.178s] Level 1:colcon.colcon_core.environment:checking '/home/admin/ros2_ws/src/install/tutorial_interfaces/lib'
[3.178s] Level 1:colcon.colcon_core.shell:create_environment_hook('tutorial_interfaces', 'ld_library_path_lib')
[3.194s] INFO:colcon.colcon_core.shell:Creating environment hook '/home/admin/ros2_ws/src/install/tutorial_interfaces/share/tutorial_interfaces/hook/ld_library_path_lib.ps1'
[3.195s] INFO:colcon.colcon_core.shell:Creating environment descriptor '/home/admin/ros2_ws/src/install/tutorial_interfaces/share/tutorial_interfaces/hook/ld_library_path_lib.dsv'
[3.195s] INFO:colcon.colcon_core.shell:Creating environment hook '/home/admin/ros2_ws/src/install/tutorial_interfaces/share/tutorial_interfaces/hook/ld_library_path_lib.sh'
[3.196s] Level 1:colcon.colcon_core.environment:checking '/home/admin/ros2_ws/src/install/tutorial_interfaces/bin'
[3.196s] Level 1:colcon.colcon_core.environment:checking '/home/admin/ros2_ws/src/install/tutorial_interfaces/lib/pkgconfig/tutorial_interfaces.pc'
[3.196s] Level 1:colcon.colcon_core.environment:checking '/home/admin/ros2_ws/src/install/tutorial_interfaces/lib/python3.10/site-packages'
[3.196s] Level 1:colcon.colcon_core.environment:checking '/home/admin/ros2_ws/src/install/tutorial_interfaces/bin'
[3.215s] INFO:colcon.colcon_core.shell:Creating package script '/home/admin/ros2_ws/src/install/tutorial_interfaces/share/tutorial_interfaces/package.ps1'
[3.216s] INFO:colcon.colcon_core.shell:Creating package descriptor '/home/admin/ros2_ws/src/install/tutorial_interfaces/share/tutorial_interfaces/package.dsv'
[3.216s] INFO:colcon.colcon_core.shell:Creating package script '/home/admin/ros2_ws/src/install/tutorial_interfaces/share/tutorial_interfaces/package.sh'
[3.217s] INFO:colcon.colcon_core.shell:Creating package script '/home/admin/ros2_ws/src/install/tutorial_interfaces/share/tutorial_interfaces/package.bash'
[3.217s] INFO:colcon.colcon_core.shell:Creating package script '/home/admin/ros2_ws/src/install/tutorial_interfaces/share/tutorial_interfaces/package.zsh'
[3.218s] Level 1:colcon.colcon_core.environment:create_file_with_runtime_dependencies(/home/admin/ros2_ws/src/install/tutorial_interfaces/share/colcon-core/packages/tutorial_interfaces)
[3.237s] Level 1:colcon.colcon_core.environment:create_environment_scripts_only(my_urdf_pkg)
[3.256s] Level 1:colcon.colcon_core.environment:checking '/home/admin/ros2_ws/src/install/my_urdf_pkg' for CMake module files
[3.257s] Level 1:colcon.colcon_core.environment:checking '/home/admin/ros2_ws/src/install/my_urdf_pkg' for CMake config files
[3.257s] Level 1:colcon.colcon_core.shell:create_environment_hook('my_urdf_pkg', 'cmake_prefix_path')
[3.274s] INFO:colcon.colcon_core.shell:Creating environment hook '/home/admin/ros2_ws/src/install/my_urdf_pkg/share/my_urdf_pkg/hook/cmake_prefix_path.ps1'
[3.275s] INFO:colcon.colcon_core.shell:Creating environment descriptor '/home/admin/ros2_ws/src/install/my_urdf_pkg/share/my_urdf_pkg/hook/cmake_prefix_path.dsv'
[3.276s] INFO:colcon.colcon_core.shell:Creating environment hook '/home/admin/ros2_ws/src/install/my_urdf_pkg/share/my_urdf_pkg/hook/cmake_prefix_path.sh'
[3.277s] Level 1:colcon.colcon_core.environment:checking '/home/admin/ros2_ws/src/install/my_urdf_pkg/bin'
[3.277s] Level 1:colcon.colcon_core.environment:checking '/home/admin/ros2_ws/src/install/my_urdf_pkg/lib/pkgconfig/my_urdf_pkg.pc'
[3.277s] Level 1:colcon.colcon_core.environment:checking '/home/admin/ros2_ws/src/install/my_urdf_pkg/lib/python3.10/site-packages'
[3.277s] Level 1:colcon.colcon_core.environment:checking '/home/admin/ros2_ws/src/install/my_urdf_pkg/bin'
[3.295s] INFO:colcon.colcon_core.shell:Creating package script '/home/admin/ros2_ws/src/install/my_urdf_pkg/share/my_urdf_pkg/package.ps1'
[3.297s] INFO:colcon.colcon_core.shell:Creating package descriptor '/home/admin/ros2_ws/src/install/my_urdf_pkg/share/my_urdf_pkg/package.dsv'
[3.298s] INFO:colcon.colcon_core.shell:Creating package script '/home/admin/ros2_ws/src/install/my_urdf_pkg/share/my_urdf_pkg/package.sh'
[3.298s] INFO:colcon.colcon_core.shell:Creating package script '/home/admin/ros2_ws/src/install/my_urdf_pkg/share/my_urdf_pkg/package.bash'
[3.299s] INFO:colcon.colcon_core.shell:Creating package script '/home/admin/ros2_ws/src/install/my_urdf_pkg/share/my_urdf_pkg/package.zsh'
[3.300s] Level 1:colcon.colcon_core.environment:create_file_with_runtime_dependencies(/home/admin/ros2_ws/src/install/my_urdf_pkg/share/colcon-core/packages/my_urdf_pkg)
[3.303s] INFO:colcon.colcon_ros.task.ament_python.build:Building ROS package in '/home/admin/ros2_ws/src/py_pubsub' with build type 'ament_python'
[3.303s] Level 1:colcon.colcon_core.shell:create_environment_hook('py_pubsub', 'ament_prefix_path')
[3.328s] INFO:colcon.colcon_core.shell:Creating environment hook '/home/admin/ros2_ws/src/install/py_pubsub/share/py_pubsub/hook/ament_prefix_path.ps1'
[3.329s] INFO:colcon.colcon_core.shell:Creating environment descriptor '/home/admin/ros2_ws/src/install/py_pubsub/share/py_pubsub/hook/ament_prefix_path.dsv'
[3.330s] INFO:colcon.colcon_core.shell:Creating environment hook '/home/admin/ros2_ws/src/install/py_pubsub/share/py_pubsub/hook/ament_prefix_path.sh'
[3.347s] INFO:colcon.colcon_core.shell:Skip shell extension 'powershell' for command environment: Not usable outside of PowerShell
[3.347s] DEBUG:colcon.colcon_core.shell:Skip shell extension 'dsv' for command environment
[3.406s] DEBUG:colcon.colcon_core.event_handler.log_command:Invoking command in '/home/admin/ros2_ws/src/projekt2': PYTHONPATH=/home/admin/ros2_ws/src/build/projekt2/prefix_override:/home/admin/ros2_ws/src/install/projekt2/lib/python3.10/site-packages:${PYTHONPATH} /usr/bin/python3 setup.py egg_info --egg-base ../build/projekt2 build --build-base /home/admin/ros2_ws/src/build/projekt2/build install --record /home/admin/ros2_ws/src/build/projekt2/install.log --single-version-externally-managed
[3.420s] DEBUG:colcon.colcon_core.event_handler.log_command:Invoking command in '/home/admin/ros2_ws/src/lab2_to_send': PYTHONPATH=/home/admin/ros2_ws/src/build/lab2_to_send/prefix_override:/home/admin/ros2_ws/src/install/lab2_to_send/lib/python3.10/site-packages:${PYTHONPATH} /usr/bin/python3 setup.py egg_info --egg-base ../build/lab2_to_send build --build-base /home/admin/ros2_ws/src/build/lab2_to_send/build install --record /home/admin/ros2_ws/src/build/lab2_to_send/install.log --single-version-externally-managed
[3.440s] Level 1:colcon.colcon_core.environment:create_environment_scripts_only(tutorial_interfaces)
[3.457s] Level 1:colcon.colcon_core.environment:checking '/home/admin/ros2_ws/src/install/tutorial_interfaces' for CMake module files
[3.458s] Level 1:colcon.colcon_core.environment:checking '/home/admin/ros2_ws/src/install/tutorial_interfaces' for CMake config files
[3.458s] Level 1:colcon.colcon_core.shell:create_environment_hook('tutorial_interfaces', 'cmake_prefix_path')
[3.476s] INFO:colcon.colcon_core.shell:Creating environment hook '/home/admin/ros2_ws/src/install/tutorial_interfaces/share/tutorial_interfaces/hook/cmake_prefix_path.ps1'
[3.477s] INFO:colcon.colcon_core.shell:Creating environment descriptor '/home/admin/ros2_ws/src/install/tutorial_interfaces/share/tutorial_interfaces/hook/cmake_prefix_path.dsv'
[3.478s] INFO:colcon.colcon_core.shell:Creating environment hook '/home/admin/ros2_ws/src/install/tutorial_interfaces/share/tutorial_interfaces/hook/cmake_prefix_path.sh'
[3.478s] Level 1:colcon.colcon_core.environment:checking '/home/admin/ros2_ws/src/install/tutorial_interfaces/lib'
[3.478s] Level 1:colcon.colcon_core.shell:create_environment_hook('tutorial_interfaces', 'ld_library_path_lib')
[3.496s] INFO:colcon.colcon_core.shell:Creating environment hook '/home/admin/ros2_ws/src/install/tutorial_interfaces/share/tutorial_interfaces/hook/ld_library_path_lib.ps1'
[3.497s] INFO:colcon.colcon_core.shell:Creating environment descriptor '/home/admin/ros2_ws/src/install/tutorial_interfaces/share/tutorial_interfaces/hook/ld_library_path_lib.dsv'
[3.497s] INFO:colcon.colcon_core.shell:Creating environment hook '/home/admin/ros2_ws/src/install/tutorial_interfaces/share/tutorial_interfaces/hook/ld_library_path_lib.sh'
[3.498s] Level 1:colcon.colcon_core.environment:checking '/home/admin/ros2_ws/src/install/tutorial_interfaces/bin'
[3.498s] Level 1:colcon.colcon_core.environment:checking '/home/admin/ros2_ws/src/install/tutorial_interfaces/lib/pkgconfig/tutorial_interfaces.pc'
[3.498s] Level 1:colcon.colcon_core.environment:checking '/home/admin/ros2_ws/src/install/tutorial_interfaces/lib/python3.10/site-packages'
[3.499s] Level 1:colcon.colcon_core.environment:checking '/home/admin/ros2_ws/src/install/tutorial_interfaces/bin'
[3.516s] INFO:colcon.colcon_core.shell:Creating package script '/home/admin/ros2_ws/src/install/tutorial_interfaces/share/tutorial_interfaces/package.ps1'
[3.517s] INFO:colcon.colcon_core.shell:Creating package descriptor '/home/admin/ros2_ws/src/install/tutorial_interfaces/share/tutorial_interfaces/package.dsv'
[3.517s] INFO:colcon.colcon_core.shell:Creating package script '/home/admin/ros2_ws/src/install/tutorial_interfaces/share/tutorial_interfaces/package.sh'
[3.518s] INFO:colcon.colcon_core.shell:Creating package script '/home/admin/ros2_ws/src/install/tutorial_interfaces/share/tutorial_interfaces/package.bash'
[3.519s] INFO:colcon.colcon_core.shell:Creating package script '/home/admin/ros2_ws/src/install/tutorial_interfaces/share/tutorial_interfaces/package.zsh'
[3.519s] Level 1:colcon.colcon_core.environment:create_file_with_runtime_dependencies(/home/admin/ros2_ws/src/install/tutorial_interfaces/share/colcon-core/packages/tutorial_interfaces)
[3.845s] INFO:colcon.colcon_core.task.python.build:Building Python package in '/home/admin/ros2_ws/src/py_pubsub'
[3.861s] INFO:colcon.colcon_core.shell:Skip shell extension 'powershell' for command environment: Not usable outside of PowerShell
[3.861s] DEBUG:colcon.colcon_core.shell:Skip shell extension 'dsv' for command environment
[3.921s] INFO:colcon.colcon_ros.task.ament_python.build:Building ROS package in '/home/admin/ros2_ws/src/projekt3' with build type 'ament_python'
[3.921s] Level 1:colcon.colcon_core.shell:create_environment_hook('projekt3', 'ament_prefix_path')
[3.940s] INFO:colcon.colcon_core.shell:Creating environment hook '/home/admin/ros2_ws/src/install/projekt3/share/projekt3/hook/ament_prefix_path.ps1'
[3.940s] INFO:colcon.colcon_core.shell:Creating environment descriptor '/home/admin/ros2_ws/src/install/projekt3/share/projekt3/hook/ament_prefix_path.dsv'
[3.941s] INFO:colcon.colcon_core.shell:Creating environment hook '/home/admin/ros2_ws/src/install/projekt3/share/projekt3/hook/ament_prefix_path.sh'
[3.958s] INFO:colcon.colcon_core.shell:Skip shell extension 'powershell' for command environment: Not usable outside of PowerShell
[3.958s] DEBUG:colcon.colcon_core.shell:Skip shell extension 'dsv' for command environment
[4.022s] DEBUG:colcon.colcon_core.event_handler.log_command:Invoked command in '/home/admin/ros2_ws/src/projekt2' returned '0': PYTHONPATH=/home/admin/ros2_ws/src/build/projekt2/prefix_override:/home/admin/ros2_ws/src/install/projekt2/lib/python3.10/site-packages:${PYTHONPATH} /usr/bin/python3 setup.py egg_info --egg-base ../build/projekt2 build --build-base /home/admin/ros2_ws/src/build/projekt2/build install --record /home/admin/ros2_ws/src/build/projekt2/install.log --single-version-externally-managed
[4.040s] Level 1:colcon.colcon_core.environment:checking '/home/admin/ros2_ws/src/install/projekt2' for CMake module files
[4.040s] Level 1:colcon.colcon_core.environment:checking '/home/admin/ros2_ws/src/install/projekt2' for CMake config files
[4.041s] Level 1:colcon.colcon_core.environment:checking '/home/admin/ros2_ws/src/install/projekt2/lib'
[4.041s] Level 1:colcon.colcon_core.environment:checking '/home/admin/ros2_ws/src/install/projekt2/bin'
[4.041s] Level 1:colcon.colcon_core.environment:checking '/home/admin/ros2_ws/src/install/projekt2/lib/pkgconfig/projekt2.pc'
[4.041s] Level 1:colcon.colcon_core.environment:checking '/home/admin/ros2_ws/src/install/projekt2/lib/python3.10/site-packages'
[4.041s] Level 1:colcon.colcon_core.shell:create_environment_hook('projekt2', 'pythonpath')
[4.059s] INFO:colcon.colcon_core.shell:Creating environment hook '/home/admin/ros2_ws/src/install/projekt2/share/projekt2/hook/pythonpath.ps1'
[4.060s] INFO:colcon.colcon_core.shell:Creating environment descriptor '/home/admin/ros2_ws/src/install/projekt2/share/projekt2/hook/pythonpath.dsv'
[4.061s] INFO:colcon.colcon_core.shell:Creating environment hook '/home/admin/ros2_ws/src/install/projekt2/share/projekt2/hook/pythonpath.sh'
[4.061s] Level 1:colcon.colcon_core.environment:checking '/home/admin/ros2_ws/src/install/projekt2/bin'
[4.061s] Level 1:colcon.colcon_core.environment:create_environment_scripts_only(projekt2)
[4.078s] INFO:colcon.colcon_core.shell:Creating package script '/home/admin/ros2_ws/src/install/projekt2/share/projekt2/package.ps1'
[4.079s] INFO:colcon.colcon_core.shell:Creating package descriptor '/home/admin/ros2_ws/src/install/projekt2/share/projekt2/package.dsv'
[4.080s] INFO:colcon.colcon_core.shell:Creating package script '/home/admin/ros2_ws/src/install/projekt2/share/projekt2/package.sh'
[4.080s] INFO:colcon.colcon_core.shell:Creating package script '/home/admin/ros2_ws/src/install/projekt2/share/projekt2/package.bash'
[4.081s] INFO:colcon.colcon_core.shell:Creating package script '/home/admin/ros2_ws/src/install/projekt2/share/projekt2/package.zsh'
[4.081s] Level 1:colcon.colcon_core.environment:create_file_with_runtime_dependencies(/home/admin/ros2_ws/src/install/projekt2/share/colcon-core/packages/projekt2)
[4.099s] DEBUG:colcon.colcon_core.event_handler.log_command:Invoked command in '/home/admin/ros2_ws/src/lab2_to_send' returned '0': PYTHONPATH=/home/admin/ros2_ws/src/build/lab2_to_send/prefix_override:/home/admin/ros2_ws/src/install/lab2_to_send/lib/python3.10/site-packages:${PYTHONPATH} /usr/bin/python3 setup.py egg_info --egg-base ../build/lab2_to_send build --build-base /home/admin/ros2_ws/src/build/lab2_to_send/build install --record /home/admin/ros2_ws/src/build/lab2_to_send/install.log --single-version-externally-managed
[4.109s] Level 1:colcon.colcon_core.environment:checking '/home/admin/ros2_ws/src/install/lab2_to_send' for CMake module files
[4.110s] Level 1:colcon.colcon_core.environment:checking '/home/admin/ros2_ws/src/install/lab2_to_send' for CMake config files
[4.110s] Level 1:colcon.colcon_core.environment:checking '/home/admin/ros2_ws/src/install/lab2_to_send/lib'
[4.111s] Level 1:colcon.colcon_core.environment:checking '/home/admin/ros2_ws/src/install/lab2_to_send/bin'
[4.111s] Level 1:colcon.colcon_core.environment:checking '/home/admin/ros2_ws/src/install/lab2_to_send/lib/pkgconfig/lab2_to_send.pc'
[4.111s] Level 1:colcon.colcon_core.environment:checking '/home/admin/ros2_ws/src/install/lab2_to_send/lib/python3.10/site-packages'
[4.111s] Level 1:colcon.colcon_core.shell:create_environment_hook('lab2_to_send', 'pythonpath')
[4.131s] INFO:colcon.colcon_core.shell:Creating environment hook '/home/admin/ros2_ws/src/install/lab2_to_send/share/lab2_to_send/hook/pythonpath.ps1'
[4.132s] INFO:colcon.colcon_core.shell:Creating environment descriptor '/home/admin/ros2_ws/src/install/lab2_to_send/share/lab2_to_send/hook/pythonpath.dsv'
[4.133s] INFO:colcon.colcon_core.shell:Creating environment hook '/home/admin/ros2_ws/src/install/lab2_to_send/share/lab2_to_send/hook/pythonpath.sh'
[4.133s] Level 1:colcon.colcon_core.environment:checking '/home/admin/ros2_ws/src/install/lab2_to_send/bin'
[4.133s] Level 1:colcon.colcon_core.environment:create_environment_scripts_only(lab2_to_send)
[4.150s] INFO:colcon.colcon_core.shell:Creating package script '/home/admin/ros2_ws/src/install/lab2_to_send/share/lab2_to_send/package.ps1'
[4.151s] INFO:colcon.colcon_core.shell:Creating package descriptor '/home/admin/ros2_ws/src/install/lab2_to_send/share/lab2_to_send/package.dsv'
[4.152s] INFO:colcon.colcon_core.shell:Creating package script '/home/admin/ros2_ws/src/install/lab2_to_send/share/lab2_to_send/package.sh'
[4.153s] INFO:colcon.colcon_core.shell:Creating package script '/home/admin/ros2_ws/src/install/lab2_to_send/share/lab2_to_send/package.bash'
[4.153s] INFO:colcon.colcon_core.shell:Creating package script '/home/admin/ros2_ws/src/install/lab2_to_send/share/lab2_to_send/package.zsh'
[4.154s] Level 1:colcon.colcon_core.environment:create_file_with_runtime_dependencies(/home/admin/ros2_ws/src/install/lab2_to_send/share/colcon-core/packages/lab2_to_send)
[4.443s] INFO:colcon.colcon_core.task.python.build:Building Python package in '/home/admin/ros2_ws/src/projekt3'
[4.459s] INFO:colcon.colcon_core.shell:Skip shell extension 'powershell' for command environment: Not usable outside of PowerShell
[4.459s] DEBUG:colcon.colcon_core.shell:Skip shell extension 'dsv' for command environment
[4.519s] DEBUG:colcon.colcon_core.event_handler.log_command:Invoking command in '/home/admin/ros2_ws/src/py_pubsub': PYTHONPATH=/home/admin/ros2_ws/src/build/py_pubsub/prefix_override:/home/admin/ros2_ws/src/install/py_pubsub/lib/python3.10/site-packages:${PYTHONPATH} /usr/bin/python3 setup.py egg_info --egg-base ../build/py_pubsub build --build-base /home/admin/ros2_ws/src/build/py_pubsub/build install --record /home/admin/ros2_ws/src/build/py_pubsub/install.log --single-version-externally-managed
[4.879s] DEBUG:colcon.colcon_core.event_handler.log_command:Invoked command in '/home/admin/ros2_ws/src/py_pubsub' returned '0': PYTHONPATH=/home/admin/ros2_ws/src/build/py_pubsub/prefix_override:/home/admin/ros2_ws/src/install/py_pubsub/lib/python3.10/site-packages:${PYTHONPATH} /usr/bin/python3 setup.py egg_info --egg-base ../build/py_pubsub build --build-base /home/admin/ros2_ws/src/build/py_pubsub/build install --record /home/admin/ros2_ws/src/build/py_pubsub/install.log --single-version-externally-managed
[4.884s] Level 1:colcon.colcon_core.environment:checking '/home/admin/ros2_ws/src/install/py_pubsub' for CMake module files
[4.885s] Level 1:colcon.colcon_core.environment:checking '/home/admin/ros2_ws/src/install/py_pubsub' for CMake config files
[4.886s] Level 1:colcon.colcon_core.environment:checking '/home/admin/ros2_ws/src/install/py_pubsub/lib'
[4.886s] Level 1:colcon.colcon_core.environment:checking '/home/admin/ros2_ws/src/install/py_pubsub/bin'
[4.886s] Level 1:colcon.colcon_core.environment:checking '/home/admin/ros2_ws/src/install/py_pubsub/lib/pkgconfig/py_pubsub.pc'
[4.886s] Level 1:colcon.colcon_core.environment:checking '/home/admin/ros2_ws/src/install/py_pubsub/lib/python3.10/site-packages'
[4.886s] Level 1:colcon.colcon_core.shell:create_environment_hook('py_pubsub', 'pythonpath')
[4.903s] INFO:colcon.colcon_core.shell:Creating environment hook '/home/admin/ros2_ws/src/install/py_pubsub/share/py_pubsub/hook/pythonpath.ps1'
[4.904s] INFO:colcon.colcon_core.shell:Creating environment descriptor '/home/admin/ros2_ws/src/install/py_pubsub/share/py_pubsub/hook/pythonpath.dsv'
[4.904s] INFO:colcon.colcon_core.shell:Creating environment hook '/home/admin/ros2_ws/src/install/py_pubsub/share/py_pubsub/hook/pythonpath.sh'
[4.905s] Level 1:colcon.colcon_core.environment:checking '/home/admin/ros2_ws/src/install/py_pubsub/bin'
[4.905s] Level 1:colcon.colcon_core.environment:create_environment_scripts_only(py_pubsub)
[4.920s] INFO:colcon.colcon_core.shell:Creating package script '/home/admin/ros2_ws/src/install/py_pubsub/share/py_pubsub/package.ps1'
[4.921s] INFO:colcon.colcon_core.shell:Creating package descriptor '/home/admin/ros2_ws/src/install/py_pubsub/share/py_pubsub/package.dsv'
[4.922s] INFO:colcon.colcon_core.shell:Creating package script '/home/admin/ros2_ws/src/install/py_pubsub/share/py_pubsub/package.sh'
[4.923s] INFO:colcon.colcon_core.shell:Creating package script '/home/admin/ros2_ws/src/install/py_pubsub/share/py_pubsub/package.bash'
[4.923s] INFO:colcon.colcon_core.shell:Creating package script '/home/admin/ros2_ws/src/install/py_pubsub/share/py_pubsub/package.zsh'
[4.924s] Level 1:colcon.colcon_core.environment:create_file_with_runtime_dependencies(/home/admin/ros2_ws/src/install/py_pubsub/share/colcon-core/packages/py_pubsub)
[4.931s] DEBUG:colcon.colcon_core.event_handler.log_command:Invoking command in '/home/admin/ros2_ws/src/projekt3': PYTHONPATH=/home/admin/ros2_ws/src/build/projekt3/prefix_override:/home/admin/ros2_ws/src/install/projekt3/lib/python3.10/site-packages:${PYTHONPATH} /usr/bin/python3 setup.py egg_info --egg-base ../build/projekt3 build --build-base /home/admin/ros2_ws/src/build/projekt3/build install --record /home/admin/ros2_ws/src/build/projekt3/install.log --single-version-externally-managed
[5.226s] DEBUG:colcon.colcon_core.event_handler.log_command:Invoked command in '/home/admin/ros2_ws/src/projekt3' returned '0': PYTHONPATH=/home/admin/ros2_ws/src/build/projekt3/prefix_override:/home/admin/ros2_ws/src/install/projekt3/lib/python3.10/site-packages:${PYTHONPATH} /usr/bin/python3 setup.py egg_info --egg-base ../build/projekt3 build --build-base /home/admin/ros2_ws/src/build/projekt3/build install --record /home/admin/ros2_ws/src/build/projekt3/install.log --single-version-externally-managed
[5.242s] Level 1:colcon.colcon_core.environment:checking '/home/admin/ros2_ws/src/install/projekt3' for CMake module files
[5.243s] Level 1:colcon.colcon_core.environment:checking '/home/admin/ros2_ws/src/install/projekt3' for CMake config files
[5.244s] Level 1:colcon.colcon_core.environment:checking '/home/admin/ros2_ws/src/install/projekt3/lib'
[5.244s] Level 1:colcon.colcon_core.environment:checking '/home/admin/ros2_ws/src/install/projekt3/bin'
[5.244s] Level 1:colcon.colcon_core.environment:checking '/home/admin/ros2_ws/src/install/projekt3/lib/pkgconfig/projekt3.pc'
[5.244s] Level 1:colcon.colcon_core.environment:checking '/home/admin/ros2_ws/src/install/projekt3/lib/python3.10/site-packages'
[5.244s] Level 1:colcon.colcon_core.shell:create_environment_hook('projekt3', 'pythonpath')
[5.265s] INFO:colcon.colcon_core.shell:Creating environment hook '/home/admin/ros2_ws/src/install/projekt3/share/projekt3/hook/pythonpath.ps1'
[5.265s] INFO:colcon.colcon_core.shell:Creating environment descriptor '/home/admin/ros2_ws/src/install/projekt3/share/projekt3/hook/pythonpath.dsv'
[5.266s] INFO:colcon.colcon_core.shell:Creating environment hook '/home/admin/ros2_ws/src/install/projekt3/share/projekt3/hook/pythonpath.sh'
[5.267s] Level 1:colcon.colcon_core.environment:checking '/home/admin/ros2_ws/src/install/projekt3/bin'
[5.267s] Level 1:colcon.colcon_core.environment:create_environment_scripts_only(projekt3)
[5.286s] INFO:colcon.colcon_core.shell:Creating package script '/home/admin/ros2_ws/src/install/projekt3/share/projekt3/package.ps1'
[5.288s] INFO:colcon.colcon_core.shell:Creating package descriptor '/home/admin/ros2_ws/src/install/projekt3/share/projekt3/package.dsv'
[5.289s] INFO:colcon.colcon_core.shell:Creating package script '/home/admin/ros2_ws/src/install/projekt3/share/projekt3/package.sh'
[5.291s] INFO:colcon.colcon_core.shell:Creating package script '/home/admin/ros2_ws/src/install/projekt3/share/projekt3/package.bash'
[5.292s] INFO:colcon.colcon_core.shell:Creating package script '/home/admin/ros2_ws/src/install/projekt3/share/projekt3/package.zsh'
[5.292s] Level 1:colcon.colcon_core.environment:create_file_with_runtime_dependencies(/home/admin/ros2_ws/src/install/projekt3/share/colcon-core/packages/projekt3)
[5.293s] INFO:colcon.colcon_ros.task.ament_python.build:Building ROS package in '/home/admin/ros2_ws/src/projekt4' with build type 'ament_python'
[5.293s] Level 1:colcon.colcon_core.shell:create_environment_hook('projekt4', 'ament_prefix_path')
[5.310s] INFO:colcon.colcon_core.shell:Creating environment hook '/home/admin/ros2_ws/src/install/projekt4/share/projekt4/hook/ament_prefix_path.ps1'
[5.311s] INFO:colcon.colcon_core.shell:Creating environment descriptor '/home/admin/ros2_ws/src/install/projekt4/share/projekt4/hook/ament_prefix_path.dsv'
[5.311s] INFO:colcon.colcon_core.shell:Creating environment hook '/home/admin/ros2_ws/src/install/projekt4/share/projekt4/hook/ament_prefix_path.sh'
[5.329s] INFO:colcon.colcon_core.shell:Skip shell extension 'powershell' for command environment: Not usable outside of PowerShell
[5.329s] DEBUG:colcon.colcon_core.shell:Skip shell extension 'dsv' for command environment
[5.687s] INFO:colcon.colcon_core.task.python.build:Building Python package in '/home/admin/ros2_ws/src/projekt4'
[5.701s] INFO:colcon.colcon_core.shell:Skip shell extension 'powershell' for command environment: Not usable outside of PowerShell
[5.701s] DEBUG:colcon.colcon_core.shell:Skip shell extension 'dsv' for command environment
[6.139s] DEBUG:colcon.colcon_core.event_handler.log_command:Invoking command in '/home/admin/ros2_ws/src/projekt4': AMENT_PREFIX_PATH=/home/admin/ros2_ws/src/install/projekt3:/home/admin/ros2_ws/src/install/projekt4:/home/admin/ros2_ws/src/install/tutorial_interfaces:/home/admin/ros2_ws/src/install/py_pubsub:/home/admin/ros2_ws/src/install/projekt2:/home/admin/ros2_ws/src/install/my_urdf_pkg:/home/admin/ros2_ws/src/install/lab2_to_send:/opt/ros/humble PYTHONPATH=/home/admin/ros2_ws/src/build/projekt4/prefix_override:/home/admin/ros2_ws/src/install/projekt4/lib/python3.10/site-packages:/home/admin/ros2_ws/src/install/projekt3/lib/python3.10/site-packages:/home/admin/ros2_ws/src/install/projekt4/lib/python3.10/site-packages:/home/admin/ros2_ws/src/install/tutorial_interfaces/local/lib/python3.10/dist-packages:/home/admin/ros2_ws/src/install/py_pubsub/lib/python3.10/site-packages:/home/admin/ros2_ws/src/install/projekt2/lib/python3.10/site-packages:/home/admin/ros2_ws/src/install/lab2_to_send/lib/python3.10/site-packages:/opt/ros/humble/lib/python3.10/site-packages:/opt/ros/humble/local/lib/python3.10/dist-packages /usr/bin/python3 setup.py egg_info --egg-base ../build/projekt4 build --build-base /home/admin/ros2_ws/src/build/projekt4/build install --record /home/admin/ros2_ws/src/build/projekt4/install.log --single-version-externally-managed
[6.479s] DEBUG:colcon.colcon_core.event_handler.log_command:Invoked command in '/home/admin/ros2_ws/src/projekt4' returned '0': AMENT_PREFIX_PATH=/home/admin/ros2_ws/src/install/projekt3:/home/admin/ros2_ws/src/install/projekt4:/home/admin/ros2_ws/src/install/tutorial_interfaces:/home/admin/ros2_ws/src/install/py_pubsub:/home/admin/ros2_ws/src/install/projekt2:/home/admin/ros2_ws/src/install/my_urdf_pkg:/home/admin/ros2_ws/src/install/lab2_to_send:/opt/ros/humble PYTHONPATH=/home/admin/ros2_ws/src/build/projekt4/prefix_override:/home/admin/ros2_ws/src/install/projekt4/lib/python3.10/site-packages:/home/admin/ros2_ws/src/install/projekt3/lib/python3.10/site-packages:/home/admin/ros2_ws/src/install/projekt4/lib/python3.10/site-packages:/home/admin/ros2_ws/src/install/tutorial_interfaces/local/lib/python3.10/dist-packages:/home/admin/ros2_ws/src/install/py_pubsub/lib/python3.10/site-packages:/home/admin/ros2_ws/src/install/projekt2/lib/python3.10/site-packages:/home/admin/ros2_ws/src/install/lab2_to_send/lib/python3.10/site-packages:/opt/ros/humble/lib/python3.10/site-packages:/opt/ros/humble/local/lib/python3.10/dist-packages /usr/bin/python3 setup.py egg_info --egg-base ../build/projekt4 build --build-base /home/admin/ros2_ws/src/build/projekt4/build install --record /home/admin/ros2_ws/src/build/projekt4/install.log --single-version-externally-managed
[6.494s] Level 1:colcon.colcon_core.environment:checking '/home/admin/ros2_ws/src/install/projekt4' for CMake module files
[6.495s] Level 1:colcon.colcon_core.environment:checking '/home/admin/ros2_ws/src/install/projekt4' for CMake config files
[6.496s] Level 1:colcon.colcon_core.environment:checking '/home/admin/ros2_ws/src/install/projekt4/lib'
[6.496s] Level 1:colcon.colcon_core.environment:checking '/home/admin/ros2_ws/src/install/projekt4/bin'
[6.496s] Level 1:colcon.colcon_core.environment:checking '/home/admin/ros2_ws/src/install/projekt4/lib/pkgconfig/projekt4.pc'
[6.496s] Level 1:colcon.colcon_core.environment:checking '/home/admin/ros2_ws/src/install/projekt4/lib/python3.10/site-packages'
[6.496s] Level 1:colcon.colcon_core.shell:create_environment_hook('projekt4', 'pythonpath')
[6.512s] INFO:colcon.colcon_core.shell:Creating environment hook '/home/admin/ros2_ws/src/install/projekt4/share/projekt4/hook/pythonpath.ps1'
[6.513s] INFO:colcon.colcon_core.shell:Creating environment descriptor '/home/admin/ros2_ws/src/install/projekt4/share/projekt4/hook/pythonpath.dsv'
[6.513s] INFO:colcon.colcon_core.shell:Creating environment hook '/home/admin/ros2_ws/src/install/projekt4/share/projekt4/hook/pythonpath.sh'
[6.514s] Level 1:colcon.colcon_core.environment:checking '/home/admin/ros2_ws/src/install/projekt4/bin'
[6.514s] Level 1:colcon.colcon_core.environment:create_environment_scripts_only(projekt4)
[6.531s] INFO:colcon.colcon_core.shell:Creating package script '/home/admin/ros2_ws/src/install/projekt4/share/projekt4/package.ps1'
[6.532s] INFO:colcon.colcon_core.shell:Creating package descriptor '/home/admin/ros2_ws/src/install/projekt4/share/projekt4/package.dsv'
[6.533s] INFO:colcon.colcon_core.shell:Creating package script '/home/admin/ros2_ws/src/install/projekt4/share/projekt4/package.sh'
[6.533s] INFO:colcon.colcon_core.shell:Creating package script '/home/admin/ros2_ws/src/install/projekt4/share/projekt4/package.bash'
[6.535s] INFO:colcon.colcon_core.shell:Creating package script '/home/admin/ros2_ws/src/install/projekt4/share/projekt4/package.zsh'
[6.535s] Level 1:colcon.colcon_core.environment:create_file_with_runtime_dependencies(/home/admin/ros2_ws/src/install/projekt4/share/colcon-core/packages/projekt4)
[6.536s] DEBUG:colcon.colcon_parallel_executor.executor.parallel:closing loop
[6.537s] DEBUG:colcon.colcon_parallel_executor.executor.parallel:loop closed
[6.539s] DEBUG:colcon.colcon_parallel_executor.executor.parallel:run_until_complete finished with '0'
[6.539s] DEBUG:colcon.colcon_core.event_reactor:joining thread
[6.565s] INFO:colcon.colcon_core.plugin_system:Skipping extension 'colcon_notification.desktop_notification.terminal_notifier': Not used on non-Darwin systems
[6.565s] INFO:colcon.colcon_core.plugin_system:Skipping extension 'colcon_notification.desktop_notification.win32': Not used on non-Windows systems
[6.566s] INFO:colcon.colcon_notification.desktop_notification:Sending desktop notification using 'notify2'
[6.588s] DEBUG:colcon.colcon_core.event_reactor:joined thread
[6.603s] INFO:colcon.colcon_core.shell:Creating prefix script '/home/admin/ros2_ws/src/install/local_setup.ps1'
[6.605s] INFO:colcon.colcon_core.shell:Creating prefix util module '/home/admin/ros2_ws/src/install/_local_setup_util_ps1.py'
[6.607s] INFO:colcon.colcon_core.shell:Creating prefix chain script '/home/admin/ros2_ws/src/install/setup.ps1'
[6.630s] INFO:colcon.colcon_core.shell:Creating prefix script '/home/admin/ros2_ws/src/install/local_setup.sh'
[6.631s] INFO:colcon.colcon_core.shell:Creating prefix util module '/home/admin/ros2_ws/src/install/_local_setup_util_sh.py'
[6.633s] INFO:colcon.colcon_core.shell:Creating prefix chain script '/home/admin/ros2_ws/src/install/setup.sh'
[6.651s] INFO:colcon.colcon_core.shell:Creating prefix script '/home/admin/ros2_ws/src/install/local_setup.bash'
[6.652s] INFO:colcon.colcon_core.shell:Creating prefix chain script '/home/admin/ros2_ws/src/install/setup.bash'
[6.669s] INFO:colcon.colcon_core.shell:Creating prefix script '/home/admin/ros2_ws/src/install/local_setup.zsh'
[6.670s] INFO:colcon.colcon_core.shell:Creating prefix chain script '/home/admin/ros2_ws/src/install/setup.zsh'
