running egg_info
creating ../build/projekt2/projekt2.egg-info
writing ../build/projekt2/projekt2.egg-info/PKG-INFO
writing dependency_links to ../build/projekt2/projekt2.egg-info/dependency_links.txt
writing entry points to ../build/projekt2/projekt2.egg-info/entry_points.txt
writing requirements to ../build/projekt2/projekt2.egg-info/requires.txt
writing top-level names to ../build/projekt2/projekt2.egg-info/top_level.txt
writing manifest file '../build/projekt2/projekt2.egg-info/SOURCES.txt'
reading manifest file '../build/projekt2/projekt2.egg-info/SOURCES.txt'
writing manifest file '../build/projekt2/projekt2.egg-info/SOURCES.txt'
running build
running build_py
creating /home/admin/ros2_ws/src/build/projekt2/build
creating /home/admin/ros2_ws/src/build/projekt2/build/lib
creating /home/admin/ros2_ws/src/build/projekt2/build/lib/projekt2
copying projekt2/__init__.py -> /home/admin/ros2_ws/src/build/projekt2/build/lib/projekt2
copying projekt2/forward_kin.py -> /home/admin/ros2_ws/src/build/projekt2/build/lib/projekt2
running install
running install_lib
creating /home/admin/ros2_ws/src/install/projekt2/lib/python3.10/site-packages/projekt2
copying /home/admin/ros2_ws/src/build/projekt2/build/lib/projekt2/__init__.py -> /home/admin/ros2_ws/src/install/projekt2/lib/python3.10/site-packages/projekt2
copying /home/admin/ros2_ws/src/build/projekt2/build/lib/projekt2/forward_kin.py -> /home/admin/ros2_ws/src/install/projekt2/lib/python3.10/site-packages/projekt2
byte-compiling /home/admin/ros2_ws/src/install/projekt2/lib/python3.10/site-packages/projekt2/__init__.py to __init__.cpython-310.pyc
byte-compiling /home/admin/ros2_ws/src/install/projekt2/lib/python3.10/site-packages/projekt2/forward_kin.py to forward_kin.cpython-310.pyc
running install_data
creating /home/admin/ros2_ws/src/install/projekt2/share/ament_index
creating /home/admin/ros2_ws/src/install/projekt2/share/ament_index/resource_index
creating /home/admin/ros2_ws/src/install/projekt2/share/ament_index/resource_index/packages
copying resource/projekt2 -> /home/admin/ros2_ws/src/install/projekt2/share/ament_index/resource_index/packages
copying package.xml -> /home/admin/ros2_ws/src/install/projekt2/share/projekt2
running install_egg_info
Copying ../build/projekt2/projekt2.egg-info to /home/admin/ros2_ws/src/install/projekt2/lib/python3.10/site-packages/projekt2-0.0.0-py3.10.egg-info
running install_scripts
Installing forward_kin script to /home/admin/ros2_ws/src/install/projekt2/lib/projekt2
writing list of installed files to '/home/admin/ros2_ws/src/build/projekt2/install.log'
