[1.929s] Invoking command in '/home/admin/ros2_ws/src/projekt2': PYTHONPATH=/home/admin/ros2_ws/src/build/projekt2/prefix_override:/home/admin/ros2_ws/src/install/projekt2/lib/python3.10/site-packages:${PYTHONPATH} /usr/bin/python3 setup.py egg_info --egg-base ../build/projekt2 build --build-base /home/admin/ros2_ws/src/build/projekt2/build install --record /home/admin/ros2_ws/src/build/projekt2/install.log --single-version-externally-managed
[2.194s] running egg_info
[2.195s] creating ../build/projekt2/projekt2.egg-info
[2.195s] writing ../build/projekt2/projekt2.egg-info/PKG-INFO
[2.195s] writing dependency_links to ../build/projekt2/projekt2.egg-info/dependency_links.txt
[2.195s] writing entry points to ../build/projekt2/projekt2.egg-info/entry_points.txt
[2.196s] writing requirements to ../build/projekt2/projekt2.egg-info/requires.txt
[2.197s] writing top-level names to ../build/projekt2/projekt2.egg-info/top_level.txt
[2.197s] writing manifest file '../build/projekt2/projekt2.egg-info/SOURCES.txt'
[2.198s] reading manifest file '../build/projekt2/projekt2.egg-info/SOURCES.txt'
[2.199s] writing manifest file '../build/projekt2/projekt2.egg-info/SOURCES.txt'
[2.199s] running build
[2.199s] running build_py
[2.200s] creating /home/admin/ros2_ws/src/build/projekt2/build
[2.200s] creating /home/admin/ros2_ws/src/build/projekt2/build/lib
[2.200s] creating /home/admin/ros2_ws/src/build/projekt2/build/lib/projekt2
[2.200s] copying projekt2/__init__.py -> /home/admin/ros2_ws/src/build/projekt2/build/lib/projekt2
[2.201s] copying projekt2/forward_kin.py -> /home/admin/ros2_ws/src/build/projekt2/build/lib/projekt2
[2.208s] running install
[2.209s] /usr/lib/python3/dist-packages/setuptools/command/install.py:34: SetuptoolsDeprecationWarning: setup.py install is deprecated. Use build and pip and other standards-based tools.
[2.209s]   warnings.warn(
[2.210s] running install_lib
[2.211s] creating /home/admin/ros2_ws/src/install/projekt2/lib/python3.10/site-packages/projekt2
[2.211s] copying /home/admin/ros2_ws/src/build/projekt2/build/lib/projekt2/__init__.py -> /home/admin/ros2_ws/src/install/projekt2/lib/python3.10/site-packages/projekt2
[2.212s] copying /home/admin/ros2_ws/src/build/projekt2/build/lib/projekt2/forward_kin.py -> /home/admin/ros2_ws/src/install/projekt2/lib/python3.10/site-packages/projekt2
[2.214s] byte-compiling /home/admin/ros2_ws/src/install/projekt2/lib/python3.10/site-packages/projekt2/__init__.py to __init__.cpython-310.pyc
[2.214s] byte-compiling /home/admin/ros2_ws/src/install/projekt2/lib/python3.10/site-packages/projekt2/forward_kin.py to forward_kin.cpython-310.pyc
[2.215s] running install_data
[2.217s] creating /home/admin/ros2_ws/src/install/projekt2/share/ament_index
[2.217s] creating /home/admin/ros2_ws/src/install/projekt2/share/ament_index/resource_index
[2.218s] creating /home/admin/ros2_ws/src/install/projekt2/share/ament_index/resource_index/packages
[2.218s] copying resource/projekt2 -> /home/admin/ros2_ws/src/install/projekt2/share/ament_index/resource_index/packages
[2.220s] copying package.xml -> /home/admin/ros2_ws/src/install/projekt2/share/projekt2
[2.221s] running install_egg_info
[2.227s] Copying ../build/projekt2/projekt2.egg-info to /home/admin/ros2_ws/src/install/projekt2/lib/python3.10/site-packages/projekt2-0.0.0-py3.10.egg-info
[2.230s] running install_scripts
[2.253s] Installing forward_kin script to /home/admin/ros2_ws/src/install/projekt2/lib/projekt2
[2.253s] writing list of installed files to '/home/admin/ros2_ws/src/build/projekt2/install.log'
[2.295s] Invoked command in '/home/admin/ros2_ws/src/projekt2' returned '0': PYTHONPATH=/home/admin/ros2_ws/src/build/projekt2/prefix_override:/home/admin/ros2_ws/src/install/projekt2/lib/python3.10/site-packages:${PYTHONPATH} /usr/bin/python3 setup.py egg_info --egg-base ../build/projekt2 build --build-base /home/admin/ros2_ws/src/build/projekt2/build install --record /home/admin/ros2_ws/src/build/projekt2/install.log --single-version-externally-managed
