[1.669s] Invoking command in '/home/admin/ros2_ws/src/lab2_to_send': PYTHONPATH=/home/admin/ros2_ws/src/build/lab2_to_send/prefix_override:/home/admin/ros2_ws/src/install/lab2_to_send/lib/python3.10/site-packages:${PYTHONPATH} /usr/bin/python3 setup.py egg_info --egg-base ../build/lab2_to_send build --build-base /home/admin/ros2_ws/src/build/lab2_to_send/build install --record /home/admin/ros2_ws/src/build/lab2_to_send/install.log --single-version-externally-managed
[1.949s] running egg_info
[1.952s] writing ../build/lab2_to_send/lab2_to_send.egg-info/PKG-INFO
[1.952s] writing dependency_links to ../build/lab2_to_send/lab2_to_send.egg-info/dependency_links.txt
[1.952s] writing entry points to ../build/lab2_to_send/lab2_to_send.egg-info/entry_points.txt
[1.953s] writing requirements to ../build/lab2_to_send/lab2_to_send.egg-info/requires.txt
[1.953s] writing top-level names to ../build/lab2_to_send/lab2_to_send.egg-info/top_level.txt
[1.957s] reading manifest file '../build/lab2_to_send/lab2_to_send.egg-info/SOURCES.txt'
[1.957s] adding license file 'LICENSE'
[1.958s] writing manifest file '../build/lab2_to_send/lab2_to_send.egg-info/SOURCES.txt'
[1.958s] running build
[1.959s] running build_py
[1.960s] running install
[1.960s] /usr/lib/python3/dist-packages/setuptools/command/install.py:34: SetuptoolsDeprecationWarning: setup.py install is deprecated. Use build and pip and other standards-based tools.
[1.960s]   warnings.warn(
[1.961s] running install_lib
[1.962s] running install_data
[1.963s] running install_egg_info
[1.965s] removing '/home/admin/ros2_ws/src/install/lab2_to_send/lib/python3.10/site-packages/lab2_to_send-0.0.0-py3.10.egg-info' (and everything under it)
[1.966s] Copying ../build/lab2_to_send/lab2_to_send.egg-info to /home/admin/ros2_ws/src/install/lab2_to_send/lib/python3.10/site-packages/lab2_to_send-0.0.0-py3.10.egg-info
[1.967s] running install_scripts
[2.004s] Installing draw script to /home/admin/ros2_ws/src/install/lab2_to_send/lib/lab2_to_send
[2.005s] Installing pose_subscriber script to /home/admin/ros2_ws/src/install/lab2_to_send/lib/lab2_to_send
[2.006s] writing list of installed files to '/home/admin/ros2_ws/src/build/lab2_to_send/install.log'
[2.386s] Invoked command in '/home/admin/ros2_ws/src/lab2_to_send' returned '0': PYTHONPATH=/home/admin/ros2_ws/src/build/lab2_to_send/prefix_override:/home/admin/ros2_ws/src/install/lab2_to_send/lib/python3.10/site-packages:${PYTHONPATH} /usr/bin/python3 setup.py egg_info --egg-base ../build/lab2_to_send build --build-base /home/admin/ros2_ws/src/build/lab2_to_send/build install --record /home/admin/ros2_ws/src/build/lab2_to_send/install.log --single-version-externally-managed
