[1.263s] DEBUG:colcon:Command line arguments: ['/usr/bin/colcon', 'build']
[1.264s] DEBUG:colcon:Parsed command line arguments: Namespace(log_base=None, log_level=None, verb_name='build', build_base='build', install_base='install', merge_install=False, symlink_install=False, test_result_base=None, continue_on_error=False, executor='parallel', parallel_workers=4, event_handlers=None, ignore_user_meta=False, metas=['./colcon.meta'], base_paths=['.'], packages_ignore=None, packages_ignore_regex=None, paths=None, packages_up_to=None, packages_up_to_regex=None, packages_above=None, packages_above_and_dependencies=None, packages_above_depth=None, packages_select_by_dep=None, packages_skip_by_dep=None, packages_skip_up_to=None, packages_select_build_failed=False, packages_skip_build_finished=False, packages_select_test_failures=False, packages_skip_test_passed=False, packages_select=None, packages_skip=None, packages_select_regex=None, packages_skip_regex=None, packages_start=None, packages_end=None, allow_overriding=[], cmake_args=None, cmake_target=None, cmake_target_skip_unavailable=False, cmake_clean_cache=False, cmake_clean_first=False, cmake_force_configure=False, ament_cmake_args=None, catkin_cmake_args=None, catkin_skip_building_tests=False, verb_parser=<colcon_defaults.argument_parser.defaults.DefaultArgumentsDecorator object at 0x798cfc392ce0>, verb_extension=<colcon_core.verb.build.BuildVerb object at 0x798cfc7c3670>, main=<bound method BuildVerb.main of <colcon_core.verb.build.BuildVerb object at 0x798cfc7c3670>>)
[1.327s] Level 1:colcon.colcon_core.package_discovery:discover_packages(colcon_meta) check parameters
[1.327s] Level 1:colcon.colcon_core.package_discovery:discover_packages(recursive) check parameters
[1.327s] Level 1:colcon.colcon_core.package_discovery:discover_packages(ignore) check parameters
[1.327s] Level 1:colcon.colcon_core.package_discovery:discover_packages(path) check parameters
[1.327s] Level 1:colcon.colcon_core.package_discovery:discover_packages(colcon_meta) discover
[1.327s] Level 1:colcon.colcon_core.package_discovery:discover_packages(recursive) discover
[1.327s] INFO:colcon.colcon_core.package_discovery:Crawling recursively for packages in '/home/admin/ros2_ws/src'
[1.327s] Level 1:colcon.colcon_core.package_identification:_identify(.) by extensions ['ignore', 'ignore_ament_install']
[1.328s] Level 1:colcon.colcon_core.package_identification:_identify(.) by extension 'ignore'
[1.328s] Level 1:colcon.colcon_core.package_identification:_identify(.) by extension 'ignore_ament_install'
[1.328s] Level 1:colcon.colcon_core.package_identification:_identify(.) by extensions ['colcon_pkg']
[1.328s] Level 1:colcon.colcon_core.package_identification:_identify(.) by extension 'colcon_pkg'
[1.328s] Level 1:colcon.colcon_core.package_identification:_identify(.) by extensions ['colcon_meta']
[1.328s] Level 1:colcon.colcon_core.package_identification:_identify(.) by extension 'colcon_meta'
[1.328s] Level 1:colcon.colcon_core.package_identification:_identify(.) by extensions ['ros']
[1.328s] Level 1:colcon.colcon_core.package_identification:_identify(.) by extension 'ros'
[1.341s] Level 1:colcon.colcon_core.package_identification:_identify(.) by extensions ['cmake', 'python']
[1.341s] Level 1:colcon.colcon_core.package_identification:_identify(.) by extension 'cmake'
[1.341s] Level 1:colcon.colcon_core.package_identification:_identify(.) by extension 'python'
[1.341s] Level 1:colcon.colcon_core.package_identification:_identify(.) by extensions ['python_setup_py']
[1.341s] Level 1:colcon.colcon_core.package_identification:_identify(.) by extension 'python_setup_py'
[1.341s] Level 1:colcon.colcon_core.package_identification:_identify(ROS2_lectures) by extensions ['ignore', 'ignore_ament_install']
[1.341s] Level 1:colcon.colcon_core.package_identification:_identify(ROS2_lectures) by extension 'ignore'
[1.342s] Level 1:colcon.colcon_core.package_identification:_identify(ROS2_lectures) by extension 'ignore_ament_install'
[1.342s] Level 1:colcon.colcon_core.package_identification:_identify(ROS2_lectures) by extensions ['colcon_pkg']
[1.342s] Level 1:colcon.colcon_core.package_identification:_identify(ROS2_lectures) by extension 'colcon_pkg'
[1.342s] Level 1:colcon.colcon_core.package_identification:_identify(ROS2_lectures) by extensions ['colcon_meta']
[1.342s] Level 1:colcon.colcon_core.package_identification:_identify(ROS2_lectures) by extension 'colcon_meta'
[1.342s] Level 1:colcon.colcon_core.package_identification:_identify(ROS2_lectures) by extensions ['ros']
[1.342s] Level 1:colcon.colcon_core.package_identification:_identify(ROS2_lectures) by extension 'ros'
[1.342s] Level 1:colcon.colcon_core.package_identification:_identify(ROS2_lectures) by extensions ['cmake', 'python']
[1.342s] Level 1:colcon.colcon_core.package_identification:_identify(ROS2_lectures) by extension 'cmake'
[1.342s] Level 1:colcon.colcon_core.package_identification:_identify(ROS2_lectures) by extension 'python'
[1.342s] Level 1:colcon.colcon_core.package_identification:_identify(ROS2_lectures) by extensions ['python_setup_py']
[1.342s] Level 1:colcon.colcon_core.package_identification:_identify(ROS2_lectures) by extension 'python_setup_py'
[1.342s] Level 1:colcon.colcon_core.package_identification:_identify(build) by extensions ['ignore', 'ignore_ament_install']
[1.342s] Level 1:colcon.colcon_core.package_identification:_identify(build) by extension 'ignore'
[1.342s] Level 1:colcon.colcon_core.package_identification:_identify(build) ignored
[1.342s] Level 1:colcon.colcon_core.package_identification:_identify(install) by extensions ['ignore', 'ignore_ament_install']
[1.343s] Level 1:colcon.colcon_core.package_identification:_identify(install) by extension 'ignore'
[1.343s] Level 1:colcon.colcon_core.package_identification:_identify(install) ignored
[1.343s] Level 1:colcon.colcon_core.package_identification:_identify(lab0) by extensions ['ignore', 'ignore_ament_install']
[1.343s] Level 1:colcon.colcon_core.package_identification:_identify(lab0) by extension 'ignore'
[1.343s] Level 1:colcon.colcon_core.package_identification:_identify(lab0) by extension 'ignore_ament_install'
[1.343s] Level 1:colcon.colcon_core.package_identification:_identify(lab0) by extensions ['colcon_pkg']
[1.343s] Level 1:colcon.colcon_core.package_identification:_identify(lab0) by extension 'colcon_pkg'
[1.343s] Level 1:colcon.colcon_core.package_identification:_identify(lab0) by extensions ['colcon_meta']
[1.343s] Level 1:colcon.colcon_core.package_identification:_identify(lab0) by extension 'colcon_meta'
[1.343s] Level 1:colcon.colcon_core.package_identification:_identify(lab0) by extensions ['ros']
[1.343s] Level 1:colcon.colcon_core.package_identification:_identify(lab0) by extension 'ros'
[1.343s] Level 1:colcon.colcon_core.package_identification:_identify(lab0) by extensions ['cmake', 'python']
[1.343s] Level 1:colcon.colcon_core.package_identification:_identify(lab0) by extension 'cmake'
[1.343s] Level 1:colcon.colcon_core.package_identification:_identify(lab0) by extension 'python'
[1.343s] Level 1:colcon.colcon_core.package_identification:_identify(lab0) by extensions ['python_setup_py']
[1.344s] Level 1:colcon.colcon_core.package_identification:_identify(lab0) by extension 'python_setup_py'
[1.344s] Level 1:colcon.colcon_core.package_identification:_identify(lab1) by extensions ['ignore', 'ignore_ament_install']
[1.344s] Level 1:colcon.colcon_core.package_identification:_identify(lab1) by extension 'ignore'
[1.344s] Level 1:colcon.colcon_core.package_identification:_identify(lab1) by extension 'ignore_ament_install'
[1.344s] Level 1:colcon.colcon_core.package_identification:_identify(lab1) by extensions ['colcon_pkg']
[1.344s] Level 1:colcon.colcon_core.package_identification:_identify(lab1) by extension 'colcon_pkg'
[1.344s] Level 1:colcon.colcon_core.package_identification:_identify(lab1) by extensions ['colcon_meta']
[1.344s] Level 1:colcon.colcon_core.package_identification:_identify(lab1) by extension 'colcon_meta'
[1.344s] Level 1:colcon.colcon_core.package_identification:_identify(lab1) by extensions ['ros']
[1.344s] Level 1:colcon.colcon_core.package_identification:_identify(lab1) by extension 'ros'
[1.344s] Level 1:colcon.colcon_core.package_identification:_identify(lab1) by extensions ['cmake', 'python']
[1.344s] Level 1:colcon.colcon_core.package_identification:_identify(lab1) by extension 'cmake'
[1.344s] Level 1:colcon.colcon_core.package_identification:_identify(lab1) by extension 'python'
[1.344s] Level 1:colcon.colcon_core.package_identification:_identify(lab1) by extensions ['python_setup_py']
[1.344s] Level 1:colcon.colcon_core.package_identification:_identify(lab1) by extension 'python_setup_py'
[1.344s] Level 1:colcon.colcon_core.package_identification:_identify(lab2) by extensions ['ignore', 'ignore_ament_install']
[1.344s] Level 1:colcon.colcon_core.package_identification:_identify(lab2) by extension 'ignore'
[1.344s] Level 1:colcon.colcon_core.package_identification:_identify(lab2) by extension 'ignore_ament_install'
[1.344s] Level 1:colcon.colcon_core.package_identification:_identify(lab2) by extensions ['colcon_pkg']
[1.345s] Level 1:colcon.colcon_core.package_identification:_identify(lab2) by extension 'colcon_pkg'
[1.345s] Level 1:colcon.colcon_core.package_identification:_identify(lab2) by extensions ['colcon_meta']
[1.345s] Level 1:colcon.colcon_core.package_identification:_identify(lab2) by extension 'colcon_meta'
[1.345s] Level 1:colcon.colcon_core.package_identification:_identify(lab2) by extensions ['ros']
[1.345s] Level 1:colcon.colcon_core.package_identification:_identify(lab2) by extension 'ros'
[1.345s] Level 1:colcon.colcon_core.package_identification:_identify(lab2) by extensions ['cmake', 'python']
[1.345s] Level 1:colcon.colcon_core.package_identification:_identify(lab2) by extension 'cmake'
[1.345s] Level 1:colcon.colcon_core.package_identification:_identify(lab2) by extension 'python'
[1.345s] Level 1:colcon.colcon_core.package_identification:_identify(lab2) by extensions ['python_setup_py']
[1.345s] Level 1:colcon.colcon_core.package_identification:_identify(lab2) by extension 'python_setup_py'
[1.345s] Level 1:colcon.colcon_core.package_identification:_identify(lab2_to_send) by extensions ['ignore', 'ignore_ament_install']
[1.345s] Level 1:colcon.colcon_core.package_identification:_identify(lab2_to_send) by extension 'ignore'
[1.345s] Level 1:colcon.colcon_core.package_identification:_identify(lab2_to_send) by extension 'ignore_ament_install'
[1.345s] Level 1:colcon.colcon_core.package_identification:_identify(lab2_to_send) by extensions ['colcon_pkg']
[1.345s] Level 1:colcon.colcon_core.package_identification:_identify(lab2_to_send) by extension 'colcon_pkg'
[1.345s] Level 1:colcon.colcon_core.package_identification:_identify(lab2_to_send) by extensions ['colcon_meta']
[1.345s] Level 1:colcon.colcon_core.package_identification:_identify(lab2_to_send) by extension 'colcon_meta'
[1.345s] Level 1:colcon.colcon_core.package_identification:_identify(lab2_to_send) by extensions ['ros']
[1.345s] Level 1:colcon.colcon_core.package_identification:_identify(lab2_to_send) by extension 'ros'
[1.350s] DEBUG:colcon.colcon_core.package_identification:Package 'lab2_to_send' with type 'ros.ament_python' and name 'lab2_to_send'
[1.350s] Level 1:colcon.colcon_core.package_identification:_identify(log) by extensions ['ignore', 'ignore_ament_install']
[1.350s] Level 1:colcon.colcon_core.package_identification:_identify(log) by extension 'ignore'
[1.350s] Level 1:colcon.colcon_core.package_identification:_identify(log) ignored
[1.350s] Level 1:colcon.colcon_core.package_identification:_identify(my_urdf_pkg) by extensions ['ignore', 'ignore_ament_install']
[1.350s] Level 1:colcon.colcon_core.package_identification:_identify(my_urdf_pkg) by extension 'ignore'
[1.350s] Level 1:colcon.colcon_core.package_identification:_identify(my_urdf_pkg) by extension 'ignore_ament_install'
[1.350s] Level 1:colcon.colcon_core.package_identification:_identify(my_urdf_pkg) by extensions ['colcon_pkg']
[1.350s] Level 1:colcon.colcon_core.package_identification:_identify(my_urdf_pkg) by extension 'colcon_pkg'
[1.351s] Level 1:colcon.colcon_core.package_identification:_identify(my_urdf_pkg) by extensions ['colcon_meta']
[1.351s] Level 1:colcon.colcon_core.package_identification:_identify(my_urdf_pkg) by extension 'colcon_meta'
[1.351s] Level 1:colcon.colcon_core.package_identification:_identify(my_urdf_pkg) by extensions ['ros']
[1.351s] Level 1:colcon.colcon_core.package_identification:_identify(my_urdf_pkg) by extension 'ros'
[1.351s] DEBUG:colcon.colcon_core.package_identification:Package 'my_urdf_pkg' with type 'ros.ament_cmake' and name 'my_urdf_pkg'
[1.351s] Level 1:colcon.colcon_core.package_identification:_identify(projekt2) by extensions ['ignore', 'ignore_ament_install']
[1.352s] Level 1:colcon.colcon_core.package_identification:_identify(projekt2) by extension 'ignore'
[1.352s] Level 1:colcon.colcon_core.package_identification:_identify(projekt2) by extension 'ignore_ament_install'
[1.352s] Level 1:colcon.colcon_core.package_identification:_identify(projekt2) by extensions ['colcon_pkg']
[1.352s] Level 1:colcon.colcon_core.package_identification:_identify(projekt2) by extension 'colcon_pkg'
[1.352s] Level 1:colcon.colcon_core.package_identification:_identify(projekt2) by extensions ['colcon_meta']
[1.352s] Level 1:colcon.colcon_core.package_identification:_identify(projekt2) by extension 'colcon_meta'
[1.352s] Level 1:colcon.colcon_core.package_identification:_identify(projekt2) by extensions ['ros']
[1.352s] Level 1:colcon.colcon_core.package_identification:_identify(projekt2) by extension 'ros'
[1.353s] DEBUG:colcon.colcon_core.package_identification:Package 'projekt2' with type 'ros.ament_python' and name 'projekt2'
[1.353s] Level 1:colcon.colcon_core.package_identification:_identify(projekt3) by extensions ['ignore', 'ignore_ament_install']
[1.353s] Level 1:colcon.colcon_core.package_identification:_identify(projekt3) by extension 'ignore'
[1.353s] Level 1:colcon.colcon_core.package_identification:_identify(projekt3) by extension 'ignore_ament_install'
[1.353s] Level 1:colcon.colcon_core.package_identification:_identify(projekt3) by extensions ['colcon_pkg']
[1.353s] Level 1:colcon.colcon_core.package_identification:_identify(projekt3) by extension 'colcon_pkg'
[1.353s] Level 1:colcon.colcon_core.package_identification:_identify(projekt3) by extensions ['colcon_meta']
[1.353s] Level 1:colcon.colcon_core.package_identification:_identify(projekt3) by extension 'colcon_meta'
[1.353s] Level 1:colcon.colcon_core.package_identification:_identify(projekt3) by extensions ['ros']
[1.353s] Level 1:colcon.colcon_core.package_identification:_identify(projekt3) by extension 'ros'
[1.354s] DEBUG:colcon.colcon_core.package_identification:Package 'projekt3' with type 'ros.ament_python' and name 'projekt3'
[1.354s] Level 1:colcon.colcon_core.package_identification:_identify(projekt4) by extensions ['ignore', 'ignore_ament_install']
[1.354s] Level 1:colcon.colcon_core.package_identification:_identify(projekt4) by extension 'ignore'
[1.354s] Level 1:colcon.colcon_core.package_identification:_identify(projekt4) by extension 'ignore_ament_install'
[1.354s] Level 1:colcon.colcon_core.package_identification:_identify(projekt4) by extensions ['colcon_pkg']
[1.354s] Level 1:colcon.colcon_core.package_identification:_identify(projekt4) by extension 'colcon_pkg'
[1.354s] Level 1:colcon.colcon_core.package_identification:_identify(projekt4) by extensions ['colcon_meta']
[1.354s] Level 1:colcon.colcon_core.package_identification:_identify(projekt4) by extension 'colcon_meta'
[1.354s] Level 1:colcon.colcon_core.package_identification:_identify(projekt4) by extensions ['ros']
[1.354s] Level 1:colcon.colcon_core.package_identification:_identify(projekt4) by extension 'ros'
[1.355s] DEBUG:colcon.colcon_core.package_identification:Package 'projekt4' with type 'ros.ament_python' and name 'projekt4'
[1.355s] Level 1:colcon.colcon_core.package_identification:_identify(py_pubsub) by extensions ['ignore', 'ignore_ament_install']
[1.355s] Level 1:colcon.colcon_core.package_identification:_identify(py_pubsub) by extension 'ignore'
[1.355s] Level 1:colcon.colcon_core.package_identification:_identify(py_pubsub) by extension 'ignore_ament_install'
[1.356s] Level 1:colcon.colcon_core.package_identification:_identify(py_pubsub) by extensions ['colcon_pkg']
[1.356s] Level 1:colcon.colcon_core.package_identification:_identify(py_pubsub) by extension 'colcon_pkg'
[1.356s] Level 1:colcon.colcon_core.package_identification:_identify(py_pubsub) by extensions ['colcon_meta']
[1.356s] Level 1:colcon.colcon_core.package_identification:_identify(py_pubsub) by extension 'colcon_meta'
[1.356s] Level 1:colcon.colcon_core.package_identification:_identify(py_pubsub) by extensions ['ros']
[1.356s] Level 1:colcon.colcon_core.package_identification:_identify(py_pubsub) by extension 'ros'
[1.356s] DEBUG:colcon.colcon_core.package_identification:Package 'py_pubsub' with type 'ros.ament_python' and name 'py_pubsub'
[1.356s] Level 1:colcon.colcon_core.package_identification:_identify(tutorial_interfaces) by extensions ['ignore', 'ignore_ament_install']
[1.356s] Level 1:colcon.colcon_core.package_identification:_identify(tutorial_interfaces) by extension 'ignore'
[1.356s] Level 1:colcon.colcon_core.package_identification:_identify(tutorial_interfaces) by extension 'ignore_ament_install'
[1.357s] Level 1:colcon.colcon_core.package_identification:_identify(tutorial_interfaces) by extensions ['colcon_pkg']
[1.357s] Level 1:colcon.colcon_core.package_identification:_identify(tutorial_interfaces) by extension 'colcon_pkg'
[1.357s] Level 1:colcon.colcon_core.package_identification:_identify(tutorial_interfaces) by extensions ['colcon_meta']
[1.357s] Level 1:colcon.colcon_core.package_identification:_identify(tutorial_interfaces) by extension 'colcon_meta'
[1.357s] Level 1:colcon.colcon_core.package_identification:_identify(tutorial_interfaces) by extensions ['ros']
[1.357s] Level 1:colcon.colcon_core.package_identification:_identify(tutorial_interfaces) by extension 'ros'
[1.357s] DEBUG:colcon.colcon_core.package_identification:Package 'tutorial_interfaces' with type 'ros.ament_cmake' and name 'tutorial_interfaces'
[1.357s] Level 1:colcon.colcon_core.package_discovery:discover_packages(recursive) using defaults
[1.357s] Level 1:colcon.colcon_core.package_discovery:discover_packages(ignore) discover
[1.357s] Level 1:colcon.colcon_core.package_discovery:discover_packages(ignore) using defaults
[1.357s] Level 1:colcon.colcon_core.package_discovery:discover_packages(path) discover
[1.357s] Level 1:colcon.colcon_core.package_discovery:discover_packages(path) using defaults
[1.468s] Level 1:colcon.colcon_core.package_discovery:discover_packages(prefix_path) check parameters
[1.468s] Level 1:colcon.colcon_core.package_discovery:discover_packages(prefix_path) discover
[1.505s] DEBUG:colcon.colcon_installed_package_information.package_discovery:Found 7 installed packages in /home/admin/ros2_ws/src/install
[1.526s] DEBUG:colcon.colcon_installed_package_information.package_discovery:Found 293 installed packages in /opt/ros/humble
[1.528s] Level 1:colcon.colcon_core.package_discovery:discover_packages(prefix_path) using defaults
[1.646s] Level 5:colcon.colcon_core.verb:set package 'lab2_to_send' build argument 'cmake_args' from command line to 'None'
[1.646s] Level 5:colcon.colcon_core.verb:set package 'lab2_to_send' build argument 'cmake_target' from command line to 'None'
[1.646s] Level 5:colcon.colcon_core.verb:set package 'lab2_to_send' build argument 'cmake_target_skip_unavailable' from command line to 'False'
[1.647s] Level 5:colcon.colcon_core.verb:set package 'lab2_to_send' build argument 'cmake_clean_cache' from command line to 'False'
[1.647s] Level 5:colcon.colcon_core.verb:set package 'lab2_to_send' build argument 'cmake_clean_first' from command line to 'False'
[1.647s] Level 5:colcon.colcon_core.verb:set package 'lab2_to_send' build argument 'cmake_force_configure' from command line to 'False'
[1.647s] Level 5:colcon.colcon_core.verb:set package 'lab2_to_send' build argument 'ament_cmake_args' from command line to 'None'
[1.647s] Level 5:colcon.colcon_core.verb:set package 'lab2_to_send' build argument 'catkin_cmake_args' from command line to 'None'
[1.647s] Level 5:colcon.colcon_core.verb:set package 'lab2_to_send' build argument 'catkin_skip_building_tests' from command line to 'False'
[1.648s] DEBUG:colcon.colcon_core.verb:Building package 'lab2_to_send' with the following arguments: {'ament_cmake_args': None, 'build_base': '/home/admin/ros2_ws/src/build/lab2_to_send', 'catkin_cmake_args': None, 'catkin_skip_building_tests': False, 'cmake_args': None, 'cmake_clean_cache': False, 'cmake_clean_first': False, 'cmake_force_configure': False, 'cmake_target': None, 'cmake_target_skip_unavailable': False, 'install_base': '/home/admin/ros2_ws/src/install/lab2_to_send', 'merge_install': False, 'path': '/home/admin/ros2_ws/src/lab2_to_send', 'symlink_install': False, 'test_result_base': None}
[1.666s] Level 5:colcon.colcon_core.verb:set package 'my_urdf_pkg' build argument 'cmake_args' from command line to 'None'
[1.666s] Level 5:colcon.colcon_core.verb:set package 'my_urdf_pkg' build argument 'cmake_target' from command line to 'None'
[1.666s] Level 5:colcon.colcon_core.verb:set package 'my_urdf_pkg' build argument 'cmake_target_skip_unavailable' from command line to 'False'
[1.666s] Level 5:colcon.colcon_core.verb:set package 'my_urdf_pkg' build argument 'cmake_clean_cache' from command line to 'False'
[1.666s] Level 5:colcon.colcon_core.verb:set package 'my_urdf_pkg' build argument 'cmake_clean_first' from command line to 'False'
[1.666s] Level 5:colcon.colcon_core.verb:set package 'my_urdf_pkg' build argument 'cmake_force_configure' from command line to 'False'
[1.666s] Level 5:colcon.colcon_core.verb:set package 'my_urdf_pkg' build argument 'ament_cmake_args' from command line to 'None'
[1.666s] Level 5:colcon.colcon_core.verb:set package 'my_urdf_pkg' build argument 'catkin_cmake_args' from command line to 'None'
[1.666s] Level 5:colcon.colcon_core.verb:set package 'my_urdf_pkg' build argument 'catkin_skip_building_tests' from command line to 'False'
[1.666s] DEBUG:colcon.colcon_core.verb:Building package 'my_urdf_pkg' with the following arguments: {'ament_cmake_args': None, 'build_base': '/home/admin/ros2_ws/src/build/my_urdf_pkg', 'catkin_cmake_args': None, 'catkin_skip_building_tests': False, 'cmake_args': None, 'cmake_clean_cache': False, 'cmake_clean_first': False, 'cmake_force_configure': False, 'cmake_target': None, 'cmake_target_skip_unavailable': False, 'install_base': '/home/admin/ros2_ws/src/install/my_urdf_pkg', 'merge_install': False, 'path': '/home/admin/ros2_ws/src/my_urdf_pkg', 'symlink_install': False, 'test_result_base': None}
[1.684s] Level 5:colcon.colcon_core.verb:set package 'projekt2' build argument 'cmake_args' from command line to 'None'
[1.684s] Level 5:colcon.colcon_core.verb:set package 'projekt2' build argument 'cmake_target' from command line to 'None'
[1.684s] Level 5:colcon.colcon_core.verb:set package 'projekt2' build argument 'cmake_target_skip_unavailable' from command line to 'False'
[1.684s] Level 5:colcon.colcon_core.verb:set package 'projekt2' build argument 'cmake_clean_cache' from command line to 'False'
[1.684s] Level 5:colcon.colcon_core.verb:set package 'projekt2' build argument 'cmake_clean_first' from command line to 'False'
[1.684s] Level 5:colcon.colcon_core.verb:set package 'projekt2' build argument 'cmake_force_configure' from command line to 'False'
[1.684s] Level 5:colcon.colcon_core.verb:set package 'projekt2' build argument 'ament_cmake_args' from command line to 'None'
[1.684s] Level 5:colcon.colcon_core.verb:set package 'projekt2' build argument 'catkin_cmake_args' from command line to 'None'
[1.684s] Level 5:colcon.colcon_core.verb:set package 'projekt2' build argument 'catkin_skip_building_tests' from command line to 'False'
[1.684s] DEBUG:colcon.colcon_core.verb:Building package 'projekt2' with the following arguments: {'ament_cmake_args': None, 'build_base': '/home/admin/ros2_ws/src/build/projekt2', 'catkin_cmake_args': None, 'catkin_skip_building_tests': False, 'cmake_args': None, 'cmake_clean_cache': False, 'cmake_clean_first': False, 'cmake_force_configure': False, 'cmake_target': None, 'cmake_target_skip_unavailable': False, 'install_base': '/home/admin/ros2_ws/src/install/projekt2', 'merge_install': False, 'path': '/home/admin/ros2_ws/src/projekt2', 'symlink_install': False, 'test_result_base': None}
[1.705s] Level 5:colcon.colcon_core.verb:set package 'py_pubsub' build argument 'cmake_args' from command line to 'None'
[1.706s] Level 5:colcon.colcon_core.verb:set package 'py_pubsub' build argument 'cmake_target' from command line to 'None'
[1.706s] Level 5:colcon.colcon_core.verb:set package 'py_pubsub' build argument 'cmake_target_skip_unavailable' from command line to 'False'
[1.706s] Level 5:colcon.colcon_core.verb:set package 'py_pubsub' build argument 'cmake_clean_cache' from command line to 'False'
[1.706s] Level 5:colcon.colcon_core.verb:set package 'py_pubsub' build argument 'cmake_clean_first' from command line to 'False'
[1.706s] Level 5:colcon.colcon_core.verb:set package 'py_pubsub' build argument 'cmake_force_configure' from command line to 'False'
[1.706s] Level 5:colcon.colcon_core.verb:set package 'py_pubsub' build argument 'ament_cmake_args' from command line to 'None'
[1.706s] Level 5:colcon.colcon_core.verb:set package 'py_pubsub' build argument 'catkin_cmake_args' from command line to 'None'
[1.706s] Level 5:colcon.colcon_core.verb:set package 'py_pubsub' build argument 'catkin_skip_building_tests' from command line to 'False'
[1.706s] DEBUG:colcon.colcon_core.verb:Building package 'py_pubsub' with the following arguments: {'ament_cmake_args': None, 'build_base': '/home/admin/ros2_ws/src/build/py_pubsub', 'catkin_cmake_args': None, 'catkin_skip_building_tests': False, 'cmake_args': None, 'cmake_clean_cache': False, 'cmake_clean_first': False, 'cmake_force_configure': False, 'cmake_target': None, 'cmake_target_skip_unavailable': False, 'install_base': '/home/admin/ros2_ws/src/install/py_pubsub', 'merge_install': False, 'path': '/home/admin/ros2_ws/src/py_pubsub', 'symlink_install': False, 'test_result_base': None}
[1.724s] Level 5:colcon.colcon_core.verb:set package 'tutorial_interfaces' build argument 'cmake_args' from command line to 'None'
[1.724s] Level 5:colcon.colcon_core.verb:set package 'tutorial_interfaces' build argument 'cmake_target' from command line to 'None'
[1.724s] Level 5:colcon.colcon_core.verb:set package 'tutorial_interfaces' build argument 'cmake_target_skip_unavailable' from command line to 'False'
[1.724s] Level 5:colcon.colcon_core.verb:set package 'tutorial_interfaces' build argument 'cmake_clean_cache' from command line to 'False'
[1.724s] Level 5:colcon.colcon_core.verb:set package 'tutorial_interfaces' build argument 'cmake_clean_first' from command line to 'False'
[1.724s] Level 5:colcon.colcon_core.verb:set package 'tutorial_interfaces' build argument 'cmake_force_configure' from command line to 'False'
[1.724s] Level 5:colcon.colcon_core.verb:set package 'tutorial_interfaces' build argument 'ament_cmake_args' from command line to 'None'
[1.724s] Level 5:colcon.colcon_core.verb:set package 'tutorial_interfaces' build argument 'catkin_cmake_args' from command line to 'None'
[1.724s] Level 5:colcon.colcon_core.verb:set package 'tutorial_interfaces' build argument 'catkin_skip_building_tests' from command line to 'False'
[1.724s] DEBUG:colcon.colcon_core.verb:Building package 'tutorial_interfaces' with the following arguments: {'ament_cmake_args': None, 'build_base': '/home/admin/ros2_ws/src/build/tutorial_interfaces', 'catkin_cmake_args': None, 'catkin_skip_building_tests': False, 'cmake_args': None, 'cmake_clean_cache': False, 'cmake_clean_first': False, 'cmake_force_configure': False, 'cmake_target': None, 'cmake_target_skip_unavailable': False, 'install_base': '/home/admin/ros2_ws/src/install/tutorial_interfaces', 'merge_install': False, 'path': '/home/admin/ros2_ws/src/tutorial_interfaces', 'symlink_install': False, 'test_result_base': None}
[1.742s] Level 5:colcon.colcon_core.verb:set package 'projekt3' build argument 'cmake_args' from command line to 'None'
[1.742s] Level 5:colcon.colcon_core.verb:set package 'projekt3' build argument 'cmake_target' from command line to 'None'
[1.742s] Level 5:colcon.colcon_core.verb:set package 'projekt3' build argument 'cmake_target_skip_unavailable' from command line to 'False'
[1.742s] Level 5:colcon.colcon_core.verb:set package 'projekt3' build argument 'cmake_clean_cache' from command line to 'False'
[1.742s] Level 5:colcon.colcon_core.verb:set package 'projekt3' build argument 'cmake_clean_first' from command line to 'False'
[1.742s] Level 5:colcon.colcon_core.verb:set package 'projekt3' build argument 'cmake_force_configure' from command line to 'False'
[1.743s] Level 5:colcon.colcon_core.verb:set package 'projekt3' build argument 'ament_cmake_args' from command line to 'None'
[1.743s] Level 5:colcon.colcon_core.verb:set package 'projekt3' build argument 'catkin_cmake_args' from command line to 'None'
[1.743s] Level 5:colcon.colcon_core.verb:set package 'projekt3' build argument 'catkin_skip_building_tests' from command line to 'False'
[1.743s] DEBUG:colcon.colcon_core.verb:Building package 'projekt3' with the following arguments: {'ament_cmake_args': None, 'build_base': '/home/admin/ros2_ws/src/build/projekt3', 'catkin_cmake_args': None, 'catkin_skip_building_tests': False, 'cmake_args': None, 'cmake_clean_cache': False, 'cmake_clean_first': False, 'cmake_force_configure': False, 'cmake_target': None, 'cmake_target_skip_unavailable': False, 'install_base': '/home/admin/ros2_ws/src/install/projekt3', 'merge_install': False, 'path': '/home/admin/ros2_ws/src/projekt3', 'symlink_install': False, 'test_result_base': None}
[1.761s] Level 5:colcon.colcon_core.verb:set package 'projekt4' build argument 'cmake_args' from command line to 'None'
[1.761s] Level 5:colcon.colcon_core.verb:set package 'projekt4' build argument 'cmake_target' from command line to 'None'
[1.761s] Level 5:colcon.colcon_core.verb:set package 'projekt4' build argument 'cmake_target_skip_unavailable' from command line to 'False'
[1.761s] Level 5:colcon.colcon_core.verb:set package 'projekt4' build argument 'cmake_clean_cache' from command line to 'False'
[1.761s] Level 5:colcon.colcon_core.verb:set package 'projekt4' build argument 'cmake_clean_first' from command line to 'False'
[1.761s] Level 5:colcon.colcon_core.verb:set package 'projekt4' build argument 'cmake_force_configure' from command line to 'False'
[1.761s] Level 5:colcon.colcon_core.verb:set package 'projekt4' build argument 'ament_cmake_args' from command line to 'None'
[1.761s] Level 5:colcon.colcon_core.verb:set package 'projekt4' build argument 'catkin_cmake_args' from command line to 'None'
[1.761s] Level 5:colcon.colcon_core.verb:set package 'projekt4' build argument 'catkin_skip_building_tests' from command line to 'False'
[1.761s] DEBUG:colcon.colcon_core.verb:Building package 'projekt4' with the following arguments: {'ament_cmake_args': None, 'build_base': '/home/admin/ros2_ws/src/build/projekt4', 'catkin_cmake_args': None, 'catkin_skip_building_tests': False, 'cmake_args': None, 'cmake_clean_cache': False, 'cmake_clean_first': False, 'cmake_force_configure': False, 'cmake_target': None, 'cmake_target_skip_unavailable': False, 'install_base': '/home/admin/ros2_ws/src/install/projekt4', 'merge_install': False, 'path': '/home/admin/ros2_ws/src/projekt4', 'symlink_install': False, 'test_result_base': None}
[1.779s] INFO:colcon.colcon_core.executor:Executing jobs using 'parallel' executor
[1.803s] DEBUG:colcon.colcon_parallel_executor.executor.parallel:run_until_complete
[1.804s] INFO:colcon.colcon_ros.task.ament_cmake.build:Building ROS package in '/home/admin/ros2_ws/src/tutorial_interfaces' with build type 'ament_cmake'
[1.804s] INFO:colcon.colcon_cmake.task.cmake.build:Building CMake package in '/home/admin/ros2_ws/src/tutorial_interfaces'
[1.831s] INFO:colcon.colcon_core.plugin_system:Skipping extension 'colcon_core.shell.bat': Not used on non-Windows systems
[1.832s] INFO:colcon.colcon_core.shell:Skip shell extension 'powershell' for command environment: Not usable outside of PowerShell
[1.832s] DEBUG:colcon.colcon_core.shell:Skip shell extension 'dsv' for command environment
[1.886s] INFO:colcon.colcon_ros.task.ament_python.build:Building ROS package in '/home/admin/ros2_ws/src/lab2_to_send' with build type 'ament_python'
[1.886s] Level 1:colcon.colcon_core.shell:create_environment_hook('lab2_to_send', 'ament_prefix_path')
[1.904s] INFO:colcon.colcon_core.shell:Creating environment hook '/home/admin/ros2_ws/src/install/lab2_to_send/share/lab2_to_send/hook/ament_prefix_path.ps1'
[1.905s] INFO:colcon.colcon_core.shell:Creating environment descriptor '/home/admin/ros2_ws/src/install/lab2_to_send/share/lab2_to_send/hook/ament_prefix_path.dsv'
[1.911s] INFO:colcon.colcon_core.shell:Creating environment hook '/home/admin/ros2_ws/src/install/lab2_to_send/share/lab2_to_send/hook/ament_prefix_path.sh'
[1.933s] INFO:colcon.colcon_core.shell:Skip shell extension 'powershell' for command environment: Not usable outside of PowerShell
[1.933s] DEBUG:colcon.colcon_core.shell:Skip shell extension 'dsv' for command environment
[2.032s] INFO:colcon.colcon_ros.task.ament_cmake.build:Building ROS package in '/home/admin/ros2_ws/src/my_urdf_pkg' with build type 'ament_cmake'
[2.032s] INFO:colcon.colcon_cmake.task.cmake.build:Building CMake package in '/home/admin/ros2_ws/src/my_urdf_pkg'
[2.075s] INFO:colcon.colcon_core.shell:Skip shell extension 'powershell' for command environment: Not usable outside of PowerShell
[2.075s] DEBUG:colcon.colcon_core.shell:Skip shell extension 'dsv' for command environment
[2.152s] INFO:colcon.colcon_ros.task.ament_python.build:Building ROS package in '/home/admin/ros2_ws/src/projekt2' with build type 'ament_python'
[2.152s] Level 1:colcon.colcon_core.shell:create_environment_hook('projekt2', 'ament_prefix_path')
[2.181s] INFO:colcon.colcon_core.shell:Creating environment hook '/home/admin/ros2_ws/src/install/projekt2/share/projekt2/hook/ament_prefix_path.ps1'
[2.182s] INFO:colcon.colcon_core.shell:Creating environment descriptor '/home/admin/ros2_ws/src/install/projekt2/share/projekt2/hook/ament_prefix_path.dsv'
[2.183s] INFO:colcon.colcon_core.shell:Creating environment hook '/home/admin/ros2_ws/src/install/projekt2/share/projekt2/hook/ament_prefix_path.sh'
[2.202s] INFO:colcon.colcon_core.shell:Skip shell extension 'powershell' for command environment: Not usable outside of PowerShell
[2.202s] DEBUG:colcon.colcon_core.shell:Skip shell extension 'dsv' for command environment
[2.288s] DEBUG:colcon.colcon_core.event_handler.log_command:Invoking command in '/home/admin/ros2_ws/src/build/tutorial_interfaces': CMAKE_PREFIX_PATH=${CMAKE_PREFIX_PATH}:/home/admin/ros2_ws/src/install/projekt3:/home/admin/ros2_ws/src/install/py_pubsub:/home/admin/ros2_ws/src/install/projekt2:/home/admin/ros2_ws/src/install/lab2_to_send:/opt/ros/humble /usr/bin/cmake --build /home/admin/ros2_ws/src/build/tutorial_interfaces -- -j4 -l4
[2.585s] INFO:colcon.colcon_core.task.python.build:Building Python package in '/home/admin/ros2_ws/src/lab2_to_send'
[2.601s] INFO:colcon.colcon_core.shell:Skip shell extension 'powershell' for command environment: Not usable outside of PowerShell
[2.601s] DEBUG:colcon.colcon_core.shell:Skip shell extension 'dsv' for command environment
[2.674s] DEBUG:colcon.colcon_core.event_handler.log_command:Invoking command in '/home/admin/ros2_ws/src/build/my_urdf_pkg': CMAKE_PREFIX_PATH=${CMAKE_PREFIX_PATH}:/home/admin/ros2_ws/src/install/projekt3:/home/admin/ros2_ws/src/install/py_pubsub:/home/admin/ros2_ws/src/install/projekt2:/home/admin/ros2_ws/src/install/lab2_to_send:/opt/ros/humble /usr/bin/cmake --build /home/admin/ros2_ws/src/build/my_urdf_pkg -- -j4 -l4
[2.965s] INFO:colcon.colcon_core.task.python.build:Building Python package in '/home/admin/ros2_ws/src/projekt2'
[2.988s] INFO:colcon.colcon_core.shell:Skip shell extension 'powershell' for command environment: Not usable outside of PowerShell
[2.988s] DEBUG:colcon.colcon_core.shell:Skip shell extension 'dsv' for command environment
[3.051s] DEBUG:colcon.colcon_core.event_handler.log_command:Invoked command in '/home/admin/ros2_ws/src/build/my_urdf_pkg' returned '0': CMAKE_PREFIX_PATH=${CMAKE_PREFIX_PATH}:/home/admin/ros2_ws/src/install/projekt3:/home/admin/ros2_ws/src/install/py_pubsub:/home/admin/ros2_ws/src/install/projekt2:/home/admin/ros2_ws/src/install/lab2_to_send:/opt/ros/humble /usr/bin/cmake --build /home/admin/ros2_ws/src/build/my_urdf_pkg -- -j4 -l4
[3.053s] DEBUG:colcon.colcon_core.event_handler.log_command:Invoked command in '/home/admin/ros2_ws/src/build/tutorial_interfaces' returned '0': CMAKE_PREFIX_PATH=${CMAKE_PREFIX_PATH}:/home/admin/ros2_ws/src/install/projekt3:/home/admin/ros2_ws/src/install/py_pubsub:/home/admin/ros2_ws/src/install/projekt2:/home/admin/ros2_ws/src/install/lab2_to_send:/opt/ros/humble /usr/bin/cmake --build /home/admin/ros2_ws/src/build/tutorial_interfaces -- -j4 -l4
[3.157s] DEBUG:colcon.colcon_core.event_handler.log_command:Invoking command in '/home/admin/ros2_ws/src/build/my_urdf_pkg': CMAKE_PREFIX_PATH=${CMAKE_PREFIX_PATH}:/home/admin/ros2_ws/src/install/projekt3:/home/admin/ros2_ws/src/install/py_pubsub:/home/admin/ros2_ws/src/install/projekt2:/home/admin/ros2_ws/src/install/lab2_to_send:/opt/ros/humble /usr/bin/cmake --install /home/admin/ros2_ws/src/build/my_urdf_pkg
[3.179s] Level 1:colcon.colcon_core.environment:create_environment_scripts_only(my_urdf_pkg)
[3.198s] Level 1:colcon.colcon_core.environment:checking '/home/admin/ros2_ws/src/install/my_urdf_pkg' for CMake module files
[3.199s] Level 1:colcon.colcon_core.environment:checking '/home/admin/ros2_ws/src/install/my_urdf_pkg' for CMake config files
[3.199s] Level 1:colcon.colcon_core.shell:create_environment_hook('my_urdf_pkg', 'cmake_prefix_path')
[3.217s] INFO:colcon.colcon_core.shell:Creating environment hook '/home/admin/ros2_ws/src/install/my_urdf_pkg/share/my_urdf_pkg/hook/cmake_prefix_path.ps1'
[3.218s] INFO:colcon.colcon_core.shell:Creating environment descriptor '/home/admin/ros2_ws/src/install/my_urdf_pkg/share/my_urdf_pkg/hook/cmake_prefix_path.dsv'
[3.218s] DEBUG:colcon.colcon_core.event_handler.log_command:Invoked command in '/home/admin/ros2_ws/src/build/my_urdf_pkg' returned '0': CMAKE_PREFIX_PATH=${CMAKE_PREFIX_PATH}:/home/admin/ros2_ws/src/install/projekt3:/home/admin/ros2_ws/src/install/py_pubsub:/home/admin/ros2_ws/src/install/projekt2:/home/admin/ros2_ws/src/install/lab2_to_send:/opt/ros/humble /usr/bin/cmake --install /home/admin/ros2_ws/src/build/my_urdf_pkg
[3.219s] INFO:colcon.colcon_core.shell:Creating environment hook '/home/admin/ros2_ws/src/install/my_urdf_pkg/share/my_urdf_pkg/hook/cmake_prefix_path.sh'
[3.220s] Level 1:colcon.colcon_core.environment:checking '/home/admin/ros2_ws/src/install/my_urdf_pkg/bin'
[3.220s] Level 1:colcon.colcon_core.environment:checking '/home/admin/ros2_ws/src/install/my_urdf_pkg/lib/pkgconfig/my_urdf_pkg.pc'
[3.220s] Level 1:colcon.colcon_core.environment:checking '/home/admin/ros2_ws/src/install/my_urdf_pkg/lib/python3.10/site-packages'
[3.220s] Level 1:colcon.colcon_core.environment:checking '/home/admin/ros2_ws/src/install/my_urdf_pkg/bin'
[3.239s] INFO:colcon.colcon_core.shell:Creating package script '/home/admin/ros2_ws/src/install/my_urdf_pkg/share/my_urdf_pkg/package.ps1'
[3.241s] INFO:colcon.colcon_core.shell:Creating package descriptor '/home/admin/ros2_ws/src/install/my_urdf_pkg/share/my_urdf_pkg/package.dsv'
[3.241s] INFO:colcon.colcon_core.shell:Creating package script '/home/admin/ros2_ws/src/install/my_urdf_pkg/share/my_urdf_pkg/package.sh'
[3.243s] INFO:colcon.colcon_core.shell:Creating package script '/home/admin/ros2_ws/src/install/my_urdf_pkg/share/my_urdf_pkg/package.bash'
[3.244s] INFO:colcon.colcon_core.shell:Creating package script '/home/admin/ros2_ws/src/install/my_urdf_pkg/share/my_urdf_pkg/package.zsh'
[3.244s] Level 1:colcon.colcon_core.environment:create_file_with_runtime_dependencies(/home/admin/ros2_ws/src/install/my_urdf_pkg/share/colcon-core/packages/my_urdf_pkg)
[3.259s] DEBUG:colcon.colcon_core.event_handler.log_command:Invoking command in '/home/admin/ros2_ws/src/build/tutorial_interfaces': CMAKE_PREFIX_PATH=${CMAKE_PREFIX_PATH}:/home/admin/ros2_ws/src/install/projekt3:/home/admin/ros2_ws/src/install/py_pubsub:/home/admin/ros2_ws/src/install/projekt2:/home/admin/ros2_ws/src/install/lab2_to_send:/opt/ros/humble /usr/bin/cmake --install /home/admin/ros2_ws/src/build/tutorial_interfaces
[3.315s] Level 1:colcon.colcon_core.environment:create_environment_scripts_only(my_urdf_pkg)
[3.339s] Level 1:colcon.colcon_core.environment:checking '/home/admin/ros2_ws/src/install/my_urdf_pkg' for CMake module files
[3.339s] Level 1:colcon.colcon_core.environment:checking '/home/admin/ros2_ws/src/install/my_urdf_pkg' for CMake config files
[3.340s] Level 1:colcon.colcon_core.shell:create_environment_hook('my_urdf_pkg', 'cmake_prefix_path')
[3.355s] INFO:colcon.colcon_core.shell:Creating environment hook '/home/admin/ros2_ws/src/install/my_urdf_pkg/share/my_urdf_pkg/hook/cmake_prefix_path.ps1'
[3.355s] INFO:colcon.colcon_core.shell:Creating environment descriptor '/home/admin/ros2_ws/src/install/my_urdf_pkg/share/my_urdf_pkg/hook/cmake_prefix_path.dsv'
[3.356s] INFO:colcon.colcon_core.shell:Creating environment hook '/home/admin/ros2_ws/src/install/my_urdf_pkg/share/my_urdf_pkg/hook/cmake_prefix_path.sh'
[3.357s] Level 1:colcon.colcon_core.environment:checking '/home/admin/ros2_ws/src/install/my_urdf_pkg/bin'
[3.357s] Level 1:colcon.colcon_core.environment:checking '/home/admin/ros2_ws/src/install/my_urdf_pkg/lib/pkgconfig/my_urdf_pkg.pc'
[3.357s] Level 1:colcon.colcon_core.environment:checking '/home/admin/ros2_ws/src/install/my_urdf_pkg/lib/python3.10/site-packages'
[3.357s] Level 1:colcon.colcon_core.environment:checking '/home/admin/ros2_ws/src/install/my_urdf_pkg/bin'
[3.378s] INFO:colcon.colcon_core.shell:Creating package script '/home/admin/ros2_ws/src/install/my_urdf_pkg/share/my_urdf_pkg/package.ps1'
[3.379s] INFO:colcon.colcon_core.shell:Creating package descriptor '/home/admin/ros2_ws/src/install/my_urdf_pkg/share/my_urdf_pkg/package.dsv'
[3.381s] INFO:colcon.colcon_core.shell:Creating package script '/home/admin/ros2_ws/src/install/my_urdf_pkg/share/my_urdf_pkg/package.sh'
[3.381s] INFO:colcon.colcon_core.shell:Creating package script '/home/admin/ros2_ws/src/install/my_urdf_pkg/share/my_urdf_pkg/package.bash'
[3.382s] INFO:colcon.colcon_core.shell:Creating package script '/home/admin/ros2_ws/src/install/my_urdf_pkg/share/my_urdf_pkg/package.zsh'
[3.382s] Level 1:colcon.colcon_core.environment:create_file_with_runtime_dependencies(/home/admin/ros2_ws/src/install/my_urdf_pkg/share/colcon-core/packages/my_urdf_pkg)
[3.384s] INFO:colcon.colcon_ros.task.ament_python.build:Building ROS package in '/home/admin/ros2_ws/src/py_pubsub' with build type 'ament_python'
[3.384s] Level 1:colcon.colcon_core.shell:create_environment_hook('py_pubsub', 'ament_prefix_path')
[3.402s] INFO:colcon.colcon_core.shell:Creating environment hook '/home/admin/ros2_ws/src/install/py_pubsub/share/py_pubsub/hook/ament_prefix_path.ps1'
[3.402s] INFO:colcon.colcon_core.shell:Creating environment descriptor '/home/admin/ros2_ws/src/install/py_pubsub/share/py_pubsub/hook/ament_prefix_path.dsv'
[3.403s] INFO:colcon.colcon_core.shell:Creating environment hook '/home/admin/ros2_ws/src/install/py_pubsub/share/py_pubsub/hook/ament_prefix_path.sh'
[3.420s] INFO:colcon.colcon_core.shell:Skip shell extension 'powershell' for command environment: Not usable outside of PowerShell
[3.420s] DEBUG:colcon.colcon_core.shell:Skip shell extension 'dsv' for command environment
[3.476s] Level 1:colcon.colcon_core.environment:create_environment_scripts_only(tutorial_interfaces)
[3.476s] DEBUG:colcon.colcon_core.event_handler.log_command:Invoked command in '/home/admin/ros2_ws/src/build/tutorial_interfaces' returned '0': CMAKE_PREFIX_PATH=${CMAKE_PREFIX_PATH}:/home/admin/ros2_ws/src/install/projekt3:/home/admin/ros2_ws/src/install/py_pubsub:/home/admin/ros2_ws/src/install/projekt2:/home/admin/ros2_ws/src/install/lab2_to_send:/opt/ros/humble /usr/bin/cmake --install /home/admin/ros2_ws/src/build/tutorial_interfaces
[3.496s] Level 1:colcon.colcon_core.environment:checking '/home/admin/ros2_ws/src/install/tutorial_interfaces' for CMake module files
[3.497s] Level 1:colcon.colcon_core.environment:checking '/home/admin/ros2_ws/src/install/tutorial_interfaces' for CMake config files
[3.498s] Level 1:colcon.colcon_core.shell:create_environment_hook('tutorial_interfaces', 'cmake_prefix_path')
[3.517s] INFO:colcon.colcon_core.shell:Creating environment hook '/home/admin/ros2_ws/src/install/tutorial_interfaces/share/tutorial_interfaces/hook/cmake_prefix_path.ps1'
[3.518s] INFO:colcon.colcon_core.shell:Creating environment descriptor '/home/admin/ros2_ws/src/install/tutorial_interfaces/share/tutorial_interfaces/hook/cmake_prefix_path.dsv'
[3.518s] INFO:colcon.colcon_core.shell:Creating environment hook '/home/admin/ros2_ws/src/install/tutorial_interfaces/share/tutorial_interfaces/hook/cmake_prefix_path.sh'
[3.519s] Level 1:colcon.colcon_core.environment:checking '/home/admin/ros2_ws/src/install/tutorial_interfaces/lib'
[3.519s] Level 1:colcon.colcon_core.shell:create_environment_hook('tutorial_interfaces', 'ld_library_path_lib')
[3.535s] INFO:colcon.colcon_core.shell:Creating environment hook '/home/admin/ros2_ws/src/install/tutorial_interfaces/share/tutorial_interfaces/hook/ld_library_path_lib.ps1'
[3.537s] INFO:colcon.colcon_core.shell:Creating environment descriptor '/home/admin/ros2_ws/src/install/tutorial_interfaces/share/tutorial_interfaces/hook/ld_library_path_lib.dsv'
[3.539s] INFO:colcon.colcon_core.shell:Creating environment hook '/home/admin/ros2_ws/src/install/tutorial_interfaces/share/tutorial_interfaces/hook/ld_library_path_lib.sh'
[3.541s] Level 1:colcon.colcon_core.environment:checking '/home/admin/ros2_ws/src/install/tutorial_interfaces/bin'
[3.543s] Level 1:colcon.colcon_core.environment:checking '/home/admin/ros2_ws/src/install/tutorial_interfaces/lib/pkgconfig/tutorial_interfaces.pc'
[3.543s] Level 1:colcon.colcon_core.environment:checking '/home/admin/ros2_ws/src/install/tutorial_interfaces/lib/python3.10/site-packages'
[3.543s] Level 1:colcon.colcon_core.environment:checking '/home/admin/ros2_ws/src/install/tutorial_interfaces/bin'
[3.564s] INFO:colcon.colcon_core.shell:Creating package script '/home/admin/ros2_ws/src/install/tutorial_interfaces/share/tutorial_interfaces/package.ps1'
[3.565s] INFO:colcon.colcon_core.shell:Creating package descriptor '/home/admin/ros2_ws/src/install/tutorial_interfaces/share/tutorial_interfaces/package.dsv'
[3.566s] INFO:colcon.colcon_core.shell:Creating package script '/home/admin/ros2_ws/src/install/tutorial_interfaces/share/tutorial_interfaces/package.sh'
[3.566s] INFO:colcon.colcon_core.shell:Creating package script '/home/admin/ros2_ws/src/install/tutorial_interfaces/share/tutorial_interfaces/package.bash'
[3.566s] INFO:colcon.colcon_core.shell:Creating package script '/home/admin/ros2_ws/src/install/tutorial_interfaces/share/tutorial_interfaces/package.zsh'
[3.567s] Level 1:colcon.colcon_core.environment:create_file_with_runtime_dependencies(/home/admin/ros2_ws/src/install/tutorial_interfaces/share/colcon-core/packages/tutorial_interfaces)
[3.574s] DEBUG:colcon.colcon_core.event_handler.log_command:Invoking command in '/home/admin/ros2_ws/src/lab2_to_send': PYTHONPATH=/home/admin/ros2_ws/src/build/lab2_to_send/prefix_override:/home/admin/ros2_ws/src/install/lab2_to_send/lib/python3.10/site-packages:${PYTHONPATH} /usr/bin/python3 setup.py egg_info --egg-base ../build/lab2_to_send build --build-base /home/admin/ros2_ws/src/build/lab2_to_send/build install --record /home/admin/ros2_ws/src/build/lab2_to_send/install.log --single-version-externally-managed
[3.591s] DEBUG:colcon.colcon_core.event_handler.log_command:Invoking command in '/home/admin/ros2_ws/src/projekt2': PYTHONPATH=/home/admin/ros2_ws/src/build/projekt2/prefix_override:/home/admin/ros2_ws/src/install/projekt2/lib/python3.10/site-packages:${PYTHONPATH} /usr/bin/python3 setup.py egg_info --egg-base ../build/projekt2 build --build-base /home/admin/ros2_ws/src/build/projekt2/build install --record /home/admin/ros2_ws/src/build/projekt2/install.log --single-version-externally-managed
[3.962s] INFO:colcon.colcon_core.task.python.build:Building Python package in '/home/admin/ros2_ws/src/py_pubsub'
[3.987s] INFO:colcon.colcon_core.shell:Skip shell extension 'powershell' for command environment: Not usable outside of PowerShell
[3.987s] DEBUG:colcon.colcon_core.shell:Skip shell extension 'dsv' for command environment
[4.096s] Level 1:colcon.colcon_core.environment:create_environment_scripts_only(tutorial_interfaces)
[4.111s] Level 1:colcon.colcon_core.environment:checking '/home/admin/ros2_ws/src/install/tutorial_interfaces' for CMake module files
[4.112s] Level 1:colcon.colcon_core.environment:checking '/home/admin/ros2_ws/src/install/tutorial_interfaces' for CMake config files
[4.113s] Level 1:colcon.colcon_core.shell:create_environment_hook('tutorial_interfaces', 'cmake_prefix_path')
[4.129s] INFO:colcon.colcon_core.shell:Creating environment hook '/home/admin/ros2_ws/src/install/tutorial_interfaces/share/tutorial_interfaces/hook/cmake_prefix_path.ps1'
[4.129s] INFO:colcon.colcon_core.shell:Creating environment descriptor '/home/admin/ros2_ws/src/install/tutorial_interfaces/share/tutorial_interfaces/hook/cmake_prefix_path.dsv'
[4.130s] INFO:colcon.colcon_core.shell:Creating environment hook '/home/admin/ros2_ws/src/install/tutorial_interfaces/share/tutorial_interfaces/hook/cmake_prefix_path.sh'
[4.131s] Level 1:colcon.colcon_core.environment:checking '/home/admin/ros2_ws/src/install/tutorial_interfaces/lib'
[4.131s] Level 1:colcon.colcon_core.shell:create_environment_hook('tutorial_interfaces', 'ld_library_path_lib')
[4.151s] INFO:colcon.colcon_core.shell:Creating environment hook '/home/admin/ros2_ws/src/install/tutorial_interfaces/share/tutorial_interfaces/hook/ld_library_path_lib.ps1'
[4.152s] INFO:colcon.colcon_core.shell:Creating environment descriptor '/home/admin/ros2_ws/src/install/tutorial_interfaces/share/tutorial_interfaces/hook/ld_library_path_lib.dsv'
[4.152s] INFO:colcon.colcon_core.shell:Creating environment hook '/home/admin/ros2_ws/src/install/tutorial_interfaces/share/tutorial_interfaces/hook/ld_library_path_lib.sh'
[4.153s] Level 1:colcon.colcon_core.environment:checking '/home/admin/ros2_ws/src/install/tutorial_interfaces/bin'
[4.153s] Level 1:colcon.colcon_core.environment:checking '/home/admin/ros2_ws/src/install/tutorial_interfaces/lib/pkgconfig/tutorial_interfaces.pc'
[4.153s] Level 1:colcon.colcon_core.environment:checking '/home/admin/ros2_ws/src/install/tutorial_interfaces/lib/python3.10/site-packages'
[4.154s] Level 1:colcon.colcon_core.environment:checking '/home/admin/ros2_ws/src/install/tutorial_interfaces/bin'
[4.174s] INFO:colcon.colcon_core.shell:Creating package script '/home/admin/ros2_ws/src/install/tutorial_interfaces/share/tutorial_interfaces/package.ps1'
[4.175s] INFO:colcon.colcon_core.shell:Creating package descriptor '/home/admin/ros2_ws/src/install/tutorial_interfaces/share/tutorial_interfaces/package.dsv'
[4.175s] INFO:colcon.colcon_core.shell:Creating package script '/home/admin/ros2_ws/src/install/tutorial_interfaces/share/tutorial_interfaces/package.sh'
[4.176s] INFO:colcon.colcon_core.shell:Creating package script '/home/admin/ros2_ws/src/install/tutorial_interfaces/share/tutorial_interfaces/package.bash'
[4.177s] INFO:colcon.colcon_core.shell:Creating package script '/home/admin/ros2_ws/src/install/tutorial_interfaces/share/tutorial_interfaces/package.zsh'
[4.177s] Level 1:colcon.colcon_core.environment:create_file_with_runtime_dependencies(/home/admin/ros2_ws/src/install/tutorial_interfaces/share/colcon-core/packages/tutorial_interfaces)
[4.180s] INFO:colcon.colcon_ros.task.ament_python.build:Building ROS package in '/home/admin/ros2_ws/src/projekt3' with build type 'ament_python'
[4.180s] Level 1:colcon.colcon_core.shell:create_environment_hook('projekt3', 'ament_prefix_path')
[4.201s] INFO:colcon.colcon_core.shell:Creating environment hook '/home/admin/ros2_ws/src/install/projekt3/share/projekt3/hook/ament_prefix_path.ps1'
[4.202s] INFO:colcon.colcon_core.shell:Creating environment descriptor '/home/admin/ros2_ws/src/install/projekt3/share/projekt3/hook/ament_prefix_path.dsv'
[4.202s] INFO:colcon.colcon_core.shell:Creating environment hook '/home/admin/ros2_ws/src/install/projekt3/share/projekt3/hook/ament_prefix_path.sh'
[4.220s] INFO:colcon.colcon_core.shell:Skip shell extension 'powershell' for command environment: Not usable outside of PowerShell
[4.220s] DEBUG:colcon.colcon_core.shell:Skip shell extension 'dsv' for command environment
[4.273s] DEBUG:colcon.colcon_core.event_handler.log_command:Invoked command in '/home/admin/ros2_ws/src/lab2_to_send' returned '0': PYTHONPATH=/home/admin/ros2_ws/src/build/lab2_to_send/prefix_override:/home/admin/ros2_ws/src/install/lab2_to_send/lib/python3.10/site-packages:${PYTHONPATH} /usr/bin/python3 setup.py egg_info --egg-base ../build/lab2_to_send build --build-base /home/admin/ros2_ws/src/build/lab2_to_send/build install --record /home/admin/ros2_ws/src/build/lab2_to_send/install.log --single-version-externally-managed
[4.290s] Level 1:colcon.colcon_core.environment:checking '/home/admin/ros2_ws/src/install/lab2_to_send' for CMake module files
[4.290s] Level 1:colcon.colcon_core.environment:checking '/home/admin/ros2_ws/src/install/lab2_to_send' for CMake config files
[4.291s] Level 1:colcon.colcon_core.environment:checking '/home/admin/ros2_ws/src/install/lab2_to_send/lib'
[4.291s] Level 1:colcon.colcon_core.environment:checking '/home/admin/ros2_ws/src/install/lab2_to_send/bin'
[4.291s] Level 1:colcon.colcon_core.environment:checking '/home/admin/ros2_ws/src/install/lab2_to_send/lib/pkgconfig/lab2_to_send.pc'
[4.292s] Level 1:colcon.colcon_core.environment:checking '/home/admin/ros2_ws/src/install/lab2_to_send/lib/python3.10/site-packages'
[4.292s] Level 1:colcon.colcon_core.shell:create_environment_hook('lab2_to_send', 'pythonpath')
[4.308s] INFO:colcon.colcon_core.shell:Creating environment hook '/home/admin/ros2_ws/src/install/lab2_to_send/share/lab2_to_send/hook/pythonpath.ps1'
[4.310s] INFO:colcon.colcon_core.shell:Creating environment descriptor '/home/admin/ros2_ws/src/install/lab2_to_send/share/lab2_to_send/hook/pythonpath.dsv'
[4.315s] INFO:colcon.colcon_core.shell:Creating environment hook '/home/admin/ros2_ws/src/install/lab2_to_send/share/lab2_to_send/hook/pythonpath.sh'
[4.321s] Level 1:colcon.colcon_core.environment:checking '/home/admin/ros2_ws/src/install/lab2_to_send/bin'
[4.321s] Level 1:colcon.colcon_core.environment:create_environment_scripts_only(lab2_to_send)
[4.348s] INFO:colcon.colcon_core.shell:Creating package script '/home/admin/ros2_ws/src/install/lab2_to_send/share/lab2_to_send/package.ps1'
[4.350s] INFO:colcon.colcon_core.shell:Creating package descriptor '/home/admin/ros2_ws/src/install/lab2_to_send/share/lab2_to_send/package.dsv'
[4.351s] INFO:colcon.colcon_core.shell:Creating package script '/home/admin/ros2_ws/src/install/lab2_to_send/share/lab2_to_send/package.sh'
[4.353s] INFO:colcon.colcon_core.shell:Creating package script '/home/admin/ros2_ws/src/install/lab2_to_send/share/lab2_to_send/package.bash'
[4.354s] INFO:colcon.colcon_core.shell:Creating package script '/home/admin/ros2_ws/src/install/lab2_to_send/share/lab2_to_send/package.zsh'
[4.354s] Level 1:colcon.colcon_core.environment:create_file_with_runtime_dependencies(/home/admin/ros2_ws/src/install/lab2_to_send/share/colcon-core/packages/lab2_to_send)
[4.357s] DEBUG:colcon.colcon_core.event_handler.log_command:Invoked command in '/home/admin/ros2_ws/src/projekt2' returned '0': PYTHONPATH=/home/admin/ros2_ws/src/build/projekt2/prefix_override:/home/admin/ros2_ws/src/install/projekt2/lib/python3.10/site-packages:${PYTHONPATH} /usr/bin/python3 setup.py egg_info --egg-base ../build/projekt2 build --build-base /home/admin/ros2_ws/src/build/projekt2/build install --record /home/admin/ros2_ws/src/build/projekt2/install.log --single-version-externally-managed
[4.380s] Level 1:colcon.colcon_core.environment:checking '/home/admin/ros2_ws/src/install/projekt2' for CMake module files
[4.380s] Level 1:colcon.colcon_core.environment:checking '/home/admin/ros2_ws/src/install/projekt2' for CMake config files
[4.381s] Level 1:colcon.colcon_core.environment:checking '/home/admin/ros2_ws/src/install/projekt2/lib'
[4.381s] Level 1:colcon.colcon_core.environment:checking '/home/admin/ros2_ws/src/install/projekt2/bin'
[4.381s] Level 1:colcon.colcon_core.environment:checking '/home/admin/ros2_ws/src/install/projekt2/lib/pkgconfig/projekt2.pc'
[4.381s] Level 1:colcon.colcon_core.environment:checking '/home/admin/ros2_ws/src/install/projekt2/lib/python3.10/site-packages'
[4.381s] Level 1:colcon.colcon_core.shell:create_environment_hook('projekt2', 'pythonpath')
[4.397s] INFO:colcon.colcon_core.shell:Creating environment hook '/home/admin/ros2_ws/src/install/projekt2/share/projekt2/hook/pythonpath.ps1'
[4.399s] INFO:colcon.colcon_core.shell:Creating environment descriptor '/home/admin/ros2_ws/src/install/projekt2/share/projekt2/hook/pythonpath.dsv'
[4.399s] INFO:colcon.colcon_core.shell:Creating environment hook '/home/admin/ros2_ws/src/install/projekt2/share/projekt2/hook/pythonpath.sh'
[4.400s] Level 1:colcon.colcon_core.environment:checking '/home/admin/ros2_ws/src/install/projekt2/bin'
[4.400s] Level 1:colcon.colcon_core.environment:create_environment_scripts_only(projekt2)
[4.418s] INFO:colcon.colcon_core.shell:Creating package script '/home/admin/ros2_ws/src/install/projekt2/share/projekt2/package.ps1'
[4.419s] INFO:colcon.colcon_core.shell:Creating package descriptor '/home/admin/ros2_ws/src/install/projekt2/share/projekt2/package.dsv'
[4.421s] INFO:colcon.colcon_core.shell:Creating package script '/home/admin/ros2_ws/src/install/projekt2/share/projekt2/package.sh'
[4.422s] INFO:colcon.colcon_core.shell:Creating package script '/home/admin/ros2_ws/src/install/projekt2/share/projekt2/package.bash'
[4.423s] INFO:colcon.colcon_core.shell:Creating package script '/home/admin/ros2_ws/src/install/projekt2/share/projekt2/package.zsh'
[4.425s] Level 1:colcon.colcon_core.environment:create_file_with_runtime_dependencies(/home/admin/ros2_ws/src/install/projekt2/share/colcon-core/packages/projekt2)
[4.731s] INFO:colcon.colcon_core.task.python.build:Building Python package in '/home/admin/ros2_ws/src/projekt3'
[4.753s] INFO:colcon.colcon_core.shell:Skip shell extension 'powershell' for command environment: Not usable outside of PowerShell
[4.754s] DEBUG:colcon.colcon_core.shell:Skip shell extension 'dsv' for command environment
[4.821s] DEBUG:colcon.colcon_core.event_handler.log_command:Invoking command in '/home/admin/ros2_ws/src/py_pubsub': PYTHONPATH=/home/admin/ros2_ws/src/build/py_pubsub/prefix_override:/home/admin/ros2_ws/src/install/py_pubsub/lib/python3.10/site-packages:${PYTHONPATH} /usr/bin/python3 setup.py egg_info --egg-base ../build/py_pubsub build --build-base /home/admin/ros2_ws/src/build/py_pubsub/build install --record /home/admin/ros2_ws/src/build/py_pubsub/install.log --single-version-externally-managed
[5.329s] DEBUG:colcon.colcon_core.event_handler.log_command:Invoked command in '/home/admin/ros2_ws/src/py_pubsub' returned '0': PYTHONPATH=/home/admin/ros2_ws/src/build/py_pubsub/prefix_override:/home/admin/ros2_ws/src/install/py_pubsub/lib/python3.10/site-packages:${PYTHONPATH} /usr/bin/python3 setup.py egg_info --egg-base ../build/py_pubsub build --build-base /home/admin/ros2_ws/src/build/py_pubsub/build install --record /home/admin/ros2_ws/src/build/py_pubsub/install.log --single-version-externally-managed
[5.346s] Level 1:colcon.colcon_core.environment:checking '/home/admin/ros2_ws/src/install/py_pubsub' for CMake module files
[5.346s] Level 1:colcon.colcon_core.environment:checking '/home/admin/ros2_ws/src/install/py_pubsub' for CMake config files
[5.347s] Level 1:colcon.colcon_core.environment:checking '/home/admin/ros2_ws/src/install/py_pubsub/lib'
[5.347s] Level 1:colcon.colcon_core.environment:checking '/home/admin/ros2_ws/src/install/py_pubsub/bin'
[5.347s] Level 1:colcon.colcon_core.environment:checking '/home/admin/ros2_ws/src/install/py_pubsub/lib/pkgconfig/py_pubsub.pc'
[5.348s] Level 1:colcon.colcon_core.environment:checking '/home/admin/ros2_ws/src/install/py_pubsub/lib/python3.10/site-packages'
[5.348s] Level 1:colcon.colcon_core.shell:create_environment_hook('py_pubsub', 'pythonpath')
[5.366s] INFO:colcon.colcon_core.shell:Creating environment hook '/home/admin/ros2_ws/src/install/py_pubsub/share/py_pubsub/hook/pythonpath.ps1'
[5.367s] INFO:colcon.colcon_core.shell:Creating environment descriptor '/home/admin/ros2_ws/src/install/py_pubsub/share/py_pubsub/hook/pythonpath.dsv'
[5.368s] INFO:colcon.colcon_core.shell:Creating environment hook '/home/admin/ros2_ws/src/install/py_pubsub/share/py_pubsub/hook/pythonpath.sh'
[5.369s] Level 1:colcon.colcon_core.environment:checking '/home/admin/ros2_ws/src/install/py_pubsub/bin'
[5.369s] Level 1:colcon.colcon_core.environment:create_environment_scripts_only(py_pubsub)
[5.386s] INFO:colcon.colcon_core.shell:Creating package script '/home/admin/ros2_ws/src/install/py_pubsub/share/py_pubsub/package.ps1'
[5.388s] INFO:colcon.colcon_core.shell:Creating package descriptor '/home/admin/ros2_ws/src/install/py_pubsub/share/py_pubsub/package.dsv'
[5.388s] INFO:colcon.colcon_core.shell:Creating package script '/home/admin/ros2_ws/src/install/py_pubsub/share/py_pubsub/package.sh'
[5.389s] INFO:colcon.colcon_core.shell:Creating package script '/home/admin/ros2_ws/src/install/py_pubsub/share/py_pubsub/package.bash'
[5.390s] INFO:colcon.colcon_core.shell:Creating package script '/home/admin/ros2_ws/src/install/py_pubsub/share/py_pubsub/package.zsh'
[5.390s] Level 1:colcon.colcon_core.environment:create_file_with_runtime_dependencies(/home/admin/ros2_ws/src/install/py_pubsub/share/colcon-core/packages/py_pubsub)
[5.452s] DEBUG:colcon.colcon_core.event_handler.log_command:Invoking command in '/home/admin/ros2_ws/src/projekt3': PYTHONPATH=/home/admin/ros2_ws/src/build/projekt3/prefix_override:/home/admin/ros2_ws/src/install/projekt3/lib/python3.10/site-packages:${PYTHONPATH} /usr/bin/python3 setup.py egg_info --egg-base ../build/projekt3 build --build-base /home/admin/ros2_ws/src/build/projekt3/build install --record /home/admin/ros2_ws/src/build/projekt3/install.log --single-version-externally-managed
[5.834s] DEBUG:colcon.colcon_core.event_handler.log_command:Invoked command in '/home/admin/ros2_ws/src/projekt3' returned '0': PYTHONPATH=/home/admin/ros2_ws/src/build/projekt3/prefix_override:/home/admin/ros2_ws/src/install/projekt3/lib/python3.10/site-packages:${PYTHONPATH} /usr/bin/python3 setup.py egg_info --egg-base ../build/projekt3 build --build-base /home/admin/ros2_ws/src/build/projekt3/build install --record /home/admin/ros2_ws/src/build/projekt3/install.log --single-version-externally-managed
[5.851s] Level 1:colcon.colcon_core.environment:checking '/home/admin/ros2_ws/src/install/projekt3' for CMake module files
[5.853s] Level 1:colcon.colcon_core.environment:checking '/home/admin/ros2_ws/src/install/projekt3' for CMake config files
[5.854s] Level 1:colcon.colcon_core.environment:checking '/home/admin/ros2_ws/src/install/projekt3/lib'
[5.854s] Level 1:colcon.colcon_core.environment:checking '/home/admin/ros2_ws/src/install/projekt3/bin'
[5.854s] Level 1:colcon.colcon_core.environment:checking '/home/admin/ros2_ws/src/install/projekt3/lib/pkgconfig/projekt3.pc'
[5.855s] Level 1:colcon.colcon_core.environment:checking '/home/admin/ros2_ws/src/install/projekt3/lib/python3.10/site-packages'
[5.855s] Level 1:colcon.colcon_core.shell:create_environment_hook('projekt3', 'pythonpath')
[5.872s] INFO:colcon.colcon_core.shell:Creating environment hook '/home/admin/ros2_ws/src/install/projekt3/share/projekt3/hook/pythonpath.ps1'
[5.873s] INFO:colcon.colcon_core.shell:Creating environment descriptor '/home/admin/ros2_ws/src/install/projekt3/share/projekt3/hook/pythonpath.dsv'
[5.874s] INFO:colcon.colcon_core.shell:Creating environment hook '/home/admin/ros2_ws/src/install/projekt3/share/projekt3/hook/pythonpath.sh'
[5.875s] Level 1:colcon.colcon_core.environment:checking '/home/admin/ros2_ws/src/install/projekt3/bin'
[5.875s] Level 1:colcon.colcon_core.environment:create_environment_scripts_only(projekt3)
[5.895s] INFO:colcon.colcon_core.shell:Creating package script '/home/admin/ros2_ws/src/install/projekt3/share/projekt3/package.ps1'
[5.896s] INFO:colcon.colcon_core.shell:Creating package descriptor '/home/admin/ros2_ws/src/install/projekt3/share/projekt3/package.dsv'
[5.897s] INFO:colcon.colcon_core.shell:Creating package script '/home/admin/ros2_ws/src/install/projekt3/share/projekt3/package.sh'
[5.899s] INFO:colcon.colcon_core.shell:Creating package script '/home/admin/ros2_ws/src/install/projekt3/share/projekt3/package.bash'
[5.899s] INFO:colcon.colcon_core.shell:Creating package script '/home/admin/ros2_ws/src/install/projekt3/share/projekt3/package.zsh'
[5.900s] Level 1:colcon.colcon_core.environment:create_file_with_runtime_dependencies(/home/admin/ros2_ws/src/install/projekt3/share/colcon-core/packages/projekt3)
[5.901s] INFO:colcon.colcon_ros.task.ament_python.build:Building ROS package in '/home/admin/ros2_ws/src/projekt4' with build type 'ament_python'
[5.901s] Level 1:colcon.colcon_core.shell:create_environment_hook('projekt4', 'ament_prefix_path')
[5.936s] INFO:colcon.colcon_core.shell:Creating environment hook '/home/admin/ros2_ws/src/install/projekt4/share/projekt4/hook/ament_prefix_path.ps1'
[5.937s] INFO:colcon.colcon_core.shell:Creating environment descriptor '/home/admin/ros2_ws/src/install/projekt4/share/projekt4/hook/ament_prefix_path.dsv'
[5.938s] INFO:colcon.colcon_core.shell:Creating environment hook '/home/admin/ros2_ws/src/install/projekt4/share/projekt4/hook/ament_prefix_path.sh'
[5.959s] INFO:colcon.colcon_core.shell:Skip shell extension 'powershell' for command environment: Not usable outside of PowerShell
[5.959s] DEBUG:colcon.colcon_core.shell:Skip shell extension 'dsv' for command environment
[6.416s] INFO:colcon.colcon_core.task.python.build:Building Python package in '/home/admin/ros2_ws/src/projekt4'
[6.434s] INFO:colcon.colcon_core.shell:Skip shell extension 'powershell' for command environment: Not usable outside of PowerShell
[6.434s] DEBUG:colcon.colcon_core.shell:Skip shell extension 'dsv' for command environment
[6.978s] DEBUG:colcon.colcon_core.event_handler.log_command:Invoking command in '/home/admin/ros2_ws/src/projekt4': PYTHONPATH=/home/admin/ros2_ws/src/build/projekt4/prefix_override:/home/admin/ros2_ws/src/install/projekt4/lib/python3.10/site-packages:/home/admin/ros2_ws/src/install/projekt3/lib/python3.10/site-packages:/home/admin/ros2_ws/src/install/projekt4/lib/python3.10/site-packages:/home/admin/ros2_ws/src/install/tutorial_interfaces/local/lib/python3.10/dist-packages:/home/admin/ros2_ws/src/install/py_pubsub/lib/python3.10/site-packages:/home/admin/ros2_ws/src/install/projekt2/lib/python3.10/site-packages:/home/admin/ros2_ws/src/install/lab2_to_send/lib/python3.10/site-packages:/opt/ros/humble/lib/python3.10/site-packages:/opt/ros/humble/local/lib/python3.10/dist-packages /usr/bin/python3 setup.py egg_info --egg-base ../build/projekt4 build --build-base /home/admin/ros2_ws/src/build/projekt4/build install --record /home/admin/ros2_ws/src/build/projekt4/install.log --single-version-externally-managed
[7.366s] DEBUG:colcon.colcon_core.event_handler.log_command:Invoked command in '/home/admin/ros2_ws/src/projekt4' returned '0': PYTHONPATH=/home/admin/ros2_ws/src/build/projekt4/prefix_override:/home/admin/ros2_ws/src/install/projekt4/lib/python3.10/site-packages:/home/admin/ros2_ws/src/install/projekt3/lib/python3.10/site-packages:/home/admin/ros2_ws/src/install/projekt4/lib/python3.10/site-packages:/home/admin/ros2_ws/src/install/tutorial_interfaces/local/lib/python3.10/dist-packages:/home/admin/ros2_ws/src/install/py_pubsub/lib/python3.10/site-packages:/home/admin/ros2_ws/src/install/projekt2/lib/python3.10/site-packages:/home/admin/ros2_ws/src/install/lab2_to_send/lib/python3.10/site-packages:/opt/ros/humble/lib/python3.10/site-packages:/opt/ros/humble/local/lib/python3.10/dist-packages /usr/bin/python3 setup.py egg_info --egg-base ../build/projekt4 build --build-base /home/admin/ros2_ws/src/build/projekt4/build install --record /home/admin/ros2_ws/src/build/projekt4/install.log --single-version-externally-managed
[7.380s] Level 1:colcon.colcon_core.environment:checking '/home/admin/ros2_ws/src/install/projekt4' for CMake module files
[7.381s] Level 1:colcon.colcon_core.environment:checking '/home/admin/ros2_ws/src/install/projekt4' for CMake config files
[7.381s] Level 1:colcon.colcon_core.environment:checking '/home/admin/ros2_ws/src/install/projekt4/lib'
[7.381s] Level 1:colcon.colcon_core.environment:checking '/home/admin/ros2_ws/src/install/projekt4/bin'
[7.382s] Level 1:colcon.colcon_core.environment:checking '/home/admin/ros2_ws/src/install/projekt4/lib/pkgconfig/projekt4.pc'
[7.382s] Level 1:colcon.colcon_core.environment:checking '/home/admin/ros2_ws/src/install/projekt4/lib/python3.10/site-packages'
[7.382s] Level 1:colcon.colcon_core.shell:create_environment_hook('projekt4', 'pythonpath')
[7.405s] INFO:colcon.colcon_core.shell:Creating environment hook '/home/admin/ros2_ws/src/install/projekt4/share/projekt4/hook/pythonpath.ps1'
[7.406s] INFO:colcon.colcon_core.shell:Creating environment descriptor '/home/admin/ros2_ws/src/install/projekt4/share/projekt4/hook/pythonpath.dsv'
[7.406s] INFO:colcon.colcon_core.shell:Creating environment hook '/home/admin/ros2_ws/src/install/projekt4/share/projekt4/hook/pythonpath.sh'
[7.407s] Level 1:colcon.colcon_core.environment:checking '/home/admin/ros2_ws/src/install/projekt4/bin'
[7.407s] Level 1:colcon.colcon_core.environment:create_environment_scripts_only(projekt4)
[7.432s] INFO:colcon.colcon_core.shell:Creating package script '/home/admin/ros2_ws/src/install/projekt4/share/projekt4/package.ps1'
[7.433s] INFO:colcon.colcon_core.shell:Creating package descriptor '/home/admin/ros2_ws/src/install/projekt4/share/projekt4/package.dsv'
[7.434s] INFO:colcon.colcon_core.shell:Creating package script '/home/admin/ros2_ws/src/install/projekt4/share/projekt4/package.sh'
[7.434s] INFO:colcon.colcon_core.shell:Creating package script '/home/admin/ros2_ws/src/install/projekt4/share/projekt4/package.bash'
[7.434s] INFO:colcon.colcon_core.shell:Creating package script '/home/admin/ros2_ws/src/install/projekt4/share/projekt4/package.zsh'
[7.435s] Level 1:colcon.colcon_core.environment:create_file_with_runtime_dependencies(/home/admin/ros2_ws/src/install/projekt4/share/colcon-core/packages/projekt4)
[7.435s] DEBUG:colcon.colcon_parallel_executor.executor.parallel:closing loop
[7.437s] DEBUG:colcon.colcon_parallel_executor.executor.parallel:loop closed
[7.437s] DEBUG:colcon.colcon_parallel_executor.executor.parallel:run_until_complete finished with '0'
[7.438s] DEBUG:colcon.colcon_core.event_reactor:joining thread
[7.466s] INFO:colcon.colcon_core.plugin_system:Skipping extension 'colcon_notification.desktop_notification.terminal_notifier': Not used on non-Darwin systems
[7.466s] INFO:colcon.colcon_core.plugin_system:Skipping extension 'colcon_notification.desktop_notification.win32': Not used on non-Windows systems
[7.466s] INFO:colcon.colcon_notification.desktop_notification:Sending desktop notification using 'notify2'
[7.506s] DEBUG:colcon.colcon_core.event_reactor:joined thread
[7.522s] INFO:colcon.colcon_core.shell:Creating prefix script '/home/admin/ros2_ws/src/install/local_setup.ps1'
[7.523s] INFO:colcon.colcon_core.shell:Creating prefix util module '/home/admin/ros2_ws/src/install/_local_setup_util_ps1.py'
[7.525s] INFO:colcon.colcon_core.shell:Creating prefix chain script '/home/admin/ros2_ws/src/install/setup.ps1'
[7.546s] INFO:colcon.colcon_core.shell:Creating prefix script '/home/admin/ros2_ws/src/install/local_setup.sh'
[7.550s] INFO:colcon.colcon_core.shell:Creating prefix util module '/home/admin/ros2_ws/src/install/_local_setup_util_sh.py'
[7.551s] INFO:colcon.colcon_core.shell:Creating prefix chain script '/home/admin/ros2_ws/src/install/setup.sh'
[7.572s] INFO:colcon.colcon_core.shell:Creating prefix script '/home/admin/ros2_ws/src/install/local_setup.bash'
[7.572s] INFO:colcon.colcon_core.shell:Creating prefix chain script '/home/admin/ros2_ws/src/install/setup.bash'
[7.594s] INFO:colcon.colcon_core.shell:Creating prefix script '/home/admin/ros2_ws/src/install/local_setup.zsh'
[7.594s] INFO:colcon.colcon_core.shell:Creating prefix chain script '/home/admin/ros2_ws/src/install/setup.zsh'
