[1.725s] Invoking command in '/home/admin/ros2_ws/src/projekt2': PYTHONPATH=/home/admin/ros2_ws/src/build/projekt2/prefix_override:/home/admin/ros2_ws/src/install/projekt2/lib/python3.10/site-packages:${PYTHONPATH} /usr/bin/python3 setup.py egg_info --egg-base ../build/projekt2 build --build-base /home/admin/ros2_ws/src/build/projekt2/build install --record /home/admin/ros2_ws/src/build/projekt2/install.log --single-version-externally-managed
[1.977s] running egg_info
[1.989s] writing ../build/projekt2/projekt2.egg-info/PKG-INFO
[1.989s] writing dependency_links to ../build/projekt2/projekt2.egg-info/dependency_links.txt
[1.989s] writing entry points to ../build/projekt2/projekt2.egg-info/entry_points.txt
[1.989s] writing requirements to ../build/projekt2/projekt2.egg-info/requires.txt
[1.989s] writing top-level names to ../build/projekt2/projekt2.egg-info/top_level.txt
[1.989s] reading manifest file '../build/projekt2/projekt2.egg-info/SOURCES.txt'
[1.989s] writing manifest file '../build/projekt2/projekt2.egg-info/SOURCES.txt'
[1.990s] running build
[1.990s] running build_py
[1.990s] running install
[1.990s] running install_lib
[1.990s] running install_data
[1.990s] running install_egg_info
[1.990s] removing '/home/admin/ros2_ws/src/install/projekt2/lib/python3.10/site-packages/projekt2-0.0.0-py3.10.egg-info' (and everything under it)
[1.991s] Copying ../build/projekt2/projekt2.egg-info to /home/admin/ros2_ws/src/install/projekt2/lib/python3.10/site-packages/projekt2-0.0.0-py3.10.egg-info
[1.992s] running install_scripts
[1.998s] /usr/lib/python3/dist-packages/setuptools/command/install.py:34: SetuptoolsDeprecationWarning: setup.py install is deprecated. Use build and pip and other standards-based tools.
[1.998s]   warnings.warn(
[2.025s] Installing forward_kin script to /home/admin/ros2_ws/src/install/projekt2/lib/projekt2
[2.026s] writing list of installed files to '/home/admin/ros2_ws/src/build/projekt2/install.log'
[2.850s] Invoked command in '/home/admin/ros2_ws/src/projekt2' returned '0': PYTHONPATH=/home/admin/ros2_ws/src/build/projekt2/prefix_override:/home/admin/ros2_ws/src/install/projekt2/lib/python3.10/site-packages:${PYTHONPATH} /usr/bin/python3 setup.py egg_info --egg-base ../build/projekt2 build --build-base /home/admin/ros2_ws/src/build/projekt2/build install --record /home/admin/ros2_ws/src/build/projekt2/install.log --single-version-externally-managed
