-- Found ament_cmake: 1.3.7 (/opt/ros/humble/share/ament_cmake/cmake)
-- Found rclcpp: 16.0.8 (/opt/ros/humble/share/rclcpp/cmake)
-- Found rosidl_generator_c: 3.1.5 (/opt/ros/humble/share/rosidl_generator_c/cmake)
-- Found rosidl_adapter: 3.1.5 (/opt/ros/humble/share/rosidl_adapter/cmake)
-- Found rosidl_generator_cpp: 3.1.5 (/opt/ros/humble/share/rosidl_generator_cpp/cmake)
-- Using all available rosidl_typesupport_c: rosidl_typesupport_fastrtps_c;rosidl_typesupport_introspection_c
-- Using all available rosidl_typesupport_cpp: rosidl_typesupport_fastrtps_cpp;rosidl_typesupport_introspection_cpp
-- Found rmw_implementation_cmake: 6.1.1 (/opt/ros/humble/share/rmw_implementation_cmake/cmake)
-- Found rmw_fastrtps_cpp: 6.2.6 (/opt/ros/humble/share/rmw_fastrtps_cpp/cmake)
-- Using RMW implementation 'rmw_fastrtps_cpp' as default
-- Found rosidl_default_generators: 1.2.0 (/opt/ros/humble/share/rosidl_default_generators/cmake)
-- Found ament_cmake_ros: 0.10.0 (/opt/ros/humble/share/ament_cmake_ros/cmake)
-- Using all available rosidl_typesupport_c: rosidl_typesupport_fastrtps_c;rosidl_typesupport_introspection_c
-- Using all available rosidl_typesupport_cpp: rosidl_typesupport_fastrtps_cpp;rosidl_typesupport_introspection_cpp
-- Found python_cmake_module: 0.10.0 (/opt/ros/humble/share/python_cmake_module/cmake)
-- Using PYTHON_EXECUTABLE: /usr/bin/python3
-- Using PYTHON_INCLUDE_DIRS: /usr/include/python3.10
-- Using PYTHON_LIBRARIES: /usr/lib/x86_64-linux-gnu/libpython3.10.so
-- Found ament_lint_auto: 0.12.10 (/opt/ros/humble/share/ament_lint_auto/cmake)
-- Added test 'lint_cmake' to check CMake code style
-- Added test 'xmllint' to check XML markup files
-- Configuring done
-- Generating done
-- Build files have been written to: /home/admin/ros2_ws/src/build/tutorial_interfaces
[  3%] [34m[1mGenerating C code for ROS interfaces[0m
[  6%] [34m[1mGenerating C++ code for ROS interfaces[0m
[  6%] Built target ament_cmake_python_copy_tutorial_interfaces
running egg_info
writing tutorial_interfaces.egg-info/PKG-INFO
writing dependency_links to tutorial_interfaces.egg-info/dependency_links.txt
writing top-level names to tutorial_interfaces.egg-info/top_level.txt
reading manifest file 'tutorial_interfaces.egg-info/SOURCES.txt'
writing manifest file 'tutorial_interfaces.egg-info/SOURCES.txt'
[  6%] Built target ament_cmake_python_build_tutorial_interfaces_egg
[  9%] [32mBuilding C object CMakeFiles/tutorial_interfaces__rosidl_generator_c.dir/rosidl_generator_c/tutorial_interfaces/action/detail/draw_shape__functions.c.o[0m
[  9%] Built target tutorial_interfaces__cpp
[ 16%] [34m[1mGenerating C++ type support for eProsima Fast-RTPS[0m
[ 12%] [34m[1mGenerating C++ type support dispatch for ROS interfaces[0m
[ 19%] [34m[1mGenerating C++ introspection for ROS interfaces[0m
[ 22%] [32m[1mLinking C shared library libtutorial_interfaces__rosidl_generator_c.so[0m
[ 22%] Built target tutorial_interfaces__rosidl_generator_c
[ 25%] [34m[1mGenerating C type support for eProsima Fast-RTPS[0m
[ 29%] [32mBuilding CXX object CMakeFiles/tutorial_interfaces__rosidl_typesupport_cpp.dir/rosidl_typesupport_cpp/tutorial_interfaces/action/draw_shape__type_support.cpp.o[0m
[ 32%] [32mBuilding CXX object CMakeFiles/tutorial_interfaces__rosidl_typesupport_introspection_cpp.dir/rosidl_typesupport_introspection_cpp/tutorial_interfaces/action/detail/draw_shape__type_support.cpp.o[0m
[ 35%] [32mBuilding CXX object CMakeFiles/tutorial_interfaces__rosidl_typesupport_fastrtps_cpp.dir/rosidl_typesupport_fastrtps_cpp/tutorial_interfaces/action/detail/dds_fastrtps/draw_shape__type_support.cpp.o[0m
[ 38%] [32mBuilding CXX object CMakeFiles/tutorial_interfaces__rosidl_typesupport_fastrtps_c.dir/rosidl_typesupport_fastrtps_c/tutorial_interfaces/action/detail/draw_shape__type_support_c.cpp.o[0m
[ 41%] [32m[1mLinking CXX shared library libtutorial_interfaces__rosidl_typesupport_cpp.so[0m
[ 41%] Built target tutorial_interfaces__rosidl_typesupport_cpp
[ 45%] [32m[1mLinking CXX shared library libtutorial_interfaces__rosidl_typesupport_introspection_cpp.so[0m
[ 48%] [34m[1mGenerating C introspection for ROS interfaces[0m
[ 51%] [32m[1mLinking CXX shared library libtutorial_interfaces__rosidl_typesupport_fastrtps_c.so[0m
[ 54%] [32m[1mLinking CXX shared library libtutorial_interfaces__rosidl_typesupport_fastrtps_cpp.so[0m
[ 54%] Built target tutorial_interfaces__rosidl_typesupport_introspection_cpp
[ 54%] Built target tutorial_interfaces__rosidl_typesupport_fastrtps_cpp
[ 58%] [34m[1mGenerating C type support dispatch for ROS interfaces[0m
[ 58%] Built target tutorial_interfaces__rosidl_typesupport_fastrtps_c
[ 61%] [32mBuilding C object CMakeFiles/tutorial_interfaces__rosidl_typesupport_introspection_c.dir/rosidl_typesupport_introspection_c/tutorial_interfaces/action/detail/draw_shape__type_support.c.o[0m
[ 64%] [32mBuilding CXX object CMakeFiles/tutorial_interfaces__rosidl_typesupport_c.dir/rosidl_typesupport_c/tutorial_interfaces/action/draw_shape__type_support.cpp.o[0m
[ 67%] [32m[1mLinking C shared library libtutorial_interfaces__rosidl_typesupport_introspection_c.so[0m
[ 70%] [32m[1mLinking CXX shared library libtutorial_interfaces__rosidl_typesupport_c.so[0m
[ 70%] Built target tutorial_interfaces__rosidl_typesupport_introspection_c
[ 70%] Built target tutorial_interfaces__rosidl_typesupport_c
[ 70%] Built target tutorial_interfaces
[ 74%] [34m[1mGenerating Python code for ROS interfaces[0m
[ 74%] Built target tutorial_interfaces__py
[ 77%] [32mBuilding C object CMakeFiles/tutorial_interfaces__rosidl_generator_py.dir/rosidl_generator_py/tutorial_interfaces/action/_draw_shape_s.c.o[0m
[ 80%] [32m[1mLinking C shared library rosidl_generator_py/tutorial_interfaces/libtutorial_interfaces__rosidl_generator_py.so[0m
[ 80%] Built target tutorial_interfaces__rosidl_generator_py
[35m[1mConsolidate compiler generated dependencies of target tutorial_interfaces__rosidl_typesupport_c__pyext[0m
[35m[1mConsolidate compiler generated dependencies of target tutorial_interfaces__rosidl_typesupport_introspection_c__pyext[0m
[35m[1mConsolidate compiler generated dependencies of target tutorial_interfaces__rosidl_typesupport_fastrtps_c__pyext[0m
[ 83%] [32mBuilding C object CMakeFiles/tutorial_interfaces__rosidl_typesupport_fastrtps_c__pyext.dir/rosidl_generator_py/tutorial_interfaces/_tutorial_interfaces_s.ep.rosidl_typesupport_fastrtps_c.c.o[0m
[ 87%] [32mBuilding C object CMakeFiles/tutorial_interfaces__rosidl_typesupport_c__pyext.dir/rosidl_generator_py/tutorial_interfaces/_tutorial_interfaces_s.ep.rosidl_typesupport_c.c.o[0m
[ 90%] [32mBuilding C object CMakeFiles/tutorial_interfaces__rosidl_typesupport_introspection_c__pyext.dir/rosidl_generator_py/tutorial_interfaces/_tutorial_interfaces_s.ep.rosidl_typesupport_introspection_c.c.o[0m
[ 93%] [32m[1mLinking C shared library rosidl_generator_py/tutorial_interfaces/tutorial_interfaces_s__rosidl_typesupport_c.cpython-310-x86_64-linux-gnu.so[0m
[ 96%] [32m[1mLinking C shared library rosidl_generator_py/tutorial_interfaces/tutorial_interfaces_s__rosidl_typesupport_introspection_c.cpython-310-x86_64-linux-gnu.so[0m
[100%] [32m[1mLinking C shared library rosidl_generator_py/tutorial_interfaces/tutorial_interfaces_s__rosidl_typesupport_fastrtps_c.cpython-310-x86_64-linux-gnu.so[0m
[100%] Built target tutorial_interfaces__rosidl_typesupport_c__pyext
[100%] Built target tutorial_interfaces__rosidl_typesupport_introspection_c__pyext
[100%] Built target tutorial_interfaces__rosidl_typesupport_fastrtps_c__pyext
-- Install configuration: ""
-- Installing: /home/admin/ros2_ws/src/install/tutorial_interfaces/share/ament_index/resource_index/rosidl_interfaces/tutorial_interfaces
-- Up-to-date: /home/admin/ros2_ws/src/install/tutorial_interfaces/include/tutorial_interfaces/tutorial_interfaces
-- Up-to-date: /home/admin/ros2_ws/src/install/tutorial_interfaces/include/tutorial_interfaces/tutorial_interfaces/msg
-- Up-to-date: /home/admin/ros2_ws/src/install/tutorial_interfaces/include/tutorial_interfaces/tutorial_interfaces/msg/rosidl_generator_c__visibility_control.h
-- Installing: /home/admin/ros2_ws/src/install/tutorial_interfaces/include/tutorial_interfaces/tutorial_interfaces/action
-- Installing: /home/admin/ros2_ws/src/install/tutorial_interfaces/include/tutorial_interfaces/tutorial_interfaces/action/detail
-- Installing: /home/admin/ros2_ws/src/install/tutorial_interfaces/include/tutorial_interfaces/tutorial_interfaces/action/detail/draw_shape__functions.c
-- Installing: /home/admin/ros2_ws/src/install/tutorial_interfaces/include/tutorial_interfaces/tutorial_interfaces/action/detail/draw_shape__functions.h
-- Installing: /home/admin/ros2_ws/src/install/tutorial_interfaces/include/tutorial_interfaces/tutorial_interfaces/action/detail/draw_shape__struct.h
-- Installing: /home/admin/ros2_ws/src/install/tutorial_interfaces/include/tutorial_interfaces/tutorial_interfaces/action/detail/draw_shape__type_support.h
-- Installing: /home/admin/ros2_ws/src/install/tutorial_interfaces/include/tutorial_interfaces/tutorial_interfaces/action/draw_shape.h
-- Up-to-date: /home/admin/ros2_ws/src/install/tutorial_interfaces/include/tutorial_interfaces/tutorial_interfaces/srv
-- Up-to-date: /home/admin/ros2_ws/src/install/tutorial_interfaces/include/tutorial_interfaces/tutorial_interfaces/srv/detail
-- Up-to-date: /home/admin/ros2_ws/src/install/tutorial_interfaces/include/tutorial_interfaces/tutorial_interfaces/srv/detail/gripper_control__functions.c
-- Up-to-date: /home/admin/ros2_ws/src/install/tutorial_interfaces/include/tutorial_interfaces/tutorial_interfaces/srv/detail/gripper_control__functions.h
-- Up-to-date: /home/admin/ros2_ws/src/install/tutorial_interfaces/include/tutorial_interfaces/tutorial_interfaces/srv/detail/gripper_control__type_support.h
-- Up-to-date: /home/admin/ros2_ws/src/install/tutorial_interfaces/include/tutorial_interfaces/tutorial_interfaces/srv/detail/gripper_control__struct.h
-- Up-to-date: /home/admin/ros2_ws/src/install/tutorial_interfaces/include/tutorial_interfaces/tutorial_interfaces/srv/gripper_control.h
-- Up-to-date: /home/admin/ros2_ws/src/install/tutorial_interfaces/share/tutorial_interfaces/environment/library_path.sh
-- Installing: /home/admin/ros2_ws/src/install/tutorial_interfaces/share/tutorial_interfaces/environment/library_path.dsv
-- Installing: /home/admin/ros2_ws/src/install/tutorial_interfaces/lib/libtutorial_interfaces__rosidl_generator_c.so
-- Set runtime path of "/home/admin/ros2_ws/src/install/tutorial_interfaces/lib/libtutorial_interfaces__rosidl_generator_c.so" to ""
-- Up-to-date: /home/admin/ros2_ws/src/install/tutorial_interfaces/include/tutorial_interfaces/tutorial_interfaces
-- Up-to-date: /home/admin/ros2_ws/src/install/tutorial_interfaces/include/tutorial_interfaces/tutorial_interfaces/msg
-- Up-to-date: /home/admin/ros2_ws/src/install/tutorial_interfaces/include/tutorial_interfaces/tutorial_interfaces/msg/rosidl_typesupport_fastrtps_c__visibility_control.h
-- Up-to-date: /home/admin/ros2_ws/src/install/tutorial_interfaces/include/tutorial_interfaces/tutorial_interfaces/action
-- Up-to-date: /home/admin/ros2_ws/src/install/tutorial_interfaces/include/tutorial_interfaces/tutorial_interfaces/action/detail
-- Installing: /home/admin/ros2_ws/src/install/tutorial_interfaces/include/tutorial_interfaces/tutorial_interfaces/action/detail/draw_shape__rosidl_typesupport_fastrtps_c.h
-- Up-to-date: /home/admin/ros2_ws/src/install/tutorial_interfaces/include/tutorial_interfaces/tutorial_interfaces/srv
-- Up-to-date: /home/admin/ros2_ws/src/install/tutorial_interfaces/include/tutorial_interfaces/tutorial_interfaces/srv/detail
-- Up-to-date: /home/admin/ros2_ws/src/install/tutorial_interfaces/include/tutorial_interfaces/tutorial_interfaces/srv/detail/gripper_control__rosidl_typesupport_fastrtps_c.h
-- Installing: /home/admin/ros2_ws/src/install/tutorial_interfaces/lib/libtutorial_interfaces__rosidl_typesupport_fastrtps_c.so
-- Set runtime path of "/home/admin/ros2_ws/src/install/tutorial_interfaces/lib/libtutorial_interfaces__rosidl_typesupport_fastrtps_c.so" to ""
-- Up-to-date: /home/admin/ros2_ws/src/install/tutorial_interfaces/include/tutorial_interfaces/tutorial_interfaces
-- Up-to-date: /home/admin/ros2_ws/src/install/tutorial_interfaces/include/tutorial_interfaces/tutorial_interfaces/action
-- Installing: /home/admin/ros2_ws/src/install/tutorial_interfaces/include/tutorial_interfaces/tutorial_interfaces/action/draw_shape.hpp
-- Up-to-date: /home/admin/ros2_ws/src/install/tutorial_interfaces/include/tutorial_interfaces/tutorial_interfaces/action/detail
-- Installing: /home/admin/ros2_ws/src/install/tutorial_interfaces/include/tutorial_interfaces/tutorial_interfaces/action/detail/draw_shape__traits.hpp
-- Installing: /home/admin/ros2_ws/src/install/tutorial_interfaces/include/tutorial_interfaces/tutorial_interfaces/action/detail/draw_shape__struct.hpp
-- Installing: /home/admin/ros2_ws/src/install/tutorial_interfaces/include/tutorial_interfaces/tutorial_interfaces/action/detail/draw_shape__builder.hpp
-- Up-to-date: /home/admin/ros2_ws/src/install/tutorial_interfaces/include/tutorial_interfaces/tutorial_interfaces/srv
-- Up-to-date: /home/admin/ros2_ws/src/install/tutorial_interfaces/include/tutorial_interfaces/tutorial_interfaces/srv/gripper_control.hpp
-- Up-to-date: /home/admin/ros2_ws/src/install/tutorial_interfaces/include/tutorial_interfaces/tutorial_interfaces/srv/detail
-- Up-to-date: /home/admin/ros2_ws/src/install/tutorial_interfaces/include/tutorial_interfaces/tutorial_interfaces/srv/detail/gripper_control__struct.hpp
-- Up-to-date: /home/admin/ros2_ws/src/install/tutorial_interfaces/include/tutorial_interfaces/tutorial_interfaces/srv/detail/gripper_control__traits.hpp
-- Up-to-date: /home/admin/ros2_ws/src/install/tutorial_interfaces/include/tutorial_interfaces/tutorial_interfaces/srv/detail/gripper_control__builder.hpp
-- Up-to-date: /home/admin/ros2_ws/src/install/tutorial_interfaces/include/tutorial_interfaces/tutorial_interfaces
-- Up-to-date: /home/admin/ros2_ws/src/install/tutorial_interfaces/include/tutorial_interfaces/tutorial_interfaces/msg
-- Up-to-date: /home/admin/ros2_ws/src/install/tutorial_interfaces/include/tutorial_interfaces/tutorial_interfaces/msg/rosidl_typesupport_fastrtps_cpp__visibility_control.h
-- Up-to-date: /home/admin/ros2_ws/src/install/tutorial_interfaces/include/tutorial_interfaces/tutorial_interfaces/action
-- Up-to-date: /home/admin/ros2_ws/src/install/tutorial_interfaces/include/tutorial_interfaces/tutorial_interfaces/action/detail
-- Installing: /home/admin/ros2_ws/src/install/tutorial_interfaces/include/tutorial_interfaces/tutorial_interfaces/action/detail/draw_shape__rosidl_typesupport_fastrtps_cpp.hpp
-- Installing: /home/admin/ros2_ws/src/install/tutorial_interfaces/include/tutorial_interfaces/tutorial_interfaces/action/detail/dds_fastrtps
-- Up-to-date: /home/admin/ros2_ws/src/install/tutorial_interfaces/include/tutorial_interfaces/tutorial_interfaces/srv
-- Up-to-date: /home/admin/ros2_ws/src/install/tutorial_interfaces/include/tutorial_interfaces/tutorial_interfaces/srv/detail
-- Up-to-date: /home/admin/ros2_ws/src/install/tutorial_interfaces/include/tutorial_interfaces/tutorial_interfaces/srv/detail/gripper_control__rosidl_typesupport_fastrtps_cpp.hpp
-- Up-to-date: /home/admin/ros2_ws/src/install/tutorial_interfaces/include/tutorial_interfaces/tutorial_interfaces/srv/detail/dds_fastrtps
-- Installing: /home/admin/ros2_ws/src/install/tutorial_interfaces/lib/libtutorial_interfaces__rosidl_typesupport_fastrtps_cpp.so
-- Set runtime path of "/home/admin/ros2_ws/src/install/tutorial_interfaces/lib/libtutorial_interfaces__rosidl_typesupport_fastrtps_cpp.so" to ""
-- Up-to-date: /home/admin/ros2_ws/src/install/tutorial_interfaces/include/tutorial_interfaces/tutorial_interfaces
-- Up-to-date: /home/admin/ros2_ws/src/install/tutorial_interfaces/include/tutorial_interfaces/tutorial_interfaces/msg
-- Up-to-date: /home/admin/ros2_ws/src/install/tutorial_interfaces/include/tutorial_interfaces/tutorial_interfaces/msg/rosidl_typesupport_introspection_c__visibility_control.h
-- Up-to-date: /home/admin/ros2_ws/src/install/tutorial_interfaces/include/tutorial_interfaces/tutorial_interfaces/action
-- Up-to-date: /home/admin/ros2_ws/src/install/tutorial_interfaces/include/tutorial_interfaces/tutorial_interfaces/action/detail
-- Installing: /home/admin/ros2_ws/src/install/tutorial_interfaces/include/tutorial_interfaces/tutorial_interfaces/action/detail/draw_shape__rosidl_typesupport_introspection_c.h
-- Installing: /home/admin/ros2_ws/src/install/tutorial_interfaces/include/tutorial_interfaces/tutorial_interfaces/action/detail/draw_shape__type_support.c
-- Up-to-date: /home/admin/ros2_ws/src/install/tutorial_interfaces/include/tutorial_interfaces/tutorial_interfaces/srv
-- Up-to-date: /home/admin/ros2_ws/src/install/tutorial_interfaces/include/tutorial_interfaces/tutorial_interfaces/srv/detail
-- Up-to-date: /home/admin/ros2_ws/src/install/tutorial_interfaces/include/tutorial_interfaces/tutorial_interfaces/srv/detail/gripper_control__type_support.c
-- Up-to-date: /home/admin/ros2_ws/src/install/tutorial_interfaces/include/tutorial_interfaces/tutorial_interfaces/srv/detail/gripper_control__rosidl_typesupport_introspection_c.h
-- Installing: /home/admin/ros2_ws/src/install/tutorial_interfaces/lib/libtutorial_interfaces__rosidl_typesupport_introspection_c.so
-- Set runtime path of "/home/admin/ros2_ws/src/install/tutorial_interfaces/lib/libtutorial_interfaces__rosidl_typesupport_introspection_c.so" to ""
-- Installing: /home/admin/ros2_ws/src/install/tutorial_interfaces/lib/libtutorial_interfaces__rosidl_typesupport_c.so
-- Set runtime path of "/home/admin/ros2_ws/src/install/tutorial_interfaces/lib/libtutorial_interfaces__rosidl_typesupport_c.so" to ""
-- Up-to-date: /home/admin/ros2_ws/src/install/tutorial_interfaces/include/tutorial_interfaces/tutorial_interfaces
-- Up-to-date: /home/admin/ros2_ws/src/install/tutorial_interfaces/include/tutorial_interfaces/tutorial_interfaces/action
-- Up-to-date: /home/admin/ros2_ws/src/install/tutorial_interfaces/include/tutorial_interfaces/tutorial_interfaces/action/detail
-- Installing: /home/admin/ros2_ws/src/install/tutorial_interfaces/include/tutorial_interfaces/tutorial_interfaces/action/detail/draw_shape__rosidl_typesupport_introspection_cpp.hpp
-- Installing: /home/admin/ros2_ws/src/install/tutorial_interfaces/include/tutorial_interfaces/tutorial_interfaces/action/detail/draw_shape__type_support.cpp
-- Up-to-date: /home/admin/ros2_ws/src/install/tutorial_interfaces/include/tutorial_interfaces/tutorial_interfaces/srv
-- Up-to-date: /home/admin/ros2_ws/src/install/tutorial_interfaces/include/tutorial_interfaces/tutorial_interfaces/srv/detail
-- Up-to-date: /home/admin/ros2_ws/src/install/tutorial_interfaces/include/tutorial_interfaces/tutorial_interfaces/srv/detail/gripper_control__rosidl_typesupport_introspection_cpp.hpp
-- Up-to-date: /home/admin/ros2_ws/src/install/tutorial_interfaces/include/tutorial_interfaces/tutorial_interfaces/srv/detail/gripper_control__type_support.cpp
-- Installing: /home/admin/ros2_ws/src/install/tutorial_interfaces/lib/libtutorial_interfaces__rosidl_typesupport_introspection_cpp.so
-- Set runtime path of "/home/admin/ros2_ws/src/install/tutorial_interfaces/lib/libtutorial_interfaces__rosidl_typesupport_introspection_cpp.so" to ""
-- Installing: /home/admin/ros2_ws/src/install/tutorial_interfaces/lib/libtutorial_interfaces__rosidl_typesupport_cpp.so
-- Set runtime path of "/home/admin/ros2_ws/src/install/tutorial_interfaces/lib/libtutorial_interfaces__rosidl_typesupport_cpp.so" to ""
-- Up-to-date: /home/admin/ros2_ws/src/install/tutorial_interfaces/share/tutorial_interfaces/environment/pythonpath.sh
-- Installing: /home/admin/ros2_ws/src/install/tutorial_interfaces/share/tutorial_interfaces/environment/pythonpath.dsv
-- Up-to-date: /home/admin/ros2_ws/src/install/tutorial_interfaces/local/lib/python3.10/dist-packages/tutorial_interfaces-0.0.0-py3.10.egg-info
-- Installing: /home/admin/ros2_ws/src/install/tutorial_interfaces/local/lib/python3.10/dist-packages/tutorial_interfaces-0.0.0-py3.10.egg-info/top_level.txt
-- Installing: /home/admin/ros2_ws/src/install/tutorial_interfaces/local/lib/python3.10/dist-packages/tutorial_interfaces-0.0.0-py3.10.egg-info/dependency_links.txt
-- Installing: /home/admin/ros2_ws/src/install/tutorial_interfaces/local/lib/python3.10/dist-packages/tutorial_interfaces-0.0.0-py3.10.egg-info/PKG-INFO
-- Installing: /home/admin/ros2_ws/src/install/tutorial_interfaces/local/lib/python3.10/dist-packages/tutorial_interfaces-0.0.0-py3.10.egg-info/SOURCES.txt
-- Up-to-date: /home/admin/ros2_ws/src/install/tutorial_interfaces/local/lib/python3.10/dist-packages/tutorial_interfaces
-- Installing: /home/admin/ros2_ws/src/install/tutorial_interfaces/local/lib/python3.10/dist-packages/tutorial_interfaces/tutorial_interfaces_s__rosidl_typesupport_introspection_c.cpython-310-x86_64-linux-gnu.so
-- Installing: /home/admin/ros2_ws/src/install/tutorial_interfaces/local/lib/python3.10/dist-packages/tutorial_interfaces/__init__.py
-- Installing: /home/admin/ros2_ws/src/install/tutorial_interfaces/local/lib/python3.10/dist-packages/tutorial_interfaces/_tutorial_interfaces_s.ep.rosidl_typesupport_c.c
-- Installing: /home/admin/ros2_ws/src/install/tutorial_interfaces/local/lib/python3.10/dist-packages/tutorial_interfaces/_tutorial_interfaces_s.ep.rosidl_typesupport_introspection_c.c
-- Installing: /home/admin/ros2_ws/src/install/tutorial_interfaces/local/lib/python3.10/dist-packages/tutorial_interfaces/action
-- Installing: /home/admin/ros2_ws/src/install/tutorial_interfaces/local/lib/python3.10/dist-packages/tutorial_interfaces/action/__init__.py
-- Installing: /home/admin/ros2_ws/src/install/tutorial_interfaces/local/lib/python3.10/dist-packages/tutorial_interfaces/action/_draw_shape_s.c
-- Installing: /home/admin/ros2_ws/src/install/tutorial_interfaces/local/lib/python3.10/dist-packages/tutorial_interfaces/action/_draw_shape.py
-- Installing: /home/admin/ros2_ws/src/install/tutorial_interfaces/local/lib/python3.10/dist-packages/tutorial_interfaces/tutorial_interfaces_s__rosidl_typesupport_c.cpython-310-x86_64-linux-gnu.so
-- Installing: /home/admin/ros2_ws/src/install/tutorial_interfaces/local/lib/python3.10/dist-packages/tutorial_interfaces/tutorial_interfaces_s__rosidl_typesupport_fastrtps_c.cpython-310-x86_64-linux-gnu.so
-- Installing: /home/admin/ros2_ws/src/install/tutorial_interfaces/local/lib/python3.10/dist-packages/tutorial_interfaces/libtutorial_interfaces__rosidl_generator_py.so
-- Up-to-date: /home/admin/ros2_ws/src/install/tutorial_interfaces/local/lib/python3.10/dist-packages/tutorial_interfaces/srv
-- Up-to-date: /home/admin/ros2_ws/src/install/tutorial_interfaces/local/lib/python3.10/dist-packages/tutorial_interfaces/srv/__init__.py
-- Up-to-date: /home/admin/ros2_ws/src/install/tutorial_interfaces/local/lib/python3.10/dist-packages/tutorial_interfaces/srv/_gripper_control.py
-- Up-to-date: /home/admin/ros2_ws/src/install/tutorial_interfaces/local/lib/python3.10/dist-packages/tutorial_interfaces/srv/_gripper_control_s.c
-- Installing: /home/admin/ros2_ws/src/install/tutorial_interfaces/local/lib/python3.10/dist-packages/tutorial_interfaces/_tutorial_interfaces_s.ep.rosidl_typesupport_fastrtps_c.c
Listing '/home/admin/ros2_ws/src/install/tutorial_interfaces/local/lib/python3.10/dist-packages/tutorial_interfaces'...
Compiling '/home/admin/ros2_ws/src/install/tutorial_interfaces/local/lib/python3.10/dist-packages/tutorial_interfaces/__init__.py'...
Listing '/home/admin/ros2_ws/src/install/tutorial_interfaces/local/lib/python3.10/dist-packages/tutorial_interfaces/action'...
Compiling '/home/admin/ros2_ws/src/install/tutorial_interfaces/local/lib/python3.10/dist-packages/tutorial_interfaces/action/__init__.py'...
Compiling '/home/admin/ros2_ws/src/install/tutorial_interfaces/local/lib/python3.10/dist-packages/tutorial_interfaces/action/_draw_shape.py'...
Listing '/home/admin/ros2_ws/src/install/tutorial_interfaces/local/lib/python3.10/dist-packages/tutorial_interfaces/srv'...
-- Installing: /home/admin/ros2_ws/src/install/tutorial_interfaces/local/lib/python3.10/dist-packages/tutorial_interfaces/tutorial_interfaces_s__rosidl_typesupport_fastrtps_c.cpython-310-x86_64-linux-gnu.so
-- Set runtime path of "/home/admin/ros2_ws/src/install/tutorial_interfaces/local/lib/python3.10/dist-packages/tutorial_interfaces/tutorial_interfaces_s__rosidl_typesupport_fastrtps_c.cpython-310-x86_64-linux-gnu.so" to ""
-- Installing: /home/admin/ros2_ws/src/install/tutorial_interfaces/local/lib/python3.10/dist-packages/tutorial_interfaces/tutorial_interfaces_s__rosidl_typesupport_introspection_c.cpython-310-x86_64-linux-gnu.so
-- Set runtime path of "/home/admin/ros2_ws/src/install/tutorial_interfaces/local/lib/python3.10/dist-packages/tutorial_interfaces/tutorial_interfaces_s__rosidl_typesupport_introspection_c.cpython-310-x86_64-linux-gnu.so" to ""
-- Installing: /home/admin/ros2_ws/src/install/tutorial_interfaces/local/lib/python3.10/dist-packages/tutorial_interfaces/tutorial_interfaces_s__rosidl_typesupport_c.cpython-310-x86_64-linux-gnu.so
-- Set runtime path of "/home/admin/ros2_ws/src/install/tutorial_interfaces/local/lib/python3.10/dist-packages/tutorial_interfaces/tutorial_interfaces_s__rosidl_typesupport_c.cpython-310-x86_64-linux-gnu.so" to ""
-- Installing: /home/admin/ros2_ws/src/install/tutorial_interfaces/lib/libtutorial_interfaces__rosidl_generator_py.so
-- Set runtime path of "/home/admin/ros2_ws/src/install/tutorial_interfaces/lib/libtutorial_interfaces__rosidl_generator_py.so" to ""
-- Installing: /home/admin/ros2_ws/src/install/tutorial_interfaces/share/tutorial_interfaces/action/DrawShape.idl
-- Installing: /home/admin/ros2_ws/src/install/tutorial_interfaces/share/tutorial_interfaces/action/DrawShape.action
-- Installing: /home/admin/ros2_ws/src/install/tutorial_interfaces/share/ament_index/resource_index/package_run_dependencies/tutorial_interfaces
-- Installing: /home/admin/ros2_ws/src/install/tutorial_interfaces/share/ament_index/resource_index/parent_prefix_path/tutorial_interfaces
-- Up-to-date: /home/admin/ros2_ws/src/install/tutorial_interfaces/share/tutorial_interfaces/environment/ament_prefix_path.sh
-- Installing: /home/admin/ros2_ws/src/install/tutorial_interfaces/share/tutorial_interfaces/environment/ament_prefix_path.dsv
-- Up-to-date: /home/admin/ros2_ws/src/install/tutorial_interfaces/share/tutorial_interfaces/environment/path.sh
-- Installing: /home/admin/ros2_ws/src/install/tutorial_interfaces/share/tutorial_interfaces/environment/path.dsv
-- Up-to-date: /home/admin/ros2_ws/src/install/tutorial_interfaces/share/tutorial_interfaces/local_setup.bash
-- Up-to-date: /home/admin/ros2_ws/src/install/tutorial_interfaces/share/tutorial_interfaces/local_setup.sh
-- Up-to-date: /home/admin/ros2_ws/src/install/tutorial_interfaces/share/tutorial_interfaces/local_setup.zsh
-- Installing: /home/admin/ros2_ws/src/install/tutorial_interfaces/share/tutorial_interfaces/local_setup.dsv
-- Installing: /home/admin/ros2_ws/src/install/tutorial_interfaces/share/tutorial_interfaces/package.dsv
-- Up-to-date: /home/admin/ros2_ws/src/install/tutorial_interfaces/share/ament_index/resource_index/packages/tutorial_interfaces
-- Old export file "/home/admin/ros2_ws/src/install/tutorial_interfaces/share/tutorial_interfaces/cmake/export_tutorial_interfaces__rosidl_generator_cExport.cmake" will be replaced.  Removing files [/home/admin/ros2_ws/src/install/tutorial_interfaces/share/tutorial_interfaces/cmake/export_tutorial_interfaces__rosidl_generator_cExport-noconfig.cmake].
-- Installing: /home/admin/ros2_ws/src/install/tutorial_interfaces/share/tutorial_interfaces/cmake/export_tutorial_interfaces__rosidl_generator_cExport.cmake
-- Installing: /home/admin/ros2_ws/src/install/tutorial_interfaces/share/tutorial_interfaces/cmake/export_tutorial_interfaces__rosidl_generator_cExport-noconfig.cmake
-- Old export file "/home/admin/ros2_ws/src/install/tutorial_interfaces/share/tutorial_interfaces/cmake/export_tutorial_interfaces__rosidl_typesupport_fastrtps_cExport.cmake" will be replaced.  Removing files [/home/admin/ros2_ws/src/install/tutorial_interfaces/share/tutorial_interfaces/cmake/export_tutorial_interfaces__rosidl_typesupport_fastrtps_cExport-noconfig.cmake].
-- Installing: /home/admin/ros2_ws/src/install/tutorial_interfaces/share/tutorial_interfaces/cmake/export_tutorial_interfaces__rosidl_typesupport_fastrtps_cExport.cmake
-- Installing: /home/admin/ros2_ws/src/install/tutorial_interfaces/share/tutorial_interfaces/cmake/export_tutorial_interfaces__rosidl_typesupport_fastrtps_cExport-noconfig.cmake
-- Installing: /home/admin/ros2_ws/src/install/tutorial_interfaces/share/tutorial_interfaces/cmake/export_tutorial_interfaces__rosidl_generator_cppExport.cmake
-- Old export file "/home/admin/ros2_ws/src/install/tutorial_interfaces/share/tutorial_interfaces/cmake/export_tutorial_interfaces__rosidl_typesupport_fastrtps_cppExport.cmake" will be replaced.  Removing files [/home/admin/ros2_ws/src/install/tutorial_interfaces/share/tutorial_interfaces/cmake/export_tutorial_interfaces__rosidl_typesupport_fastrtps_cppExport-noconfig.cmake].
-- Installing: /home/admin/ros2_ws/src/install/tutorial_interfaces/share/tutorial_interfaces/cmake/export_tutorial_interfaces__rosidl_typesupport_fastrtps_cppExport.cmake
-- Installing: /home/admin/ros2_ws/src/install/tutorial_interfaces/share/tutorial_interfaces/cmake/export_tutorial_interfaces__rosidl_typesupport_fastrtps_cppExport-noconfig.cmake
-- Old export file "/home/admin/ros2_ws/src/install/tutorial_interfaces/share/tutorial_interfaces/cmake/tutorial_interfaces__rosidl_typesupport_introspection_cExport.cmake" will be replaced.  Removing files [/home/admin/ros2_ws/src/install/tutorial_interfaces/share/tutorial_interfaces/cmake/tutorial_interfaces__rosidl_typesupport_introspection_cExport-noconfig.cmake].
-- Installing: /home/admin/ros2_ws/src/install/tutorial_interfaces/share/tutorial_interfaces/cmake/tutorial_interfaces__rosidl_typesupport_introspection_cExport.cmake
-- Installing: /home/admin/ros2_ws/src/install/tutorial_interfaces/share/tutorial_interfaces/cmake/tutorial_interfaces__rosidl_typesupport_introspection_cExport-noconfig.cmake
-- Old export file "/home/admin/ros2_ws/src/install/tutorial_interfaces/share/tutorial_interfaces/cmake/tutorial_interfaces__rosidl_typesupport_cExport.cmake" will be replaced.  Removing files [/home/admin/ros2_ws/src/install/tutorial_interfaces/share/tutorial_interfaces/cmake/tutorial_interfaces__rosidl_typesupport_cExport-noconfig.cmake].
-- Installing: /home/admin/ros2_ws/src/install/tutorial_interfaces/share/tutorial_interfaces/cmake/tutorial_interfaces__rosidl_typesupport_cExport.cmake
-- Installing: /home/admin/ros2_ws/src/install/tutorial_interfaces/share/tutorial_interfaces/cmake/tutorial_interfaces__rosidl_typesupport_cExport-noconfig.cmake
-- Old export file "/home/admin/ros2_ws/src/install/tutorial_interfaces/share/tutorial_interfaces/cmake/tutorial_interfaces__rosidl_typesupport_introspection_cppExport.cmake" will be replaced.  Removing files [/home/admin/ros2_ws/src/install/tutorial_interfaces/share/tutorial_interfaces/cmake/tutorial_interfaces__rosidl_typesupport_introspection_cppExport-noconfig.cmake].
-- Installing: /home/admin/ros2_ws/src/install/tutorial_interfaces/share/tutorial_interfaces/cmake/tutorial_interfaces__rosidl_typesupport_introspection_cppExport.cmake
-- Installing: /home/admin/ros2_ws/src/install/tutorial_interfaces/share/tutorial_interfaces/cmake/tutorial_interfaces__rosidl_typesupport_introspection_cppExport-noconfig.cmake
-- Old export file "/home/admin/ros2_ws/src/install/tutorial_interfaces/share/tutorial_interfaces/cmake/tutorial_interfaces__rosidl_typesupport_cppExport.cmake" will be replaced.  Removing files [/home/admin/ros2_ws/src/install/tutorial_interfaces/share/tutorial_interfaces/cmake/tutorial_interfaces__rosidl_typesupport_cppExport-noconfig.cmake].
-- Installing: /home/admin/ros2_ws/src/install/tutorial_interfaces/share/tutorial_interfaces/cmake/tutorial_interfaces__rosidl_typesupport_cppExport.cmake
-- Installing: /home/admin/ros2_ws/src/install/tutorial_interfaces/share/tutorial_interfaces/cmake/tutorial_interfaces__rosidl_typesupport_cppExport-noconfig.cmake
-- Old export file "/home/admin/ros2_ws/src/install/tutorial_interfaces/share/tutorial_interfaces/cmake/export_tutorial_interfaces__rosidl_generator_pyExport.cmake" will be replaced.  Removing files [/home/admin/ros2_ws/src/install/tutorial_interfaces/share/tutorial_interfaces/cmake/export_tutorial_interfaces__rosidl_generator_pyExport-noconfig.cmake].
-- Installing: /home/admin/ros2_ws/src/install/tutorial_interfaces/share/tutorial_interfaces/cmake/export_tutorial_interfaces__rosidl_generator_pyExport.cmake
-- Installing: /home/admin/ros2_ws/src/install/tutorial_interfaces/share/tutorial_interfaces/cmake/export_tutorial_interfaces__rosidl_generator_pyExport-noconfig.cmake
-- Installing: /home/admin/ros2_ws/src/install/tutorial_interfaces/share/tutorial_interfaces/cmake/rosidl_cmake-extras.cmake
-- Installing: /home/admin/ros2_ws/src/install/tutorial_interfaces/share/tutorial_interfaces/cmake/ament_cmake_export_dependencies-extras.cmake
-- Up-to-date: /home/admin/ros2_ws/src/install/tutorial_interfaces/share/tutorial_interfaces/cmake/ament_cmake_export_include_directories-extras.cmake
-- Up-to-date: /home/admin/ros2_ws/src/install/tutorial_interfaces/share/tutorial_interfaces/cmake/ament_cmake_export_libraries-extras.cmake
-- Up-to-date: /home/admin/ros2_ws/src/install/tutorial_interfaces/share/tutorial_interfaces/cmake/ament_cmake_export_targets-extras.cmake
-- Up-to-date: /home/admin/ros2_ws/src/install/tutorial_interfaces/share/tutorial_interfaces/cmake/rosidl_cmake_export_typesupport_targets-extras.cmake
-- Up-to-date: /home/admin/ros2_ws/src/install/tutorial_interfaces/share/tutorial_interfaces/cmake/rosidl_cmake_export_typesupport_libraries-extras.cmake
-- Installing: /home/admin/ros2_ws/src/install/tutorial_interfaces/share/tutorial_interfaces/cmake/tutorial_interfacesConfig.cmake
-- Up-to-date: /home/admin/ros2_ws/src/install/tutorial_interfaces/share/tutorial_interfaces/cmake/tutorial_interfacesConfig-version.cmake
-- Installing: /home/admin/ros2_ws/src/install/tutorial_interfaces/share/tutorial_interfaces/package.xml
