[1.159s] DEBUG:colcon:Command line arguments: ['/usr/bin/colcon', 'build']
[1.159s] DEBUG:colcon:Parsed command line arguments: Namespace(log_base=None, log_level=None, verb_name='build', build_base='build', install_base='install', merge_install=False, symlink_install=False, test_result_base=None, continue_on_error=False, executor='parallel', parallel_workers=4, event_handlers=None, ignore_user_meta=False, metas=['./colcon.meta'], base_paths=['.'], packages_ignore=None, packages_ignore_regex=None, paths=None, packages_up_to=None, packages_up_to_regex=None, packages_above=None, packages_above_and_dependencies=None, packages_above_depth=None, packages_select_by_dep=None, packages_skip_by_dep=None, packages_skip_up_to=None, packages_select_build_failed=False, packages_skip_build_finished=False, packages_select_test_failures=False, packages_skip_test_passed=False, packages_select=None, packages_skip=None, packages_select_regex=None, packages_skip_regex=None, packages_start=None, packages_end=None, allow_overriding=[], cmake_args=None, cmake_target=None, cmake_target_skip_unavailable=False, cmake_clean_cache=False, cmake_clean_first=False, cmake_force_configure=False, ament_cmake_args=None, catkin_cmake_args=None, catkin_skip_building_tests=False, verb_parser=<colcon_defaults.argument_parser.defaults.DefaultArgumentsDecorator object at 0x793f99e6d420>, verb_extension=<colcon_core.verb.build.BuildVerb object at 0x793f9a122f80>, main=<bound method BuildVerb.main of <colcon_core.verb.build.BuildVerb object at 0x793f9a122f80>>)
[1.216s] Level 1:colcon.colcon_core.package_discovery:discover_packages(colcon_meta) check parameters
[1.216s] Level 1:colcon.colcon_core.package_discovery:discover_packages(recursive) check parameters
[1.216s] Level 1:colcon.colcon_core.package_discovery:discover_packages(ignore) check parameters
[1.216s] Level 1:colcon.colcon_core.package_discovery:discover_packages(path) check parameters
[1.216s] Level 1:colcon.colcon_core.package_discovery:discover_packages(colcon_meta) discover
[1.216s] Level 1:colcon.colcon_core.package_discovery:discover_packages(recursive) discover
[1.216s] INFO:colcon.colcon_core.package_discovery:Crawling recursively for packages in '/home/admin/ros2_ws/src'
[1.217s] Level 1:colcon.colcon_core.package_identification:_identify(.) by extensions ['ignore', 'ignore_ament_install']
[1.217s] Level 1:colcon.colcon_core.package_identification:_identify(.) by extension 'ignore'
[1.217s] Level 1:colcon.colcon_core.package_identification:_identify(.) by extension 'ignore_ament_install'
[1.217s] Level 1:colcon.colcon_core.package_identification:_identify(.) by extensions ['colcon_pkg']
[1.217s] Level 1:colcon.colcon_core.package_identification:_identify(.) by extension 'colcon_pkg'
[1.217s] Level 1:colcon.colcon_core.package_identification:_identify(.) by extensions ['colcon_meta']
[1.217s] Level 1:colcon.colcon_core.package_identification:_identify(.) by extension 'colcon_meta'
[1.217s] Level 1:colcon.colcon_core.package_identification:_identify(.) by extensions ['ros']
[1.217s] Level 1:colcon.colcon_core.package_identification:_identify(.) by extension 'ros'
[1.231s] Level 1:colcon.colcon_core.package_identification:_identify(.) by extensions ['cmake', 'python']
[1.231s] Level 1:colcon.colcon_core.package_identification:_identify(.) by extension 'cmake'
[1.231s] Level 1:colcon.colcon_core.package_identification:_identify(.) by extension 'python'
[1.231s] Level 1:colcon.colcon_core.package_identification:_identify(.) by extensions ['python_setup_py']
[1.231s] Level 1:colcon.colcon_core.package_identification:_identify(.) by extension 'python_setup_py'
[1.231s] Level 1:colcon.colcon_core.package_identification:_identify(ROS2_lectures) by extensions ['ignore', 'ignore_ament_install']
[1.231s] Level 1:colcon.colcon_core.package_identification:_identify(ROS2_lectures) by extension 'ignore'
[1.232s] Level 1:colcon.colcon_core.package_identification:_identify(ROS2_lectures) by extension 'ignore_ament_install'
[1.232s] Level 1:colcon.colcon_core.package_identification:_identify(ROS2_lectures) by extensions ['colcon_pkg']
[1.232s] Level 1:colcon.colcon_core.package_identification:_identify(ROS2_lectures) by extension 'colcon_pkg'
[1.232s] Level 1:colcon.colcon_core.package_identification:_identify(ROS2_lectures) by extensions ['colcon_meta']
[1.232s] Level 1:colcon.colcon_core.package_identification:_identify(ROS2_lectures) by extension 'colcon_meta'
[1.232s] Level 1:colcon.colcon_core.package_identification:_identify(ROS2_lectures) by extensions ['ros']
[1.232s] Level 1:colcon.colcon_core.package_identification:_identify(ROS2_lectures) by extension 'ros'
[1.232s] Level 1:colcon.colcon_core.package_identification:_identify(ROS2_lectures) by extensions ['cmake', 'python']
[1.232s] Level 1:colcon.colcon_core.package_identification:_identify(ROS2_lectures) by extension 'cmake'
[1.232s] Level 1:colcon.colcon_core.package_identification:_identify(ROS2_lectures) by extension 'python'
[1.232s] Level 1:colcon.colcon_core.package_identification:_identify(ROS2_lectures) by extensions ['python_setup_py']
[1.232s] Level 1:colcon.colcon_core.package_identification:_identify(ROS2_lectures) by extension 'python_setup_py'
[1.232s] Level 1:colcon.colcon_core.package_identification:_identify(build) by extensions ['ignore', 'ignore_ament_install']
[1.232s] Level 1:colcon.colcon_core.package_identification:_identify(build) by extension 'ignore'
[1.232s] Level 1:colcon.colcon_core.package_identification:_identify(build) ignored
[1.232s] Level 1:colcon.colcon_core.package_identification:_identify(install) by extensions ['ignore', 'ignore_ament_install']
[1.232s] Level 1:colcon.colcon_core.package_identification:_identify(install) by extension 'ignore'
[1.232s] Level 1:colcon.colcon_core.package_identification:_identify(install) ignored
[1.233s] Level 1:colcon.colcon_core.package_identification:_identify(lab0) by extensions ['ignore', 'ignore_ament_install']
[1.233s] Level 1:colcon.colcon_core.package_identification:_identify(lab0) by extension 'ignore'
[1.233s] Level 1:colcon.colcon_core.package_identification:_identify(lab0) by extension 'ignore_ament_install'
[1.233s] Level 1:colcon.colcon_core.package_identification:_identify(lab0) by extensions ['colcon_pkg']
[1.233s] Level 1:colcon.colcon_core.package_identification:_identify(lab0) by extension 'colcon_pkg'
[1.233s] Level 1:colcon.colcon_core.package_identification:_identify(lab0) by extensions ['colcon_meta']
[1.233s] Level 1:colcon.colcon_core.package_identification:_identify(lab0) by extension 'colcon_meta'
[1.233s] Level 1:colcon.colcon_core.package_identification:_identify(lab0) by extensions ['ros']
[1.233s] Level 1:colcon.colcon_core.package_identification:_identify(lab0) by extension 'ros'
[1.233s] Level 1:colcon.colcon_core.package_identification:_identify(lab0) by extensions ['cmake', 'python']
[1.233s] Level 1:colcon.colcon_core.package_identification:_identify(lab0) by extension 'cmake'
[1.233s] Level 1:colcon.colcon_core.package_identification:_identify(lab0) by extension 'python'
[1.233s] Level 1:colcon.colcon_core.package_identification:_identify(lab0) by extensions ['python_setup_py']
[1.233s] Level 1:colcon.colcon_core.package_identification:_identify(lab0) by extension 'python_setup_py'
[1.233s] Level 1:colcon.colcon_core.package_identification:_identify(lab1) by extensions ['ignore', 'ignore_ament_install']
[1.233s] Level 1:colcon.colcon_core.package_identification:_identify(lab1) by extension 'ignore'
[1.233s] Level 1:colcon.colcon_core.package_identification:_identify(lab1) by extension 'ignore_ament_install'
[1.233s] Level 1:colcon.colcon_core.package_identification:_identify(lab1) by extensions ['colcon_pkg']
[1.233s] Level 1:colcon.colcon_core.package_identification:_identify(lab1) by extension 'colcon_pkg'
[1.233s] Level 1:colcon.colcon_core.package_identification:_identify(lab1) by extensions ['colcon_meta']
[1.233s] Level 1:colcon.colcon_core.package_identification:_identify(lab1) by extension 'colcon_meta'
[1.234s] Level 1:colcon.colcon_core.package_identification:_identify(lab1) by extensions ['ros']
[1.234s] Level 1:colcon.colcon_core.package_identification:_identify(lab1) by extension 'ros'
[1.234s] Level 1:colcon.colcon_core.package_identification:_identify(lab1) by extensions ['cmake', 'python']
[1.234s] Level 1:colcon.colcon_core.package_identification:_identify(lab1) by extension 'cmake'
[1.234s] Level 1:colcon.colcon_core.package_identification:_identify(lab1) by extension 'python'
[1.234s] Level 1:colcon.colcon_core.package_identification:_identify(lab1) by extensions ['python_setup_py']
[1.234s] Level 1:colcon.colcon_core.package_identification:_identify(lab1) by extension 'python_setup_py'
[1.234s] Level 1:colcon.colcon_core.package_identification:_identify(lab2) by extensions ['ignore', 'ignore_ament_install']
[1.234s] Level 1:colcon.colcon_core.package_identification:_identify(lab2) by extension 'ignore'
[1.235s] Level 1:colcon.colcon_core.package_identification:_identify(lab2) by extension 'ignore_ament_install'
[1.235s] Level 1:colcon.colcon_core.package_identification:_identify(lab2) by extensions ['colcon_pkg']
[1.235s] Level 1:colcon.colcon_core.package_identification:_identify(lab2) by extension 'colcon_pkg'
[1.235s] Level 1:colcon.colcon_core.package_identification:_identify(lab2) by extensions ['colcon_meta']
[1.235s] Level 1:colcon.colcon_core.package_identification:_identify(lab2) by extension 'colcon_meta'
[1.235s] Level 1:colcon.colcon_core.package_identification:_identify(lab2) by extensions ['ros']
[1.235s] Level 1:colcon.colcon_core.package_identification:_identify(lab2) by extension 'ros'
[1.235s] Level 1:colcon.colcon_core.package_identification:_identify(lab2) by extensions ['cmake', 'python']
[1.235s] Level 1:colcon.colcon_core.package_identification:_identify(lab2) by extension 'cmake'
[1.235s] Level 1:colcon.colcon_core.package_identification:_identify(lab2) by extension 'python'
[1.235s] Level 1:colcon.colcon_core.package_identification:_identify(lab2) by extensions ['python_setup_py']
[1.235s] Level 1:colcon.colcon_core.package_identification:_identify(lab2) by extension 'python_setup_py'
[1.235s] Level 1:colcon.colcon_core.package_identification:_identify(lab2_to_send) by extensions ['ignore', 'ignore_ament_install']
[1.235s] Level 1:colcon.colcon_core.package_identification:_identify(lab2_to_send) by extension 'ignore'
[1.235s] Level 1:colcon.colcon_core.package_identification:_identify(lab2_to_send) by extension 'ignore_ament_install'
[1.235s] Level 1:colcon.colcon_core.package_identification:_identify(lab2_to_send) by extensions ['colcon_pkg']
[1.235s] Level 1:colcon.colcon_core.package_identification:_identify(lab2_to_send) by extension 'colcon_pkg'
[1.235s] Level 1:colcon.colcon_core.package_identification:_identify(lab2_to_send) by extensions ['colcon_meta']
[1.235s] Level 1:colcon.colcon_core.package_identification:_identify(lab2_to_send) by extension 'colcon_meta'
[1.235s] Level 1:colcon.colcon_core.package_identification:_identify(lab2_to_send) by extensions ['ros']
[1.235s] Level 1:colcon.colcon_core.package_identification:_identify(lab2_to_send) by extension 'ros'
[1.238s] DEBUG:colcon.colcon_core.package_identification:Package 'lab2_to_send' with type 'ros.ament_python' and name 'lab2_to_send'
[1.238s] Level 1:colcon.colcon_core.package_identification:_identify(log) by extensions ['ignore', 'ignore_ament_install']
[1.238s] Level 1:colcon.colcon_core.package_identification:_identify(log) by extension 'ignore'
[1.238s] Level 1:colcon.colcon_core.package_identification:_identify(log) ignored
[1.238s] Level 1:colcon.colcon_core.package_identification:_identify(my_urdf_pkg) by extensions ['ignore', 'ignore_ament_install']
[1.239s] Level 1:colcon.colcon_core.package_identification:_identify(my_urdf_pkg) by extension 'ignore'
[1.239s] Level 1:colcon.colcon_core.package_identification:_identify(my_urdf_pkg) by extension 'ignore_ament_install'
[1.239s] Level 1:colcon.colcon_core.package_identification:_identify(my_urdf_pkg) by extensions ['colcon_pkg']
[1.239s] Level 1:colcon.colcon_core.package_identification:_identify(my_urdf_pkg) by extension 'colcon_pkg'
[1.239s] Level 1:colcon.colcon_core.package_identification:_identify(my_urdf_pkg) by extensions ['colcon_meta']
[1.239s] Level 1:colcon.colcon_core.package_identification:_identify(my_urdf_pkg) by extension 'colcon_meta'
[1.239s] Level 1:colcon.colcon_core.package_identification:_identify(my_urdf_pkg) by extensions ['ros']
[1.239s] Level 1:colcon.colcon_core.package_identification:_identify(my_urdf_pkg) by extension 'ros'
[1.239s] DEBUG:colcon.colcon_core.package_identification:Package 'my_urdf_pkg' with type 'ros.ament_cmake' and name 'my_urdf_pkg'
[1.240s] Level 1:colcon.colcon_core.package_identification:_identify(projekt2) by extensions ['ignore', 'ignore_ament_install']
[1.240s] Level 1:colcon.colcon_core.package_identification:_identify(projekt2) by extension 'ignore'
[1.240s] Level 1:colcon.colcon_core.package_identification:_identify(projekt2) by extension 'ignore_ament_install'
[1.240s] Level 1:colcon.colcon_core.package_identification:_identify(projekt2) by extensions ['colcon_pkg']
[1.240s] Level 1:colcon.colcon_core.package_identification:_identify(projekt2) by extension 'colcon_pkg'
[1.240s] Level 1:colcon.colcon_core.package_identification:_identify(projekt2) by extensions ['colcon_meta']
[1.240s] Level 1:colcon.colcon_core.package_identification:_identify(projekt2) by extension 'colcon_meta'
[1.240s] Level 1:colcon.colcon_core.package_identification:_identify(projekt2) by extensions ['ros']
[1.240s] Level 1:colcon.colcon_core.package_identification:_identify(projekt2) by extension 'ros'
[1.240s] DEBUG:colcon.colcon_core.package_identification:Package 'projekt2' with type 'ros.ament_python' and name 'projekt2'
[1.240s] Level 1:colcon.colcon_core.package_identification:_identify(projekt3) by extensions ['ignore', 'ignore_ament_install']
[1.240s] Level 1:colcon.colcon_core.package_identification:_identify(projekt3) by extension 'ignore'
[1.241s] Level 1:colcon.colcon_core.package_identification:_identify(projekt3) by extension 'ignore_ament_install'
[1.241s] Level 1:colcon.colcon_core.package_identification:_identify(projekt3) by extensions ['colcon_pkg']
[1.241s] Level 1:colcon.colcon_core.package_identification:_identify(projekt3) by extension 'colcon_pkg'
[1.241s] Level 1:colcon.colcon_core.package_identification:_identify(projekt3) by extensions ['colcon_meta']
[1.241s] Level 1:colcon.colcon_core.package_identification:_identify(projekt3) by extension 'colcon_meta'
[1.241s] Level 1:colcon.colcon_core.package_identification:_identify(projekt3) by extensions ['ros']
[1.241s] Level 1:colcon.colcon_core.package_identification:_identify(projekt3) by extension 'ros'
[1.241s] DEBUG:colcon.colcon_core.package_identification:Package 'projekt3' with type 'ros.ament_python' and name 'projekt3'
[1.241s] Level 1:colcon.colcon_core.package_identification:_identify(projekt4) by extensions ['ignore', 'ignore_ament_install']
[1.241s] Level 1:colcon.colcon_core.package_identification:_identify(projekt4) by extension 'ignore'
[1.242s] Level 1:colcon.colcon_core.package_identification:_identify(projekt4) by extension 'ignore_ament_install'
[1.242s] Level 1:colcon.colcon_core.package_identification:_identify(projekt4) by extensions ['colcon_pkg']
[1.242s] Level 1:colcon.colcon_core.package_identification:_identify(projekt4) by extension 'colcon_pkg'
[1.242s] Level 1:colcon.colcon_core.package_identification:_identify(projekt4) by extensions ['colcon_meta']
[1.242s] Level 1:colcon.colcon_core.package_identification:_identify(projekt4) by extension 'colcon_meta'
[1.242s] Level 1:colcon.colcon_core.package_identification:_identify(projekt4) by extensions ['ros']
[1.242s] Level 1:colcon.colcon_core.package_identification:_identify(projekt4) by extension 'ros'
[1.243s] DEBUG:colcon.colcon_core.package_identification:Package 'projekt4' with type 'ros.ament_python' and name 'projekt4'
[1.243s] Level 1:colcon.colcon_core.package_identification:_identify(py_pubsub) by extensions ['ignore', 'ignore_ament_install']
[1.243s] Level 1:colcon.colcon_core.package_identification:_identify(py_pubsub) by extension 'ignore'
[1.243s] Level 1:colcon.colcon_core.package_identification:_identify(py_pubsub) by extension 'ignore_ament_install'
[1.243s] Level 1:colcon.colcon_core.package_identification:_identify(py_pubsub) by extensions ['colcon_pkg']
[1.243s] Level 1:colcon.colcon_core.package_identification:_identify(py_pubsub) by extension 'colcon_pkg'
[1.243s] Level 1:colcon.colcon_core.package_identification:_identify(py_pubsub) by extensions ['colcon_meta']
[1.243s] Level 1:colcon.colcon_core.package_identification:_identify(py_pubsub) by extension 'colcon_meta'
[1.243s] Level 1:colcon.colcon_core.package_identification:_identify(py_pubsub) by extensions ['ros']
[1.243s] Level 1:colcon.colcon_core.package_identification:_identify(py_pubsub) by extension 'ros'
[1.244s] DEBUG:colcon.colcon_core.package_identification:Package 'py_pubsub' with type 'ros.ament_python' and name 'py_pubsub'
[1.244s] Level 1:colcon.colcon_core.package_identification:_identify(tutorial_interfaces) by extensions ['ignore', 'ignore_ament_install']
[1.244s] Level 1:colcon.colcon_core.package_identification:_identify(tutorial_interfaces) by extension 'ignore'
[1.244s] Level 1:colcon.colcon_core.package_identification:_identify(tutorial_interfaces) by extension 'ignore_ament_install'
[1.244s] Level 1:colcon.colcon_core.package_identification:_identify(tutorial_interfaces) by extensions ['colcon_pkg']
[1.244s] Level 1:colcon.colcon_core.package_identification:_identify(tutorial_interfaces) by extension 'colcon_pkg'
[1.244s] Level 1:colcon.colcon_core.package_identification:_identify(tutorial_interfaces) by extensions ['colcon_meta']
[1.244s] Level 1:colcon.colcon_core.package_identification:_identify(tutorial_interfaces) by extension 'colcon_meta'
[1.244s] Level 1:colcon.colcon_core.package_identification:_identify(tutorial_interfaces) by extensions ['ros']
[1.244s] Level 1:colcon.colcon_core.package_identification:_identify(tutorial_interfaces) by extension 'ros'
[1.245s] DEBUG:colcon.colcon_core.package_identification:Package 'tutorial_interfaces' with type 'ros.ament_cmake' and name 'tutorial_interfaces'
[1.245s] Level 1:colcon.colcon_core.package_discovery:discover_packages(recursive) using defaults
[1.245s] Level 1:colcon.colcon_core.package_discovery:discover_packages(ignore) discover
[1.245s] Level 1:colcon.colcon_core.package_discovery:discover_packages(ignore) using defaults
[1.245s] Level 1:colcon.colcon_core.package_discovery:discover_packages(path) discover
[1.245s] Level 1:colcon.colcon_core.package_discovery:discover_packages(path) using defaults
[1.357s] Level 1:colcon.colcon_core.package_discovery:discover_packages(prefix_path) check parameters
[1.357s] Level 1:colcon.colcon_core.package_discovery:discover_packages(prefix_path) discover
[1.395s] DEBUG:colcon.colcon_installed_package_information.package_discovery:Found 7 installed packages in /home/admin/ros2_ws/src/install
[1.413s] DEBUG:colcon.colcon_installed_package_information.package_discovery:Found 10 installed packages in /home/admin/ros2_ws/install
[1.432s] DEBUG:colcon.colcon_installed_package_information.package_discovery:Found 293 installed packages in /opt/ros/humble
[1.433s] Level 1:colcon.colcon_core.package_discovery:discover_packages(prefix_path) using defaults
[1.543s] Level 5:colcon.colcon_core.verb:set package 'lab2_to_send' build argument 'cmake_args' from command line to 'None'
[1.543s] Level 5:colcon.colcon_core.verb:set package 'lab2_to_send' build argument 'cmake_target' from command line to 'None'
[1.543s] Level 5:colcon.colcon_core.verb:set package 'lab2_to_send' build argument 'cmake_target_skip_unavailable' from command line to 'False'
[1.543s] Level 5:colcon.colcon_core.verb:set package 'lab2_to_send' build argument 'cmake_clean_cache' from command line to 'False'
[1.543s] Level 5:colcon.colcon_core.verb:set package 'lab2_to_send' build argument 'cmake_clean_first' from command line to 'False'
[1.543s] Level 5:colcon.colcon_core.verb:set package 'lab2_to_send' build argument 'cmake_force_configure' from command line to 'False'
[1.543s] Level 5:colcon.colcon_core.verb:set package 'lab2_to_send' build argument 'ament_cmake_args' from command line to 'None'
[1.543s] Level 5:colcon.colcon_core.verb:set package 'lab2_to_send' build argument 'catkin_cmake_args' from command line to 'None'
[1.543s] Level 5:colcon.colcon_core.verb:set package 'lab2_to_send' build argument 'catkin_skip_building_tests' from command line to 'False'
[1.543s] DEBUG:colcon.colcon_core.verb:Building package 'lab2_to_send' with the following arguments: {'ament_cmake_args': None, 'build_base': '/home/admin/ros2_ws/src/build/lab2_to_send', 'catkin_cmake_args': None, 'catkin_skip_building_tests': False, 'cmake_args': None, 'cmake_clean_cache': False, 'cmake_clean_first': False, 'cmake_force_configure': False, 'cmake_target': None, 'cmake_target_skip_unavailable': False, 'install_base': '/home/admin/ros2_ws/src/install/lab2_to_send', 'merge_install': False, 'path': '/home/admin/ros2_ws/src/lab2_to_send', 'symlink_install': False, 'test_result_base': None}
[1.558s] Level 5:colcon.colcon_core.verb:set package 'my_urdf_pkg' build argument 'cmake_args' from command line to 'None'
[1.558s] Level 5:colcon.colcon_core.verb:set package 'my_urdf_pkg' build argument 'cmake_target' from command line to 'None'
[1.558s] Level 5:colcon.colcon_core.verb:set package 'my_urdf_pkg' build argument 'cmake_target_skip_unavailable' from command line to 'False'
[1.558s] Level 5:colcon.colcon_core.verb:set package 'my_urdf_pkg' build argument 'cmake_clean_cache' from command line to 'False'
[1.558s] Level 5:colcon.colcon_core.verb:set package 'my_urdf_pkg' build argument 'cmake_clean_first' from command line to 'False'
[1.559s] Level 5:colcon.colcon_core.verb:set package 'my_urdf_pkg' build argument 'cmake_force_configure' from command line to 'False'
[1.559s] Level 5:colcon.colcon_core.verb:set package 'my_urdf_pkg' build argument 'ament_cmake_args' from command line to 'None'
[1.559s] Level 5:colcon.colcon_core.verb:set package 'my_urdf_pkg' build argument 'catkin_cmake_args' from command line to 'None'
[1.559s] Level 5:colcon.colcon_core.verb:set package 'my_urdf_pkg' build argument 'catkin_skip_building_tests' from command line to 'False'
[1.559s] DEBUG:colcon.colcon_core.verb:Building package 'my_urdf_pkg' with the following arguments: {'ament_cmake_args': None, 'build_base': '/home/admin/ros2_ws/src/build/my_urdf_pkg', 'catkin_cmake_args': None, 'catkin_skip_building_tests': False, 'cmake_args': None, 'cmake_clean_cache': False, 'cmake_clean_first': False, 'cmake_force_configure': False, 'cmake_target': None, 'cmake_target_skip_unavailable': False, 'install_base': '/home/admin/ros2_ws/src/install/my_urdf_pkg', 'merge_install': False, 'path': '/home/admin/ros2_ws/src/my_urdf_pkg', 'symlink_install': False, 'test_result_base': None}
[1.575s] Level 5:colcon.colcon_core.verb:set package 'projekt2' build argument 'cmake_args' from command line to 'None'
[1.576s] Level 5:colcon.colcon_core.verb:set package 'projekt2' build argument 'cmake_target' from command line to 'None'
[1.576s] Level 5:colcon.colcon_core.verb:set package 'projekt2' build argument 'cmake_target_skip_unavailable' from command line to 'False'
[1.576s] Level 5:colcon.colcon_core.verb:set package 'projekt2' build argument 'cmake_clean_cache' from command line to 'False'
[1.576s] Level 5:colcon.colcon_core.verb:set package 'projekt2' build argument 'cmake_clean_first' from command line to 'False'
[1.576s] Level 5:colcon.colcon_core.verb:set package 'projekt2' build argument 'cmake_force_configure' from command line to 'False'
[1.576s] Level 5:colcon.colcon_core.verb:set package 'projekt2' build argument 'ament_cmake_args' from command line to 'None'
[1.576s] Level 5:colcon.colcon_core.verb:set package 'projekt2' build argument 'catkin_cmake_args' from command line to 'None'
[1.576s] Level 5:colcon.colcon_core.verb:set package 'projekt2' build argument 'catkin_skip_building_tests' from command line to 'False'
[1.576s] DEBUG:colcon.colcon_core.verb:Building package 'projekt2' with the following arguments: {'ament_cmake_args': None, 'build_base': '/home/admin/ros2_ws/src/build/projekt2', 'catkin_cmake_args': None, 'catkin_skip_building_tests': False, 'cmake_args': None, 'cmake_clean_cache': False, 'cmake_clean_first': False, 'cmake_force_configure': False, 'cmake_target': None, 'cmake_target_skip_unavailable': False, 'install_base': '/home/admin/ros2_ws/src/install/projekt2', 'merge_install': False, 'path': '/home/admin/ros2_ws/src/projekt2', 'symlink_install': False, 'test_result_base': None}
[1.593s] Level 5:colcon.colcon_core.verb:set package 'py_pubsub' build argument 'cmake_args' from command line to 'None'
[1.593s] Level 5:colcon.colcon_core.verb:set package 'py_pubsub' build argument 'cmake_target' from command line to 'None'
[1.593s] Level 5:colcon.colcon_core.verb:set package 'py_pubsub' build argument 'cmake_target_skip_unavailable' from command line to 'False'
[1.594s] Level 5:colcon.colcon_core.verb:set package 'py_pubsub' build argument 'cmake_clean_cache' from command line to 'False'
[1.594s] Level 5:colcon.colcon_core.verb:set package 'py_pubsub' build argument 'cmake_clean_first' from command line to 'False'
[1.594s] Level 5:colcon.colcon_core.verb:set package 'py_pubsub' build argument 'cmake_force_configure' from command line to 'False'
[1.594s] Level 5:colcon.colcon_core.verb:set package 'py_pubsub' build argument 'ament_cmake_args' from command line to 'None'
[1.594s] Level 5:colcon.colcon_core.verb:set package 'py_pubsub' build argument 'catkin_cmake_args' from command line to 'None'
[1.594s] Level 5:colcon.colcon_core.verb:set package 'py_pubsub' build argument 'catkin_skip_building_tests' from command line to 'False'
[1.594s] DEBUG:colcon.colcon_core.verb:Building package 'py_pubsub' with the following arguments: {'ament_cmake_args': None, 'build_base': '/home/admin/ros2_ws/src/build/py_pubsub', 'catkin_cmake_args': None, 'catkin_skip_building_tests': False, 'cmake_args': None, 'cmake_clean_cache': False, 'cmake_clean_first': False, 'cmake_force_configure': False, 'cmake_target': None, 'cmake_target_skip_unavailable': False, 'install_base': '/home/admin/ros2_ws/src/install/py_pubsub', 'merge_install': False, 'path': '/home/admin/ros2_ws/src/py_pubsub', 'symlink_install': False, 'test_result_base': None}
[1.611s] Level 5:colcon.colcon_core.verb:set package 'tutorial_interfaces' build argument 'cmake_args' from command line to 'None'
[1.611s] Level 5:colcon.colcon_core.verb:set package 'tutorial_interfaces' build argument 'cmake_target' from command line to 'None'
[1.611s] Level 5:colcon.colcon_core.verb:set package 'tutorial_interfaces' build argument 'cmake_target_skip_unavailable' from command line to 'False'
[1.611s] Level 5:colcon.colcon_core.verb:set package 'tutorial_interfaces' build argument 'cmake_clean_cache' from command line to 'False'
[1.611s] Level 5:colcon.colcon_core.verb:set package 'tutorial_interfaces' build argument 'cmake_clean_first' from command line to 'False'
[1.611s] Level 5:colcon.colcon_core.verb:set package 'tutorial_interfaces' build argument 'cmake_force_configure' from command line to 'False'
[1.611s] Level 5:colcon.colcon_core.verb:set package 'tutorial_interfaces' build argument 'ament_cmake_args' from command line to 'None'
[1.611s] Level 5:colcon.colcon_core.verb:set package 'tutorial_interfaces' build argument 'catkin_cmake_args' from command line to 'None'
[1.611s] Level 5:colcon.colcon_core.verb:set package 'tutorial_interfaces' build argument 'catkin_skip_building_tests' from command line to 'False'
[1.611s] DEBUG:colcon.colcon_core.verb:Building package 'tutorial_interfaces' with the following arguments: {'ament_cmake_args': None, 'build_base': '/home/admin/ros2_ws/src/build/tutorial_interfaces', 'catkin_cmake_args': None, 'catkin_skip_building_tests': False, 'cmake_args': None, 'cmake_clean_cache': False, 'cmake_clean_first': False, 'cmake_force_configure': False, 'cmake_target': None, 'cmake_target_skip_unavailable': False, 'install_base': '/home/admin/ros2_ws/src/install/tutorial_interfaces', 'merge_install': False, 'path': '/home/admin/ros2_ws/src/tutorial_interfaces', 'symlink_install': False, 'test_result_base': None}
[1.626s] Level 5:colcon.colcon_core.verb:set package 'projekt3' build argument 'cmake_args' from command line to 'None'
[1.626s] Level 5:colcon.colcon_core.verb:set package 'projekt3' build argument 'cmake_target' from command line to 'None'
[1.626s] Level 5:colcon.colcon_core.verb:set package 'projekt3' build argument 'cmake_target_skip_unavailable' from command line to 'False'
[1.626s] Level 5:colcon.colcon_core.verb:set package 'projekt3' build argument 'cmake_clean_cache' from command line to 'False'
[1.626s] Level 5:colcon.colcon_core.verb:set package 'projekt3' build argument 'cmake_clean_first' from command line to 'False'
[1.626s] Level 5:colcon.colcon_core.verb:set package 'projekt3' build argument 'cmake_force_configure' from command line to 'False'
[1.626s] Level 5:colcon.colcon_core.verb:set package 'projekt3' build argument 'ament_cmake_args' from command line to 'None'
[1.626s] Level 5:colcon.colcon_core.verb:set package 'projekt3' build argument 'catkin_cmake_args' from command line to 'None'
[1.626s] Level 5:colcon.colcon_core.verb:set package 'projekt3' build argument 'catkin_skip_building_tests' from command line to 'False'
[1.626s] DEBUG:colcon.colcon_core.verb:Building package 'projekt3' with the following arguments: {'ament_cmake_args': None, 'build_base': '/home/admin/ros2_ws/src/build/projekt3', 'catkin_cmake_args': None, 'catkin_skip_building_tests': False, 'cmake_args': None, 'cmake_clean_cache': False, 'cmake_clean_first': False, 'cmake_force_configure': False, 'cmake_target': None, 'cmake_target_skip_unavailable': False, 'install_base': '/home/admin/ros2_ws/src/install/projekt3', 'merge_install': False, 'path': '/home/admin/ros2_ws/src/projekt3', 'symlink_install': False, 'test_result_base': None}
[1.644s] Level 5:colcon.colcon_core.verb:set package 'projekt4' build argument 'cmake_args' from command line to 'None'
[1.644s] Level 5:colcon.colcon_core.verb:set package 'projekt4' build argument 'cmake_target' from command line to 'None'
[1.644s] Level 5:colcon.colcon_core.verb:set package 'projekt4' build argument 'cmake_target_skip_unavailable' from command line to 'False'
[1.644s] Level 5:colcon.colcon_core.verb:set package 'projekt4' build argument 'cmake_clean_cache' from command line to 'False'
[1.644s] Level 5:colcon.colcon_core.verb:set package 'projekt4' build argument 'cmake_clean_first' from command line to 'False'
[1.644s] Level 5:colcon.colcon_core.verb:set package 'projekt4' build argument 'cmake_force_configure' from command line to 'False'
[1.644s] Level 5:colcon.colcon_core.verb:set package 'projekt4' build argument 'ament_cmake_args' from command line to 'None'
[1.644s] Level 5:colcon.colcon_core.verb:set package 'projekt4' build argument 'catkin_cmake_args' from command line to 'None'
[1.644s] Level 5:colcon.colcon_core.verb:set package 'projekt4' build argument 'catkin_skip_building_tests' from command line to 'False'
[1.644s] DEBUG:colcon.colcon_core.verb:Building package 'projekt4' with the following arguments: {'ament_cmake_args': None, 'build_base': '/home/admin/ros2_ws/src/build/projekt4', 'catkin_cmake_args': None, 'catkin_skip_building_tests': False, 'cmake_args': None, 'cmake_clean_cache': False, 'cmake_clean_first': False, 'cmake_force_configure': False, 'cmake_target': None, 'cmake_target_skip_unavailable': False, 'install_base': '/home/admin/ros2_ws/src/install/projekt4', 'merge_install': False, 'path': '/home/admin/ros2_ws/src/projekt4', 'symlink_install': False, 'test_result_base': None}
[1.660s] INFO:colcon.colcon_core.executor:Executing jobs using 'parallel' executor
[1.679s] DEBUG:colcon.colcon_parallel_executor.executor.parallel:run_until_complete
[1.679s] INFO:colcon.colcon_ros.task.ament_cmake.build:Building ROS package in '/home/admin/ros2_ws/src/tutorial_interfaces' with build type 'ament_cmake'
[1.679s] INFO:colcon.colcon_cmake.task.cmake.build:Building CMake package in '/home/admin/ros2_ws/src/tutorial_interfaces'
[1.703s] INFO:colcon.colcon_core.plugin_system:Skipping extension 'colcon_core.shell.bat': Not used on non-Windows systems
[1.703s] INFO:colcon.colcon_core.shell:Skip shell extension 'powershell' for command environment: Not usable outside of PowerShell
[1.703s] DEBUG:colcon.colcon_core.shell:Skip shell extension 'dsv' for command environment
[1.779s] INFO:colcon.colcon_ros.task.ament_python.build:Building ROS package in '/home/admin/ros2_ws/src/lab2_to_send' with build type 'ament_python'
[1.779s] Level 1:colcon.colcon_core.shell:create_environment_hook('lab2_to_send', 'ament_prefix_path')
[1.801s] INFO:colcon.colcon_core.shell:Creating environment hook '/home/admin/ros2_ws/src/install/lab2_to_send/share/lab2_to_send/hook/ament_prefix_path.ps1'
[1.809s] INFO:colcon.colcon_core.shell:Creating environment descriptor '/home/admin/ros2_ws/src/install/lab2_to_send/share/lab2_to_send/hook/ament_prefix_path.dsv'
[1.810s] INFO:colcon.colcon_core.shell:Creating environment hook '/home/admin/ros2_ws/src/install/lab2_to_send/share/lab2_to_send/hook/ament_prefix_path.sh'
[1.841s] INFO:colcon.colcon_core.shell:Skip shell extension 'powershell' for command environment: Not usable outside of PowerShell
[1.841s] DEBUG:colcon.colcon_core.shell:Skip shell extension 'dsv' for command environment
[1.910s] INFO:colcon.colcon_ros.task.ament_cmake.build:Building ROS package in '/home/admin/ros2_ws/src/my_urdf_pkg' with build type 'ament_cmake'
[1.910s] INFO:colcon.colcon_cmake.task.cmake.build:Building CMake package in '/home/admin/ros2_ws/src/my_urdf_pkg'
[1.928s] INFO:colcon.colcon_core.shell:Skip shell extension 'powershell' for command environment: Not usable outside of PowerShell
[1.928s] DEBUG:colcon.colcon_core.shell:Skip shell extension 'dsv' for command environment
[2.003s] INFO:colcon.colcon_ros.task.ament_python.build:Building ROS package in '/home/admin/ros2_ws/src/projekt2' with build type 'ament_python'
[2.003s] Level 1:colcon.colcon_core.shell:create_environment_hook('projekt2', 'ament_prefix_path')
[2.022s] INFO:colcon.colcon_core.shell:Creating environment hook '/home/admin/ros2_ws/src/install/projekt2/share/projekt2/hook/ament_prefix_path.ps1'
[2.024s] INFO:colcon.colcon_core.shell:Creating environment descriptor '/home/admin/ros2_ws/src/install/projekt2/share/projekt2/hook/ament_prefix_path.dsv'
[2.028s] INFO:colcon.colcon_core.shell:Creating environment hook '/home/admin/ros2_ws/src/install/projekt2/share/projekt2/hook/ament_prefix_path.sh'
[2.048s] INFO:colcon.colcon_core.shell:Skip shell extension 'powershell' for command environment: Not usable outside of PowerShell
[2.048s] DEBUG:colcon.colcon_core.shell:Skip shell extension 'dsv' for command environment
[2.123s] DEBUG:colcon.colcon_core.event_handler.log_command:Invoking command in '/home/admin/ros2_ws/src/build/tutorial_interfaces': CMAKE_PREFIX_PATH=${CMAKE_PREFIX_PATH}:/home/admin/ros2_ws/src/install/projekt4:/home/admin/ros2_ws/src/install/projekt3:/home/admin/ros2_ws/src/install/py_pubsub:/home/admin/ros2_ws/src/install/projekt2:/home/admin/ros2_ws/src/install/lab2_to_send:/home/admin/ros2_ws/install/projekt4:/home/admin/ros2_ws/install/projekt3:/home/admin/ros2_ws/install/py_pubsub:/home/admin/ros2_ws/install/projekt2:/home/admin/ros2_ws/install/listener:/home/admin/ros2_ws/install/lab2_to_send:/home/admin/ros2_ws/install/Projekt2:/home/admin/ros2_ws/install/LAB2:/opt/ros/humble /usr/bin/cmake --build /home/admin/ros2_ws/src/build/tutorial_interfaces -- -j4 -l4
[2.453s] INFO:colcon.colcon_core.task.python.build:Building Python package in '/home/admin/ros2_ws/src/lab2_to_send'
[2.469s] INFO:colcon.colcon_core.shell:Skip shell extension 'powershell' for command environment: Not usable outside of PowerShell
[2.469s] DEBUG:colcon.colcon_core.shell:Skip shell extension 'dsv' for command environment
[2.563s] DEBUG:colcon.colcon_core.event_handler.log_command:Invoking command in '/home/admin/ros2_ws/src/build/my_urdf_pkg': CMAKE_PREFIX_PATH=${CMAKE_PREFIX_PATH}:/home/admin/ros2_ws/src/install/projekt4:/home/admin/ros2_ws/src/install/projekt3:/home/admin/ros2_ws/src/install/py_pubsub:/home/admin/ros2_ws/src/install/projekt2:/home/admin/ros2_ws/src/install/lab2_to_send:/home/admin/ros2_ws/install/projekt4:/home/admin/ros2_ws/install/projekt3:/home/admin/ros2_ws/install/py_pubsub:/home/admin/ros2_ws/install/projekt2:/home/admin/ros2_ws/install/listener:/home/admin/ros2_ws/install/lab2_to_send:/home/admin/ros2_ws/install/Projekt2:/home/admin/ros2_ws/install/LAB2:/opt/ros/humble /usr/bin/cmake --build /home/admin/ros2_ws/src/build/my_urdf_pkg -- -j4 -l4
[2.884s] INFO:colcon.colcon_core.task.python.build:Building Python package in '/home/admin/ros2_ws/src/projekt2'
[2.902s] INFO:colcon.colcon_core.shell:Skip shell extension 'powershell' for command environment: Not usable outside of PowerShell
[2.902s] DEBUG:colcon.colcon_core.shell:Skip shell extension 'dsv' for command environment
[2.991s] DEBUG:colcon.colcon_core.event_handler.log_command:Invoked command in '/home/admin/ros2_ws/src/build/my_urdf_pkg' returned '0': CMAKE_PREFIX_PATH=${CMAKE_PREFIX_PATH}:/home/admin/ros2_ws/src/install/projekt4:/home/admin/ros2_ws/src/install/projekt3:/home/admin/ros2_ws/src/install/py_pubsub:/home/admin/ros2_ws/src/install/projekt2:/home/admin/ros2_ws/src/install/lab2_to_send:/home/admin/ros2_ws/install/projekt4:/home/admin/ros2_ws/install/projekt3:/home/admin/ros2_ws/install/py_pubsub:/home/admin/ros2_ws/install/projekt2:/home/admin/ros2_ws/install/listener:/home/admin/ros2_ws/install/lab2_to_send:/home/admin/ros2_ws/install/Projekt2:/home/admin/ros2_ws/install/LAB2:/opt/ros/humble /usr/bin/cmake --build /home/admin/ros2_ws/src/build/my_urdf_pkg -- -j4 -l4
[2.993s] DEBUG:colcon.colcon_core.event_handler.log_command:Invoked command in '/home/admin/ros2_ws/src/build/tutorial_interfaces' returned '0': CMAKE_PREFIX_PATH=${CMAKE_PREFIX_PATH}:/home/admin/ros2_ws/src/install/projekt4:/home/admin/ros2_ws/src/install/projekt3:/home/admin/ros2_ws/src/install/py_pubsub:/home/admin/ros2_ws/src/install/projekt2:/home/admin/ros2_ws/src/install/lab2_to_send:/home/admin/ros2_ws/install/projekt4:/home/admin/ros2_ws/install/projekt3:/home/admin/ros2_ws/install/py_pubsub:/home/admin/ros2_ws/install/projekt2:/home/admin/ros2_ws/install/listener:/home/admin/ros2_ws/install/lab2_to_send:/home/admin/ros2_ws/install/Projekt2:/home/admin/ros2_ws/install/LAB2:/opt/ros/humble /usr/bin/cmake --build /home/admin/ros2_ws/src/build/tutorial_interfaces -- -j4 -l4
[3.065s] DEBUG:colcon.colcon_core.event_handler.log_command:Invoking command in '/home/admin/ros2_ws/src/build/my_urdf_pkg': CMAKE_PREFIX_PATH=${CMAKE_PREFIX_PATH}:/home/admin/ros2_ws/src/install/projekt4:/home/admin/ros2_ws/src/install/projekt3:/home/admin/ros2_ws/src/install/py_pubsub:/home/admin/ros2_ws/src/install/projekt2:/home/admin/ros2_ws/src/install/lab2_to_send:/home/admin/ros2_ws/install/projekt4:/home/admin/ros2_ws/install/projekt3:/home/admin/ros2_ws/install/py_pubsub:/home/admin/ros2_ws/install/projekt2:/home/admin/ros2_ws/install/listener:/home/admin/ros2_ws/install/lab2_to_send:/home/admin/ros2_ws/install/Projekt2:/home/admin/ros2_ws/install/LAB2:/opt/ros/humble /usr/bin/cmake --install /home/admin/ros2_ws/src/build/my_urdf_pkg
[3.082s] Level 1:colcon.colcon_core.environment:create_environment_scripts_only(my_urdf_pkg)
[3.103s] Level 1:colcon.colcon_core.environment:checking '/home/admin/ros2_ws/src/install/my_urdf_pkg' for CMake module files
[3.104s] Level 1:colcon.colcon_core.environment:checking '/home/admin/ros2_ws/src/install/my_urdf_pkg' for CMake config files
[3.104s] Level 1:colcon.colcon_core.shell:create_environment_hook('my_urdf_pkg', 'cmake_prefix_path')
[3.123s] INFO:colcon.colcon_core.shell:Creating environment hook '/home/admin/ros2_ws/src/install/my_urdf_pkg/share/my_urdf_pkg/hook/cmake_prefix_path.ps1'
[3.124s] INFO:colcon.colcon_core.shell:Creating environment descriptor '/home/admin/ros2_ws/src/install/my_urdf_pkg/share/my_urdf_pkg/hook/cmake_prefix_path.dsv'
[3.124s] DEBUG:colcon.colcon_core.event_handler.log_command:Invoked command in '/home/admin/ros2_ws/src/build/my_urdf_pkg' returned '0': CMAKE_PREFIX_PATH=${CMAKE_PREFIX_PATH}:/home/admin/ros2_ws/src/install/projekt4:/home/admin/ros2_ws/src/install/projekt3:/home/admin/ros2_ws/src/install/py_pubsub:/home/admin/ros2_ws/src/install/projekt2:/home/admin/ros2_ws/src/install/lab2_to_send:/home/admin/ros2_ws/install/projekt4:/home/admin/ros2_ws/install/projekt3:/home/admin/ros2_ws/install/py_pubsub:/home/admin/ros2_ws/install/projekt2:/home/admin/ros2_ws/install/listener:/home/admin/ros2_ws/install/lab2_to_send:/home/admin/ros2_ws/install/Projekt2:/home/admin/ros2_ws/install/LAB2:/opt/ros/humble /usr/bin/cmake --install /home/admin/ros2_ws/src/build/my_urdf_pkg
[3.125s] INFO:colcon.colcon_core.shell:Creating environment hook '/home/admin/ros2_ws/src/install/my_urdf_pkg/share/my_urdf_pkg/hook/cmake_prefix_path.sh'
[3.126s] Level 1:colcon.colcon_core.environment:checking '/home/admin/ros2_ws/src/install/my_urdf_pkg/bin'
[3.126s] Level 1:colcon.colcon_core.environment:checking '/home/admin/ros2_ws/src/install/my_urdf_pkg/lib/pkgconfig/my_urdf_pkg.pc'
[3.127s] Level 1:colcon.colcon_core.environment:checking '/home/admin/ros2_ws/src/install/my_urdf_pkg/lib/python3.10/site-packages'
[3.127s] Level 1:colcon.colcon_core.environment:checking '/home/admin/ros2_ws/src/install/my_urdf_pkg/bin'
[3.145s] INFO:colcon.colcon_core.shell:Creating package script '/home/admin/ros2_ws/src/install/my_urdf_pkg/share/my_urdf_pkg/package.ps1'
[3.146s] INFO:colcon.colcon_core.shell:Creating package descriptor '/home/admin/ros2_ws/src/install/my_urdf_pkg/share/my_urdf_pkg/package.dsv'
[3.147s] INFO:colcon.colcon_core.shell:Creating package script '/home/admin/ros2_ws/src/install/my_urdf_pkg/share/my_urdf_pkg/package.sh'
[3.148s] INFO:colcon.colcon_core.shell:Creating package script '/home/admin/ros2_ws/src/install/my_urdf_pkg/share/my_urdf_pkg/package.bash'
[3.150s] INFO:colcon.colcon_core.shell:Creating package script '/home/admin/ros2_ws/src/install/my_urdf_pkg/share/my_urdf_pkg/package.zsh'
[3.151s] Level 1:colcon.colcon_core.environment:create_file_with_runtime_dependencies(/home/admin/ros2_ws/src/install/my_urdf_pkg/share/colcon-core/packages/my_urdf_pkg)
[3.215s] Level 1:colcon.colcon_core.environment:create_environment_scripts_only(my_urdf_pkg)
[3.231s] Level 1:colcon.colcon_core.environment:checking '/home/admin/ros2_ws/src/install/my_urdf_pkg' for CMake module files
[3.232s] Level 1:colcon.colcon_core.environment:checking '/home/admin/ros2_ws/src/install/my_urdf_pkg' for CMake config files
[3.232s] Level 1:colcon.colcon_core.shell:create_environment_hook('my_urdf_pkg', 'cmake_prefix_path')
[3.248s] INFO:colcon.colcon_core.shell:Creating environment hook '/home/admin/ros2_ws/src/install/my_urdf_pkg/share/my_urdf_pkg/hook/cmake_prefix_path.ps1'
[3.249s] INFO:colcon.colcon_core.shell:Creating environment descriptor '/home/admin/ros2_ws/src/install/my_urdf_pkg/share/my_urdf_pkg/hook/cmake_prefix_path.dsv'
[3.250s] INFO:colcon.colcon_core.shell:Creating environment hook '/home/admin/ros2_ws/src/install/my_urdf_pkg/share/my_urdf_pkg/hook/cmake_prefix_path.sh'
[3.251s] Level 1:colcon.colcon_core.environment:checking '/home/admin/ros2_ws/src/install/my_urdf_pkg/bin'
[3.251s] Level 1:colcon.colcon_core.environment:checking '/home/admin/ros2_ws/src/install/my_urdf_pkg/lib/pkgconfig/my_urdf_pkg.pc'
[3.251s] Level 1:colcon.colcon_core.environment:checking '/home/admin/ros2_ws/src/install/my_urdf_pkg/lib/python3.10/site-packages'
[3.251s] Level 1:colcon.colcon_core.environment:checking '/home/admin/ros2_ws/src/install/my_urdf_pkg/bin'
[3.268s] INFO:colcon.colcon_core.shell:Creating package script '/home/admin/ros2_ws/src/install/my_urdf_pkg/share/my_urdf_pkg/package.ps1'
[3.269s] INFO:colcon.colcon_core.shell:Creating package descriptor '/home/admin/ros2_ws/src/install/my_urdf_pkg/share/my_urdf_pkg/package.dsv'
[3.270s] INFO:colcon.colcon_core.shell:Creating package script '/home/admin/ros2_ws/src/install/my_urdf_pkg/share/my_urdf_pkg/package.sh'
[3.271s] INFO:colcon.colcon_core.shell:Creating package script '/home/admin/ros2_ws/src/install/my_urdf_pkg/share/my_urdf_pkg/package.bash'
[3.272s] INFO:colcon.colcon_core.shell:Creating package script '/home/admin/ros2_ws/src/install/my_urdf_pkg/share/my_urdf_pkg/package.zsh'
[3.273s] Level 1:colcon.colcon_core.environment:create_file_with_runtime_dependencies(/home/admin/ros2_ws/src/install/my_urdf_pkg/share/colcon-core/packages/my_urdf_pkg)
[3.275s] INFO:colcon.colcon_ros.task.ament_python.build:Building ROS package in '/home/admin/ros2_ws/src/py_pubsub' with build type 'ament_python'
[3.275s] Level 1:colcon.colcon_core.shell:create_environment_hook('py_pubsub', 'ament_prefix_path')
[3.292s] INFO:colcon.colcon_core.shell:Creating environment hook '/home/admin/ros2_ws/src/install/py_pubsub/share/py_pubsub/hook/ament_prefix_path.ps1'
[3.293s] INFO:colcon.colcon_core.shell:Creating environment descriptor '/home/admin/ros2_ws/src/install/py_pubsub/share/py_pubsub/hook/ament_prefix_path.dsv'
[3.295s] INFO:colcon.colcon_core.shell:Creating environment hook '/home/admin/ros2_ws/src/install/py_pubsub/share/py_pubsub/hook/ament_prefix_path.sh'
[3.314s] INFO:colcon.colcon_core.shell:Skip shell extension 'powershell' for command environment: Not usable outside of PowerShell
[3.314s] DEBUG:colcon.colcon_core.shell:Skip shell extension 'dsv' for command environment
[3.424s] DEBUG:colcon.colcon_core.event_handler.log_command:Invoking command in '/home/admin/ros2_ws/src/lab2_to_send': PYTHONPATH=/home/admin/ros2_ws/src/build/lab2_to_send/prefix_override:/home/admin/ros2_ws/src/install/lab2_to_send/lib/python3.10/site-packages:${PYTHONPATH} /usr/bin/python3 setup.py egg_info --egg-base ../build/lab2_to_send build --build-base /home/admin/ros2_ws/src/build/lab2_to_send/build install --record /home/admin/ros2_ws/src/build/lab2_to_send/install.log --single-version-externally-managed
[3.732s] INFO:colcon.colcon_core.task.python.build:Building Python package in '/home/admin/ros2_ws/src/py_pubsub'
[3.756s] INFO:colcon.colcon_core.shell:Skip shell extension 'powershell' for command environment: Not usable outside of PowerShell
[3.756s] DEBUG:colcon.colcon_core.shell:Skip shell extension 'dsv' for command environment
[3.849s] DEBUG:colcon.colcon_core.event_handler.log_command:Invoked command in '/home/admin/ros2_ws/src/lab2_to_send' returned '0': PYTHONPATH=/home/admin/ros2_ws/src/build/lab2_to_send/prefix_override:/home/admin/ros2_ws/src/install/lab2_to_send/lib/python3.10/site-packages:${PYTHONPATH} /usr/bin/python3 setup.py egg_info --egg-base ../build/lab2_to_send build --build-base /home/admin/ros2_ws/src/build/lab2_to_send/build install --record /home/admin/ros2_ws/src/build/lab2_to_send/install.log --single-version-externally-managed
[3.868s] Level 1:colcon.colcon_core.environment:checking '/home/admin/ros2_ws/src/install/lab2_to_send' for CMake module files
[3.869s] Level 1:colcon.colcon_core.environment:checking '/home/admin/ros2_ws/src/install/lab2_to_send' for CMake config files
[3.870s] Level 1:colcon.colcon_core.environment:checking '/home/admin/ros2_ws/src/install/lab2_to_send/lib'
[3.870s] Level 1:colcon.colcon_core.environment:checking '/home/admin/ros2_ws/src/install/lab2_to_send/bin'
[3.870s] Level 1:colcon.colcon_core.environment:checking '/home/admin/ros2_ws/src/install/lab2_to_send/lib/pkgconfig/lab2_to_send.pc'
[3.871s] Level 1:colcon.colcon_core.environment:checking '/home/admin/ros2_ws/src/install/lab2_to_send/lib/python3.10/site-packages'
[3.871s] Level 1:colcon.colcon_core.shell:create_environment_hook('lab2_to_send', 'pythonpath')
[3.891s] INFO:colcon.colcon_core.shell:Creating environment hook '/home/admin/ros2_ws/src/install/lab2_to_send/share/lab2_to_send/hook/pythonpath.ps1'
[3.892s] INFO:colcon.colcon_core.shell:Creating environment descriptor '/home/admin/ros2_ws/src/install/lab2_to_send/share/lab2_to_send/hook/pythonpath.dsv'
[3.892s] INFO:colcon.colcon_core.shell:Creating environment hook '/home/admin/ros2_ws/src/install/lab2_to_send/share/lab2_to_send/hook/pythonpath.sh'
[3.893s] Level 1:colcon.colcon_core.environment:checking '/home/admin/ros2_ws/src/install/lab2_to_send/bin'
[3.893s] Level 1:colcon.colcon_core.environment:create_environment_scripts_only(lab2_to_send)
[3.913s] INFO:colcon.colcon_core.shell:Creating package script '/home/admin/ros2_ws/src/install/lab2_to_send/share/lab2_to_send/package.ps1'
[3.914s] INFO:colcon.colcon_core.shell:Creating package descriptor '/home/admin/ros2_ws/src/install/lab2_to_send/share/lab2_to_send/package.dsv'
[3.915s] INFO:colcon.colcon_core.shell:Creating package script '/home/admin/ros2_ws/src/install/lab2_to_send/share/lab2_to_send/package.sh'
[3.915s] INFO:colcon.colcon_core.shell:Creating package script '/home/admin/ros2_ws/src/install/lab2_to_send/share/lab2_to_send/package.bash'
[3.916s] INFO:colcon.colcon_core.shell:Creating package script '/home/admin/ros2_ws/src/install/lab2_to_send/share/lab2_to_send/package.zsh'
[3.916s] Level 1:colcon.colcon_core.environment:create_file_with_runtime_dependencies(/home/admin/ros2_ws/src/install/lab2_to_send/share/colcon-core/packages/lab2_to_send)
[3.921s] DEBUG:colcon.colcon_core.event_handler.log_command:Invoking command in '/home/admin/ros2_ws/src/projekt2': PYTHONPATH=/home/admin/ros2_ws/src/build/projekt2/prefix_override:/home/admin/ros2_ws/src/install/projekt2/lib/python3.10/site-packages:${PYTHONPATH} /usr/bin/python3 setup.py egg_info --egg-base ../build/projekt2 build --build-base /home/admin/ros2_ws/src/build/projekt2/build install --record /home/admin/ros2_ws/src/build/projekt2/install.log --single-version-externally-managed
[3.923s] DEBUG:colcon.colcon_core.event_handler.log_command:Invoking command in '/home/admin/ros2_ws/src/build/tutorial_interfaces': CMAKE_PREFIX_PATH=${CMAKE_PREFIX_PATH}:/home/admin/ros2_ws/src/install/projekt4:/home/admin/ros2_ws/src/install/projekt3:/home/admin/ros2_ws/src/install/py_pubsub:/home/admin/ros2_ws/src/install/projekt2:/home/admin/ros2_ws/src/install/lab2_to_send:/home/admin/ros2_ws/install/projekt4:/home/admin/ros2_ws/install/projekt3:/home/admin/ros2_ws/install/py_pubsub:/home/admin/ros2_ws/install/projekt2:/home/admin/ros2_ws/install/listener:/home/admin/ros2_ws/install/lab2_to_send:/home/admin/ros2_ws/install/Projekt2:/home/admin/ros2_ws/install/LAB2:/opt/ros/humble /usr/bin/cmake --install /home/admin/ros2_ws/src/build/tutorial_interfaces
[4.002s] Level 1:colcon.colcon_core.environment:create_environment_scripts_only(tutorial_interfaces)
[4.020s] Level 1:colcon.colcon_core.environment:checking '/home/admin/ros2_ws/src/install/tutorial_interfaces' for CMake module files
[4.020s] Level 1:colcon.colcon_core.environment:checking '/home/admin/ros2_ws/src/install/tutorial_interfaces' for CMake config files
[4.021s] Level 1:colcon.colcon_core.shell:create_environment_hook('tutorial_interfaces', 'cmake_prefix_path')
[4.038s] INFO:colcon.colcon_core.shell:Creating environment hook '/home/admin/ros2_ws/src/install/tutorial_interfaces/share/tutorial_interfaces/hook/cmake_prefix_path.ps1'
[4.039s] INFO:colcon.colcon_core.shell:Creating environment descriptor '/home/admin/ros2_ws/src/install/tutorial_interfaces/share/tutorial_interfaces/hook/cmake_prefix_path.dsv'
[4.039s] INFO:colcon.colcon_core.shell:Creating environment hook '/home/admin/ros2_ws/src/install/tutorial_interfaces/share/tutorial_interfaces/hook/cmake_prefix_path.sh'
[4.040s] DEBUG:colcon.colcon_core.event_handler.log_command:Invoked command in '/home/admin/ros2_ws/src/build/tutorial_interfaces' returned '0': CMAKE_PREFIX_PATH=${CMAKE_PREFIX_PATH}:/home/admin/ros2_ws/src/install/projekt4:/home/admin/ros2_ws/src/install/projekt3:/home/admin/ros2_ws/src/install/py_pubsub:/home/admin/ros2_ws/src/install/projekt2:/home/admin/ros2_ws/src/install/lab2_to_send:/home/admin/ros2_ws/install/projekt4:/home/admin/ros2_ws/install/projekt3:/home/admin/ros2_ws/install/py_pubsub:/home/admin/ros2_ws/install/projekt2:/home/admin/ros2_ws/install/listener:/home/admin/ros2_ws/install/lab2_to_send:/home/admin/ros2_ws/install/Projekt2:/home/admin/ros2_ws/install/LAB2:/opt/ros/humble /usr/bin/cmake --install /home/admin/ros2_ws/src/build/tutorial_interfaces
[4.040s] Level 1:colcon.colcon_core.environment:checking '/home/admin/ros2_ws/src/install/tutorial_interfaces/lib'
[4.040s] Level 1:colcon.colcon_core.shell:create_environment_hook('tutorial_interfaces', 'ld_library_path_lib')
[4.056s] INFO:colcon.colcon_core.shell:Creating environment hook '/home/admin/ros2_ws/src/install/tutorial_interfaces/share/tutorial_interfaces/hook/ld_library_path_lib.ps1'
[4.057s] INFO:colcon.colcon_core.shell:Creating environment descriptor '/home/admin/ros2_ws/src/install/tutorial_interfaces/share/tutorial_interfaces/hook/ld_library_path_lib.dsv'
[4.057s] INFO:colcon.colcon_core.shell:Creating environment hook '/home/admin/ros2_ws/src/install/tutorial_interfaces/share/tutorial_interfaces/hook/ld_library_path_lib.sh'
[4.058s] Level 1:colcon.colcon_core.environment:checking '/home/admin/ros2_ws/src/install/tutorial_interfaces/bin'
[4.058s] Level 1:colcon.colcon_core.environment:checking '/home/admin/ros2_ws/src/install/tutorial_interfaces/lib/pkgconfig/tutorial_interfaces.pc'
[4.058s] Level 1:colcon.colcon_core.environment:checking '/home/admin/ros2_ws/src/install/tutorial_interfaces/lib/python3.10/site-packages'
[4.058s] Level 1:colcon.colcon_core.environment:checking '/home/admin/ros2_ws/src/install/tutorial_interfaces/bin'
[4.074s] INFO:colcon.colcon_core.shell:Creating package script '/home/admin/ros2_ws/src/install/tutorial_interfaces/share/tutorial_interfaces/package.ps1'
[4.075s] INFO:colcon.colcon_core.shell:Creating package descriptor '/home/admin/ros2_ws/src/install/tutorial_interfaces/share/tutorial_interfaces/package.dsv'
[4.076s] INFO:colcon.colcon_core.shell:Creating package script '/home/admin/ros2_ws/src/install/tutorial_interfaces/share/tutorial_interfaces/package.sh'
[4.076s] INFO:colcon.colcon_core.shell:Creating package script '/home/admin/ros2_ws/src/install/tutorial_interfaces/share/tutorial_interfaces/package.bash'
[4.077s] INFO:colcon.colcon_core.shell:Creating package script '/home/admin/ros2_ws/src/install/tutorial_interfaces/share/tutorial_interfaces/package.zsh'
[4.077s] Level 1:colcon.colcon_core.environment:create_file_with_runtime_dependencies(/home/admin/ros2_ws/src/install/tutorial_interfaces/share/colcon-core/packages/tutorial_interfaces)
[4.263s] Level 1:colcon.colcon_core.environment:create_environment_scripts_only(tutorial_interfaces)
[4.279s] Level 1:colcon.colcon_core.environment:checking '/home/admin/ros2_ws/src/install/tutorial_interfaces' for CMake module files
[4.280s] Level 1:colcon.colcon_core.environment:checking '/home/admin/ros2_ws/src/install/tutorial_interfaces' for CMake config files
[4.280s] Level 1:colcon.colcon_core.shell:create_environment_hook('tutorial_interfaces', 'cmake_prefix_path')
[4.295s] INFO:colcon.colcon_core.shell:Creating environment hook '/home/admin/ros2_ws/src/install/tutorial_interfaces/share/tutorial_interfaces/hook/cmake_prefix_path.ps1'
[4.296s] INFO:colcon.colcon_core.shell:Creating environment descriptor '/home/admin/ros2_ws/src/install/tutorial_interfaces/share/tutorial_interfaces/hook/cmake_prefix_path.dsv'
[4.297s] INFO:colcon.colcon_core.shell:Creating environment hook '/home/admin/ros2_ws/src/install/tutorial_interfaces/share/tutorial_interfaces/hook/cmake_prefix_path.sh'
[4.298s] Level 1:colcon.colcon_core.environment:checking '/home/admin/ros2_ws/src/install/tutorial_interfaces/lib'
[4.298s] Level 1:colcon.colcon_core.shell:create_environment_hook('tutorial_interfaces', 'ld_library_path_lib')
[4.319s] INFO:colcon.colcon_core.shell:Creating environment hook '/home/admin/ros2_ws/src/install/tutorial_interfaces/share/tutorial_interfaces/hook/ld_library_path_lib.ps1'
[4.320s] INFO:colcon.colcon_core.shell:Creating environment descriptor '/home/admin/ros2_ws/src/install/tutorial_interfaces/share/tutorial_interfaces/hook/ld_library_path_lib.dsv'
[4.320s] INFO:colcon.colcon_core.shell:Creating environment hook '/home/admin/ros2_ws/src/install/tutorial_interfaces/share/tutorial_interfaces/hook/ld_library_path_lib.sh'
[4.321s] Level 1:colcon.colcon_core.environment:checking '/home/admin/ros2_ws/src/install/tutorial_interfaces/bin'
[4.321s] Level 1:colcon.colcon_core.environment:checking '/home/admin/ros2_ws/src/install/tutorial_interfaces/lib/pkgconfig/tutorial_interfaces.pc'
[4.321s] Level 1:colcon.colcon_core.environment:checking '/home/admin/ros2_ws/src/install/tutorial_interfaces/lib/python3.10/site-packages'
[4.322s] Level 1:colcon.colcon_core.environment:checking '/home/admin/ros2_ws/src/install/tutorial_interfaces/bin'
[4.339s] INFO:colcon.colcon_core.shell:Creating package script '/home/admin/ros2_ws/src/install/tutorial_interfaces/share/tutorial_interfaces/package.ps1'
[4.341s] INFO:colcon.colcon_core.shell:Creating package descriptor '/home/admin/ros2_ws/src/install/tutorial_interfaces/share/tutorial_interfaces/package.dsv'
[4.343s] INFO:colcon.colcon_core.shell:Creating package script '/home/admin/ros2_ws/src/install/tutorial_interfaces/share/tutorial_interfaces/package.sh'
[4.343s] INFO:colcon.colcon_core.shell:Creating package script '/home/admin/ros2_ws/src/install/tutorial_interfaces/share/tutorial_interfaces/package.bash'
[4.344s] INFO:colcon.colcon_core.shell:Creating package script '/home/admin/ros2_ws/src/install/tutorial_interfaces/share/tutorial_interfaces/package.zsh'
[4.345s] Level 1:colcon.colcon_core.environment:create_file_with_runtime_dependencies(/home/admin/ros2_ws/src/install/tutorial_interfaces/share/colcon-core/packages/tutorial_interfaces)
[4.347s] INFO:colcon.colcon_ros.task.ament_python.build:Building ROS package in '/home/admin/ros2_ws/src/projekt3' with build type 'ament_python'
[4.347s] Level 1:colcon.colcon_core.shell:create_environment_hook('projekt3', 'ament_prefix_path')
[4.372s] INFO:colcon.colcon_core.shell:Creating environment hook '/home/admin/ros2_ws/src/install/projekt3/share/projekt3/hook/ament_prefix_path.ps1'
[4.374s] INFO:colcon.colcon_core.shell:Creating environment descriptor '/home/admin/ros2_ws/src/install/projekt3/share/projekt3/hook/ament_prefix_path.dsv'
[4.375s] INFO:colcon.colcon_core.shell:Creating environment hook '/home/admin/ros2_ws/src/install/projekt3/share/projekt3/hook/ament_prefix_path.sh'
[4.392s] INFO:colcon.colcon_core.shell:Skip shell extension 'powershell' for command environment: Not usable outside of PowerShell
[4.392s] DEBUG:colcon.colcon_core.shell:Skip shell extension 'dsv' for command environment
[4.470s] DEBUG:colcon.colcon_core.event_handler.log_command:Invoked command in '/home/admin/ros2_ws/src/projekt2' returned '0': PYTHONPATH=/home/admin/ros2_ws/src/build/projekt2/prefix_override:/home/admin/ros2_ws/src/install/projekt2/lib/python3.10/site-packages:${PYTHONPATH} /usr/bin/python3 setup.py egg_info --egg-base ../build/projekt2 build --build-base /home/admin/ros2_ws/src/build/projekt2/build install --record /home/admin/ros2_ws/src/build/projekt2/install.log --single-version-externally-managed
[4.482s] Level 1:colcon.colcon_core.environment:checking '/home/admin/ros2_ws/src/install/projekt2' for CMake module files
[4.482s] Level 1:colcon.colcon_core.environment:checking '/home/admin/ros2_ws/src/install/projekt2' for CMake config files
[4.483s] Level 1:colcon.colcon_core.environment:checking '/home/admin/ros2_ws/src/install/projekt2/lib'
[4.483s] Level 1:colcon.colcon_core.environment:checking '/home/admin/ros2_ws/src/install/projekt2/bin'
[4.483s] Level 1:colcon.colcon_core.environment:checking '/home/admin/ros2_ws/src/install/projekt2/lib/pkgconfig/projekt2.pc'
[4.483s] Level 1:colcon.colcon_core.environment:checking '/home/admin/ros2_ws/src/install/projekt2/lib/python3.10/site-packages'
[4.483s] Level 1:colcon.colcon_core.shell:create_environment_hook('projekt2', 'pythonpath')
[4.498s] INFO:colcon.colcon_core.shell:Creating environment hook '/home/admin/ros2_ws/src/install/projekt2/share/projekt2/hook/pythonpath.ps1'
[4.499s] INFO:colcon.colcon_core.shell:Creating environment descriptor '/home/admin/ros2_ws/src/install/projekt2/share/projekt2/hook/pythonpath.dsv'
[4.499s] INFO:colcon.colcon_core.shell:Creating environment hook '/home/admin/ros2_ws/src/install/projekt2/share/projekt2/hook/pythonpath.sh'
[4.500s] Level 1:colcon.colcon_core.environment:checking '/home/admin/ros2_ws/src/install/projekt2/bin'
[4.500s] Level 1:colcon.colcon_core.environment:create_environment_scripts_only(projekt2)
[4.517s] INFO:colcon.colcon_core.shell:Creating package script '/home/admin/ros2_ws/src/install/projekt2/share/projekt2/package.ps1'
[4.517s] INFO:colcon.colcon_core.shell:Creating package descriptor '/home/admin/ros2_ws/src/install/projekt2/share/projekt2/package.dsv'
[4.519s] INFO:colcon.colcon_core.shell:Creating package script '/home/admin/ros2_ws/src/install/projekt2/share/projekt2/package.sh'
[4.519s] INFO:colcon.colcon_core.shell:Creating package script '/home/admin/ros2_ws/src/install/projekt2/share/projekt2/package.bash'
[4.520s] INFO:colcon.colcon_core.shell:Creating package script '/home/admin/ros2_ws/src/install/projekt2/share/projekt2/package.zsh'
[4.520s] Level 1:colcon.colcon_core.environment:create_file_with_runtime_dependencies(/home/admin/ros2_ws/src/install/projekt2/share/colcon-core/packages/projekt2)
[4.526s] DEBUG:colcon.colcon_core.event_handler.log_command:Invoking command in '/home/admin/ros2_ws/src/py_pubsub': PYTHONPATH=/home/admin/ros2_ws/src/build/py_pubsub/prefix_override:/home/admin/ros2_ws/src/install/py_pubsub/lib/python3.10/site-packages:${PYTHONPATH} /usr/bin/python3 setup.py egg_info --egg-base ../build/py_pubsub build --build-base /home/admin/ros2_ws/src/build/py_pubsub/build install --record /home/admin/ros2_ws/src/build/py_pubsub/install.log --single-version-externally-managed
[4.861s] INFO:colcon.colcon_core.task.python.build:Building Python package in '/home/admin/ros2_ws/src/projekt3'
[4.893s] INFO:colcon.colcon_core.shell:Skip shell extension 'powershell' for command environment: Not usable outside of PowerShell
[4.894s] DEBUG:colcon.colcon_core.shell:Skip shell extension 'dsv' for command environment
[4.981s] DEBUG:colcon.colcon_core.event_handler.log_command:Invoked command in '/home/admin/ros2_ws/src/py_pubsub' returned '0': PYTHONPATH=/home/admin/ros2_ws/src/build/py_pubsub/prefix_override:/home/admin/ros2_ws/src/install/py_pubsub/lib/python3.10/site-packages:${PYTHONPATH} /usr/bin/python3 setup.py egg_info --egg-base ../build/py_pubsub build --build-base /home/admin/ros2_ws/src/build/py_pubsub/build install --record /home/admin/ros2_ws/src/build/py_pubsub/install.log --single-version-externally-managed
[4.998s] Level 1:colcon.colcon_core.environment:checking '/home/admin/ros2_ws/src/install/py_pubsub' for CMake module files
[4.999s] Level 1:colcon.colcon_core.environment:checking '/home/admin/ros2_ws/src/install/py_pubsub' for CMake config files
[4.999s] Level 1:colcon.colcon_core.environment:checking '/home/admin/ros2_ws/src/install/py_pubsub/lib'
[4.999s] Level 1:colcon.colcon_core.environment:checking '/home/admin/ros2_ws/src/install/py_pubsub/bin'
[4.999s] Level 1:colcon.colcon_core.environment:checking '/home/admin/ros2_ws/src/install/py_pubsub/lib/pkgconfig/py_pubsub.pc'
[4.999s] Level 1:colcon.colcon_core.environment:checking '/home/admin/ros2_ws/src/install/py_pubsub/lib/python3.10/site-packages'
[5.000s] Level 1:colcon.colcon_core.shell:create_environment_hook('py_pubsub', 'pythonpath')
[5.017s] INFO:colcon.colcon_core.shell:Creating environment hook '/home/admin/ros2_ws/src/install/py_pubsub/share/py_pubsub/hook/pythonpath.ps1'
[5.018s] INFO:colcon.colcon_core.shell:Creating environment descriptor '/home/admin/ros2_ws/src/install/py_pubsub/share/py_pubsub/hook/pythonpath.dsv'
[5.018s] INFO:colcon.colcon_core.shell:Creating environment hook '/home/admin/ros2_ws/src/install/py_pubsub/share/py_pubsub/hook/pythonpath.sh'
[5.019s] Level 1:colcon.colcon_core.environment:checking '/home/admin/ros2_ws/src/install/py_pubsub/bin'
[5.019s] Level 1:colcon.colcon_core.environment:create_environment_scripts_only(py_pubsub)
[5.037s] INFO:colcon.colcon_core.shell:Creating package script '/home/admin/ros2_ws/src/install/py_pubsub/share/py_pubsub/package.ps1'
[5.038s] INFO:colcon.colcon_core.shell:Creating package descriptor '/home/admin/ros2_ws/src/install/py_pubsub/share/py_pubsub/package.dsv'
[5.039s] INFO:colcon.colcon_core.shell:Creating package script '/home/admin/ros2_ws/src/install/py_pubsub/share/py_pubsub/package.sh'
[5.039s] INFO:colcon.colcon_core.shell:Creating package script '/home/admin/ros2_ws/src/install/py_pubsub/share/py_pubsub/package.bash'
[5.041s] INFO:colcon.colcon_core.shell:Creating package script '/home/admin/ros2_ws/src/install/py_pubsub/share/py_pubsub/package.zsh'
[5.042s] Level 1:colcon.colcon_core.environment:create_file_with_runtime_dependencies(/home/admin/ros2_ws/src/install/py_pubsub/share/colcon-core/packages/py_pubsub)
[5.431s] DEBUG:colcon.colcon_core.event_handler.log_command:Invoking command in '/home/admin/ros2_ws/src/projekt3': PYTHONPATH=/home/admin/ros2_ws/src/build/projekt3/prefix_override:/home/admin/ros2_ws/src/install/projekt3/lib/python3.10/site-packages:${PYTHONPATH} /usr/bin/python3 setup.py egg_info --egg-base ../build/projekt3 build --build-base /home/admin/ros2_ws/src/build/projekt3/build install --record /home/admin/ros2_ws/src/build/projekt3/install.log --single-version-externally-managed
[5.786s] DEBUG:colcon.colcon_core.event_handler.log_command:Invoked command in '/home/admin/ros2_ws/src/projekt3' returned '0': PYTHONPATH=/home/admin/ros2_ws/src/build/projekt3/prefix_override:/home/admin/ros2_ws/src/install/projekt3/lib/python3.10/site-packages:${PYTHONPATH} /usr/bin/python3 setup.py egg_info --egg-base ../build/projekt3 build --build-base /home/admin/ros2_ws/src/build/projekt3/build install --record /home/admin/ros2_ws/src/build/projekt3/install.log --single-version-externally-managed
[5.801s] Level 1:colcon.colcon_core.environment:checking '/home/admin/ros2_ws/src/install/projekt3' for CMake module files
[5.801s] Level 1:colcon.colcon_core.environment:checking '/home/admin/ros2_ws/src/install/projekt3' for CMake config files
[5.802s] Level 1:colcon.colcon_core.environment:checking '/home/admin/ros2_ws/src/install/projekt3/lib'
[5.802s] Level 1:colcon.colcon_core.environment:checking '/home/admin/ros2_ws/src/install/projekt3/bin'
[5.802s] Level 1:colcon.colcon_core.environment:checking '/home/admin/ros2_ws/src/install/projekt3/lib/pkgconfig/projekt3.pc'
[5.802s] Level 1:colcon.colcon_core.environment:checking '/home/admin/ros2_ws/src/install/projekt3/lib/python3.10/site-packages'
[5.802s] Level 1:colcon.colcon_core.shell:create_environment_hook('projekt3', 'pythonpath')
[5.823s] INFO:colcon.colcon_core.shell:Creating environment hook '/home/admin/ros2_ws/src/install/projekt3/share/projekt3/hook/pythonpath.ps1'
[5.824s] INFO:colcon.colcon_core.shell:Creating environment descriptor '/home/admin/ros2_ws/src/install/projekt3/share/projekt3/hook/pythonpath.dsv'
[5.824s] INFO:colcon.colcon_core.shell:Creating environment hook '/home/admin/ros2_ws/src/install/projekt3/share/projekt3/hook/pythonpath.sh'
[5.825s] Level 1:colcon.colcon_core.environment:checking '/home/admin/ros2_ws/src/install/projekt3/bin'
[5.825s] Level 1:colcon.colcon_core.environment:create_environment_scripts_only(projekt3)
[5.841s] INFO:colcon.colcon_core.shell:Creating package script '/home/admin/ros2_ws/src/install/projekt3/share/projekt3/package.ps1'
[5.843s] INFO:colcon.colcon_core.shell:Creating package descriptor '/home/admin/ros2_ws/src/install/projekt3/share/projekt3/package.dsv'
[5.844s] INFO:colcon.colcon_core.shell:Creating package script '/home/admin/ros2_ws/src/install/projekt3/share/projekt3/package.sh'
[5.845s] INFO:colcon.colcon_core.shell:Creating package script '/home/admin/ros2_ws/src/install/projekt3/share/projekt3/package.bash'
[5.845s] INFO:colcon.colcon_core.shell:Creating package script '/home/admin/ros2_ws/src/install/projekt3/share/projekt3/package.zsh'
[5.846s] Level 1:colcon.colcon_core.environment:create_file_with_runtime_dependencies(/home/admin/ros2_ws/src/install/projekt3/share/colcon-core/packages/projekt3)
[5.847s] INFO:colcon.colcon_ros.task.ament_python.build:Building ROS package in '/home/admin/ros2_ws/src/projekt4' with build type 'ament_python'
[5.847s] Level 1:colcon.colcon_core.shell:create_environment_hook('projekt4', 'ament_prefix_path')
[5.874s] INFO:colcon.colcon_core.shell:Creating environment hook '/home/admin/ros2_ws/src/install/projekt4/share/projekt4/hook/ament_prefix_path.ps1'
[5.876s] INFO:colcon.colcon_core.shell:Creating environment descriptor '/home/admin/ros2_ws/src/install/projekt4/share/projekt4/hook/ament_prefix_path.dsv'
[5.877s] INFO:colcon.colcon_core.shell:Creating environment hook '/home/admin/ros2_ws/src/install/projekt4/share/projekt4/hook/ament_prefix_path.sh'
[5.895s] INFO:colcon.colcon_core.shell:Skip shell extension 'powershell' for command environment: Not usable outside of PowerShell
[5.895s] DEBUG:colcon.colcon_core.shell:Skip shell extension 'dsv' for command environment
[6.291s] INFO:colcon.colcon_core.task.python.build:Building Python package in '/home/admin/ros2_ws/src/projekt4'
[6.307s] INFO:colcon.colcon_core.shell:Skip shell extension 'powershell' for command environment: Not usable outside of PowerShell
[6.307s] DEBUG:colcon.colcon_core.shell:Skip shell extension 'dsv' for command environment
[6.794s] DEBUG:colcon.colcon_core.event_handler.log_command:Invoking command in '/home/admin/ros2_ws/src/projekt4': AMENT_PREFIX_PATH=/home/admin/ros2_ws/src/install/projekt3:/home/admin/ros2_ws/src/install/projekt4:/home/admin/ros2_ws/src/install/tutorial_interfaces:/home/admin/ros2_ws/src/install/py_pubsub:/home/admin/ros2_ws/src/install/projekt2:/home/admin/ros2_ws/src/install/my_urdf_pkg:/home/admin/ros2_ws/src/install/lab2_to_send:/home/admin/ros2_ws/install/projekt4:/home/admin/ros2_ws/install/projekt3:/home/admin/ros2_ws/install/tutorial_interfaces:/home/admin/ros2_ws/install/py_pubsub:/home/admin/ros2_ws/install/projekt2:/home/admin/ros2_ws/install/my_urdf_pkg:/home/admin/ros2_ws/install/listener:/home/admin/ros2_ws/install/lab2_to_send:/home/admin/ros2_ws/install/Projekt2:/home/admin/ros2_ws/install/LAB2:/opt/ros/humble PYTHONPATH=/home/admin/ros2_ws/src/build/projekt4/prefix_override:/home/admin/ros2_ws/src/install/projekt4/lib/python3.10/site-packages:/home/admin/ros2_ws/src/install/projekt3/lib/python3.10/site-packages:/home/admin/ros2_ws/src/install/projekt4/lib/python3.10/site-packages:/home/admin/ros2_ws/src/install/tutorial_interfaces/local/lib/python3.10/dist-packages:/home/admin/ros2_ws/src/install/py_pubsub/lib/python3.10/site-packages:/home/admin/ros2_ws/src/install/projekt2/lib/python3.10/site-packages:/home/admin/ros2_ws/src/install/lab2_to_send/lib/python3.10/site-packages:/home/admin/ros2_ws/install/projekt4/lib/python3.10/site-packages:/home/admin/ros2_ws/install/projekt3/lib/python3.10/site-packages:/home/admin/ros2_ws/install/tutorial_interfaces/local/lib/python3.10/dist-packages:/home/admin/ros2_ws/install/py_pubsub/lib/python3.10/site-packages:/home/admin/ros2_ws/install/projekt2/lib/python3.10/site-packages:/home/admin/ros2_ws/install/listener/lib/python3.10/site-packages:/home/admin/ros2_ws/install/lab2_to_send/lib/python3.10/site-packages:/home/admin/ros2_ws/install/Projekt2/lib/python3.10/site-packages:/home/admin/ros2_ws/install/LAB2/lib/python3.10/site-packages:/opt/ros/humble/lib/python3.10/site-packages:/opt/ros/humble/local/lib/python3.10/dist-packages /usr/bin/python3 setup.py egg_info --egg-base ../build/projekt4 build --build-base /home/admin/ros2_ws/src/build/projekt4/build install --record /home/admin/ros2_ws/src/build/projekt4/install.log --single-version-externally-managed
[7.148s] DEBUG:colcon.colcon_core.event_handler.log_command:Invoked command in '/home/admin/ros2_ws/src/projekt4' returned '0': AMENT_PREFIX_PATH=/home/admin/ros2_ws/src/install/projekt3:/home/admin/ros2_ws/src/install/projekt4:/home/admin/ros2_ws/src/install/tutorial_interfaces:/home/admin/ros2_ws/src/install/py_pubsub:/home/admin/ros2_ws/src/install/projekt2:/home/admin/ros2_ws/src/install/my_urdf_pkg:/home/admin/ros2_ws/src/install/lab2_to_send:/home/admin/ros2_ws/install/projekt4:/home/admin/ros2_ws/install/projekt3:/home/admin/ros2_ws/install/tutorial_interfaces:/home/admin/ros2_ws/install/py_pubsub:/home/admin/ros2_ws/install/projekt2:/home/admin/ros2_ws/install/my_urdf_pkg:/home/admin/ros2_ws/install/listener:/home/admin/ros2_ws/install/lab2_to_send:/home/admin/ros2_ws/install/Projekt2:/home/admin/ros2_ws/install/LAB2:/opt/ros/humble PYTHONPATH=/home/admin/ros2_ws/src/build/projekt4/prefix_override:/home/admin/ros2_ws/src/install/projekt4/lib/python3.10/site-packages:/home/admin/ros2_ws/src/install/projekt3/lib/python3.10/site-packages:/home/admin/ros2_ws/src/install/projekt4/lib/python3.10/site-packages:/home/admin/ros2_ws/src/install/tutorial_interfaces/local/lib/python3.10/dist-packages:/home/admin/ros2_ws/src/install/py_pubsub/lib/python3.10/site-packages:/home/admin/ros2_ws/src/install/projekt2/lib/python3.10/site-packages:/home/admin/ros2_ws/src/install/lab2_to_send/lib/python3.10/site-packages:/home/admin/ros2_ws/install/projekt4/lib/python3.10/site-packages:/home/admin/ros2_ws/install/projekt3/lib/python3.10/site-packages:/home/admin/ros2_ws/install/tutorial_interfaces/local/lib/python3.10/dist-packages:/home/admin/ros2_ws/install/py_pubsub/lib/python3.10/site-packages:/home/admin/ros2_ws/install/projekt2/lib/python3.10/site-packages:/home/admin/ros2_ws/install/listener/lib/python3.10/site-packages:/home/admin/ros2_ws/install/lab2_to_send/lib/python3.10/site-packages:/home/admin/ros2_ws/install/Projekt2/lib/python3.10/site-packages:/home/admin/ros2_ws/install/LAB2/lib/python3.10/site-packages:/opt/ros/humble/lib/python3.10/site-packages:/opt/ros/humble/local/lib/python3.10/dist-packages /usr/bin/python3 setup.py egg_info --egg-base ../build/projekt4 build --build-base /home/admin/ros2_ws/src/build/projekt4/build install --record /home/admin/ros2_ws/src/build/projekt4/install.log --single-version-externally-managed
[7.167s] Level 1:colcon.colcon_core.environment:checking '/home/admin/ros2_ws/src/install/projekt4' for CMake module files
[7.167s] Level 1:colcon.colcon_core.environment:checking '/home/admin/ros2_ws/src/install/projekt4' for CMake config files
[7.168s] Level 1:colcon.colcon_core.environment:checking '/home/admin/ros2_ws/src/install/projekt4/lib'
[7.168s] Level 1:colcon.colcon_core.environment:checking '/home/admin/ros2_ws/src/install/projekt4/bin'
[7.168s] Level 1:colcon.colcon_core.environment:checking '/home/admin/ros2_ws/src/install/projekt4/lib/pkgconfig/projekt4.pc'
[7.168s] Level 1:colcon.colcon_core.environment:checking '/home/admin/ros2_ws/src/install/projekt4/lib/python3.10/site-packages'
[7.168s] Level 1:colcon.colcon_core.shell:create_environment_hook('projekt4', 'pythonpath')
[7.185s] INFO:colcon.colcon_core.shell:Creating environment hook '/home/admin/ros2_ws/src/install/projekt4/share/projekt4/hook/pythonpath.ps1'
[7.186s] INFO:colcon.colcon_core.shell:Creating environment descriptor '/home/admin/ros2_ws/src/install/projekt4/share/projekt4/hook/pythonpath.dsv'
[7.186s] INFO:colcon.colcon_core.shell:Creating environment hook '/home/admin/ros2_ws/src/install/projekt4/share/projekt4/hook/pythonpath.sh'
[7.187s] Level 1:colcon.colcon_core.environment:checking '/home/admin/ros2_ws/src/install/projekt4/bin'
[7.187s] Level 1:colcon.colcon_core.environment:create_environment_scripts_only(projekt4)
[7.207s] INFO:colcon.colcon_core.shell:Creating package script '/home/admin/ros2_ws/src/install/projekt4/share/projekt4/package.ps1'
[7.207s] INFO:colcon.colcon_core.shell:Creating package descriptor '/home/admin/ros2_ws/src/install/projekt4/share/projekt4/package.dsv'
[7.208s] INFO:colcon.colcon_core.shell:Creating package script '/home/admin/ros2_ws/src/install/projekt4/share/projekt4/package.sh'
[7.208s] INFO:colcon.colcon_core.shell:Creating package script '/home/admin/ros2_ws/src/install/projekt4/share/projekt4/package.bash'
[7.209s] INFO:colcon.colcon_core.shell:Creating package script '/home/admin/ros2_ws/src/install/projekt4/share/projekt4/package.zsh'
[7.209s] Level 1:colcon.colcon_core.environment:create_file_with_runtime_dependencies(/home/admin/ros2_ws/src/install/projekt4/share/colcon-core/packages/projekt4)
[7.211s] DEBUG:colcon.colcon_parallel_executor.executor.parallel:closing loop
[7.211s] DEBUG:colcon.colcon_parallel_executor.executor.parallel:loop closed
[7.211s] DEBUG:colcon.colcon_parallel_executor.executor.parallel:run_until_complete finished with '0'
[7.211s] DEBUG:colcon.colcon_core.event_reactor:joining thread
[7.237s] INFO:colcon.colcon_core.plugin_system:Skipping extension 'colcon_notification.desktop_notification.terminal_notifier': Not used on non-Darwin systems
[7.237s] INFO:colcon.colcon_core.plugin_system:Skipping extension 'colcon_notification.desktop_notification.win32': Not used on non-Windows systems
[7.237s] INFO:colcon.colcon_notification.desktop_notification:Sending desktop notification using 'notify2'
[7.256s] DEBUG:colcon.colcon_core.event_reactor:joined thread
[7.290s] INFO:colcon.colcon_core.shell:Creating prefix script '/home/admin/ros2_ws/src/install/local_setup.ps1'
[7.292s] INFO:colcon.colcon_core.shell:Creating prefix util module '/home/admin/ros2_ws/src/install/_local_setup_util_ps1.py'
[7.293s] INFO:colcon.colcon_core.shell:Creating prefix chain script '/home/admin/ros2_ws/src/install/setup.ps1'
[7.312s] INFO:colcon.colcon_core.shell:Creating prefix script '/home/admin/ros2_ws/src/install/local_setup.sh'
[7.314s] INFO:colcon.colcon_core.shell:Creating prefix util module '/home/admin/ros2_ws/src/install/_local_setup_util_sh.py'
[7.315s] INFO:colcon.colcon_core.shell:Creating prefix chain script '/home/admin/ros2_ws/src/install/setup.sh'
[7.336s] INFO:colcon.colcon_core.shell:Creating prefix script '/home/admin/ros2_ws/src/install/local_setup.bash'
[7.337s] INFO:colcon.colcon_core.shell:Creating prefix chain script '/home/admin/ros2_ws/src/install/setup.bash'
[7.356s] INFO:colcon.colcon_core.shell:Creating prefix script '/home/admin/ros2_ws/src/install/local_setup.zsh'
[7.357s] INFO:colcon.colcon_core.shell:Creating prefix chain script '/home/admin/ros2_ws/src/install/setup.zsh'
