[0.408s] Invoking command in '/home/admin/ros2_ws/src/build/tutorial_interfaces': CMAKE_PREFIX_PATH=${CMAKE_PREFIX_PATH}:/home/admin/ros2_ws/src/install/projekt3:/home/admin/ros2_ws/src/install/py_pubsub:/home/admin/ros2_ws/src/install/projekt2:/home/admin/ros2_ws/src/install/lab2_to_send:/opt/ros/humble /usr/bin/cmake --build /home/admin/ros2_ws/src/build/tutorial_interfaces -- -j4 -l4
[0.859s] [  9%] Built target tutorial_interfaces__rosidl_generator_c
[0.859s] [ 12%] Built target tutorial_interfaces__cpp
[0.859s] [ 12%] Built target ament_cmake_python_copy_tutorial_interfaces
[0.860s] [ 22%] Built target tutorial_interfaces__rosidl_typesupport_fastrtps_c
[0.860s] [ 32%] Built target tutorial_interfaces__rosidl_typesupport_introspection_c
[0.861s] [ 41%] Built target tutorial_interfaces__rosidl_typesupport_c
[0.861s] [ 51%] Built target tutorial_interfaces__rosidl_typesupport_introspection_cpp
[0.861s] [ 61%] Built target tutorial_interfaces__rosidl_typesupport_cpp
[0.915s] [ 70%] Built target tutorial_interfaces__rosidl_typesupport_fastrtps_cpp
[0.934s] running egg_info
[0.935s] writing tutorial_interfaces.egg-info/PKG-INFO
[0.935s] writing dependency_links to tutorial_interfaces.egg-info/dependency_links.txt
[0.936s] writing top-level names to tutorial_interfaces.egg-info/top_level.txt
[0.939s] reading manifest file 'tutorial_interfaces.egg-info/SOURCES.txt'
[0.940s] writing manifest file 'tutorial_interfaces.egg-info/SOURCES.txt'
[0.989s] [ 70%] Built target ament_cmake_python_build_tutorial_interfaces_egg
[0.991s] [ 70%] Built target tutorial_interfaces
[1.047s] [ 74%] Built target tutorial_interfaces__py
[1.107s] [ 80%] Built target tutorial_interfaces__rosidl_generator_py
[1.153s] [ 87%] Built target tutorial_interfaces__rosidl_typesupport_introspection_c__pyext
[1.169s] [ 93%] Built target tutorial_interfaces__rosidl_typesupport_c__pyext
[1.176s] [100%] Built target tutorial_interfaces__rosidl_typesupport_fastrtps_c__pyext
[1.312s] Invoked command in '/home/admin/ros2_ws/src/build/tutorial_interfaces' returned '0': CMAKE_PREFIX_PATH=${CMAKE_PREFIX_PATH}:/home/admin/ros2_ws/src/install/projekt3:/home/admin/ros2_ws/src/install/py_pubsub:/home/admin/ros2_ws/src/install/projekt2:/home/admin/ros2_ws/src/install/lab2_to_send:/opt/ros/humble /usr/bin/cmake --build /home/admin/ros2_ws/src/build/tutorial_interfaces -- -j4 -l4
[1.517s] Invoking command in '/home/admin/ros2_ws/src/build/tutorial_interfaces': CMAKE_PREFIX_PATH=${CMAKE_PREFIX_PATH}:/home/admin/ros2_ws/src/install/projekt3:/home/admin/ros2_ws/src/install/py_pubsub:/home/admin/ros2_ws/src/install/projekt2:/home/admin/ros2_ws/src/install/lab2_to_send:/opt/ros/humble /usr/bin/cmake --install /home/admin/ros2_ws/src/build/tutorial_interfaces
[1.600s] -- Install configuration: ""
[1.609s] -- Up-to-date: /home/admin/ros2_ws/src/install/tutorial_interfaces/share/ament_index/resource_index/rosidl_interfaces/tutorial_interfaces
[1.609s] -- Up-to-date: /home/admin/ros2_ws/src/install/tutorial_interfaces/include/tutorial_interfaces/tutorial_interfaces
[1.609s] -- Up-to-date: /home/admin/ros2_ws/src/install/tutorial_interfaces/include/tutorial_interfaces/tutorial_interfaces/msg
[1.609s] -- Up-to-date: /home/admin/ros2_ws/src/install/tutorial_interfaces/include/tutorial_interfaces/tutorial_interfaces/msg/rosidl_generator_c__visibility_control.h
[1.609s] -- Up-to-date: /home/admin/ros2_ws/src/install/tutorial_interfaces/include/tutorial_interfaces/tutorial_interfaces/action
[1.609s] -- Up-to-date: /home/admin/ros2_ws/src/install/tutorial_interfaces/include/tutorial_interfaces/tutorial_interfaces/action/detail
[1.609s] -- Up-to-date: /home/admin/ros2_ws/src/install/tutorial_interfaces/include/tutorial_interfaces/tutorial_interfaces/action/detail/draw_shape__functions.c
[1.609s] -- Up-to-date: /home/admin/ros2_ws/src/install/tutorial_interfaces/include/tutorial_interfaces/tutorial_interfaces/action/detail/draw_shape__functions.h
[1.609s] -- Up-to-date: /home/admin/ros2_ws/src/install/tutorial_interfaces/include/tutorial_interfaces/tutorial_interfaces/action/detail/draw_shape__struct.h
[1.609s] -- Up-to-date: /home/admin/ros2_ws/src/install/tutorial_interfaces/include/tutorial_interfaces/tutorial_interfaces/action/detail/draw_shape__type_support.h
[1.609s] -- Up-to-date: /home/admin/ros2_ws/src/install/tutorial_interfaces/include/tutorial_interfaces/tutorial_interfaces/action/draw_shape.h
[1.609s] -- Up-to-date: /home/admin/ros2_ws/src/install/tutorial_interfaces/include/tutorial_interfaces/tutorial_interfaces/srv
[1.610s] -- Up-to-date: /home/admin/ros2_ws/src/install/tutorial_interfaces/include/tutorial_interfaces/tutorial_interfaces/srv/detail
[1.610s] -- Up-to-date: /home/admin/ros2_ws/src/install/tutorial_interfaces/include/tutorial_interfaces/tutorial_interfaces/srv/detail/gripper_control__functions.c
[1.610s] -- Up-to-date: /home/admin/ros2_ws/src/install/tutorial_interfaces/include/tutorial_interfaces/tutorial_interfaces/srv/detail/gripper_control__functions.h
[1.610s] -- Up-to-date: /home/admin/ros2_ws/src/install/tutorial_interfaces/include/tutorial_interfaces/tutorial_interfaces/srv/detail/gripper_control__type_support.h
[1.610s] -- Up-to-date: /home/admin/ros2_ws/src/install/tutorial_interfaces/include/tutorial_interfaces/tutorial_interfaces/srv/detail/gripper_control__struct.h
[1.610s] -- Up-to-date: /home/admin/ros2_ws/src/install/tutorial_interfaces/include/tutorial_interfaces/tutorial_interfaces/srv/gripper_control.h
[1.610s] -- Up-to-date: /home/admin/ros2_ws/src/install/tutorial_interfaces/share/tutorial_interfaces/environment/library_path.sh
[1.610s] -- Up-to-date: /home/admin/ros2_ws/src/install/tutorial_interfaces/share/tutorial_interfaces/environment/library_path.dsv
[1.610s] -- Up-to-date: /home/admin/ros2_ws/src/install/tutorial_interfaces/lib/libtutorial_interfaces__rosidl_generator_c.so
[1.610s] -- Up-to-date: /home/admin/ros2_ws/src/install/tutorial_interfaces/include/tutorial_interfaces/tutorial_interfaces
[1.610s] -- Up-to-date: /home/admin/ros2_ws/src/install/tutorial_interfaces/include/tutorial_interfaces/tutorial_interfaces/msg
[1.610s] -- Up-to-date: /home/admin/ros2_ws/src/install/tutorial_interfaces/include/tutorial_interfaces/tutorial_interfaces/msg/rosidl_typesupport_fastrtps_c__visibility_control.h
[1.610s] -- Up-to-date: /home/admin/ros2_ws/src/install/tutorial_interfaces/include/tutorial_interfaces/tutorial_interfaces/action
[1.610s] -- Up-to-date: /home/admin/ros2_ws/src/install/tutorial_interfaces/include/tutorial_interfaces/tutorial_interfaces/action/detail
[1.610s] -- Up-to-date: /home/admin/ros2_ws/src/install/tutorial_interfaces/include/tutorial_interfaces/tutorial_interfaces/action/detail/draw_shape__rosidl_typesupport_fastrtps_c.h
[1.611s] -- Up-to-date: /home/admin/ros2_ws/src/install/tutorial_interfaces/include/tutorial_interfaces/tutorial_interfaces/srv
[1.611s] -- Up-to-date: /home/admin/ros2_ws/src/install/tutorial_interfaces/include/tutorial_interfaces/tutorial_interfaces/srv/detail
[1.611s] -- Up-to-date: /home/admin/ros2_ws/src/install/tutorial_interfaces/include/tutorial_interfaces/tutorial_interfaces/srv/detail/gripper_control__rosidl_typesupport_fastrtps_c.h
[1.611s] -- Up-to-date: /home/admin/ros2_ws/src/install/tutorial_interfaces/lib/libtutorial_interfaces__rosidl_typesupport_fastrtps_c.so
[1.611s] -- Up-to-date: /home/admin/ros2_ws/src/install/tutorial_interfaces/include/tutorial_interfaces/tutorial_interfaces
[1.611s] -- Up-to-date: /home/admin/ros2_ws/src/install/tutorial_interfaces/include/tutorial_interfaces/tutorial_interfaces/action
[1.611s] -- Up-to-date: /home/admin/ros2_ws/src/install/tutorial_interfaces/include/tutorial_interfaces/tutorial_interfaces/action/draw_shape.hpp
[1.611s] -- Up-to-date: /home/admin/ros2_ws/src/install/tutorial_interfaces/include/tutorial_interfaces/tutorial_interfaces/action/detail
[1.611s] -- Up-to-date: /home/admin/ros2_ws/src/install/tutorial_interfaces/include/tutorial_interfaces/tutorial_interfaces/action/detail/draw_shape__traits.hpp
[1.611s] -- Up-to-date: /home/admin/ros2_ws/src/install/tutorial_interfaces/include/tutorial_interfaces/tutorial_interfaces/action/detail/draw_shape__struct.hpp
[1.611s] -- Up-to-date: /home/admin/ros2_ws/src/install/tutorial_interfaces/include/tutorial_interfaces/tutorial_interfaces/action/detail/draw_shape__builder.hpp
[1.612s] -- Up-to-date: /home/admin/ros2_ws/src/install/tutorial_interfaces/include/tutorial_interfaces/tutorial_interfaces/srv
[1.612s] -- Up-to-date: /home/admin/ros2_ws/src/install/tutorial_interfaces/include/tutorial_interfaces/tutorial_interfaces/srv/gripper_control.hpp
[1.612s] -- Up-to-date: /home/admin/ros2_ws/src/install/tutorial_interfaces/include/tutorial_interfaces/tutorial_interfaces/srv/detail
[1.612s] -- Up-to-date: /home/admin/ros2_ws/src/install/tutorial_interfaces/include/tutorial_interfaces/tutorial_interfaces/srv/detail/gripper_control__struct.hpp
[1.612s] -- Up-to-date: /home/admin/ros2_ws/src/install/tutorial_interfaces/include/tutorial_interfaces/tutorial_interfaces/srv/detail/gripper_control__traits.hpp
[1.612s] -- Up-to-date: /home/admin/ros2_ws/src/install/tutorial_interfaces/include/tutorial_interfaces/tutorial_interfaces/srv/detail/gripper_control__builder.hpp
[1.612s] -- Up-to-date: /home/admin/ros2_ws/src/install/tutorial_interfaces/include/tutorial_interfaces/tutorial_interfaces
[1.612s] -- Up-to-date: /home/admin/ros2_ws/src/install/tutorial_interfaces/include/tutorial_interfaces/tutorial_interfaces/msg
[1.612s] -- Up-to-date: /home/admin/ros2_ws/src/install/tutorial_interfaces/include/tutorial_interfaces/tutorial_interfaces/msg/rosidl_typesupport_fastrtps_cpp__visibility_control.h
[1.612s] -- Up-to-date: /home/admin/ros2_ws/src/install/tutorial_interfaces/include/tutorial_interfaces/tutorial_interfaces/action
[1.612s] -- Up-to-date: /home/admin/ros2_ws/src/install/tutorial_interfaces/include/tutorial_interfaces/tutorial_interfaces/action/detail
[1.612s] -- Up-to-date: /home/admin/ros2_ws/src/install/tutorial_interfaces/include/tutorial_interfaces/tutorial_interfaces/action/detail/draw_shape__rosidl_typesupport_fastrtps_cpp.hpp
[1.612s] -- Up-to-date: /home/admin/ros2_ws/src/install/tutorial_interfaces/include/tutorial_interfaces/tutorial_interfaces/action/detail/dds_fastrtps
[1.612s] -- Up-to-date: /home/admin/ros2_ws/src/install/tutorial_interfaces/include/tutorial_interfaces/tutorial_interfaces/srv
[1.612s] -- Up-to-date: /home/admin/ros2_ws/src/install/tutorial_interfaces/include/tutorial_interfaces/tutorial_interfaces/srv/detail
[1.612s] -- Up-to-date: /home/admin/ros2_ws/src/install/tutorial_interfaces/include/tutorial_interfaces/tutorial_interfaces/srv/detail/gripper_control__rosidl_typesupport_fastrtps_cpp.hpp
[1.613s] -- Up-to-date: /home/admin/ros2_ws/src/install/tutorial_interfaces/include/tutorial_interfaces/tutorial_interfaces/srv/detail/dds_fastrtps
[1.613s] -- Up-to-date: /home/admin/ros2_ws/src/install/tutorial_interfaces/lib/libtutorial_interfaces__rosidl_typesupport_fastrtps_cpp.so
[1.613s] -- Up-to-date: /home/admin/ros2_ws/src/install/tutorial_interfaces/include/tutorial_interfaces/tutorial_interfaces
[1.613s] -- Up-to-date: /home/admin/ros2_ws/src/install/tutorial_interfaces/include/tutorial_interfaces/tutorial_interfaces/msg
[1.613s] -- Up-to-date: /home/admin/ros2_ws/src/install/tutorial_interfaces/include/tutorial_interfaces/tutorial_interfaces/msg/rosidl_typesupport_introspection_c__visibility_control.h
[1.613s] -- Up-to-date: /home/admin/ros2_ws/src/install/tutorial_interfaces/include/tutorial_interfaces/tutorial_interfaces/action
[1.613s] -- Up-to-date: /home/admin/ros2_ws/src/install/tutorial_interfaces/include/tutorial_interfaces/tutorial_interfaces/action/detail
[1.613s] -- Up-to-date: /home/admin/ros2_ws/src/install/tutorial_interfaces/include/tutorial_interfaces/tutorial_interfaces/action/detail/draw_shape__rosidl_typesupport_introspection_c.h
[1.613s] -- Up-to-date: /home/admin/ros2_ws/src/install/tutorial_interfaces/include/tutorial_interfaces/tutorial_interfaces/action/detail/draw_shape__type_support.c
[1.613s] -- Up-to-date: /home/admin/ros2_ws/src/install/tutorial_interfaces/include/tutorial_interfaces/tutorial_interfaces/srv
[1.613s] -- Up-to-date: /home/admin/ros2_ws/src/install/tutorial_interfaces/include/tutorial_interfaces/tutorial_interfaces/srv/detail
[1.613s] -- Up-to-date: /home/admin/ros2_ws/src/install/tutorial_interfaces/include/tutorial_interfaces/tutorial_interfaces/srv/detail/gripper_control__type_support.c
[1.613s] -- Up-to-date: /home/admin/ros2_ws/src/install/tutorial_interfaces/include/tutorial_interfaces/tutorial_interfaces/srv/detail/gripper_control__rosidl_typesupport_introspection_c.h
[1.613s] -- Up-to-date: /home/admin/ros2_ws/src/install/tutorial_interfaces/lib/libtutorial_interfaces__rosidl_typesupport_introspection_c.so
[1.613s] -- Up-to-date: /home/admin/ros2_ws/src/install/tutorial_interfaces/lib/libtutorial_interfaces__rosidl_typesupport_c.so
[1.613s] -- Up-to-date: /home/admin/ros2_ws/src/install/tutorial_interfaces/include/tutorial_interfaces/tutorial_interfaces
[1.613s] -- Up-to-date: /home/admin/ros2_ws/src/install/tutorial_interfaces/include/tutorial_interfaces/tutorial_interfaces/action
[1.614s] -- Up-to-date: /home/admin/ros2_ws/src/install/tutorial_interfaces/include/tutorial_interfaces/tutorial_interfaces/action/detail
[1.614s] -- Up-to-date: /home/admin/ros2_ws/src/install/tutorial_interfaces/include/tutorial_interfaces/tutorial_interfaces/action/detail/draw_shape__rosidl_typesupport_introspection_cpp.hpp
[1.614s] -- Up-to-date: /home/admin/ros2_ws/src/install/tutorial_interfaces/include/tutorial_interfaces/tutorial_interfaces/action/detail/draw_shape__type_support.cpp
[1.614s] -- Up-to-date: /home/admin/ros2_ws/src/install/tutorial_interfaces/include/tutorial_interfaces/tutorial_interfaces/srv
[1.614s] -- Up-to-date: /home/admin/ros2_ws/src/install/tutorial_interfaces/include/tutorial_interfaces/tutorial_interfaces/srv/detail
[1.614s] -- Up-to-date: /home/admin/ros2_ws/src/install/tutorial_interfaces/include/tutorial_interfaces/tutorial_interfaces/srv/detail/gripper_control__rosidl_typesupport_introspection_cpp.hpp
[1.614s] -- Up-to-date: /home/admin/ros2_ws/src/install/tutorial_interfaces/include/tutorial_interfaces/tutorial_interfaces/srv/detail/gripper_control__type_support.cpp
[1.614s] -- Up-to-date: /home/admin/ros2_ws/src/install/tutorial_interfaces/lib/libtutorial_interfaces__rosidl_typesupport_introspection_cpp.so
[1.614s] -- Up-to-date: /home/admin/ros2_ws/src/install/tutorial_interfaces/lib/libtutorial_interfaces__rosidl_typesupport_cpp.so
[1.614s] -- Up-to-date: /home/admin/ros2_ws/src/install/tutorial_interfaces/share/tutorial_interfaces/environment/pythonpath.sh
[1.614s] -- Up-to-date: /home/admin/ros2_ws/src/install/tutorial_interfaces/share/tutorial_interfaces/environment/pythonpath.dsv
[1.614s] -- Up-to-date: /home/admin/ros2_ws/src/install/tutorial_interfaces/local/lib/python3.10/dist-packages/tutorial_interfaces-0.0.0-py3.10.egg-info
[1.614s] -- Installing: /home/admin/ros2_ws/src/install/tutorial_interfaces/local/lib/python3.10/dist-packages/tutorial_interfaces-0.0.0-py3.10.egg-info/top_level.txt
[1.614s] -- Installing: /home/admin/ros2_ws/src/install/tutorial_interfaces/local/lib/python3.10/dist-packages/tutorial_interfaces-0.0.0-py3.10.egg-info/dependency_links.txt
[1.614s] -- Installing: /home/admin/ros2_ws/src/install/tutorial_interfaces/local/lib/python3.10/dist-packages/tutorial_interfaces-0.0.0-py3.10.egg-info/PKG-INFO
[1.614s] -- Installing: /home/admin/ros2_ws/src/install/tutorial_interfaces/local/lib/python3.10/dist-packages/tutorial_interfaces-0.0.0-py3.10.egg-info/SOURCES.txt
[1.615s] -- Up-to-date: /home/admin/ros2_ws/src/install/tutorial_interfaces/local/lib/python3.10/dist-packages/tutorial_interfaces
[1.615s] -- Up-to-date: /home/admin/ros2_ws/src/install/tutorial_interfaces/local/lib/python3.10/dist-packages/tutorial_interfaces/tutorial_interfaces_s__rosidl_typesupport_introspection_c.cpython-310-x86_64-linux-gnu.so
[1.615s] -- Up-to-date: /home/admin/ros2_ws/src/install/tutorial_interfaces/local/lib/python3.10/dist-packages/tutorial_interfaces/__init__.py
[1.615s] -- Up-to-date: /home/admin/ros2_ws/src/install/tutorial_interfaces/local/lib/python3.10/dist-packages/tutorial_interfaces/_tutorial_interfaces_s.ep.rosidl_typesupport_c.c
[1.615s] -- Up-to-date: /home/admin/ros2_ws/src/install/tutorial_interfaces/local/lib/python3.10/dist-packages/tutorial_interfaces/_tutorial_interfaces_s.ep.rosidl_typesupport_introspection_c.c
[1.615s] -- Up-to-date: /home/admin/ros2_ws/src/install/tutorial_interfaces/local/lib/python3.10/dist-packages/tutorial_interfaces/action
[1.615s] -- Up-to-date: /home/admin/ros2_ws/src/install/tutorial_interfaces/local/lib/python3.10/dist-packages/tutorial_interfaces/action/__init__.py
[1.615s] -- Up-to-date: /home/admin/ros2_ws/src/install/tutorial_interfaces/local/lib/python3.10/dist-packages/tutorial_interfaces/action/_draw_shape_s.c
[1.615s] -- Up-to-date: /home/admin/ros2_ws/src/install/tutorial_interfaces/local/lib/python3.10/dist-packages/tutorial_interfaces/action/_draw_shape.py
[1.615s] -- Up-to-date: /home/admin/ros2_ws/src/install/tutorial_interfaces/local/lib/python3.10/dist-packages/tutorial_interfaces/tutorial_interfaces_s__rosidl_typesupport_c.cpython-310-x86_64-linux-gnu.so
[1.615s] -- Up-to-date: /home/admin/ros2_ws/src/install/tutorial_interfaces/local/lib/python3.10/dist-packages/tutorial_interfaces/tutorial_interfaces_s__rosidl_typesupport_fastrtps_c.cpython-310-x86_64-linux-gnu.so
[1.615s] -- Up-to-date: /home/admin/ros2_ws/src/install/tutorial_interfaces/local/lib/python3.10/dist-packages/tutorial_interfaces/libtutorial_interfaces__rosidl_generator_py.so
[1.615s] -- Up-to-date: /home/admin/ros2_ws/src/install/tutorial_interfaces/local/lib/python3.10/dist-packages/tutorial_interfaces/srv
[1.615s] -- Up-to-date: /home/admin/ros2_ws/src/install/tutorial_interfaces/local/lib/python3.10/dist-packages/tutorial_interfaces/srv/__init__.py
[1.615s] -- Up-to-date: /home/admin/ros2_ws/src/install/tutorial_interfaces/local/lib/python3.10/dist-packages/tutorial_interfaces/srv/_gripper_control.py
[1.615s] -- Up-to-date: /home/admin/ros2_ws/src/install/tutorial_interfaces/local/lib/python3.10/dist-packages/tutorial_interfaces/srv/_gripper_control_s.c
[1.616s] -- Up-to-date: /home/admin/ros2_ws/src/install/tutorial_interfaces/local/lib/python3.10/dist-packages/tutorial_interfaces/_tutorial_interfaces_s.ep.rosidl_typesupport_fastrtps_c.c
[1.665s] Listing '/home/admin/ros2_ws/src/install/tutorial_interfaces/local/lib/python3.10/dist-packages/tutorial_interfaces'...
[1.665s] Listing '/home/admin/ros2_ws/src/install/tutorial_interfaces/local/lib/python3.10/dist-packages/tutorial_interfaces/action'...
[1.665s] Listing '/home/admin/ros2_ws/src/install/tutorial_interfaces/local/lib/python3.10/dist-packages/tutorial_interfaces/srv'...
[1.665s] -- Up-to-date: /home/admin/ros2_ws/src/install/tutorial_interfaces/local/lib/python3.10/dist-packages/tutorial_interfaces/tutorial_interfaces_s__rosidl_typesupport_fastrtps_c.cpython-310-x86_64-linux-gnu.so
[1.666s] -- Up-to-date: /home/admin/ros2_ws/src/install/tutorial_interfaces/local/lib/python3.10/dist-packages/tutorial_interfaces/tutorial_interfaces_s__rosidl_typesupport_introspection_c.cpython-310-x86_64-linux-gnu.so
[1.666s] -- Up-to-date: /home/admin/ros2_ws/src/install/tutorial_interfaces/local/lib/python3.10/dist-packages/tutorial_interfaces/tutorial_interfaces_s__rosidl_typesupport_c.cpython-310-x86_64-linux-gnu.so
[1.666s] -- Up-to-date: /home/admin/ros2_ws/src/install/tutorial_interfaces/lib/libtutorial_interfaces__rosidl_generator_py.so
[1.666s] -- Up-to-date: /home/admin/ros2_ws/src/install/tutorial_interfaces/share/tutorial_interfaces/action/DrawShape.idl
[1.666s] -- Up-to-date: /home/admin/ros2_ws/src/install/tutorial_interfaces/share/tutorial_interfaces/action/DrawShape.action
[1.666s] -- Up-to-date: /home/admin/ros2_ws/src/install/tutorial_interfaces/share/ament_index/resource_index/package_run_dependencies/tutorial_interfaces
[1.666s] -- Up-to-date: /home/admin/ros2_ws/src/install/tutorial_interfaces/share/ament_index/resource_index/parent_prefix_path/tutorial_interfaces
[1.666s] -- Up-to-date: /home/admin/ros2_ws/src/install/tutorial_interfaces/share/tutorial_interfaces/environment/ament_prefix_path.sh
[1.666s] -- Up-to-date: /home/admin/ros2_ws/src/install/tutorial_interfaces/share/tutorial_interfaces/environment/ament_prefix_path.dsv
[1.666s] -- Up-to-date: /home/admin/ros2_ws/src/install/tutorial_interfaces/share/tutorial_interfaces/environment/path.sh
[1.666s] -- Up-to-date: /home/admin/ros2_ws/src/install/tutorial_interfaces/share/tutorial_interfaces/environment/path.dsv
[1.666s] -- Up-to-date: /home/admin/ros2_ws/src/install/tutorial_interfaces/share/tutorial_interfaces/local_setup.bash
[1.666s] -- Up-to-date: /home/admin/ros2_ws/src/install/tutorial_interfaces/share/tutorial_interfaces/local_setup.sh
[1.666s] -- Up-to-date: /home/admin/ros2_ws/src/install/tutorial_interfaces/share/tutorial_interfaces/local_setup.zsh
[1.667s] -- Up-to-date: /home/admin/ros2_ws/src/install/tutorial_interfaces/share/tutorial_interfaces/local_setup.dsv
[1.667s] -- Installing: /home/admin/ros2_ws/src/install/tutorial_interfaces/share/tutorial_interfaces/package.dsv
[1.667s] -- Up-to-date: /home/admin/ros2_ws/src/install/tutorial_interfaces/share/ament_index/resource_index/packages/tutorial_interfaces
[1.667s] -- Up-to-date: /home/admin/ros2_ws/src/install/tutorial_interfaces/share/tutorial_interfaces/cmake/export_tutorial_interfaces__rosidl_generator_cExport.cmake
[1.667s] -- Up-to-date: /home/admin/ros2_ws/src/install/tutorial_interfaces/share/tutorial_interfaces/cmake/export_tutorial_interfaces__rosidl_generator_cExport-noconfig.cmake
[1.667s] -- Up-to-date: /home/admin/ros2_ws/src/install/tutorial_interfaces/share/tutorial_interfaces/cmake/export_tutorial_interfaces__rosidl_typesupport_fastrtps_cExport.cmake
[1.667s] -- Up-to-date: /home/admin/ros2_ws/src/install/tutorial_interfaces/share/tutorial_interfaces/cmake/export_tutorial_interfaces__rosidl_typesupport_fastrtps_cExport-noconfig.cmake
[1.667s] -- Up-to-date: /home/admin/ros2_ws/src/install/tutorial_interfaces/share/tutorial_interfaces/cmake/export_tutorial_interfaces__rosidl_generator_cppExport.cmake
[1.667s] -- Up-to-date: /home/admin/ros2_ws/src/install/tutorial_interfaces/share/tutorial_interfaces/cmake/export_tutorial_interfaces__rosidl_typesupport_fastrtps_cppExport.cmake
[1.667s] -- Up-to-date: /home/admin/ros2_ws/src/install/tutorial_interfaces/share/tutorial_interfaces/cmake/export_tutorial_interfaces__rosidl_typesupport_fastrtps_cppExport-noconfig.cmake
[1.667s] -- Up-to-date: /home/admin/ros2_ws/src/install/tutorial_interfaces/share/tutorial_interfaces/cmake/tutorial_interfaces__rosidl_typesupport_introspection_cExport.cmake
[1.667s] -- Up-to-date: /home/admin/ros2_ws/src/install/tutorial_interfaces/share/tutorial_interfaces/cmake/tutorial_interfaces__rosidl_typesupport_introspection_cExport-noconfig.cmake
[1.667s] -- Up-to-date: /home/admin/ros2_ws/src/install/tutorial_interfaces/share/tutorial_interfaces/cmake/tutorial_interfaces__rosidl_typesupport_cExport.cmake
[1.667s] -- Up-to-date: /home/admin/ros2_ws/src/install/tutorial_interfaces/share/tutorial_interfaces/cmake/tutorial_interfaces__rosidl_typesupport_cExport-noconfig.cmake
[1.668s] -- Up-to-date: /home/admin/ros2_ws/src/install/tutorial_interfaces/share/tutorial_interfaces/cmake/tutorial_interfaces__rosidl_typesupport_introspection_cppExport.cmake
[1.668s] -- Up-to-date: /home/admin/ros2_ws/src/install/tutorial_interfaces/share/tutorial_interfaces/cmake/tutorial_interfaces__rosidl_typesupport_introspection_cppExport-noconfig.cmake
[1.668s] -- Up-to-date: /home/admin/ros2_ws/src/install/tutorial_interfaces/share/tutorial_interfaces/cmake/tutorial_interfaces__rosidl_typesupport_cppExport.cmake
[1.668s] -- Up-to-date: /home/admin/ros2_ws/src/install/tutorial_interfaces/share/tutorial_interfaces/cmake/tutorial_interfaces__rosidl_typesupport_cppExport-noconfig.cmake
[1.668s] -- Up-to-date: /home/admin/ros2_ws/src/install/tutorial_interfaces/share/tutorial_interfaces/cmake/export_tutorial_interfaces__rosidl_generator_pyExport.cmake
[1.668s] -- Up-to-date: /home/admin/ros2_ws/src/install/tutorial_interfaces/share/tutorial_interfaces/cmake/export_tutorial_interfaces__rosidl_generator_pyExport-noconfig.cmake
[1.668s] -- Up-to-date: /home/admin/ros2_ws/src/install/tutorial_interfaces/share/tutorial_interfaces/cmake/rosidl_cmake-extras.cmake
[1.668s] -- Up-to-date: /home/admin/ros2_ws/src/install/tutorial_interfaces/share/tutorial_interfaces/cmake/ament_cmake_export_dependencies-extras.cmake
[1.668s] -- Up-to-date: /home/admin/ros2_ws/src/install/tutorial_interfaces/share/tutorial_interfaces/cmake/ament_cmake_export_include_directories-extras.cmake
[1.668s] -- Up-to-date: /home/admin/ros2_ws/src/install/tutorial_interfaces/share/tutorial_interfaces/cmake/ament_cmake_export_libraries-extras.cmake
[1.668s] -- Up-to-date: /home/admin/ros2_ws/src/install/tutorial_interfaces/share/tutorial_interfaces/cmake/ament_cmake_export_targets-extras.cmake
[1.669s] -- Up-to-date: /home/admin/ros2_ws/src/install/tutorial_interfaces/share/tutorial_interfaces/cmake/rosidl_cmake_export_typesupport_targets-extras.cmake
[1.669s] -- Up-to-date: /home/admin/ros2_ws/src/install/tutorial_interfaces/share/tutorial_interfaces/cmake/rosidl_cmake_export_typesupport_libraries-extras.cmake
[1.669s] -- Up-to-date: /home/admin/ros2_ws/src/install/tutorial_interfaces/share/tutorial_interfaces/cmake/tutorial_interfacesConfig.cmake
[1.669s] -- Up-to-date: /home/admin/ros2_ws/src/install/tutorial_interfaces/share/tutorial_interfaces/cmake/tutorial_interfacesConfig-version.cmake
[1.669s] -- Up-to-date: /home/admin/ros2_ws/src/install/tutorial_interfaces/share/tutorial_interfaces/package.xml
[1.766s] Invoked command in '/home/admin/ros2_ws/src/build/tutorial_interfaces' returned '0': CMAKE_PREFIX_PATH=${CMAKE_PREFIX_PATH}:/home/admin/ros2_ws/src/install/projekt3:/home/admin/ros2_ws/src/install/py_pubsub:/home/admin/ros2_ws/src/install/projekt2:/home/admin/ros2_ws/src/install/lab2_to_send:/opt/ros/humble /usr/bin/cmake --install /home/admin/ros2_ws/src/build/tutorial_interfaces
