[1.674s] Invoking command in '/home/admin/ros2_ws/src/projekt3': PYTHONPATH=/home/admin/ros2_ws/src/build/projekt3/prefix_override:/home/admin/ros2_ws/src/install/projekt3/lib/python3.10/site-packages:${PYTHONPATH} /usr/bin/python3 setup.py egg_info --egg-base ../build/projekt3 build --build-base /home/admin/ros2_ws/src/build/projekt3/build install --record /home/admin/ros2_ws/src/build/projekt3/install.log --single-version-externally-managed
[1.909s] running egg_info
[1.911s] writing ../build/projekt3/projekt3.egg-info/PKG-INFO
[1.911s] writing dependency_links to ../build/projekt3/projekt3.egg-info/dependency_links.txt
[1.912s] writing entry points to ../build/projekt3/projekt3.egg-info/entry_points.txt
[1.917s] writing requirements to ../build/projekt3/projekt3.egg-info/requires.txt
[1.918s] writing top-level names to ../build/projekt3/projekt3.egg-info/top_level.txt
[1.923s] reading manifest file '../build/projekt3/projekt3.egg-info/SOURCES.txt'
[1.924s] writing manifest file '../build/projekt3/projekt3.egg-info/SOURCES.txt'
[1.925s] running build
[1.925s] running build_py
[1.927s] running install
[1.929s] /usr/lib/python3/dist-packages/setuptools/command/install.py:34: SetuptoolsDeprecationWarning: setup.py install is deprecated. Use build and pip and other standards-based tools.
[1.929s]   warnings.warn(
[1.929s] running install_lib
[1.933s] running install_data
[1.934s] running install_egg_info
[1.937s] removing '/home/admin/ros2_ws/src/install/projekt3/lib/python3.10/site-packages/projekt3-0.0.0-py3.10.egg-info' (and everything under it)
[1.938s] Copying ../build/projekt3/projekt3.egg-info to /home/admin/ros2_ws/src/install/projekt3/lib/python3.10/site-packages/projekt3-0.0.0-py3.10.egg-info
[1.940s] running install_scripts
[1.967s] writing list of installed files to '/home/admin/ros2_ws/src/build/projekt3/install.log'
[2.195s] Invoked command in '/home/admin/ros2_ws/src/projekt3' returned '0': PYTHONPATH=/home/admin/ros2_ws/src/build/projekt3/prefix_override:/home/admin/ros2_ws/src/install/projekt3/lib/python3.10/site-packages:${PYTHONPATH} /usr/bin/python3 setup.py egg_info --egg-base ../build/projekt3 build --build-base /home/admin/ros2_ws/src/build/projekt3/build install --record /home/admin/ros2_ws/src/build/projekt3/install.log --single-version-externally-managed
