[0.577s] Invoking command in '/home/admin/ros2_ws/src/build/my_urdf_pkg': CMAKE_PREFIX_PATH=/opt/ros/humble /usr/bin/cmake /home/admin/ros2_ws/src/my_urdf_pkg -DCMAKE_INSTALL_PREFIX=/home/admin/ros2_ws/src/install/my_urdf_pkg
[1.283s] -- The C compiler identification is GNU 11.4.0
[1.915s] -- The CXX compiler identification is GNU 11.4.0
[1.993s] -- Detecting C compiler ABI info
[2.146s] -- Detecting C compiler ABI info - done
[2.155s] -- Check for working C compiler: /usr/bin/cc - skipped
[2.166s] -- Detecting C compile features
[2.174s] -- Detecting C compile features - done
[2.195s] -- Detecting CXX compiler ABI info
[2.354s] -- Detecting CXX compiler ABI info - done
[2.362s] -- Check for working CXX compiler: /usr/bin/c++ - skipped
[2.362s] -- Detecting CXX compile features
[2.363s] -- Detecting CXX compile features - done
[2.412s] -- Found ament_cmake: 1.3.7 (/opt/ros/humble/share/ament_cmake/cmake)
[2.727s] -- Found Python3: /usr/bin/python3.10 (found version "3.10.12") found components: Interpreter 
[3.101s] -- Found ament_lint_auto: 0.12.10 (/opt/ros/humble/share/ament_lint_auto/cmake)
[3.247s] -- Configuring done
[3.251s] -- Generating done
[3.252s] -- Build files have been written to: /home/admin/ros2_ws/src/build/my_urdf_pkg
[3.259s] Invoked command in '/home/admin/ros2_ws/src/build/my_urdf_pkg' returned '0': CMAKE_PREFIX_PATH=/opt/ros/humble /usr/bin/cmake /home/admin/ros2_ws/src/my_urdf_pkg -DCMAKE_INSTALL_PREFIX=/home/admin/ros2_ws/src/install/my_urdf_pkg
[3.264s] Invoking command in '/home/admin/ros2_ws/src/build/my_urdf_pkg': CMAKE_PREFIX_PATH=/opt/ros/humble /usr/bin/cmake --build /home/admin/ros2_ws/src/build/my_urdf_pkg -- -j4 -l4
[3.318s] Invoked command in '/home/admin/ros2_ws/src/build/my_urdf_pkg' returned '0': CMAKE_PREFIX_PATH=/opt/ros/humble /usr/bin/cmake --build /home/admin/ros2_ws/src/build/my_urdf_pkg -- -j4 -l4
[3.391s] Invoking command in '/home/admin/ros2_ws/src/build/my_urdf_pkg': CMAKE_PREFIX_PATH=/opt/ros/humble /usr/bin/cmake --install /home/admin/ros2_ws/src/build/my_urdf_pkg
[3.401s] -- Install configuration: ""
[3.401s] -- Installing: /home/admin/ros2_ws/src/install/my_urdf_pkg/share/my_urdf_pkg/launch
[3.404s] -- Installing: /home/admin/ros2_ws/src/install/my_urdf_pkg/share/my_urdf_pkg/launch/display.launch.py
[3.407s] -- Installing: /home/admin/ros2_ws/src/install/my_urdf_pkg/share/my_urdf_pkg/rviz
[3.411s] -- Installing: /home/admin/ros2_ws/src/install/my_urdf_pkg/share/my_urdf_pkg/rviz/urdf.rviz
[3.414s] -- Installing: /home/admin/ros2_ws/src/install/my_urdf_pkg/share/my_urdf_pkg/urdf
[3.417s] -- Installing: /home/admin/ros2_ws/src/install/my_urdf_pkg/share/my_urdf_pkg/urdf/manipulator_model_with_gripper.urdf
[3.421s] -- Installing: /home/admin/ros2_ws/src/install/my_urdf_pkg/share/my_urdf_pkg/urdf/manipulator_model.urdf
[3.424s] -- Installing: /home/admin/ros2_ws/src/install/my_urdf_pkg/share/ament_index/resource_index/package_run_dependencies/my_urdf_pkg
[3.425s] -- Installing: /home/admin/ros2_ws/src/install/my_urdf_pkg/share/ament_index/resource_index/parent_prefix_path/my_urdf_pkg
[3.425s] -- Installing: /home/admin/ros2_ws/src/install/my_urdf_pkg/share/my_urdf_pkg/environment/ament_prefix_path.sh
[3.425s] -- Installing: /home/admin/ros2_ws/src/install/my_urdf_pkg/share/my_urdf_pkg/environment/ament_prefix_path.dsv
[3.425s] -- Installing: /home/admin/ros2_ws/src/install/my_urdf_pkg/share/my_urdf_pkg/environment/path.sh
[3.426s] -- Installing: /home/admin/ros2_ws/src/install/my_urdf_pkg/share/my_urdf_pkg/environment/path.dsv
[3.427s] -- Installing: /home/admin/ros2_ws/src/install/my_urdf_pkg/share/my_urdf_pkg/local_setup.bash
[3.427s] -- Installing: /home/admin/ros2_ws/src/install/my_urdf_pkg/share/my_urdf_pkg/local_setup.sh
[3.427s] -- Installing: /home/admin/ros2_ws/src/install/my_urdf_pkg/share/my_urdf_pkg/local_setup.zsh
[3.427s] -- Installing: /home/admin/ros2_ws/src/install/my_urdf_pkg/share/my_urdf_pkg/local_setup.dsv
[3.427s] -- Installing: /home/admin/ros2_ws/src/install/my_urdf_pkg/share/my_urdf_pkg/package.dsv
[3.427s] -- Installing: /home/admin/ros2_ws/src/install/my_urdf_pkg/share/ament_index/resource_index/packages/my_urdf_pkg
[3.428s] -- Installing: /home/admin/ros2_ws/src/install/my_urdf_pkg/share/my_urdf_pkg/cmake/my_urdf_pkgConfig.cmake
[3.428s] -- Installing: /home/admin/ros2_ws/src/install/my_urdf_pkg/share/my_urdf_pkg/cmake/my_urdf_pkgConfig-version.cmake
[3.430s] -- Installing: /home/admin/ros2_ws/src/install/my_urdf_pkg/share/my_urdf_pkg/package.xml
[3.436s] Invoked command in '/home/admin/ros2_ws/src/build/my_urdf_pkg' returned '0': CMAKE_PREFIX_PATH=/opt/ros/humble /usr/bin/cmake --install /home/admin/ros2_ws/src/build/my_urdf_pkg
