[1.707s] Invoking command in '/home/admin/ros2_ws/src/py_pubsub': PYTHONPATH=/home/admin/ros2_ws/src/build/py_pubsub/prefix_override:/home/admin/ros2_ws/src/install/py_pubsub/lib/python3.10/site-packages:${PYTHONPATH} /usr/bin/python3 setup.py egg_info --egg-base ../build/py_pubsub build --build-base /home/admin/ros2_ws/src/build/py_pubsub/build install --record /home/admin/ros2_ws/src/build/py_pubsub/install.log --single-version-externally-managed
[2.015s] running egg_info
[2.016s] writing ../build/py_pubsub/py_pubsub.egg-info/PKG-INFO
[2.016s] writing dependency_links to ../build/py_pubsub/py_pubsub.egg-info/dependency_links.txt
[2.017s] writing entry points to ../build/py_pubsub/py_pubsub.egg-info/entry_points.txt
[2.018s] writing requirements to ../build/py_pubsub/py_pubsub.egg-info/requires.txt
[2.018s] writing top-level names to ../build/py_pubsub/py_pubsub.egg-info/top_level.txt
[2.021s] reading manifest file '../build/py_pubsub/py_pubsub.egg-info/SOURCES.txt'
[2.021s] adding license file 'LICENSE'
[2.022s] writing manifest file '../build/py_pubsub/py_pubsub.egg-info/SOURCES.txt'
[2.022s] running build
[2.023s] running build_py
[2.023s] running install
[2.023s] /usr/lib/python3/dist-packages/setuptools/command/install.py:34: SetuptoolsDeprecationWarning: setup.py install is deprecated. Use build and pip and other standards-based tools.
[2.023s]   warnings.warn(
[2.023s] running install_lib
[2.025s] running install_data
[2.026s] running install_egg_info
[2.028s] removing '/home/admin/ros2_ws/src/install/py_pubsub/lib/python3.10/site-packages/py_pubsub-0.0.0-py3.10.egg-info' (and everything under it)
[2.029s] Copying ../build/py_pubsub/py_pubsub.egg-info to /home/admin/ros2_ws/src/install/py_pubsub/lib/python3.10/site-packages/py_pubsub-0.0.0-py3.10.egg-info
[2.031s] running install_scripts
[2.055s] Installing listener script to /home/admin/ros2_ws/src/install/py_pubsub/lib/py_pubsub
[2.056s] Installing talker script to /home/admin/ros2_ws/src/install/py_pubsub/lib/py_pubsub
[2.057s] writing list of installed files to '/home/admin/ros2_ws/src/build/py_pubsub/install.log'
[2.095s] Invoked command in '/home/admin/ros2_ws/src/py_pubsub' returned '0': PYTHONPATH=/home/admin/ros2_ws/src/build/py_pubsub/prefix_override:/home/admin/ros2_ws/src/install/py_pubsub/lib/python3.10/site-packages:${PYTHONPATH} /usr/bin/python3 setup.py egg_info --egg-base ../build/py_pubsub build --build-base /home/admin/ros2_ws/src/build/py_pubsub/build install --record /home/admin/ros2_ws/src/build/py_pubsub/install.log --single-version-externally-managed
