[0.836s] Invoking command in '/home/admin/ros2_ws/src/projekt4': AMENT_PREFIX_PATH=/home/admin/ros2_ws/src/install/projekt3:/home/admin/ros2_ws/src/install/tutorial_interfaces:${AMENT_PREFIX_PATH} CMAKE_PREFIX_PATH=/home/admin/ros2_ws/src/install/tutorial_interfaces:${CMAKE_PREFIX_PATH} LD_LIBRARY_PATH=/home/admin/ros2_ws/src/install/tutorial_interfaces/lib:${LD_LIBRARY_PATH} PYTHONPATH=/home/admin/ros2_ws/src/build/projekt4/prefix_override:/home/admin/ros2_ws/src/install/projekt4/lib/python3.10/site-packages:/home/admin/ros2_ws/src/install/projekt3/lib/python3.10/site-packages:/home/admin/ros2_ws/src/install/tutorial_interfaces/local/lib/python3.10/dist-packages:${PYTHONPATH} /usr/bin/python3 setup.py egg_info --egg-base ../build/projekt4 build --build-base /home/admin/ros2_ws/src/build/projekt4/build install --record /home/admin/ros2_ws/src/build/projekt4/install.log --single-version-externally-managed
[1.102s] running egg_info
[1.103s] writing ../build/projekt4/projekt4.egg-info/PKG-INFO
[1.106s] writing dependency_links to ../build/projekt4/projekt4.egg-info/dependency_links.txt
[1.106s] writing entry points to ../build/projekt4/projekt4.egg-info/entry_points.txt
[1.106s] writing requirements to ../build/projekt4/projekt4.egg-info/requires.txt
[1.106s] writing top-level names to ../build/projekt4/projekt4.egg-info/top_level.txt
[1.107s] reading manifest file '../build/projekt4/projekt4.egg-info/SOURCES.txt'
[1.111s] writing manifest file '../build/projekt4/projekt4.egg-info/SOURCES.txt'
[1.111s] running build
[1.111s] running build_py
[1.122s] /usr/lib/python3/dist-packages/setuptools/command/install.py:34: SetuptoolsDeprecationWarning: setup.py install is deprecated. Use build and pip and other standards-based tools.
[1.123s]   warnings.warn(
[1.123s] copying projekt4/draw_shape_server.py -> /home/admin/ros2_ws/src/build/projekt4/build/lib/projekt4
[1.123s] running install
[1.123s] running install_lib
[1.123s] copying /home/admin/ros2_ws/src/build/projekt4/build/lib/projekt4/draw_shape_server.py -> /home/admin/ros2_ws/src/install/projekt4/lib/python3.10/site-packages/projekt4
[1.125s] byte-compiling /home/admin/ros2_ws/src/install/projekt4/lib/python3.10/site-packages/projekt4/draw_shape_server.py to draw_shape_server.cpython-310.pyc
[1.126s] running install_data
[1.129s] running install_egg_info
[1.131s] removing '/home/admin/ros2_ws/src/install/projekt4/lib/python3.10/site-packages/projekt4-0.0.0-py3.10.egg-info' (and everything under it)
[1.132s] Copying ../build/projekt4/projekt4.egg-info to /home/admin/ros2_ws/src/install/projekt4/lib/python3.10/site-packages/projekt4-0.0.0-py3.10.egg-info
[1.133s] running install_scripts
[1.156s] Installing draw_shape_server script to /home/admin/ros2_ws/src/install/projekt4/lib/projekt4
[1.157s] writing list of installed files to '/home/admin/ros2_ws/src/build/projekt4/install.log'
[1.185s] Invoked command in '/home/admin/ros2_ws/src/projekt4' returned '0': AMENT_PREFIX_PATH=/home/admin/ros2_ws/src/install/projekt3:/home/admin/ros2_ws/src/install/tutorial_interfaces:${AMENT_PREFIX_PATH} CMAKE_PREFIX_PATH=/home/admin/ros2_ws/src/install/tutorial_interfaces:${CMAKE_PREFIX_PATH} LD_LIBRARY_PATH=/home/admin/ros2_ws/src/install/tutorial_interfaces/lib:${LD_LIBRARY_PATH} PYTHONPATH=/home/admin/ros2_ws/src/build/projekt4/prefix_override:/home/admin/ros2_ws/src/install/projekt4/lib/python3.10/site-packages:/home/admin/ros2_ws/src/install/projekt3/lib/python3.10/site-packages:/home/admin/ros2_ws/src/install/tutorial_interfaces/local/lib/python3.10/dist-packages:${PYTHONPATH} /usr/bin/python3 setup.py egg_info --egg-base ../build/projekt4 build --build-base /home/admin/ros2_ws/src/build/projekt4/build install --record /home/admin/ros2_ws/src/build/projekt4/install.log --single-version-externally-managed
