[1.822s] Invoking command in '/home/admin/ros2_ws/src/lab2_to_send': PYTHONPATH=/home/admin/ros2_ws/src/build/lab2_to_send/prefix_override:/home/admin/ros2_ws/src/install/lab2_to_send/lib/python3.10/site-packages:${PYTHONPATH} /usr/bin/python3 setup.py egg_info --egg-base ../build/lab2_to_send build --build-base /home/admin/ros2_ws/src/build/lab2_to_send/build install --record /home/admin/ros2_ws/src/build/lab2_to_send/install.log --single-version-externally-managed
[2.198s] running egg_info
[2.203s] writing ../build/lab2_to_send/lab2_to_send.egg-info/PKG-INFO
[2.203s] writing dependency_links to ../build/lab2_to_send/lab2_to_send.egg-info/dependency_links.txt
[2.203s] writing entry points to ../build/lab2_to_send/lab2_to_send.egg-info/entry_points.txt
[2.203s] writing requirements to ../build/lab2_to_send/lab2_to_send.egg-info/requires.txt
[2.204s] writing top-level names to ../build/lab2_to_send/lab2_to_send.egg-info/top_level.txt
[2.207s] reading manifest file '../build/lab2_to_send/lab2_to_send.egg-info/SOURCES.txt'
[2.212s] adding license file 'LICENSE'
[2.217s] writing manifest file '../build/lab2_to_send/lab2_to_send.egg-info/SOURCES.txt'
[2.217s] running build
[2.217s] running build_py
[2.217s] copying lab2_to_send/draw.py -> /home/admin/ros2_ws/src/build/lab2_to_send/build/lib/lab2_to_send
[2.217s] running install
[2.217s] /usr/lib/python3/dist-packages/setuptools/command/install.py:34: SetuptoolsDeprecationWarning: setup.py install is deprecated. Use build and pip and other standards-based tools.
[2.217s]   warnings.warn(
[2.218s] running install_lib
[2.218s] copying /home/admin/ros2_ws/src/build/lab2_to_send/build/lib/lab2_to_send/draw.py -> /home/admin/ros2_ws/src/install/lab2_to_send/lib/python3.10/site-packages/lab2_to_send
[2.219s] byte-compiling /home/admin/ros2_ws/src/install/lab2_to_send/lib/python3.10/site-packages/lab2_to_send/draw.py to draw.cpython-310.pyc
[2.219s] running install_data
[2.227s] copying package.xml -> /home/admin/ros2_ws/src/install/lab2_to_send/share/lab2_to_send
[2.227s] creating /home/admin/ros2_ws/src/install/lab2_to_send/share/lab2_to_send/launch
[2.227s] copying launch/draw.launch.py -> /home/admin/ros2_ws/src/install/lab2_to_send/share/lab2_to_send/launch
[2.228s] running install_egg_info
[2.228s] removing '/home/admin/ros2_ws/src/install/lab2_to_send/lib/python3.10/site-packages/lab2_to_send-0.0.0-py3.10.egg-info' (and everything under it)
[2.228s] Copying ../build/lab2_to_send/lab2_to_send.egg-info to /home/admin/ros2_ws/src/install/lab2_to_send/lib/python3.10/site-packages/lab2_to_send-0.0.0-py3.10.egg-info
[2.228s] running install_scripts
[2.268s] Installing draw script to /home/admin/ros2_ws/src/install/lab2_to_send/lib/lab2_to_send
[2.268s] Installing pose_subscriber script to /home/admin/ros2_ws/src/install/lab2_to_send/lib/lab2_to_send
[2.268s] writing list of installed files to '/home/admin/ros2_ws/src/build/lab2_to_send/install.log'
[2.304s] Invoked command in '/home/admin/ros2_ws/src/lab2_to_send' returned '0': PYTHONPATH=/home/admin/ros2_ws/src/build/lab2_to_send/prefix_override:/home/admin/ros2_ws/src/install/lab2_to_send/lib/python3.10/site-packages:${PYTHONPATH} /usr/bin/python3 setup.py egg_info --egg-base ../build/lab2_to_send build --build-base /home/admin/ros2_ws/src/build/lab2_to_send/build install --record /home/admin/ros2_ws/src/build/lab2_to_send/install.log --single-version-externally-managed
