running egg_info
writing ../build/lab2_to_send/lab2_to_send.egg-info/PKG-INFO
writing dependency_links to ../build/lab2_to_send/lab2_to_send.egg-info/dependency_links.txt
writing entry points to ../build/lab2_to_send/lab2_to_send.egg-info/entry_points.txt
writing requirements to ../build/lab2_to_send/lab2_to_send.egg-info/requires.txt
writing top-level names to ../build/lab2_to_send/lab2_to_send.egg-info/top_level.txt
reading manifest file '../build/lab2_to_send/lab2_to_send.egg-info/SOURCES.txt'
adding license file 'LICENSE'
writing manifest file '../build/lab2_to_send/lab2_to_send.egg-info/SOURCES.txt'
running build
running build_py
/usr/lib/python3/dist-packages/setuptools/command/install.py:34: SetuptoolsDeprecationWarning: setup.py install is deprecated. Use build and pip and other standards-based tools.
  warnings.warn(
running install
running install_lib
running install_data
running install_egg_info
removing '/home/admin/ros2_ws/src/install/lab2_to_send/lib/python3.10/site-packages/lab2_to_send-0.0.0-py3.10.egg-info' (and everything under it)
Copying ../build/lab2_to_send/lab2_to_send.egg-info to /home/admin/ros2_ws/src/install/lab2_to_send/lib/python3.10/site-packages/lab2_to_send-0.0.0-py3.10.egg-info
running install_scripts
Installing draw script to /home/admin/ros2_ws/src/install/lab2_to_send/lib/lab2_to_send
Installing pose_subscriber script to /home/admin/ros2_ws/src/install/lab2_to_send/lib/lab2_to_send
writing list of installed files to '/home/admin/ros2_ws/src/build/lab2_to_send/install.log'
