[1.319s] Invoking command in '/home/admin/ros2_ws/src/py_pubsub': PYTHONPATH=/home/admin/ros2_ws/src/build/py_pubsub/prefix_override:/home/admin/ros2_ws/src/install/py_pubsub/lib/python3.10/site-packages:${PYTHONPATH} /usr/bin/python3 setup.py egg_info --egg-base ../build/py_pubsub build --build-base /home/admin/ros2_ws/src/build/py_pubsub/build install --record /home/admin/ros2_ws/src/build/py_pubsub/install.log --single-version-externally-managed
[1.641s] running egg_info
[1.642s] writing ../build/py_pubsub/py_pubsub.egg-info/PKG-INFO
[1.643s] writing dependency_links to ../build/py_pubsub/py_pubsub.egg-info/dependency_links.txt
[1.644s] writing entry points to ../build/py_pubsub/py_pubsub.egg-info/entry_points.txt
[1.644s] writing requirements to ../build/py_pubsub/py_pubsub.egg-info/requires.txt
[1.644s] writing top-level names to ../build/py_pubsub/py_pubsub.egg-info/top_level.txt
[1.646s] reading manifest file '../build/py_pubsub/py_pubsub.egg-info/SOURCES.txt'
[1.647s] adding license file 'LICENSE'
[1.647s] writing manifest file '../build/py_pubsub/py_pubsub.egg-info/SOURCES.txt'
[1.648s] running build
[1.648s] running build_py
[1.649s] running install
[1.650s] /usr/lib/python3/dist-packages/setuptools/command/install.py:34: SetuptoolsDeprecationWarning: setup.py install is deprecated. Use build and pip and other standards-based tools.
[1.650s]   warnings.warn(
[1.651s] running install_lib
[1.654s] running install_data
[1.655s] running install_egg_info
[1.658s] removing '/home/admin/ros2_ws/src/install/py_pubsub/lib/python3.10/site-packages/py_pubsub-0.0.0-py3.10.egg-info' (and everything under it)
[1.659s] Copying ../build/py_pubsub/py_pubsub.egg-info to /home/admin/ros2_ws/src/install/py_pubsub/lib/python3.10/site-packages/py_pubsub-0.0.0-py3.10.egg-info
[1.660s] running install_scripts
[1.691s] Installing listener script to /home/admin/ros2_ws/src/install/py_pubsub/lib/py_pubsub
[1.692s] Installing talker script to /home/admin/ros2_ws/src/install/py_pubsub/lib/py_pubsub
[1.693s] writing list of installed files to '/home/admin/ros2_ws/src/build/py_pubsub/install.log'
[1.796s] Invoked command in '/home/admin/ros2_ws/src/py_pubsub' returned '0': PYTHONPATH=/home/admin/ros2_ws/src/build/py_pubsub/prefix_override:/home/admin/ros2_ws/src/install/py_pubsub/lib/python3.10/site-packages:${PYTHONPATH} /usr/bin/python3 setup.py egg_info --egg-base ../build/py_pubsub build --build-base /home/admin/ros2_ws/src/build/py_pubsub/build install --record /home/admin/ros2_ws/src/build/py_pubsub/install.log --single-version-externally-managed
