[0.947s] DEBUG:colcon:Command line arguments: ['/usr/bin/colcon', 'build']
[0.947s] DEBUG:colcon:Parsed command line arguments: Namespace(log_base=None, log_level=None, verb_name='build', build_base='build', install_base='install', merge_install=False, symlink_install=False, test_result_base=None, continue_on_error=False, executor='parallel', parallel_workers=4, event_handlers=None, ignore_user_meta=False, metas=['./colcon.meta'], base_paths=['.'], packages_ignore=None, packages_ignore_regex=None, paths=None, packages_up_to=None, packages_up_to_regex=None, packages_above=None, packages_above_and_dependencies=None, packages_above_depth=None, packages_select_by_dep=None, packages_skip_by_dep=None, packages_skip_up_to=None, packages_select_build_failed=False, packages_skip_build_finished=False, packages_select_test_failures=False, packages_skip_test_passed=False, packages_select=None, packages_skip=None, packages_select_regex=None, packages_skip_regex=None, packages_start=None, packages_end=None, allow_overriding=[], cmake_args=None, cmake_target=None, cmake_target_skip_unavailable=False, cmake_clean_cache=False, cmake_clean_first=False, cmake_force_configure=False, ament_cmake_args=None, catkin_cmake_args=None, catkin_skip_building_tests=False, verb_parser=<colcon_defaults.argument_parser.defaults.DefaultArgumentsDecorator object at 0x78d5d66857e0>, verb_extension=<colcon_core.verb.build.BuildVerb object at 0x78d5d6ab7a60>, main=<bound method BuildVerb.main of <colcon_core.verb.build.BuildVerb object at 0x78d5d6ab7a60>>)
[0.992s] Level 1:colcon.colcon_core.package_discovery:discover_packages(colcon_meta) check parameters
[0.993s] Level 1:colcon.colcon_core.package_discovery:discover_packages(recursive) check parameters
[0.993s] Level 1:colcon.colcon_core.package_discovery:discover_packages(ignore) check parameters
[0.993s] Level 1:colcon.colcon_core.package_discovery:discover_packages(path) check parameters
[0.993s] Level 1:colcon.colcon_core.package_discovery:discover_packages(colcon_meta) discover
[0.993s] Level 1:colcon.colcon_core.package_discovery:discover_packages(recursive) discover
[0.993s] INFO:colcon.colcon_core.package_discovery:Crawling recursively for packages in '/home/admin/ros2_ws/src'
[0.993s] Level 1:colcon.colcon_core.package_identification:_identify(.) by extensions ['ignore', 'ignore_ament_install']
[0.993s] Level 1:colcon.colcon_core.package_identification:_identify(.) by extension 'ignore'
[0.993s] Level 1:colcon.colcon_core.package_identification:_identify(.) by extension 'ignore_ament_install'
[0.993s] Level 1:colcon.colcon_core.package_identification:_identify(.) by extensions ['colcon_pkg']
[0.993s] Level 1:colcon.colcon_core.package_identification:_identify(.) by extension 'colcon_pkg'
[0.993s] Level 1:colcon.colcon_core.package_identification:_identify(.) by extensions ['colcon_meta']
[0.993s] Level 1:colcon.colcon_core.package_identification:_identify(.) by extension 'colcon_meta'
[0.993s] Level 1:colcon.colcon_core.package_identification:_identify(.) by extensions ['ros']
[0.993s] Level 1:colcon.colcon_core.package_identification:_identify(.) by extension 'ros'
[1.004s] Level 1:colcon.colcon_core.package_identification:_identify(.) by extensions ['cmake', 'python']
[1.004s] Level 1:colcon.colcon_core.package_identification:_identify(.) by extension 'cmake'
[1.004s] Level 1:colcon.colcon_core.package_identification:_identify(.) by extension 'python'
[1.004s] Level 1:colcon.colcon_core.package_identification:_identify(.) by extensions ['python_setup_py']
[1.004s] Level 1:colcon.colcon_core.package_identification:_identify(.) by extension 'python_setup_py'
[1.005s] Level 1:colcon.colcon_core.package_identification:_identify(ROS2_lectures) by extensions ['ignore', 'ignore_ament_install']
[1.005s] Level 1:colcon.colcon_core.package_identification:_identify(ROS2_lectures) by extension 'ignore'
[1.005s] Level 1:colcon.colcon_core.package_identification:_identify(ROS2_lectures) by extension 'ignore_ament_install'
[1.005s] Level 1:colcon.colcon_core.package_identification:_identify(ROS2_lectures) by extensions ['colcon_pkg']
[1.005s] Level 1:colcon.colcon_core.package_identification:_identify(ROS2_lectures) by extension 'colcon_pkg'
[1.005s] Level 1:colcon.colcon_core.package_identification:_identify(ROS2_lectures) by extensions ['colcon_meta']
[1.005s] Level 1:colcon.colcon_core.package_identification:_identify(ROS2_lectures) by extension 'colcon_meta'
[1.005s] Level 1:colcon.colcon_core.package_identification:_identify(ROS2_lectures) by extensions ['ros']
[1.005s] Level 1:colcon.colcon_core.package_identification:_identify(ROS2_lectures) by extension 'ros'
[1.005s] Level 1:colcon.colcon_core.package_identification:_identify(ROS2_lectures) by extensions ['cmake', 'python']
[1.005s] Level 1:colcon.colcon_core.package_identification:_identify(ROS2_lectures) by extension 'cmake'
[1.005s] Level 1:colcon.colcon_core.package_identification:_identify(ROS2_lectures) by extension 'python'
[1.005s] Level 1:colcon.colcon_core.package_identification:_identify(ROS2_lectures) by extensions ['python_setup_py']
[1.006s] Level 1:colcon.colcon_core.package_identification:_identify(ROS2_lectures) by extension 'python_setup_py'
[1.006s] Level 1:colcon.colcon_core.package_identification:_identify(build) by extensions ['ignore', 'ignore_ament_install']
[1.006s] Level 1:colcon.colcon_core.package_identification:_identify(build) by extension 'ignore'
[1.006s] Level 1:colcon.colcon_core.package_identification:_identify(build) ignored
[1.006s] Level 1:colcon.colcon_core.package_identification:_identify(install) by extensions ['ignore', 'ignore_ament_install']
[1.006s] Level 1:colcon.colcon_core.package_identification:_identify(install) by extension 'ignore'
[1.006s] Level 1:colcon.colcon_core.package_identification:_identify(install) ignored
[1.006s] Level 1:colcon.colcon_core.package_identification:_identify(lab0) by extensions ['ignore', 'ignore_ament_install']
[1.006s] Level 1:colcon.colcon_core.package_identification:_identify(lab0) by extension 'ignore'
[1.006s] Level 1:colcon.colcon_core.package_identification:_identify(lab0) by extension 'ignore_ament_install'
[1.006s] Level 1:colcon.colcon_core.package_identification:_identify(lab0) by extensions ['colcon_pkg']
[1.006s] Level 1:colcon.colcon_core.package_identification:_identify(lab0) by extension 'colcon_pkg'
[1.006s] Level 1:colcon.colcon_core.package_identification:_identify(lab0) by extensions ['colcon_meta']
[1.006s] Level 1:colcon.colcon_core.package_identification:_identify(lab0) by extension 'colcon_meta'
[1.006s] Level 1:colcon.colcon_core.package_identification:_identify(lab0) by extensions ['ros']
[1.006s] Level 1:colcon.colcon_core.package_identification:_identify(lab0) by extension 'ros'
[1.006s] Level 1:colcon.colcon_core.package_identification:_identify(lab0) by extensions ['cmake', 'python']
[1.006s] Level 1:colcon.colcon_core.package_identification:_identify(lab0) by extension 'cmake'
[1.006s] Level 1:colcon.colcon_core.package_identification:_identify(lab0) by extension 'python'
[1.006s] Level 1:colcon.colcon_core.package_identification:_identify(lab0) by extensions ['python_setup_py']
[1.006s] Level 1:colcon.colcon_core.package_identification:_identify(lab0) by extension 'python_setup_py'
[1.007s] Level 1:colcon.colcon_core.package_identification:_identify(lab1) by extensions ['ignore', 'ignore_ament_install']
[1.007s] Level 1:colcon.colcon_core.package_identification:_identify(lab1) by extension 'ignore'
[1.007s] Level 1:colcon.colcon_core.package_identification:_identify(lab1) by extension 'ignore_ament_install'
[1.007s] Level 1:colcon.colcon_core.package_identification:_identify(lab1) by extensions ['colcon_pkg']
[1.007s] Level 1:colcon.colcon_core.package_identification:_identify(lab1) by extension 'colcon_pkg'
[1.007s] Level 1:colcon.colcon_core.package_identification:_identify(lab1) by extensions ['colcon_meta']
[1.007s] Level 1:colcon.colcon_core.package_identification:_identify(lab1) by extension 'colcon_meta'
[1.007s] Level 1:colcon.colcon_core.package_identification:_identify(lab1) by extensions ['ros']
[1.007s] Level 1:colcon.colcon_core.package_identification:_identify(lab1) by extension 'ros'
[1.007s] Level 1:colcon.colcon_core.package_identification:_identify(lab1) by extensions ['cmake', 'python']
[1.007s] Level 1:colcon.colcon_core.package_identification:_identify(lab1) by extension 'cmake'
[1.007s] Level 1:colcon.colcon_core.package_identification:_identify(lab1) by extension 'python'
[1.007s] Level 1:colcon.colcon_core.package_identification:_identify(lab1) by extensions ['python_setup_py']
[1.007s] Level 1:colcon.colcon_core.package_identification:_identify(lab1) by extension 'python_setup_py'
[1.007s] Level 1:colcon.colcon_core.package_identification:_identify(lab2) by extensions ['ignore', 'ignore_ament_install']
[1.007s] Level 1:colcon.colcon_core.package_identification:_identify(lab2) by extension 'ignore'
[1.007s] Level 1:colcon.colcon_core.package_identification:_identify(lab2) by extension 'ignore_ament_install'
[1.007s] Level 1:colcon.colcon_core.package_identification:_identify(lab2) by extensions ['colcon_pkg']
[1.007s] Level 1:colcon.colcon_core.package_identification:_identify(lab2) by extension 'colcon_pkg'
[1.007s] Level 1:colcon.colcon_core.package_identification:_identify(lab2) by extensions ['colcon_meta']
[1.007s] Level 1:colcon.colcon_core.package_identification:_identify(lab2) by extension 'colcon_meta'
[1.007s] Level 1:colcon.colcon_core.package_identification:_identify(lab2) by extensions ['ros']
[1.007s] Level 1:colcon.colcon_core.package_identification:_identify(lab2) by extension 'ros'
[1.007s] Level 1:colcon.colcon_core.package_identification:_identify(lab2) by extensions ['cmake', 'python']
[1.007s] Level 1:colcon.colcon_core.package_identification:_identify(lab2) by extension 'cmake'
[1.007s] Level 1:colcon.colcon_core.package_identification:_identify(lab2) by extension 'python'
[1.007s] Level 1:colcon.colcon_core.package_identification:_identify(lab2) by extensions ['python_setup_py']
[1.008s] Level 1:colcon.colcon_core.package_identification:_identify(lab2) by extension 'python_setup_py'
[1.008s] Level 1:colcon.colcon_core.package_identification:_identify(lab2_to_send) by extensions ['ignore', 'ignore_ament_install']
[1.008s] Level 1:colcon.colcon_core.package_identification:_identify(lab2_to_send) by extension 'ignore'
[1.008s] Level 1:colcon.colcon_core.package_identification:_identify(lab2_to_send) by extension 'ignore_ament_install'
[1.008s] Level 1:colcon.colcon_core.package_identification:_identify(lab2_to_send) by extensions ['colcon_pkg']
[1.008s] Level 1:colcon.colcon_core.package_identification:_identify(lab2_to_send) by extension 'colcon_pkg'
[1.008s] Level 1:colcon.colcon_core.package_identification:_identify(lab2_to_send) by extensions ['colcon_meta']
[1.008s] Level 1:colcon.colcon_core.package_identification:_identify(lab2_to_send) by extension 'colcon_meta'
[1.008s] Level 1:colcon.colcon_core.package_identification:_identify(lab2_to_send) by extensions ['ros']
[1.008s] Level 1:colcon.colcon_core.package_identification:_identify(lab2_to_send) by extension 'ros'
[1.010s] DEBUG:colcon.colcon_core.package_identification:Package 'lab2_to_send' with type 'ros.ament_python' and name 'lab2_to_send'
[1.011s] Level 1:colcon.colcon_core.package_identification:_identify(log) by extensions ['ignore', 'ignore_ament_install']
[1.011s] Level 1:colcon.colcon_core.package_identification:_identify(log) by extension 'ignore'
[1.011s] Level 1:colcon.colcon_core.package_identification:_identify(log) ignored
[1.011s] Level 1:colcon.colcon_core.package_identification:_identify(my_urdf_pkg) by extensions ['ignore', 'ignore_ament_install']
[1.011s] Level 1:colcon.colcon_core.package_identification:_identify(my_urdf_pkg) by extension 'ignore'
[1.011s] Level 1:colcon.colcon_core.package_identification:_identify(my_urdf_pkg) by extension 'ignore_ament_install'
[1.011s] Level 1:colcon.colcon_core.package_identification:_identify(my_urdf_pkg) by extensions ['colcon_pkg']
[1.011s] Level 1:colcon.colcon_core.package_identification:_identify(my_urdf_pkg) by extension 'colcon_pkg'
[1.011s] Level 1:colcon.colcon_core.package_identification:_identify(my_urdf_pkg) by extensions ['colcon_meta']
[1.011s] Level 1:colcon.colcon_core.package_identification:_identify(my_urdf_pkg) by extension 'colcon_meta'
[1.011s] Level 1:colcon.colcon_core.package_identification:_identify(my_urdf_pkg) by extensions ['ros']
[1.011s] Level 1:colcon.colcon_core.package_identification:_identify(my_urdf_pkg) by extension 'ros'
[1.012s] DEBUG:colcon.colcon_core.package_identification:Package 'my_urdf_pkg' with type 'ros.ament_cmake' and name 'my_urdf_pkg'
[1.012s] Level 1:colcon.colcon_core.package_identification:_identify(projekt2) by extensions ['ignore', 'ignore_ament_install']
[1.012s] Level 1:colcon.colcon_core.package_identification:_identify(projekt2) by extension 'ignore'
[1.012s] Level 1:colcon.colcon_core.package_identification:_identify(projekt2) by extension 'ignore_ament_install'
[1.012s] Level 1:colcon.colcon_core.package_identification:_identify(projekt2) by extensions ['colcon_pkg']
[1.012s] Level 1:colcon.colcon_core.package_identification:_identify(projekt2) by extension 'colcon_pkg'
[1.012s] Level 1:colcon.colcon_core.package_identification:_identify(projekt2) by extensions ['colcon_meta']
[1.012s] Level 1:colcon.colcon_core.package_identification:_identify(projekt2) by extension 'colcon_meta'
[1.012s] Level 1:colcon.colcon_core.package_identification:_identify(projekt2) by extensions ['ros']
[1.012s] Level 1:colcon.colcon_core.package_identification:_identify(projekt2) by extension 'ros'
[1.012s] DEBUG:colcon.colcon_core.package_identification:Package 'projekt2' with type 'ros.ament_python' and name 'projekt2'
[1.012s] Level 1:colcon.colcon_core.package_identification:_identify(projekt3) by extensions ['ignore', 'ignore_ament_install']
[1.012s] Level 1:colcon.colcon_core.package_identification:_identify(projekt3) by extension 'ignore'
[1.013s] Level 1:colcon.colcon_core.package_identification:_identify(projekt3) by extension 'ignore_ament_install'
[1.013s] Level 1:colcon.colcon_core.package_identification:_identify(projekt3) by extensions ['colcon_pkg']
[1.013s] Level 1:colcon.colcon_core.package_identification:_identify(projekt3) by extension 'colcon_pkg'
[1.013s] Level 1:colcon.colcon_core.package_identification:_identify(projekt3) by extensions ['colcon_meta']
[1.013s] Level 1:colcon.colcon_core.package_identification:_identify(projekt3) by extension 'colcon_meta'
[1.013s] Level 1:colcon.colcon_core.package_identification:_identify(projekt3) by extensions ['ros']
[1.013s] Level 1:colcon.colcon_core.package_identification:_identify(projekt3) by extension 'ros'
[1.013s] DEBUG:colcon.colcon_core.package_identification:Package 'projekt3' with type 'ros.ament_python' and name 'projekt3'
[1.013s] Level 1:colcon.colcon_core.package_identification:_identify(py_pubsub) by extensions ['ignore', 'ignore_ament_install']
[1.013s] Level 1:colcon.colcon_core.package_identification:_identify(py_pubsub) by extension 'ignore'
[1.013s] Level 1:colcon.colcon_core.package_identification:_identify(py_pubsub) by extension 'ignore_ament_install'
[1.014s] Level 1:colcon.colcon_core.package_identification:_identify(py_pubsub) by extensions ['colcon_pkg']
[1.014s] Level 1:colcon.colcon_core.package_identification:_identify(py_pubsub) by extension 'colcon_pkg'
[1.014s] Level 1:colcon.colcon_core.package_identification:_identify(py_pubsub) by extensions ['colcon_meta']
[1.014s] Level 1:colcon.colcon_core.package_identification:_identify(py_pubsub) by extension 'colcon_meta'
[1.014s] Level 1:colcon.colcon_core.package_identification:_identify(py_pubsub) by extensions ['ros']
[1.014s] Level 1:colcon.colcon_core.package_identification:_identify(py_pubsub) by extension 'ros'
[1.015s] DEBUG:colcon.colcon_core.package_identification:Package 'py_pubsub' with type 'ros.ament_python' and name 'py_pubsub'
[1.015s] Level 1:colcon.colcon_core.package_identification:_identify(tutorial_interfaces) by extensions ['ignore', 'ignore_ament_install']
[1.015s] Level 1:colcon.colcon_core.package_identification:_identify(tutorial_interfaces) by extension 'ignore'
[1.015s] Level 1:colcon.colcon_core.package_identification:_identify(tutorial_interfaces) by extension 'ignore_ament_install'
[1.015s] Level 1:colcon.colcon_core.package_identification:_identify(tutorial_interfaces) by extensions ['colcon_pkg']
[1.015s] Level 1:colcon.colcon_core.package_identification:_identify(tutorial_interfaces) by extension 'colcon_pkg'
[1.015s] Level 1:colcon.colcon_core.package_identification:_identify(tutorial_interfaces) by extensions ['colcon_meta']
[1.015s] Level 1:colcon.colcon_core.package_identification:_identify(tutorial_interfaces) by extension 'colcon_meta'
[1.015s] Level 1:colcon.colcon_core.package_identification:_identify(tutorial_interfaces) by extensions ['ros']
[1.015s] Level 1:colcon.colcon_core.package_identification:_identify(tutorial_interfaces) by extension 'ros'
[1.015s] DEBUG:colcon.colcon_core.package_identification:Package 'tutorial_interfaces' with type 'ros.ament_cmake' and name 'tutorial_interfaces'
[1.015s] Level 1:colcon.colcon_core.package_discovery:discover_packages(recursive) using defaults
[1.015s] Level 1:colcon.colcon_core.package_discovery:discover_packages(ignore) discover
[1.016s] Level 1:colcon.colcon_core.package_discovery:discover_packages(ignore) using defaults
[1.016s] Level 1:colcon.colcon_core.package_discovery:discover_packages(path) discover
[1.016s] Level 1:colcon.colcon_core.package_discovery:discover_packages(path) using defaults
[1.101s] Level 1:colcon.colcon_core.package_discovery:discover_packages(prefix_path) check parameters
[1.101s] Level 1:colcon.colcon_core.package_discovery:discover_packages(prefix_path) discover
[1.130s] DEBUG:colcon.colcon_installed_package_information.package_discovery:Found 8 installed packages in /home/admin/ros2_ws/install
[1.144s] DEBUG:colcon.colcon_installed_package_information.package_discovery:Found 293 installed packages in /opt/ros/humble
[1.146s] Level 1:colcon.colcon_core.package_discovery:discover_packages(prefix_path) using defaults
[1.234s] Level 5:colcon.colcon_core.verb:set package 'lab2_to_send' build argument 'cmake_args' from command line to 'None'
[1.234s] Level 5:colcon.colcon_core.verb:set package 'lab2_to_send' build argument 'cmake_target' from command line to 'None'
[1.234s] Level 5:colcon.colcon_core.verb:set package 'lab2_to_send' build argument 'cmake_target_skip_unavailable' from command line to 'False'
[1.234s] Level 5:colcon.colcon_core.verb:set package 'lab2_to_send' build argument 'cmake_clean_cache' from command line to 'False'
[1.234s] Level 5:colcon.colcon_core.verb:set package 'lab2_to_send' build argument 'cmake_clean_first' from command line to 'False'
[1.234s] Level 5:colcon.colcon_core.verb:set package 'lab2_to_send' build argument 'cmake_force_configure' from command line to 'False'
[1.234s] Level 5:colcon.colcon_core.verb:set package 'lab2_to_send' build argument 'ament_cmake_args' from command line to 'None'
[1.234s] Level 5:colcon.colcon_core.verb:set package 'lab2_to_send' build argument 'catkin_cmake_args' from command line to 'None'
[1.234s] Level 5:colcon.colcon_core.verb:set package 'lab2_to_send' build argument 'catkin_skip_building_tests' from command line to 'False'
[1.234s] DEBUG:colcon.colcon_core.verb:Building package 'lab2_to_send' with the following arguments: {'ament_cmake_args': None, 'build_base': '/home/admin/ros2_ws/src/build/lab2_to_send', 'catkin_cmake_args': None, 'catkin_skip_building_tests': False, 'cmake_args': None, 'cmake_clean_cache': False, 'cmake_clean_first': False, 'cmake_force_configure': False, 'cmake_target': None, 'cmake_target_skip_unavailable': False, 'install_base': '/home/admin/ros2_ws/src/install/lab2_to_send', 'merge_install': False, 'path': '/home/admin/ros2_ws/src/lab2_to_send', 'symlink_install': False, 'test_result_base': None}
[1.247s] Level 5:colcon.colcon_core.verb:set package 'my_urdf_pkg' build argument 'cmake_args' from command line to 'None'
[1.247s] Level 5:colcon.colcon_core.verb:set package 'my_urdf_pkg' build argument 'cmake_target' from command line to 'None'
[1.247s] Level 5:colcon.colcon_core.verb:set package 'my_urdf_pkg' build argument 'cmake_target_skip_unavailable' from command line to 'False'
[1.248s] Level 5:colcon.colcon_core.verb:set package 'my_urdf_pkg' build argument 'cmake_clean_cache' from command line to 'False'
[1.248s] Level 5:colcon.colcon_core.verb:set package 'my_urdf_pkg' build argument 'cmake_clean_first' from command line to 'False'
[1.248s] Level 5:colcon.colcon_core.verb:set package 'my_urdf_pkg' build argument 'cmake_force_configure' from command line to 'False'
[1.248s] Level 5:colcon.colcon_core.verb:set package 'my_urdf_pkg' build argument 'ament_cmake_args' from command line to 'None'
[1.248s] Level 5:colcon.colcon_core.verb:set package 'my_urdf_pkg' build argument 'catkin_cmake_args' from command line to 'None'
[1.248s] Level 5:colcon.colcon_core.verb:set package 'my_urdf_pkg' build argument 'catkin_skip_building_tests' from command line to 'False'
[1.248s] DEBUG:colcon.colcon_core.verb:Building package 'my_urdf_pkg' with the following arguments: {'ament_cmake_args': None, 'build_base': '/home/admin/ros2_ws/src/build/my_urdf_pkg', 'catkin_cmake_args': None, 'catkin_skip_building_tests': False, 'cmake_args': None, 'cmake_clean_cache': False, 'cmake_clean_first': False, 'cmake_force_configure': False, 'cmake_target': None, 'cmake_target_skip_unavailable': False, 'install_base': '/home/admin/ros2_ws/src/install/my_urdf_pkg', 'merge_install': False, 'path': '/home/admin/ros2_ws/src/my_urdf_pkg', 'symlink_install': False, 'test_result_base': None}
[1.261s] Level 5:colcon.colcon_core.verb:set package 'projekt2' build argument 'cmake_args' from command line to 'None'
[1.261s] Level 5:colcon.colcon_core.verb:set package 'projekt2' build argument 'cmake_target' from command line to 'None'
[1.261s] Level 5:colcon.colcon_core.verb:set package 'projekt2' build argument 'cmake_target_skip_unavailable' from command line to 'False'
[1.261s] Level 5:colcon.colcon_core.verb:set package 'projekt2' build argument 'cmake_clean_cache' from command line to 'False'
[1.261s] Level 5:colcon.colcon_core.verb:set package 'projekt2' build argument 'cmake_clean_first' from command line to 'False'
[1.261s] Level 5:colcon.colcon_core.verb:set package 'projekt2' build argument 'cmake_force_configure' from command line to 'False'
[1.261s] Level 5:colcon.colcon_core.verb:set package 'projekt2' build argument 'ament_cmake_args' from command line to 'None'
[1.262s] Level 5:colcon.colcon_core.verb:set package 'projekt2' build argument 'catkin_cmake_args' from command line to 'None'
[1.262s] Level 5:colcon.colcon_core.verb:set package 'projekt2' build argument 'catkin_skip_building_tests' from command line to 'False'
[1.262s] DEBUG:colcon.colcon_core.verb:Building package 'projekt2' with the following arguments: {'ament_cmake_args': None, 'build_base': '/home/admin/ros2_ws/src/build/projekt2', 'catkin_cmake_args': None, 'catkin_skip_building_tests': False, 'cmake_args': None, 'cmake_clean_cache': False, 'cmake_clean_first': False, 'cmake_force_configure': False, 'cmake_target': None, 'cmake_target_skip_unavailable': False, 'install_base': '/home/admin/ros2_ws/src/install/projekt2', 'merge_install': False, 'path': '/home/admin/ros2_ws/src/projekt2', 'symlink_install': False, 'test_result_base': None}
[1.275s] Level 5:colcon.colcon_core.verb:set package 'projekt3' build argument 'cmake_args' from command line to 'None'
[1.275s] Level 5:colcon.colcon_core.verb:set package 'projekt3' build argument 'cmake_target' from command line to 'None'
[1.275s] Level 5:colcon.colcon_core.verb:set package 'projekt3' build argument 'cmake_target_skip_unavailable' from command line to 'False'
[1.275s] Level 5:colcon.colcon_core.verb:set package 'projekt3' build argument 'cmake_clean_cache' from command line to 'False'
[1.275s] Level 5:colcon.colcon_core.verb:set package 'projekt3' build argument 'cmake_clean_first' from command line to 'False'
[1.275s] Level 5:colcon.colcon_core.verb:set package 'projekt3' build argument 'cmake_force_configure' from command line to 'False'
[1.275s] Level 5:colcon.colcon_core.verb:set package 'projekt3' build argument 'ament_cmake_args' from command line to 'None'
[1.275s] Level 5:colcon.colcon_core.verb:set package 'projekt3' build argument 'catkin_cmake_args' from command line to 'None'
[1.275s] Level 5:colcon.colcon_core.verb:set package 'projekt3' build argument 'catkin_skip_building_tests' from command line to 'False'
[1.275s] DEBUG:colcon.colcon_core.verb:Building package 'projekt3' with the following arguments: {'ament_cmake_args': None, 'build_base': '/home/admin/ros2_ws/src/build/projekt3', 'catkin_cmake_args': None, 'catkin_skip_building_tests': False, 'cmake_args': None, 'cmake_clean_cache': False, 'cmake_clean_first': False, 'cmake_force_configure': False, 'cmake_target': None, 'cmake_target_skip_unavailable': False, 'install_base': '/home/admin/ros2_ws/src/install/projekt3', 'merge_install': False, 'path': '/home/admin/ros2_ws/src/projekt3', 'symlink_install': False, 'test_result_base': None}
[1.288s] Level 5:colcon.colcon_core.verb:set package 'py_pubsub' build argument 'cmake_args' from command line to 'None'
[1.288s] Level 5:colcon.colcon_core.verb:set package 'py_pubsub' build argument 'cmake_target' from command line to 'None'
[1.288s] Level 5:colcon.colcon_core.verb:set package 'py_pubsub' build argument 'cmake_target_skip_unavailable' from command line to 'False'
[1.288s] Level 5:colcon.colcon_core.verb:set package 'py_pubsub' build argument 'cmake_clean_cache' from command line to 'False'
[1.288s] Level 5:colcon.colcon_core.verb:set package 'py_pubsub' build argument 'cmake_clean_first' from command line to 'False'
[1.288s] Level 5:colcon.colcon_core.verb:set package 'py_pubsub' build argument 'cmake_force_configure' from command line to 'False'
[1.288s] Level 5:colcon.colcon_core.verb:set package 'py_pubsub' build argument 'ament_cmake_args' from command line to 'None'
[1.288s] Level 5:colcon.colcon_core.verb:set package 'py_pubsub' build argument 'catkin_cmake_args' from command line to 'None'
[1.288s] Level 5:colcon.colcon_core.verb:set package 'py_pubsub' build argument 'catkin_skip_building_tests' from command line to 'False'
[1.288s] DEBUG:colcon.colcon_core.verb:Building package 'py_pubsub' with the following arguments: {'ament_cmake_args': None, 'build_base': '/home/admin/ros2_ws/src/build/py_pubsub', 'catkin_cmake_args': None, 'catkin_skip_building_tests': False, 'cmake_args': None, 'cmake_clean_cache': False, 'cmake_clean_first': False, 'cmake_force_configure': False, 'cmake_target': None, 'cmake_target_skip_unavailable': False, 'install_base': '/home/admin/ros2_ws/src/install/py_pubsub', 'merge_install': False, 'path': '/home/admin/ros2_ws/src/py_pubsub', 'symlink_install': False, 'test_result_base': None}
[1.302s] Level 5:colcon.colcon_core.verb:set package 'tutorial_interfaces' build argument 'cmake_args' from command line to 'None'
[1.302s] Level 5:colcon.colcon_core.verb:set package 'tutorial_interfaces' build argument 'cmake_target' from command line to 'None'
[1.302s] Level 5:colcon.colcon_core.verb:set package 'tutorial_interfaces' build argument 'cmake_target_skip_unavailable' from command line to 'False'
[1.302s] Level 5:colcon.colcon_core.verb:set package 'tutorial_interfaces' build argument 'cmake_clean_cache' from command line to 'False'
[1.302s] Level 5:colcon.colcon_core.verb:set package 'tutorial_interfaces' build argument 'cmake_clean_first' from command line to 'False'
[1.302s] Level 5:colcon.colcon_core.verb:set package 'tutorial_interfaces' build argument 'cmake_force_configure' from command line to 'False'
[1.302s] Level 5:colcon.colcon_core.verb:set package 'tutorial_interfaces' build argument 'ament_cmake_args' from command line to 'None'
[1.302s] Level 5:colcon.colcon_core.verb:set package 'tutorial_interfaces' build argument 'catkin_cmake_args' from command line to 'None'
[1.302s] Level 5:colcon.colcon_core.verb:set package 'tutorial_interfaces' build argument 'catkin_skip_building_tests' from command line to 'False'
[1.302s] DEBUG:colcon.colcon_core.verb:Building package 'tutorial_interfaces' with the following arguments: {'ament_cmake_args': None, 'build_base': '/home/admin/ros2_ws/src/build/tutorial_interfaces', 'catkin_cmake_args': None, 'catkin_skip_building_tests': False, 'cmake_args': None, 'cmake_clean_cache': False, 'cmake_clean_first': False, 'cmake_force_configure': False, 'cmake_target': None, 'cmake_target_skip_unavailable': False, 'install_base': '/home/admin/ros2_ws/src/install/tutorial_interfaces', 'merge_install': False, 'path': '/home/admin/ros2_ws/src/tutorial_interfaces', 'symlink_install': False, 'test_result_base': None}
[1.319s] INFO:colcon.colcon_core.executor:Executing jobs using 'parallel' executor
[1.334s] DEBUG:colcon.colcon_parallel_executor.executor.parallel:run_until_complete
[1.335s] INFO:colcon.colcon_ros.task.ament_python.build:Building ROS package in '/home/admin/ros2_ws/src/lab2_to_send' with build type 'ament_python'
[1.335s] Level 1:colcon.colcon_core.shell:create_environment_hook('lab2_to_send', 'ament_prefix_path')
[1.361s] INFO:colcon.colcon_core.plugin_system:Skipping extension 'colcon_core.shell.bat': Not used on non-Windows systems
[1.361s] INFO:colcon.colcon_core.shell:Creating environment hook '/home/admin/ros2_ws/src/install/lab2_to_send/share/lab2_to_send/hook/ament_prefix_path.ps1'
[1.362s] INFO:colcon.colcon_core.shell:Creating environment descriptor '/home/admin/ros2_ws/src/install/lab2_to_send/share/lab2_to_send/hook/ament_prefix_path.dsv'
[1.362s] INFO:colcon.colcon_core.shell:Creating environment hook '/home/admin/ros2_ws/src/install/lab2_to_send/share/lab2_to_send/hook/ament_prefix_path.sh'
[1.381s] INFO:colcon.colcon_core.shell:Skip shell extension 'powershell' for command environment: Not usable outside of PowerShell
[1.381s] DEBUG:colcon.colcon_core.shell:Skip shell extension 'dsv' for command environment
[1.426s] INFO:colcon.colcon_ros.task.ament_cmake.build:Building ROS package in '/home/admin/ros2_ws/src/my_urdf_pkg' with build type 'ament_cmake'
[1.426s] INFO:colcon.colcon_cmake.task.cmake.build:Building CMake package in '/home/admin/ros2_ws/src/my_urdf_pkg'
[1.445s] INFO:colcon.colcon_core.shell:Skip shell extension 'powershell' for command environment: Not usable outside of PowerShell
[1.445s] DEBUG:colcon.colcon_core.shell:Skip shell extension 'dsv' for command environment
[1.492s] INFO:colcon.colcon_ros.task.ament_python.build:Building ROS package in '/home/admin/ros2_ws/src/projekt2' with build type 'ament_python'
[1.492s] Level 1:colcon.colcon_core.shell:create_environment_hook('projekt2', 'ament_prefix_path')
[1.508s] INFO:colcon.colcon_core.shell:Creating environment hook '/home/admin/ros2_ws/src/install/projekt2/share/projekt2/hook/ament_prefix_path.ps1'
[1.509s] INFO:colcon.colcon_core.shell:Creating environment descriptor '/home/admin/ros2_ws/src/install/projekt2/share/projekt2/hook/ament_prefix_path.dsv'
[1.509s] INFO:colcon.colcon_core.shell:Creating environment hook '/home/admin/ros2_ws/src/install/projekt2/share/projekt2/hook/ament_prefix_path.sh'
[1.523s] INFO:colcon.colcon_core.shell:Skip shell extension 'powershell' for command environment: Not usable outside of PowerShell
[1.523s] DEBUG:colcon.colcon_core.shell:Skip shell extension 'dsv' for command environment
[1.587s] INFO:colcon.colcon_ros.task.ament_python.build:Building ROS package in '/home/admin/ros2_ws/src/projekt3' with build type 'ament_python'
[1.587s] Level 1:colcon.colcon_core.shell:create_environment_hook('projekt3', 'ament_prefix_path')
[1.608s] INFO:colcon.colcon_core.shell:Creating environment hook '/home/admin/ros2_ws/src/install/projekt3/share/projekt3/hook/ament_prefix_path.ps1'
[1.608s] INFO:colcon.colcon_core.shell:Creating environment descriptor '/home/admin/ros2_ws/src/install/projekt3/share/projekt3/hook/ament_prefix_path.dsv'
[1.608s] INFO:colcon.colcon_core.shell:Creating environment hook '/home/admin/ros2_ws/src/install/projekt3/share/projekt3/hook/ament_prefix_path.sh'
[1.622s] INFO:colcon.colcon_core.shell:Skip shell extension 'powershell' for command environment: Not usable outside of PowerShell
[1.623s] DEBUG:colcon.colcon_core.shell:Skip shell extension 'dsv' for command environment
[1.913s] INFO:colcon.colcon_core.task.python.build:Building Python package in '/home/admin/ros2_ws/src/lab2_to_send'
[1.927s] INFO:colcon.colcon_core.shell:Skip shell extension 'powershell' for command environment: Not usable outside of PowerShell
[1.927s] DEBUG:colcon.colcon_core.shell:Skip shell extension 'dsv' for command environment
[1.972s] DEBUG:colcon.colcon_core.event_handler.log_command:Invoking command in '/home/admin/ros2_ws/src/build/my_urdf_pkg': CMAKE_PREFIX_PATH=${CMAKE_PREFIX_PATH}:/home/admin/ros2_ws/install/py_pubsub:/home/admin/ros2_ws/install/projekt3:/home/admin/ros2_ws/install/projekt2:/home/admin/ros2_ws/install/listener:/home/admin/ros2_ws/install/lab2_to_send:/home/admin/ros2_ws/install/Projekt2:/home/admin/ros2_ws/install/LAB2:/opt/ros/humble /usr/bin/cmake /home/admin/ros2_ws/src/my_urdf_pkg -DCMAKE_INSTALL_PREFIX=/home/admin/ros2_ws/src/install/my_urdf_pkg
[2.219s] INFO:colcon.colcon_core.task.python.build:Building Python package in '/home/admin/ros2_ws/src/projekt2'
[2.236s] INFO:colcon.colcon_core.shell:Skip shell extension 'powershell' for command environment: Not usable outside of PowerShell
[2.236s] DEBUG:colcon.colcon_core.shell:Skip shell extension 'dsv' for command environment
[2.561s] INFO:colcon.colcon_core.task.python.build:Building Python package in '/home/admin/ros2_ws/src/projekt3'
[2.578s] INFO:colcon.colcon_core.shell:Skip shell extension 'powershell' for command environment: Not usable outside of PowerShell
[2.578s] DEBUG:colcon.colcon_core.shell:Skip shell extension 'dsv' for command environment
[3.019s] DEBUG:colcon.colcon_core.event_handler.log_command:Invoking command in '/home/admin/ros2_ws/src/lab2_to_send': PYTHONPATH=/home/admin/ros2_ws/src/build/lab2_to_send/prefix_override:/home/admin/ros2_ws/src/install/lab2_to_send/lib/python3.10/site-packages:${PYTHONPATH} /usr/bin/python3 setup.py egg_info --egg-base ../build/lab2_to_send build --build-base /home/admin/ros2_ws/src/build/lab2_to_send/build install --record /home/admin/ros2_ws/src/build/lab2_to_send/install.log --single-version-externally-managed
[3.030s] DEBUG:colcon.colcon_core.event_handler.log_command:Invoking command in '/home/admin/ros2_ws/src/projekt3': PYTHONPATH=/home/admin/ros2_ws/src/build/projekt3/prefix_override:/home/admin/ros2_ws/src/install/projekt3/lib/python3.10/site-packages:${PYTHONPATH} /usr/bin/python3 setup.py egg_info --egg-base ../build/projekt3 build --build-base /home/admin/ros2_ws/src/build/projekt3/build install --record /home/admin/ros2_ws/src/build/projekt3/install.log --single-version-externally-managed
[3.038s] DEBUG:colcon.colcon_core.event_handler.log_command:Invoking command in '/home/admin/ros2_ws/src/projekt2': PYTHONPATH=/home/admin/ros2_ws/src/build/projekt2/prefix_override:/home/admin/ros2_ws/src/install/projekt2/lib/python3.10/site-packages:${PYTHONPATH} /usr/bin/python3 setup.py egg_info --egg-base ../build/projekt2 build --build-base /home/admin/ros2_ws/src/build/projekt2/build install --record /home/admin/ros2_ws/src/build/projekt2/install.log --single-version-externally-managed
[3.316s] DEBUG:colcon.colcon_core.event_handler.log_command:Invoked command in '/home/admin/ros2_ws/src/build/my_urdf_pkg' returned '0': CMAKE_PREFIX_PATH=${CMAKE_PREFIX_PATH}:/home/admin/ros2_ws/install/py_pubsub:/home/admin/ros2_ws/install/projekt3:/home/admin/ros2_ws/install/projekt2:/home/admin/ros2_ws/install/listener:/home/admin/ros2_ws/install/lab2_to_send:/home/admin/ros2_ws/install/Projekt2:/home/admin/ros2_ws/install/LAB2:/opt/ros/humble /usr/bin/cmake /home/admin/ros2_ws/src/my_urdf_pkg -DCMAKE_INSTALL_PREFIX=/home/admin/ros2_ws/src/install/my_urdf_pkg
[3.316s] DEBUG:colcon.colcon_core.event_handler.log_command:Invoking command in '/home/admin/ros2_ws/src/build/my_urdf_pkg': CMAKE_PREFIX_PATH=${CMAKE_PREFIX_PATH}:/home/admin/ros2_ws/install/py_pubsub:/home/admin/ros2_ws/install/projekt3:/home/admin/ros2_ws/install/projekt2:/home/admin/ros2_ws/install/listener:/home/admin/ros2_ws/install/lab2_to_send:/home/admin/ros2_ws/install/Projekt2:/home/admin/ros2_ws/install/LAB2:/opt/ros/humble /usr/bin/cmake --build /home/admin/ros2_ws/src/build/my_urdf_pkg -- -j4 -l4
[3.376s] DEBUG:colcon.colcon_core.event_handler.log_command:Invoked command in '/home/admin/ros2_ws/src/projekt2' returned '0': PYTHONPATH=/home/admin/ros2_ws/src/build/projekt2/prefix_override:/home/admin/ros2_ws/src/install/projekt2/lib/python3.10/site-packages:${PYTHONPATH} /usr/bin/python3 setup.py egg_info --egg-base ../build/projekt2 build --build-base /home/admin/ros2_ws/src/build/projekt2/build install --record /home/admin/ros2_ws/src/build/projekt2/install.log --single-version-externally-managed
[3.392s] Level 1:colcon.colcon_core.environment:checking '/home/admin/ros2_ws/src/install/projekt2' for CMake module files
[3.392s] Level 1:colcon.colcon_core.environment:checking '/home/admin/ros2_ws/src/install/projekt2' for CMake config files
[3.393s] Level 1:colcon.colcon_core.environment:checking '/home/admin/ros2_ws/src/install/projekt2/lib'
[3.393s] Level 1:colcon.colcon_core.environment:checking '/home/admin/ros2_ws/src/install/projekt2/bin'
[3.393s] Level 1:colcon.colcon_core.environment:checking '/home/admin/ros2_ws/src/install/projekt2/lib/pkgconfig/projekt2.pc'
[3.393s] Level 1:colcon.colcon_core.environment:checking '/home/admin/ros2_ws/src/install/projekt2/lib/python3.10/site-packages'
[3.394s] Level 1:colcon.colcon_core.shell:create_environment_hook('projekt2', 'pythonpath')
[3.407s] INFO:colcon.colcon_core.shell:Creating environment hook '/home/admin/ros2_ws/src/install/projekt2/share/projekt2/hook/pythonpath.ps1'
[3.408s] INFO:colcon.colcon_core.shell:Creating environment descriptor '/home/admin/ros2_ws/src/install/projekt2/share/projekt2/hook/pythonpath.dsv'
[3.408s] INFO:colcon.colcon_core.shell:Creating environment hook '/home/admin/ros2_ws/src/install/projekt2/share/projekt2/hook/pythonpath.sh'
[3.409s] Level 1:colcon.colcon_core.environment:checking '/home/admin/ros2_ws/src/install/projekt2/bin'
[3.409s] Level 1:colcon.colcon_core.environment:create_environment_scripts_only(projekt2)
[3.424s] INFO:colcon.colcon_core.shell:Creating package script '/home/admin/ros2_ws/src/install/projekt2/share/projekt2/package.ps1'
[3.424s] INFO:colcon.colcon_core.shell:Creating package descriptor '/home/admin/ros2_ws/src/install/projekt2/share/projekt2/package.dsv'
[3.425s] INFO:colcon.colcon_core.shell:Creating package script '/home/admin/ros2_ws/src/install/projekt2/share/projekt2/package.sh'
[3.426s] INFO:colcon.colcon_core.shell:Creating package script '/home/admin/ros2_ws/src/install/projekt2/share/projekt2/package.bash'
[3.426s] INFO:colcon.colcon_core.shell:Creating package script '/home/admin/ros2_ws/src/install/projekt2/share/projekt2/package.zsh'
[3.427s] Level 1:colcon.colcon_core.environment:create_file_with_runtime_dependencies(/home/admin/ros2_ws/src/install/projekt2/share/colcon-core/packages/projekt2)
[3.427s] INFO:colcon.colcon_ros.task.ament_python.build:Building ROS package in '/home/admin/ros2_ws/src/py_pubsub' with build type 'ament_python'
[3.428s] Level 1:colcon.colcon_core.shell:create_environment_hook('py_pubsub', 'ament_prefix_path')
[3.444s] INFO:colcon.colcon_core.shell:Creating environment hook '/home/admin/ros2_ws/src/install/py_pubsub/share/py_pubsub/hook/ament_prefix_path.ps1'
[3.447s] INFO:colcon.colcon_core.shell:Creating environment descriptor '/home/admin/ros2_ws/src/install/py_pubsub/share/py_pubsub/hook/ament_prefix_path.dsv'
[3.448s] INFO:colcon.colcon_core.shell:Creating environment hook '/home/admin/ros2_ws/src/install/py_pubsub/share/py_pubsub/hook/ament_prefix_path.sh'
[3.461s] INFO:colcon.colcon_core.shell:Skip shell extension 'powershell' for command environment: Not usable outside of PowerShell
[3.461s] DEBUG:colcon.colcon_core.shell:Skip shell extension 'dsv' for command environment
[3.511s] DEBUG:colcon.colcon_core.event_handler.log_command:Invoked command in '/home/admin/ros2_ws/src/lab2_to_send' returned '0': PYTHONPATH=/home/admin/ros2_ws/src/build/lab2_to_send/prefix_override:/home/admin/ros2_ws/src/install/lab2_to_send/lib/python3.10/site-packages:${PYTHONPATH} /usr/bin/python3 setup.py egg_info --egg-base ../build/lab2_to_send build --build-base /home/admin/ros2_ws/src/build/lab2_to_send/build install --record /home/admin/ros2_ws/src/build/lab2_to_send/install.log --single-version-externally-managed
[3.524s] Level 1:colcon.colcon_core.environment:checking '/home/admin/ros2_ws/src/install/lab2_to_send' for CMake module files
[3.525s] Level 1:colcon.colcon_core.environment:checking '/home/admin/ros2_ws/src/install/lab2_to_send' for CMake config files
[3.525s] Level 1:colcon.colcon_core.environment:checking '/home/admin/ros2_ws/src/install/lab2_to_send/lib'
[3.525s] Level 1:colcon.colcon_core.environment:checking '/home/admin/ros2_ws/src/install/lab2_to_send/bin'
[3.525s] Level 1:colcon.colcon_core.environment:checking '/home/admin/ros2_ws/src/install/lab2_to_send/lib/pkgconfig/lab2_to_send.pc'
[3.526s] Level 1:colcon.colcon_core.environment:checking '/home/admin/ros2_ws/src/install/lab2_to_send/lib/python3.10/site-packages'
[3.526s] Level 1:colcon.colcon_core.shell:create_environment_hook('lab2_to_send', 'pythonpath')
[3.538s] INFO:colcon.colcon_core.shell:Creating environment hook '/home/admin/ros2_ws/src/install/lab2_to_send/share/lab2_to_send/hook/pythonpath.ps1'
[3.539s] INFO:colcon.colcon_core.shell:Creating environment descriptor '/home/admin/ros2_ws/src/install/lab2_to_send/share/lab2_to_send/hook/pythonpath.dsv'
[3.539s] INFO:colcon.colcon_core.shell:Creating environment hook '/home/admin/ros2_ws/src/install/lab2_to_send/share/lab2_to_send/hook/pythonpath.sh'
[3.540s] Level 1:colcon.colcon_core.environment:checking '/home/admin/ros2_ws/src/install/lab2_to_send/bin'
[3.540s] Level 1:colcon.colcon_core.environment:create_environment_scripts_only(lab2_to_send)
[3.552s] INFO:colcon.colcon_core.shell:Creating package script '/home/admin/ros2_ws/src/install/lab2_to_send/share/lab2_to_send/package.ps1'
[3.553s] INFO:colcon.colcon_core.shell:Creating package descriptor '/home/admin/ros2_ws/src/install/lab2_to_send/share/lab2_to_send/package.dsv'
[3.553s] INFO:colcon.colcon_core.shell:Creating package script '/home/admin/ros2_ws/src/install/lab2_to_send/share/lab2_to_send/package.sh'
[3.554s] INFO:colcon.colcon_core.shell:Creating package script '/home/admin/ros2_ws/src/install/lab2_to_send/share/lab2_to_send/package.bash'
[3.554s] INFO:colcon.colcon_core.shell:Creating package script '/home/admin/ros2_ws/src/install/lab2_to_send/share/lab2_to_send/package.zsh'
[3.554s] Level 1:colcon.colcon_core.environment:create_file_with_runtime_dependencies(/home/admin/ros2_ws/src/install/lab2_to_send/share/colcon-core/packages/lab2_to_send)
[3.561s] INFO:colcon.colcon_ros.task.ament_cmake.build:Building ROS package in '/home/admin/ros2_ws/src/tutorial_interfaces' with build type 'ament_cmake'
[3.561s] INFO:colcon.colcon_cmake.task.cmake.build:Building CMake package in '/home/admin/ros2_ws/src/tutorial_interfaces'
[3.577s] INFO:colcon.colcon_core.shell:Skip shell extension 'powershell' for command environment: Not usable outside of PowerShell
[3.577s] DEBUG:colcon.colcon_core.shell:Skip shell extension 'dsv' for command environment
[3.628s] DEBUG:colcon.colcon_core.event_handler.log_command:Invoked command in '/home/admin/ros2_ws/src/build/my_urdf_pkg' returned '0': CMAKE_PREFIX_PATH=${CMAKE_PREFIX_PATH}:/home/admin/ros2_ws/install/py_pubsub:/home/admin/ros2_ws/install/projekt3:/home/admin/ros2_ws/install/projekt2:/home/admin/ros2_ws/install/listener:/home/admin/ros2_ws/install/lab2_to_send:/home/admin/ros2_ws/install/Projekt2:/home/admin/ros2_ws/install/LAB2:/opt/ros/humble /usr/bin/cmake --build /home/admin/ros2_ws/src/build/my_urdf_pkg -- -j4 -l4
[3.632s] DEBUG:colcon.colcon_core.event_handler.log_command:Invoked command in '/home/admin/ros2_ws/src/projekt3' returned '0': PYTHONPATH=/home/admin/ros2_ws/src/build/projekt3/prefix_override:/home/admin/ros2_ws/src/install/projekt3/lib/python3.10/site-packages:${PYTHONPATH} /usr/bin/python3 setup.py egg_info --egg-base ../build/projekt3 build --build-base /home/admin/ros2_ws/src/build/projekt3/build install --record /home/admin/ros2_ws/src/build/projekt3/install.log --single-version-externally-managed
[3.647s] Level 1:colcon.colcon_core.environment:checking '/home/admin/ros2_ws/src/install/projekt3' for CMake module files
[3.647s] Level 1:colcon.colcon_core.environment:checking '/home/admin/ros2_ws/src/install/projekt3' for CMake config files
[3.648s] Level 1:colcon.colcon_core.environment:checking '/home/admin/ros2_ws/src/install/projekt3/lib'
[3.648s] Level 1:colcon.colcon_core.environment:checking '/home/admin/ros2_ws/src/install/projekt3/bin'
[3.648s] Level 1:colcon.colcon_core.environment:checking '/home/admin/ros2_ws/src/install/projekt3/lib/pkgconfig/projekt3.pc'
[3.648s] Level 1:colcon.colcon_core.environment:checking '/home/admin/ros2_ws/src/install/projekt3/lib/python3.10/site-packages'
[3.648s] Level 1:colcon.colcon_core.shell:create_environment_hook('projekt3', 'pythonpath')
[3.662s] INFO:colcon.colcon_core.shell:Creating environment hook '/home/admin/ros2_ws/src/install/projekt3/share/projekt3/hook/pythonpath.ps1'
[3.662s] INFO:colcon.colcon_core.shell:Creating environment descriptor '/home/admin/ros2_ws/src/install/projekt3/share/projekt3/hook/pythonpath.dsv'
[3.662s] INFO:colcon.colcon_core.shell:Creating environment hook '/home/admin/ros2_ws/src/install/projekt3/share/projekt3/hook/pythonpath.sh'
[3.663s] Level 1:colcon.colcon_core.environment:checking '/home/admin/ros2_ws/src/install/projekt3/bin'
[3.663s] Level 1:colcon.colcon_core.environment:create_environment_scripts_only(projekt3)
[3.678s] INFO:colcon.colcon_core.shell:Creating package script '/home/admin/ros2_ws/src/install/projekt3/share/projekt3/package.ps1'
[3.678s] INFO:colcon.colcon_core.shell:Creating package descriptor '/home/admin/ros2_ws/src/install/projekt3/share/projekt3/package.dsv'
[3.679s] INFO:colcon.colcon_core.shell:Creating package script '/home/admin/ros2_ws/src/install/projekt3/share/projekt3/package.sh'
[3.679s] INFO:colcon.colcon_core.shell:Creating package script '/home/admin/ros2_ws/src/install/projekt3/share/projekt3/package.bash'
[3.680s] INFO:colcon.colcon_core.shell:Creating package script '/home/admin/ros2_ws/src/install/projekt3/share/projekt3/package.zsh'
[3.680s] Level 1:colcon.colcon_core.environment:create_file_with_runtime_dependencies(/home/admin/ros2_ws/src/install/projekt3/share/colcon-core/packages/projekt3)
[3.938s] INFO:colcon.colcon_core.task.python.build:Building Python package in '/home/admin/ros2_ws/src/py_pubsub'
[3.952s] INFO:colcon.colcon_core.shell:Skip shell extension 'powershell' for command environment: Not usable outside of PowerShell
[3.952s] DEBUG:colcon.colcon_core.shell:Skip shell extension 'dsv' for command environment
[4.000s] DEBUG:colcon.colcon_core.event_handler.log_command:Invoking command in '/home/admin/ros2_ws/src/build/tutorial_interfaces': CMAKE_PREFIX_PATH=${CMAKE_PREFIX_PATH}:/home/admin/ros2_ws/install/py_pubsub:/home/admin/ros2_ws/install/projekt3:/home/admin/ros2_ws/install/projekt2:/home/admin/ros2_ws/install/listener:/home/admin/ros2_ws/install/lab2_to_send:/home/admin/ros2_ws/install/Projekt2:/home/admin/ros2_ws/install/LAB2:/opt/ros/humble /usr/bin/cmake /home/admin/ros2_ws/src/tutorial_interfaces -DCMAKE_INSTALL_PREFIX=/home/admin/ros2_ws/src/install/tutorial_interfaces
[4.011s] DEBUG:colcon.colcon_core.event_handler.log_command:Invoking command in '/home/admin/ros2_ws/src/build/my_urdf_pkg': CMAKE_PREFIX_PATH=${CMAKE_PREFIX_PATH}:/home/admin/ros2_ws/install/py_pubsub:/home/admin/ros2_ws/install/projekt3:/home/admin/ros2_ws/install/projekt2:/home/admin/ros2_ws/install/listener:/home/admin/ros2_ws/install/lab2_to_send:/home/admin/ros2_ws/install/Projekt2:/home/admin/ros2_ws/install/LAB2:/opt/ros/humble /usr/bin/cmake --install /home/admin/ros2_ws/src/build/my_urdf_pkg
[4.035s] Level 1:colcon.colcon_core.environment:create_environment_scripts_only(my_urdf_pkg)
[4.040s] DEBUG:colcon.colcon_core.event_handler.log_command:Invoked command in '/home/admin/ros2_ws/src/build/my_urdf_pkg' returned '0': CMAKE_PREFIX_PATH=${CMAKE_PREFIX_PATH}:/home/admin/ros2_ws/install/py_pubsub:/home/admin/ros2_ws/install/projekt3:/home/admin/ros2_ws/install/projekt2:/home/admin/ros2_ws/install/listener:/home/admin/ros2_ws/install/lab2_to_send:/home/admin/ros2_ws/install/Projekt2:/home/admin/ros2_ws/install/LAB2:/opt/ros/humble /usr/bin/cmake --install /home/admin/ros2_ws/src/build/my_urdf_pkg
[4.048s] Level 1:colcon.colcon_core.environment:checking '/home/admin/ros2_ws/src/install/my_urdf_pkg' for CMake module files
[4.049s] Level 1:colcon.colcon_core.environment:checking '/home/admin/ros2_ws/src/install/my_urdf_pkg' for CMake config files
[4.049s] Level 1:colcon.colcon_core.shell:create_environment_hook('my_urdf_pkg', 'cmake_prefix_path')
[4.062s] INFO:colcon.colcon_core.shell:Creating environment hook '/home/admin/ros2_ws/src/install/my_urdf_pkg/share/my_urdf_pkg/hook/cmake_prefix_path.ps1'
[4.062s] INFO:colcon.colcon_core.shell:Creating environment descriptor '/home/admin/ros2_ws/src/install/my_urdf_pkg/share/my_urdf_pkg/hook/cmake_prefix_path.dsv'
[4.063s] INFO:colcon.colcon_core.shell:Creating environment hook '/home/admin/ros2_ws/src/install/my_urdf_pkg/share/my_urdf_pkg/hook/cmake_prefix_path.sh'
[4.063s] Level 1:colcon.colcon_core.environment:checking '/home/admin/ros2_ws/src/install/my_urdf_pkg/bin'
[4.063s] Level 1:colcon.colcon_core.environment:checking '/home/admin/ros2_ws/src/install/my_urdf_pkg/lib/pkgconfig/my_urdf_pkg.pc'
[4.063s] Level 1:colcon.colcon_core.environment:checking '/home/admin/ros2_ws/src/install/my_urdf_pkg/lib/python3.10/site-packages'
[4.064s] Level 1:colcon.colcon_core.environment:checking '/home/admin/ros2_ws/src/install/my_urdf_pkg/bin'
[4.077s] INFO:colcon.colcon_core.shell:Creating package script '/home/admin/ros2_ws/src/install/my_urdf_pkg/share/my_urdf_pkg/package.ps1'
[4.078s] INFO:colcon.colcon_core.shell:Creating package descriptor '/home/admin/ros2_ws/src/install/my_urdf_pkg/share/my_urdf_pkg/package.dsv'
[4.078s] INFO:colcon.colcon_core.shell:Creating package script '/home/admin/ros2_ws/src/install/my_urdf_pkg/share/my_urdf_pkg/package.sh'
[4.079s] INFO:colcon.colcon_core.shell:Creating package script '/home/admin/ros2_ws/src/install/my_urdf_pkg/share/my_urdf_pkg/package.bash'
[4.079s] INFO:colcon.colcon_core.shell:Creating package script '/home/admin/ros2_ws/src/install/my_urdf_pkg/share/my_urdf_pkg/package.zsh'
[4.079s] Level 1:colcon.colcon_core.environment:create_file_with_runtime_dependencies(/home/admin/ros2_ws/src/install/my_urdf_pkg/share/colcon-core/packages/my_urdf_pkg)
[4.130s] Level 1:colcon.colcon_core.environment:create_environment_scripts_only(my_urdf_pkg)
[4.145s] Level 1:colcon.colcon_core.environment:checking '/home/admin/ros2_ws/src/install/my_urdf_pkg' for CMake module files
[4.145s] Level 1:colcon.colcon_core.environment:checking '/home/admin/ros2_ws/src/install/my_urdf_pkg' for CMake config files
[4.146s] Level 1:colcon.colcon_core.shell:create_environment_hook('my_urdf_pkg', 'cmake_prefix_path')
[4.159s] INFO:colcon.colcon_core.shell:Creating environment hook '/home/admin/ros2_ws/src/install/my_urdf_pkg/share/my_urdf_pkg/hook/cmake_prefix_path.ps1'
[4.160s] INFO:colcon.colcon_core.shell:Creating environment descriptor '/home/admin/ros2_ws/src/install/my_urdf_pkg/share/my_urdf_pkg/hook/cmake_prefix_path.dsv'
[4.161s] INFO:colcon.colcon_core.shell:Creating environment hook '/home/admin/ros2_ws/src/install/my_urdf_pkg/share/my_urdf_pkg/hook/cmake_prefix_path.sh'
[4.162s] Level 1:colcon.colcon_core.environment:checking '/home/admin/ros2_ws/src/install/my_urdf_pkg/bin'
[4.162s] Level 1:colcon.colcon_core.environment:checking '/home/admin/ros2_ws/src/install/my_urdf_pkg/lib/pkgconfig/my_urdf_pkg.pc'
[4.162s] Level 1:colcon.colcon_core.environment:checking '/home/admin/ros2_ws/src/install/my_urdf_pkg/lib/python3.10/site-packages'
[4.162s] Level 1:colcon.colcon_core.environment:checking '/home/admin/ros2_ws/src/install/my_urdf_pkg/bin'
[4.176s] INFO:colcon.colcon_core.shell:Creating package script '/home/admin/ros2_ws/src/install/my_urdf_pkg/share/my_urdf_pkg/package.ps1'
[4.177s] INFO:colcon.colcon_core.shell:Creating package descriptor '/home/admin/ros2_ws/src/install/my_urdf_pkg/share/my_urdf_pkg/package.dsv'
[4.177s] INFO:colcon.colcon_core.shell:Creating package script '/home/admin/ros2_ws/src/install/my_urdf_pkg/share/my_urdf_pkg/package.sh'
[4.178s] INFO:colcon.colcon_core.shell:Creating package script '/home/admin/ros2_ws/src/install/my_urdf_pkg/share/my_urdf_pkg/package.bash'
[4.179s] INFO:colcon.colcon_core.shell:Creating package script '/home/admin/ros2_ws/src/install/my_urdf_pkg/share/my_urdf_pkg/package.zsh'
[4.179s] Level 1:colcon.colcon_core.environment:create_file_with_runtime_dependencies(/home/admin/ros2_ws/src/install/my_urdf_pkg/share/colcon-core/packages/my_urdf_pkg)
[4.337s] DEBUG:colcon.colcon_core.event_handler.log_command:Invoking command in '/home/admin/ros2_ws/src/py_pubsub': PYTHONPATH=/home/admin/ros2_ws/src/build/py_pubsub/prefix_override:/home/admin/ros2_ws/src/install/py_pubsub/lib/python3.10/site-packages:${PYTHONPATH} /usr/bin/python3 setup.py egg_info --egg-base ../build/py_pubsub build --build-base /home/admin/ros2_ws/src/build/py_pubsub/build install --record /home/admin/ros2_ws/src/build/py_pubsub/install.log --single-version-externally-managed
[4.643s] DEBUG:colcon.colcon_core.event_handler.log_command:Invoked command in '/home/admin/ros2_ws/src/py_pubsub' returned '0': PYTHONPATH=/home/admin/ros2_ws/src/build/py_pubsub/prefix_override:/home/admin/ros2_ws/src/install/py_pubsub/lib/python3.10/site-packages:${PYTHONPATH} /usr/bin/python3 setup.py egg_info --egg-base ../build/py_pubsub build --build-base /home/admin/ros2_ws/src/build/py_pubsub/build install --record /home/admin/ros2_ws/src/build/py_pubsub/install.log --single-version-externally-managed
[4.669s] Level 1:colcon.colcon_core.environment:checking '/home/admin/ros2_ws/src/install/py_pubsub' for CMake module files
[4.670s] Level 1:colcon.colcon_core.environment:checking '/home/admin/ros2_ws/src/install/py_pubsub' for CMake config files
[4.670s] Level 1:colcon.colcon_core.environment:checking '/home/admin/ros2_ws/src/install/py_pubsub/lib'
[4.670s] Level 1:colcon.colcon_core.environment:checking '/home/admin/ros2_ws/src/install/py_pubsub/bin'
[4.670s] Level 1:colcon.colcon_core.environment:checking '/home/admin/ros2_ws/src/install/py_pubsub/lib/pkgconfig/py_pubsub.pc'
[4.671s] Level 1:colcon.colcon_core.environment:checking '/home/admin/ros2_ws/src/install/py_pubsub/lib/python3.10/site-packages'
[4.671s] Level 1:colcon.colcon_core.shell:create_environment_hook('py_pubsub', 'pythonpath')
[4.688s] INFO:colcon.colcon_core.shell:Creating environment hook '/home/admin/ros2_ws/src/install/py_pubsub/share/py_pubsub/hook/pythonpath.ps1'
[4.688s] INFO:colcon.colcon_core.shell:Creating environment descriptor '/home/admin/ros2_ws/src/install/py_pubsub/share/py_pubsub/hook/pythonpath.dsv'
[4.689s] INFO:colcon.colcon_core.shell:Creating environment hook '/home/admin/ros2_ws/src/install/py_pubsub/share/py_pubsub/hook/pythonpath.sh'
[4.690s] Level 1:colcon.colcon_core.environment:checking '/home/admin/ros2_ws/src/install/py_pubsub/bin'
[4.690s] Level 1:colcon.colcon_core.environment:create_environment_scripts_only(py_pubsub)
[4.705s] INFO:colcon.colcon_core.shell:Creating package script '/home/admin/ros2_ws/src/install/py_pubsub/share/py_pubsub/package.ps1'
[4.705s] INFO:colcon.colcon_core.shell:Creating package descriptor '/home/admin/ros2_ws/src/install/py_pubsub/share/py_pubsub/package.dsv'
[4.706s] INFO:colcon.colcon_core.shell:Creating package script '/home/admin/ros2_ws/src/install/py_pubsub/share/py_pubsub/package.sh'
[4.706s] INFO:colcon.colcon_core.shell:Creating package script '/home/admin/ros2_ws/src/install/py_pubsub/share/py_pubsub/package.bash'
[4.706s] INFO:colcon.colcon_core.shell:Creating package script '/home/admin/ros2_ws/src/install/py_pubsub/share/py_pubsub/package.zsh'
[4.706s] Level 1:colcon.colcon_core.environment:create_file_with_runtime_dependencies(/home/admin/ros2_ws/src/install/py_pubsub/share/colcon-core/packages/py_pubsub)
[6.073s] DEBUG:colcon.colcon_core.event_handler.log_command:Invoked command in '/home/admin/ros2_ws/src/build/tutorial_interfaces' returned '1': CMAKE_PREFIX_PATH=${CMAKE_PREFIX_PATH}:/home/admin/ros2_ws/install/py_pubsub:/home/admin/ros2_ws/install/projekt3:/home/admin/ros2_ws/install/projekt2:/home/admin/ros2_ws/install/listener:/home/admin/ros2_ws/install/lab2_to_send:/home/admin/ros2_ws/install/Projekt2:/home/admin/ros2_ws/install/LAB2:/opt/ros/humble /usr/bin/cmake /home/admin/ros2_ws/src/tutorial_interfaces -DCMAKE_INSTALL_PREFIX=/home/admin/ros2_ws/src/install/tutorial_interfaces
[6.089s] Level 1:colcon.colcon_core.environment:create_environment_scripts_only(tutorial_interfaces)
[6.103s] Level 1:colcon.colcon_core.environment:checking '/home/admin/ros2_ws/src/install/tutorial_interfaces' for CMake module files
[6.103s] Level 1:colcon.colcon_core.environment:checking '/home/admin/ros2_ws/src/install/tutorial_interfaces' for CMake config files
[6.104s] Level 1:colcon.colcon_core.environment:checking '/home/admin/ros2_ws/src/install/tutorial_interfaces/bin'
[6.104s] Level 1:colcon.colcon_core.environment:checking '/home/admin/ros2_ws/src/install/tutorial_interfaces/lib/pkgconfig/tutorial_interfaces.pc'
[6.104s] Level 1:colcon.colcon_core.environment:checking '/home/admin/ros2_ws/src/install/tutorial_interfaces/lib/python3.10/site-packages'
[6.104s] Level 1:colcon.colcon_core.environment:checking '/home/admin/ros2_ws/src/install/tutorial_interfaces/bin'
[6.119s] INFO:colcon.colcon_core.shell:Creating package script '/home/admin/ros2_ws/src/install/tutorial_interfaces/share/tutorial_interfaces/package.ps1'
[6.120s] INFO:colcon.colcon_core.shell:Creating package descriptor '/home/admin/ros2_ws/src/install/tutorial_interfaces/share/tutorial_interfaces/package.dsv'
[6.120s] INFO:colcon.colcon_core.shell:Creating package script '/home/admin/ros2_ws/src/install/tutorial_interfaces/share/tutorial_interfaces/package.sh'
[6.120s] INFO:colcon.colcon_core.shell:Creating package script '/home/admin/ros2_ws/src/install/tutorial_interfaces/share/tutorial_interfaces/package.bash'
[6.120s] INFO:colcon.colcon_core.shell:Creating package script '/home/admin/ros2_ws/src/install/tutorial_interfaces/share/tutorial_interfaces/package.zsh'
[6.121s] Level 1:colcon.colcon_core.environment:create_file_with_runtime_dependencies(/home/admin/ros2_ws/src/install/tutorial_interfaces/share/colcon-core/packages/tutorial_interfaces)
[6.131s] DEBUG:colcon.colcon_parallel_executor.executor.parallel:closing loop
[6.132s] DEBUG:colcon.colcon_parallel_executor.executor.parallel:loop closed
[6.132s] DEBUG:colcon.colcon_parallel_executor.executor.parallel:run_until_complete finished with '1'
[6.133s] DEBUG:colcon.colcon_core.event_reactor:joining thread
[6.162s] INFO:colcon.colcon_core.plugin_system:Skipping extension 'colcon_notification.desktop_notification.terminal_notifier': Not used on non-Darwin systems
[6.162s] INFO:colcon.colcon_core.plugin_system:Skipping extension 'colcon_notification.desktop_notification.win32': Not used on non-Windows systems
[6.162s] INFO:colcon.colcon_notification.desktop_notification:Sending desktop notification using 'notify2'
[6.178s] DEBUG:colcon.colcon_core.event_reactor:joined thread
[6.191s] INFO:colcon.colcon_core.shell:Creating prefix script '/home/admin/ros2_ws/src/install/local_setup.ps1'
[6.192s] INFO:colcon.colcon_core.shell:Creating prefix util module '/home/admin/ros2_ws/src/install/_local_setup_util_ps1.py'
[6.193s] INFO:colcon.colcon_core.shell:Creating prefix chain script '/home/admin/ros2_ws/src/install/setup.ps1'
[6.210s] INFO:colcon.colcon_core.shell:Creating prefix script '/home/admin/ros2_ws/src/install/local_setup.sh'
[6.211s] INFO:colcon.colcon_core.shell:Creating prefix util module '/home/admin/ros2_ws/src/install/_local_setup_util_sh.py'
[6.211s] INFO:colcon.colcon_core.shell:Creating prefix chain script '/home/admin/ros2_ws/src/install/setup.sh'
[6.226s] INFO:colcon.colcon_core.shell:Creating prefix script '/home/admin/ros2_ws/src/install/local_setup.bash'
[6.226s] INFO:colcon.colcon_core.shell:Creating prefix chain script '/home/admin/ros2_ws/src/install/setup.bash'
[6.240s] INFO:colcon.colcon_core.shell:Creating prefix script '/home/admin/ros2_ws/src/install/local_setup.zsh'
[6.241s] INFO:colcon.colcon_core.shell:Creating prefix chain script '/home/admin/ros2_ws/src/install/setup.zsh'
