/home/admin/ros2_ws/src/install/projekt3/lib/python3.10/site-packages/projekt3/__init__.py
/home/admin/ros2_ws/src/install/projekt3/lib/python3.10/site-packages/projekt3/gripper_client.py
/home/admin/ros2_ws/src/install/projekt3/lib/python3.10/site-packages/projekt3/inv_kin.py
/home/admin/ros2_ws/src/install/projekt3/lib/python3.10/site-packages/projekt3/gripper_server.py
/home/admin/ros2_ws/src/install/projekt3/lib/python3.10/site-packages/projekt3/__pycache__/__init__.cpython-310.pyc
/home/admin/ros2_ws/src/install/projekt3/lib/python3.10/site-packages/projekt3/__pycache__/gripper_client.cpython-310.pyc
/home/admin/ros2_ws/src/install/projekt3/lib/python3.10/site-packages/projekt3/__pycache__/inv_kin.cpython-310.pyc
/home/admin/ros2_ws/src/install/projekt3/lib/python3.10/site-packages/projekt3/__pycache__/gripper_server.cpython-310.pyc
/home/admin/ros2_ws/src/install/projekt3/share/ament_index/resource_index/packages/projekt3
/home/admin/ros2_ws/src/install/projekt3/share/projekt3/package.xml
/home/admin/ros2_ws/src/install/projekt3/lib/python3.10/site-packages/projekt3-0.0.1-py3.10.egg-info/entry_points.txt
/home/admin/ros2_ws/src/install/projekt3/lib/python3.10/site-packages/projekt3-0.0.1-py3.10.egg-info/top_level.txt
/home/admin/ros2_ws/src/install/projekt3/lib/python3.10/site-packages/projekt3-0.0.1-py3.10.egg-info/dependency_links.txt
/home/admin/ros2_ws/src/install/projekt3/lib/python3.10/site-packages/projekt3-0.0.1-py3.10.egg-info/zip-safe
/home/admin/ros2_ws/src/install/projekt3/lib/python3.10/site-packages/projekt3-0.0.1-py3.10.egg-info/PKG-INFO
/home/admin/ros2_ws/src/install/projekt3/lib/python3.10/site-packages/projekt3-0.0.1-py3.10.egg-info/SOURCES.txt
/home/admin/ros2_ws/src/install/projekt3/lib/python3.10/site-packages/projekt3-0.0.1-py3.10.egg-info/requires.txt
/home/admin/ros2_ws/src/install/projekt3/lib/projekt3/gripper_client
/home/admin/ros2_ws/src/install/projekt3/lib/projekt3/gripper_server
/home/admin/ros2_ws/src/install/projekt3/lib/projekt3/inv_kin
