[0.363s] Invoking command in '/home/admin/ros2_ws/src/build/tutorial_interfaces': CMAKE_PREFIX_PATH=${CMAKE_PREFIX_PATH}:/home/admin/ros2_ws/src/install/projekt4:/home/admin/ros2_ws/src/install/projekt3:/home/admin/ros2_ws/src/install/py_pubsub:/home/admin/ros2_ws/src/install/projekt2:/home/admin/ros2_ws/src/install/lab2_to_send:/opt/ros/humble /usr/bin/cmake --build /home/admin/ros2_ws/src/build/tutorial_interfaces -- -j4 -l4
[0.738s] [  3%] Built target tutorial_interfaces__cpp
[0.738s] [ 12%] Built target tutorial_interfaces__rosidl_generator_c
[0.739s] [ 12%] Built target ament_cmake_python_copy_tutorial_interfaces
[0.739s] [ 22%] Built target tutorial_interfaces__rosidl_typesupport_cpp
[0.739s] [ 32%] Built target tutorial_interfaces__rosidl_typesupport_fastrtps_cpp
[0.739s] [ 41%] Built target tutorial_interfaces__rosidl_typesupport_introspection_cpp
[0.739s] [ 51%] Built target tutorial_interfaces__rosidl_typesupport_fastrtps_c
[0.739s] [ 61%] Built target tutorial_interfaces__rosidl_typesupport_introspection_c
[0.739s] [ 70%] Built target tutorial_interfaces__rosidl_typesupport_c
[0.739s] [ 70%] Built target tutorial_interfaces
[0.739s] [ 74%] Built target tutorial_interfaces__py
[0.739s] [ 80%] Built target tutorial_interfaces__rosidl_generator_py
[0.739s] [ 87%] Built target tutorial_interfaces__rosidl_typesupport_fastrtps_c__pyext
[0.739s] [ 93%] Built target tutorial_interfaces__rosidl_typesupport_introspection_c__pyext
[0.749s] [100%] Built target tutorial_interfaces__rosidl_typesupport_c__pyext
[0.801s] running egg_info
[0.802s] writing tutorial_interfaces.egg-info/PKG-INFO
[0.803s] writing dependency_links to tutorial_interfaces.egg-info/dependency_links.txt
[0.803s] writing top-level names to tutorial_interfaces.egg-info/top_level.txt
[0.807s] reading manifest file 'tutorial_interfaces.egg-info/SOURCES.txt'
[0.808s] writing manifest file 'tutorial_interfaces.egg-info/SOURCES.txt'
[0.846s] [100%] Built target ament_cmake_python_build_tutorial_interfaces_egg
[1.113s] Invoked command in '/home/admin/ros2_ws/src/build/tutorial_interfaces' returned '0': CMAKE_PREFIX_PATH=${CMAKE_PREFIX_PATH}:/home/admin/ros2_ws/src/install/projekt4:/home/admin/ros2_ws/src/install/projekt3:/home/admin/ros2_ws/src/install/py_pubsub:/home/admin/ros2_ws/src/install/projekt2:/home/admin/ros2_ws/src/install/lab2_to_send:/opt/ros/humble /usr/bin/cmake --build /home/admin/ros2_ws/src/build/tutorial_interfaces -- -j4 -l4
[1.318s] Invoking command in '/home/admin/ros2_ws/src/build/tutorial_interfaces': CMAKE_PREFIX_PATH=${CMAKE_PREFIX_PATH}:/home/admin/ros2_ws/src/install/projekt4:/home/admin/ros2_ws/src/install/projekt3:/home/admin/ros2_ws/src/install/py_pubsub:/home/admin/ros2_ws/src/install/projekt2:/home/admin/ros2_ws/src/install/lab2_to_send:/opt/ros/humble /usr/bin/cmake --install /home/admin/ros2_ws/src/build/tutorial_interfaces
[1.329s] -- Install configuration: ""
[1.330s] -- Up-to-date: /home/admin/ros2_ws/src/install/tutorial_interfaces/share/ament_index/resource_index/rosidl_interfaces/tutorial_interfaces
[1.330s] -- Up-to-date: /home/admin/ros2_ws/src/install/tutorial_interfaces/include/tutorial_interfaces/tutorial_interfaces
[1.330s] -- Up-to-date: /home/admin/ros2_ws/src/install/tutorial_interfaces/include/tutorial_interfaces/tutorial_interfaces/msg
[1.330s] -- Up-to-date: /home/admin/ros2_ws/src/install/tutorial_interfaces/include/tutorial_interfaces/tutorial_interfaces/msg/rosidl_generator_c__visibility_control.h
[1.330s] -- Up-to-date: /home/admin/ros2_ws/src/install/tutorial_interfaces/include/tutorial_interfaces/tutorial_interfaces/action
[1.330s] -- Up-to-date: /home/admin/ros2_ws/src/install/tutorial_interfaces/include/tutorial_interfaces/tutorial_interfaces/action/detail
[1.331s] -- Up-to-date: /home/admin/ros2_ws/src/install/tutorial_interfaces/include/tutorial_interfaces/tutorial_interfaces/action/detail/draw_shape__functions.c
[1.331s] -- Up-to-date: /home/admin/ros2_ws/src/install/tutorial_interfaces/include/tutorial_interfaces/tutorial_interfaces/action/detail/draw_shape__functions.h
[1.331s] -- Up-to-date: /home/admin/ros2_ws/src/install/tutorial_interfaces/include/tutorial_interfaces/tutorial_interfaces/action/detail/draw_shape__struct.h
[1.331s] -- Up-to-date: /home/admin/ros2_ws/src/install/tutorial_interfaces/include/tutorial_interfaces/tutorial_interfaces/action/detail/draw_shape__type_support.h
[1.331s] -- Up-to-date: /home/admin/ros2_ws/src/install/tutorial_interfaces/include/tutorial_interfaces/tutorial_interfaces/action/draw_shape.h
[1.331s] -- Up-to-date: /home/admin/ros2_ws/src/install/tutorial_interfaces/include/tutorial_interfaces/tutorial_interfaces/srv
[1.331s] -- Up-to-date: /home/admin/ros2_ws/src/install/tutorial_interfaces/include/tutorial_interfaces/tutorial_interfaces/srv/detail
[1.331s] -- Up-to-date: /home/admin/ros2_ws/src/install/tutorial_interfaces/include/tutorial_interfaces/tutorial_interfaces/srv/detail/gripper_control__functions.c
[1.331s] -- Up-to-date: /home/admin/ros2_ws/src/install/tutorial_interfaces/include/tutorial_interfaces/tutorial_interfaces/srv/detail/gripper_control__functions.h
[1.331s] -- Up-to-date: /home/admin/ros2_ws/src/install/tutorial_interfaces/include/tutorial_interfaces/tutorial_interfaces/srv/detail/gripper_control__type_support.h
[1.332s] -- Up-to-date: /home/admin/ros2_ws/src/install/tutorial_interfaces/include/tutorial_interfaces/tutorial_interfaces/srv/detail/gripper_control__struct.h
[1.332s] -- Up-to-date: /home/admin/ros2_ws/src/install/tutorial_interfaces/include/tutorial_interfaces/tutorial_interfaces/srv/gripper_control.h
[1.332s] -- Up-to-date: /home/admin/ros2_ws/src/install/tutorial_interfaces/share/tutorial_interfaces/environment/library_path.sh
[1.332s] -- Up-to-date: /home/admin/ros2_ws/src/install/tutorial_interfaces/share/tutorial_interfaces/environment/library_path.dsv
[1.332s] -- Up-to-date: /home/admin/ros2_ws/src/install/tutorial_interfaces/lib/libtutorial_interfaces__rosidl_generator_c.so
[1.333s] -- Up-to-date: /home/admin/ros2_ws/src/install/tutorial_interfaces/include/tutorial_interfaces/tutorial_interfaces
[1.333s] -- Up-to-date: /home/admin/ros2_ws/src/install/tutorial_interfaces/include/tutorial_interfaces/tutorial_interfaces/msg
[1.333s] -- Up-to-date: /home/admin/ros2_ws/src/install/tutorial_interfaces/include/tutorial_interfaces/tutorial_interfaces/msg/rosidl_typesupport_fastrtps_c__visibility_control.h
[1.333s] -- Up-to-date: /home/admin/ros2_ws/src/install/tutorial_interfaces/include/tutorial_interfaces/tutorial_interfaces/action
[1.333s] -- Up-to-date: /home/admin/ros2_ws/src/install/tutorial_interfaces/include/tutorial_interfaces/tutorial_interfaces/action/detail
[1.333s] -- Up-to-date: /home/admin/ros2_ws/src/install/tutorial_interfaces/include/tutorial_interfaces/tutorial_interfaces/action/detail/draw_shape__rosidl_typesupport_fastrtps_c.h
[1.333s] -- Up-to-date: /home/admin/ros2_ws/src/install/tutorial_interfaces/include/tutorial_interfaces/tutorial_interfaces/srv
[1.333s] -- Up-to-date: /home/admin/ros2_ws/src/install/tutorial_interfaces/include/tutorial_interfaces/tutorial_interfaces/srv/detail
[1.333s] -- Up-to-date: /home/admin/ros2_ws/src/install/tutorial_interfaces/include/tutorial_interfaces/tutorial_interfaces/srv/detail/gripper_control__rosidl_typesupport_fastrtps_c.h
[1.334s] -- Up-to-date: /home/admin/ros2_ws/src/install/tutorial_interfaces/lib/libtutorial_interfaces__rosidl_typesupport_fastrtps_c.so
[1.334s] -- Up-to-date: /home/admin/ros2_ws/src/install/tutorial_interfaces/include/tutorial_interfaces/tutorial_interfaces
[1.334s] -- Up-to-date: /home/admin/ros2_ws/src/install/tutorial_interfaces/include/tutorial_interfaces/tutorial_interfaces/action
[1.334s] -- Up-to-date: /home/admin/ros2_ws/src/install/tutorial_interfaces/include/tutorial_interfaces/tutorial_interfaces/action/draw_shape.hpp
[1.334s] -- Up-to-date: /home/admin/ros2_ws/src/install/tutorial_interfaces/include/tutorial_interfaces/tutorial_interfaces/action/detail
[1.335s] -- Up-to-date: /home/admin/ros2_ws/src/install/tutorial_interfaces/include/tutorial_interfaces/tutorial_interfaces/action/detail/draw_shape__traits.hpp
[1.335s] -- Up-to-date: /home/admin/ros2_ws/src/install/tutorial_interfaces/include/tutorial_interfaces/tutorial_interfaces/action/detail/draw_shape__struct.hpp
[1.335s] -- Up-to-date: /home/admin/ros2_ws/src/install/tutorial_interfaces/include/tutorial_interfaces/tutorial_interfaces/action/detail/draw_shape__builder.hpp
[1.335s] -- Up-to-date: /home/admin/ros2_ws/src/install/tutorial_interfaces/include/tutorial_interfaces/tutorial_interfaces/srv
[1.335s] -- Up-to-date: /home/admin/ros2_ws/src/install/tutorial_interfaces/include/tutorial_interfaces/tutorial_interfaces/srv/gripper_control.hpp
[1.335s] -- Up-to-date: /home/admin/ros2_ws/src/install/tutorial_interfaces/include/tutorial_interfaces/tutorial_interfaces/srv/detail
[1.335s] -- Up-to-date: /home/admin/ros2_ws/src/install/tutorial_interfaces/include/tutorial_interfaces/tutorial_interfaces/srv/detail/gripper_control__struct.hpp
[1.335s] -- Up-to-date: /home/admin/ros2_ws/src/install/tutorial_interfaces/include/tutorial_interfaces/tutorial_interfaces/srv/detail/gripper_control__traits.hpp
[1.335s] -- Up-to-date: /home/admin/ros2_ws/src/install/tutorial_interfaces/include/tutorial_interfaces/tutorial_interfaces/srv/detail/gripper_control__builder.hpp
[1.335s] -- Up-to-date: /home/admin/ros2_ws/src/install/tutorial_interfaces/include/tutorial_interfaces/tutorial_interfaces
[1.336s] -- Up-to-date: /home/admin/ros2_ws/src/install/tutorial_interfaces/include/tutorial_interfaces/tutorial_interfaces/msg
[1.336s] -- Up-to-date: /home/admin/ros2_ws/src/install/tutorial_interfaces/include/tutorial_interfaces/tutorial_interfaces/msg/rosidl_typesupport_fastrtps_cpp__visibility_control.h
[1.336s] -- Up-to-date: /home/admin/ros2_ws/src/install/tutorial_interfaces/include/tutorial_interfaces/tutorial_interfaces/action
[1.337s] -- Up-to-date: /home/admin/ros2_ws/src/install/tutorial_interfaces/include/tutorial_interfaces/tutorial_interfaces/action/detail
[1.337s] -- Up-to-date: /home/admin/ros2_ws/src/install/tutorial_interfaces/include/tutorial_interfaces/tutorial_interfaces/action/detail/draw_shape__rosidl_typesupport_fastrtps_cpp.hpp
[1.337s] -- Up-to-date: /home/admin/ros2_ws/src/install/tutorial_interfaces/include/tutorial_interfaces/tutorial_interfaces/action/detail/dds_fastrtps
[1.337s] -- Up-to-date: /home/admin/ros2_ws/src/install/tutorial_interfaces/include/tutorial_interfaces/tutorial_interfaces/srv
[1.338s] -- Up-to-date: /home/admin/ros2_ws/src/install/tutorial_interfaces/include/tutorial_interfaces/tutorial_interfaces/srv/detail
[1.338s] -- Up-to-date: /home/admin/ros2_ws/src/install/tutorial_interfaces/include/tutorial_interfaces/tutorial_interfaces/srv/detail/gripper_control__rosidl_typesupport_fastrtps_cpp.hpp
[1.338s] -- Up-to-date: /home/admin/ros2_ws/src/install/tutorial_interfaces/include/tutorial_interfaces/tutorial_interfaces/srv/detail/dds_fastrtps
[1.338s] -- Up-to-date: /home/admin/ros2_ws/src/install/tutorial_interfaces/lib/libtutorial_interfaces__rosidl_typesupport_fastrtps_cpp.so
[1.339s] -- Up-to-date: /home/admin/ros2_ws/src/install/tutorial_interfaces/include/tutorial_interfaces/tutorial_interfaces
[1.339s] -- Up-to-date: /home/admin/ros2_ws/src/install/tutorial_interfaces/include/tutorial_interfaces/tutorial_interfaces/msg
[1.339s] -- Up-to-date: /home/admin/ros2_ws/src/install/tutorial_interfaces/include/tutorial_interfaces/tutorial_interfaces/msg/rosidl_typesupport_introspection_c__visibility_control.h
[1.339s] -- Up-to-date: /home/admin/ros2_ws/src/install/tutorial_interfaces/include/tutorial_interfaces/tutorial_interfaces/action
[1.340s] -- Up-to-date: /home/admin/ros2_ws/src/install/tutorial_interfaces/include/tutorial_interfaces/tutorial_interfaces/action/detail
[1.340s] -- Up-to-date: /home/admin/ros2_ws/src/install/tutorial_interfaces/include/tutorial_interfaces/tutorial_interfaces/action/detail/draw_shape__rosidl_typesupport_introspection_c.h
[1.340s] -- Up-to-date: /home/admin/ros2_ws/src/install/tutorial_interfaces/include/tutorial_interfaces/tutorial_interfaces/action/detail/draw_shape__type_support.c
[1.340s] -- Up-to-date: /home/admin/ros2_ws/src/install/tutorial_interfaces/include/tutorial_interfaces/tutorial_interfaces/srv
[1.341s] -- Up-to-date: /home/admin/ros2_ws/src/install/tutorial_interfaces/include/tutorial_interfaces/tutorial_interfaces/srv/detail
[1.341s] -- Up-to-date: /home/admin/ros2_ws/src/install/tutorial_interfaces/include/tutorial_interfaces/tutorial_interfaces/srv/detail/gripper_control__type_support.c
[1.341s] -- Up-to-date: /home/admin/ros2_ws/src/install/tutorial_interfaces/include/tutorial_interfaces/tutorial_interfaces/srv/detail/gripper_control__rosidl_typesupport_introspection_c.h
[1.342s] -- Up-to-date: /home/admin/ros2_ws/src/install/tutorial_interfaces/lib/libtutorial_interfaces__rosidl_typesupport_introspection_c.so
[1.343s] -- Up-to-date: /home/admin/ros2_ws/src/install/tutorial_interfaces/lib/libtutorial_interfaces__rosidl_typesupport_c.so
[1.343s] -- Up-to-date: /home/admin/ros2_ws/src/install/tutorial_interfaces/include/tutorial_interfaces/tutorial_interfaces
[1.343s] -- Up-to-date: /home/admin/ros2_ws/src/install/tutorial_interfaces/include/tutorial_interfaces/tutorial_interfaces/action
[1.343s] -- Up-to-date: /home/admin/ros2_ws/src/install/tutorial_interfaces/include/tutorial_interfaces/tutorial_interfaces/action/detail
[1.344s] -- Up-to-date: /home/admin/ros2_ws/src/install/tutorial_interfaces/include/tutorial_interfaces/tutorial_interfaces/action/detail/draw_shape__rosidl_typesupport_introspection_cpp.hpp
[1.344s] -- Up-to-date: /home/admin/ros2_ws/src/install/tutorial_interfaces/include/tutorial_interfaces/tutorial_interfaces/action/detail/draw_shape__type_support.cpp
[1.344s] -- Up-to-date: /home/admin/ros2_ws/src/install/tutorial_interfaces/include/tutorial_interfaces/tutorial_interfaces/srv
[1.345s] -- Up-to-date: /home/admin/ros2_ws/src/install/tutorial_interfaces/include/tutorial_interfaces/tutorial_interfaces/srv/detail
[1.345s] -- Up-to-date: /home/admin/ros2_ws/src/install/tutorial_interfaces/include/tutorial_interfaces/tutorial_interfaces/srv/detail/gripper_control__rosidl_typesupport_introspection_cpp.hpp
[1.345s] -- Up-to-date: /home/admin/ros2_ws/src/install/tutorial_interfaces/include/tutorial_interfaces/tutorial_interfaces/srv/detail/gripper_control__type_support.cpp
[1.345s] -- Up-to-date: /home/admin/ros2_ws/src/install/tutorial_interfaces/lib/libtutorial_interfaces__rosidl_typesupport_introspection_cpp.so
[1.346s] -- Up-to-date: /home/admin/ros2_ws/src/install/tutorial_interfaces/lib/libtutorial_interfaces__rosidl_typesupport_cpp.so
[1.346s] -- Up-to-date: /home/admin/ros2_ws/src/install/tutorial_interfaces/share/tutorial_interfaces/environment/pythonpath.sh
[1.347s] -- Up-to-date: /home/admin/ros2_ws/src/install/tutorial_interfaces/share/tutorial_interfaces/environment/pythonpath.dsv
[1.347s] -- Up-to-date: /home/admin/ros2_ws/src/install/tutorial_interfaces/local/lib/python3.10/dist-packages/tutorial_interfaces-0.0.0-py3.10.egg-info
[1.347s] -- Installing: /home/admin/ros2_ws/src/install/tutorial_interfaces/local/lib/python3.10/dist-packages/tutorial_interfaces-0.0.0-py3.10.egg-info/top_level.txt
[1.347s] -- Installing: /home/admin/ros2_ws/src/install/tutorial_interfaces/local/lib/python3.10/dist-packages/tutorial_interfaces-0.0.0-py3.10.egg-info/dependency_links.txt
[1.348s] -- Installing: /home/admin/ros2_ws/src/install/tutorial_interfaces/local/lib/python3.10/dist-packages/tutorial_interfaces-0.0.0-py3.10.egg-info/PKG-INFO
[1.348s] -- Installing: /home/admin/ros2_ws/src/install/tutorial_interfaces/local/lib/python3.10/dist-packages/tutorial_interfaces-0.0.0-py3.10.egg-info/SOURCES.txt
[1.349s] -- Up-to-date: /home/admin/ros2_ws/src/install/tutorial_interfaces/local/lib/python3.10/dist-packages/tutorial_interfaces
[1.349s] -- Up-to-date: /home/admin/ros2_ws/src/install/tutorial_interfaces/local/lib/python3.10/dist-packages/tutorial_interfaces/tutorial_interfaces_s__rosidl_typesupport_introspection_c.cpython-310-x86_64-linux-gnu.so
[1.349s] -- Up-to-date: /home/admin/ros2_ws/src/install/tutorial_interfaces/local/lib/python3.10/dist-packages/tutorial_interfaces/__init__.py
[1.349s] -- Up-to-date: /home/admin/ros2_ws/src/install/tutorial_interfaces/local/lib/python3.10/dist-packages/tutorial_interfaces/_tutorial_interfaces_s.ep.rosidl_typesupport_c.c
[1.350s] -- Up-to-date: /home/admin/ros2_ws/src/install/tutorial_interfaces/local/lib/python3.10/dist-packages/tutorial_interfaces/_tutorial_interfaces_s.ep.rosidl_typesupport_introspection_c.c
[1.350s] -- Up-to-date: /home/admin/ros2_ws/src/install/tutorial_interfaces/local/lib/python3.10/dist-packages/tutorial_interfaces/action
[1.350s] -- Up-to-date: /home/admin/ros2_ws/src/install/tutorial_interfaces/local/lib/python3.10/dist-packages/tutorial_interfaces/action/__init__.py
[1.350s] -- Up-to-date: /home/admin/ros2_ws/src/install/tutorial_interfaces/local/lib/python3.10/dist-packages/tutorial_interfaces/action/_draw_shape_s.c
[1.350s] -- Up-to-date: /home/admin/ros2_ws/src/install/tutorial_interfaces/local/lib/python3.10/dist-packages/tutorial_interfaces/action/_draw_shape.py
[1.351s] -- Up-to-date: /home/admin/ros2_ws/src/install/tutorial_interfaces/local/lib/python3.10/dist-packages/tutorial_interfaces/tutorial_interfaces_s__rosidl_typesupport_c.cpython-310-x86_64-linux-gnu.so
[1.351s] -- Up-to-date: /home/admin/ros2_ws/src/install/tutorial_interfaces/local/lib/python3.10/dist-packages/tutorial_interfaces/tutorial_interfaces_s__rosidl_typesupport_fastrtps_c.cpython-310-x86_64-linux-gnu.so
[1.351s] -- Up-to-date: /home/admin/ros2_ws/src/install/tutorial_interfaces/local/lib/python3.10/dist-packages/tutorial_interfaces/libtutorial_interfaces__rosidl_generator_py.so
[1.352s] -- Up-to-date: /home/admin/ros2_ws/src/install/tutorial_interfaces/local/lib/python3.10/dist-packages/tutorial_interfaces/srv
[1.353s] -- Up-to-date: /home/admin/ros2_ws/src/install/tutorial_interfaces/local/lib/python3.10/dist-packages/tutorial_interfaces/srv/__init__.py
[1.353s] -- Up-to-date: /home/admin/ros2_ws/src/install/tutorial_interfaces/local/lib/python3.10/dist-packages/tutorial_interfaces/srv/_gripper_control.py
[1.353s] -- Up-to-date: /home/admin/ros2_ws/src/install/tutorial_interfaces/local/lib/python3.10/dist-packages/tutorial_interfaces/srv/_gripper_control_s.c
[1.353s] -- Up-to-date: /home/admin/ros2_ws/src/install/tutorial_interfaces/local/lib/python3.10/dist-packages/tutorial_interfaces/_tutorial_interfaces_s.ep.rosidl_typesupport_fastrtps_c.c
[1.391s] Listing '/home/admin/ros2_ws/src/install/tutorial_interfaces/local/lib/python3.10/dist-packages/tutorial_interfaces'...
[1.391s] Listing '/home/admin/ros2_ws/src/install/tutorial_interfaces/local/lib/python3.10/dist-packages/tutorial_interfaces/action'...
[1.391s] Listing '/home/admin/ros2_ws/src/install/tutorial_interfaces/local/lib/python3.10/dist-packages/tutorial_interfaces/srv'...
[1.396s] -- Up-to-date: /home/admin/ros2_ws/src/install/tutorial_interfaces/local/lib/python3.10/dist-packages/tutorial_interfaces/tutorial_interfaces_s__rosidl_typesupport_fastrtps_c.cpython-310-x86_64-linux-gnu.so
[1.396s] -- Up-to-date: /home/admin/ros2_ws/src/install/tutorial_interfaces/local/lib/python3.10/dist-packages/tutorial_interfaces/tutorial_interfaces_s__rosidl_typesupport_introspection_c.cpython-310-x86_64-linux-gnu.so
[1.396s] -- Up-to-date: /home/admin/ros2_ws/src/install/tutorial_interfaces/local/lib/python3.10/dist-packages/tutorial_interfaces/tutorial_interfaces_s__rosidl_typesupport_c.cpython-310-x86_64-linux-gnu.so
[1.397s] -- Up-to-date: /home/admin/ros2_ws/src/install/tutorial_interfaces/lib/libtutorial_interfaces__rosidl_generator_py.so
[1.402s] -- Up-to-date: /home/admin/ros2_ws/src/install/tutorial_interfaces/share/tutorial_interfaces/action/DrawShape.idl
[1.403s] -- Up-to-date: /home/admin/ros2_ws/src/install/tutorial_interfaces/share/tutorial_interfaces/action/DrawShape.action
[1.403s] -- Up-to-date: /home/admin/ros2_ws/src/install/tutorial_interfaces/share/ament_index/resource_index/package_run_dependencies/tutorial_interfaces
[1.403s] -- Up-to-date: /home/admin/ros2_ws/src/install/tutorial_interfaces/share/ament_index/resource_index/parent_prefix_path/tutorial_interfaces
[1.403s] -- Up-to-date: /home/admin/ros2_ws/src/install/tutorial_interfaces/share/tutorial_interfaces/environment/ament_prefix_path.sh
[1.403s] -- Up-to-date: /home/admin/ros2_ws/src/install/tutorial_interfaces/share/tutorial_interfaces/environment/ament_prefix_path.dsv
[1.403s] -- Up-to-date: /home/admin/ros2_ws/src/install/tutorial_interfaces/share/tutorial_interfaces/environment/path.sh
[1.403s] -- Up-to-date: /home/admin/ros2_ws/src/install/tutorial_interfaces/share/tutorial_interfaces/environment/path.dsv
[1.403s] -- Up-to-date: /home/admin/ros2_ws/src/install/tutorial_interfaces/share/tutorial_interfaces/local_setup.bash
[1.403s] -- Up-to-date: /home/admin/ros2_ws/src/install/tutorial_interfaces/share/tutorial_interfaces/local_setup.sh
[1.403s] -- Up-to-date: /home/admin/ros2_ws/src/install/tutorial_interfaces/share/tutorial_interfaces/local_setup.zsh
[1.403s] -- Up-to-date: /home/admin/ros2_ws/src/install/tutorial_interfaces/share/tutorial_interfaces/local_setup.dsv
[1.403s] -- Installing: /home/admin/ros2_ws/src/install/tutorial_interfaces/share/tutorial_interfaces/package.dsv
[1.403s] -- Up-to-date: /home/admin/ros2_ws/src/install/tutorial_interfaces/share/ament_index/resource_index/packages/tutorial_interfaces
[1.404s] -- Up-to-date: /home/admin/ros2_ws/src/install/tutorial_interfaces/share/tutorial_interfaces/cmake/export_tutorial_interfaces__rosidl_generator_cExport.cmake
[1.404s] -- Up-to-date: /home/admin/ros2_ws/src/install/tutorial_interfaces/share/tutorial_interfaces/cmake/export_tutorial_interfaces__rosidl_generator_cExport-noconfig.cmake
[1.404s] -- Up-to-date: /home/admin/ros2_ws/src/install/tutorial_interfaces/share/tutorial_interfaces/cmake/export_tutorial_interfaces__rosidl_typesupport_fastrtps_cExport.cmake
[1.404s] -- Up-to-date: /home/admin/ros2_ws/src/install/tutorial_interfaces/share/tutorial_interfaces/cmake/export_tutorial_interfaces__rosidl_typesupport_fastrtps_cExport-noconfig.cmake
[1.404s] -- Up-to-date: /home/admin/ros2_ws/src/install/tutorial_interfaces/share/tutorial_interfaces/cmake/export_tutorial_interfaces__rosidl_generator_cppExport.cmake
[1.404s] -- Up-to-date: /home/admin/ros2_ws/src/install/tutorial_interfaces/share/tutorial_interfaces/cmake/export_tutorial_interfaces__rosidl_typesupport_fastrtps_cppExport.cmake
[1.404s] -- Up-to-date: /home/admin/ros2_ws/src/install/tutorial_interfaces/share/tutorial_interfaces/cmake/export_tutorial_interfaces__rosidl_typesupport_fastrtps_cppExport-noconfig.cmake
[1.405s] -- Up-to-date: /home/admin/ros2_ws/src/install/tutorial_interfaces/share/tutorial_interfaces/cmake/tutorial_interfaces__rosidl_typesupport_introspection_cExport.cmake
[1.405s] -- Up-to-date: /home/admin/ros2_ws/src/install/tutorial_interfaces/share/tutorial_interfaces/cmake/tutorial_interfaces__rosidl_typesupport_introspection_cExport-noconfig.cmake
[1.405s] -- Up-to-date: /home/admin/ros2_ws/src/install/tutorial_interfaces/share/tutorial_interfaces/cmake/tutorial_interfaces__rosidl_typesupport_cExport.cmake
[1.405s] -- Up-to-date: /home/admin/ros2_ws/src/install/tutorial_interfaces/share/tutorial_interfaces/cmake/tutorial_interfaces__rosidl_typesupport_cExport-noconfig.cmake
[1.406s] -- Up-to-date: /home/admin/ros2_ws/src/install/tutorial_interfaces/share/tutorial_interfaces/cmake/tutorial_interfaces__rosidl_typesupport_introspection_cppExport.cmake
[1.406s] -- Up-to-date: /home/admin/ros2_ws/src/install/tutorial_interfaces/share/tutorial_interfaces/cmake/tutorial_interfaces__rosidl_typesupport_introspection_cppExport-noconfig.cmake
[1.407s] -- Up-to-date: /home/admin/ros2_ws/src/install/tutorial_interfaces/share/tutorial_interfaces/cmake/tutorial_interfaces__rosidl_typesupport_cppExport.cmake
[1.407s] -- Up-to-date: /home/admin/ros2_ws/src/install/tutorial_interfaces/share/tutorial_interfaces/cmake/tutorial_interfaces__rosidl_typesupport_cppExport-noconfig.cmake
[1.407s] -- Up-to-date: /home/admin/ros2_ws/src/install/tutorial_interfaces/share/tutorial_interfaces/cmake/export_tutorial_interfaces__rosidl_generator_pyExport.cmake
[1.407s] -- Up-to-date: /home/admin/ros2_ws/src/install/tutorial_interfaces/share/tutorial_interfaces/cmake/export_tutorial_interfaces__rosidl_generator_pyExport-noconfig.cmake
[1.407s] -- Up-to-date: /home/admin/ros2_ws/src/install/tutorial_interfaces/share/tutorial_interfaces/cmake/rosidl_cmake-extras.cmake
[1.407s] -- Up-to-date: /home/admin/ros2_ws/src/install/tutorial_interfaces/share/tutorial_interfaces/cmake/ament_cmake_export_dependencies-extras.cmake
[1.407s] -- Up-to-date: /home/admin/ros2_ws/src/install/tutorial_interfaces/share/tutorial_interfaces/cmake/ament_cmake_export_include_directories-extras.cmake
[1.407s] -- Up-to-date: /home/admin/ros2_ws/src/install/tutorial_interfaces/share/tutorial_interfaces/cmake/ament_cmake_export_libraries-extras.cmake
[1.407s] -- Up-to-date: /home/admin/ros2_ws/src/install/tutorial_interfaces/share/tutorial_interfaces/cmake/ament_cmake_export_targets-extras.cmake
[1.407s] -- Up-to-date: /home/admin/ros2_ws/src/install/tutorial_interfaces/share/tutorial_interfaces/cmake/rosidl_cmake_export_typesupport_targets-extras.cmake
[1.407s] -- Up-to-date: /home/admin/ros2_ws/src/install/tutorial_interfaces/share/tutorial_interfaces/cmake/rosidl_cmake_export_typesupport_libraries-extras.cmake
[1.407s] -- Up-to-date: /home/admin/ros2_ws/src/install/tutorial_interfaces/share/tutorial_interfaces/cmake/tutorial_interfacesConfig.cmake
[1.407s] -- Up-to-date: /home/admin/ros2_ws/src/install/tutorial_interfaces/share/tutorial_interfaces/cmake/tutorial_interfacesConfig-version.cmake
[1.408s] -- Up-to-date: /home/admin/ros2_ws/src/install/tutorial_interfaces/share/tutorial_interfaces/package.xml
[1.553s] Invoked command in '/home/admin/ros2_ws/src/build/tutorial_interfaces' returned '0': CMAKE_PREFIX_PATH=${CMAKE_PREFIX_PATH}:/home/admin/ros2_ws/src/install/projekt4:/home/admin/ros2_ws/src/install/projekt3:/home/admin/ros2_ws/src/install/py_pubsub:/home/admin/ros2_ws/src/install/projekt2:/home/admin/ros2_ws/src/install/lab2_to_send:/opt/ros/humble /usr/bin/cmake --install /home/admin/ros2_ws/src/build/tutorial_interfaces
