[1.773s] Invoking command in '/home/admin/ros2_ws/src/projekt2': PYTHONPATH=/home/admin/ros2_ws/src/build/projekt2/prefix_override:/home/admin/ros2_ws/src/install/projekt2/lib/python3.10/site-packages:${PYTHONPATH} /usr/bin/python3 setup.py egg_info --egg-base ../build/projekt2 build --build-base /home/admin/ros2_ws/src/build/projekt2/build install --record /home/admin/ros2_ws/src/build/projekt2/install.log --single-version-externally-managed
[2.021s] running egg_info
[2.024s] writing ../build/projekt2/projekt2.egg-info/PKG-INFO
[2.024s] writing dependency_links to ../build/projekt2/projekt2.egg-info/dependency_links.txt
[2.024s] writing entry points to ../build/projekt2/projekt2.egg-info/entry_points.txt
[2.024s] writing requirements to ../build/projekt2/projekt2.egg-info/requires.txt
[2.024s] writing top-level names to ../build/projekt2/projekt2.egg-info/top_level.txt
[2.027s] reading manifest file '../build/projekt2/projekt2.egg-info/SOURCES.txt'
[2.028s] writing manifest file '../build/projekt2/projekt2.egg-info/SOURCES.txt'
[2.028s] running build
[2.028s] running build_py
[2.029s] running install
[2.029s] /usr/lib/python3/dist-packages/setuptools/command/install.py:34: SetuptoolsDeprecationWarning: setup.py install is deprecated. Use build and pip and other standards-based tools.
[2.029s]   warnings.warn(
[2.030s] running install_lib
[2.031s] running install_data
[2.032s] running install_egg_info
[2.034s] removing '/home/admin/ros2_ws/src/install/projekt2/lib/python3.10/site-packages/projekt2-0.0.0-py3.10.egg-info' (and everything under it)
[2.034s] Copying ../build/projekt2/projekt2.egg-info to /home/admin/ros2_ws/src/install/projekt2/lib/python3.10/site-packages/projekt2-0.0.0-py3.10.egg-info
[2.036s] running install_scripts
[2.059s] Installing forward_kin script to /home/admin/ros2_ws/src/install/projekt2/lib/projekt2
[2.060s] writing list of installed files to '/home/admin/ros2_ws/src/build/projekt2/install.log'
[2.236s] Invoked command in '/home/admin/ros2_ws/src/projekt2' returned '0': PYTHONPATH=/home/admin/ros2_ws/src/build/projekt2/prefix_override:/home/admin/ros2_ws/src/install/projekt2/lib/python3.10/site-packages:${PYTHONPATH} /usr/bin/python3 setup.py egg_info --egg-base ../build/projekt2 build --build-base /home/admin/ros2_ws/src/build/projekt2/build install --record /home/admin/ros2_ws/src/build/projekt2/install.log --single-version-externally-managed
