[0.935s] Invoking command in '/home/admin/ros2_ws/src/projekt4': AMENT_PREFIX_PATH=/home/admin/ros2_ws/src/install/projekt3:/home/admin/ros2_ws/src/install/projekt4:/home/admin/ros2_ws/src/install/tutorial_interfaces:/home/admin/ros2_ws/src/install/py_pubsub:/home/admin/ros2_ws/src/install/projekt2:/home/admin/ros2_ws/src/install/my_urdf_pkg:/home/admin/ros2_ws/src/install/lab2_to_send:/home/admin/ros2_ws/install/projekt4:/home/admin/ros2_ws/install/projekt3:/home/admin/ros2_ws/install/tutorial_interfaces:/home/admin/ros2_ws/install/py_pubsub:/home/admin/ros2_ws/install/projekt2:/home/admin/ros2_ws/install/my_urdf_pkg:/home/admin/ros2_ws/install/listener:/home/admin/ros2_ws/install/lab2_to_send:/home/admin/ros2_ws/install/Projekt2:/home/admin/ros2_ws/install/LAB2:/opt/ros/humble PYTHONPATH=/home/admin/ros2_ws/src/build/projekt4/prefix_override:/home/admin/ros2_ws/src/install/projekt4/lib/python3.10/site-packages:/home/admin/ros2_ws/src/install/projekt3/lib/python3.10/site-packages:/home/admin/ros2_ws/src/install/projekt4/lib/python3.10/site-packages:/home/admin/ros2_ws/src/install/tutorial_interfaces/local/lib/python3.10/dist-packages:/home/admin/ros2_ws/src/install/py_pubsub/lib/python3.10/site-packages:/home/admin/ros2_ws/src/install/projekt2/lib/python3.10/site-packages:/home/admin/ros2_ws/src/install/lab2_to_send/lib/python3.10/site-packages:/home/admin/ros2_ws/install/projekt4/lib/python3.10/site-packages:/home/admin/ros2_ws/install/projekt3/lib/python3.10/site-packages:/home/admin/ros2_ws/install/tutorial_interfaces/local/lib/python3.10/dist-packages:/home/admin/ros2_ws/install/py_pubsub/lib/python3.10/site-packages:/home/admin/ros2_ws/install/projekt2/lib/python3.10/site-packages:/home/admin/ros2_ws/install/listener/lib/python3.10/site-packages:/home/admin/ros2_ws/install/lab2_to_send/lib/python3.10/site-packages:/home/admin/ros2_ws/install/Projekt2/lib/python3.10/site-packages:/home/admin/ros2_ws/install/LAB2/lib/python3.10/site-packages:/opt/ros/humble/lib/python3.10/site-packages:/opt/ros/humble/local/lib/python3.10/dist-packages /usr/bin/python3 setup.py egg_info --egg-base ../build/projekt4 build --build-base /home/admin/ros2_ws/src/build/projekt4/build install --record /home/admin/ros2_ws/src/build/projekt4/install.log --single-version-externally-managed
[1.196s] running egg_info
[1.199s] writing ../build/projekt4/projekt4.egg-info/PKG-INFO
[1.199s] writing dependency_links to ../build/projekt4/projekt4.egg-info/dependency_links.txt
[1.199s] writing entry points to ../build/projekt4/projekt4.egg-info/entry_points.txt
[1.199s] writing requirements to ../build/projekt4/projekt4.egg-info/requires.txt
[1.199s] writing top-level names to ../build/projekt4/projekt4.egg-info/top_level.txt
[1.199s] reading manifest file '../build/projekt4/projekt4.egg-info/SOURCES.txt'
[1.201s] writing manifest file '../build/projekt4/projekt4.egg-info/SOURCES.txt'
[1.201s] running build
[1.202s] running build_py
[1.202s] copying projekt4/draw_shape_server.py -> /home/admin/ros2_ws/src/build/projekt4/build/lib/projekt4
[1.202s] running install
[1.202s] running install_lib
[1.202s] /usr/lib/python3/dist-packages/setuptools/command/install.py:34: SetuptoolsDeprecationWarning: setup.py install is deprecated. Use build and pip and other standards-based tools.
[1.202s]   warnings.warn(
[1.203s] copying /home/admin/ros2_ws/src/build/projekt4/build/lib/projekt4/draw_shape_server.py -> /home/admin/ros2_ws/src/install/projekt4/lib/python3.10/site-packages/projekt4
[1.204s] byte-compiling /home/admin/ros2_ws/src/install/projekt4/lib/python3.10/site-packages/projekt4/draw_shape_server.py to draw_shape_server.cpython-310.pyc
[1.206s] running install_data
[1.207s] running install_egg_info
[1.214s] removing '/home/admin/ros2_ws/src/install/projekt4/lib/python3.10/site-packages/projekt4-0.0.0-py3.10.egg-info' (and everything under it)
[1.215s] Copying ../build/projekt4/projekt4.egg-info to /home/admin/ros2_ws/src/install/projekt4/lib/python3.10/site-packages/projekt4-0.0.0-py3.10.egg-info
[1.219s] running install_scripts
[1.240s] Installing draw_shape_server script to /home/admin/ros2_ws/src/install/projekt4/lib/projekt4
[1.240s] writing list of installed files to '/home/admin/ros2_ws/src/build/projekt4/install.log'
[1.265s] Invoked command in '/home/admin/ros2_ws/src/projekt4' returned '0': AMENT_PREFIX_PATH=/home/admin/ros2_ws/src/install/projekt3:/home/admin/ros2_ws/src/install/projekt4:/home/admin/ros2_ws/src/install/tutorial_interfaces:/home/admin/ros2_ws/src/install/py_pubsub:/home/admin/ros2_ws/src/install/projekt2:/home/admin/ros2_ws/src/install/my_urdf_pkg:/home/admin/ros2_ws/src/install/lab2_to_send:/home/admin/ros2_ws/install/projekt4:/home/admin/ros2_ws/install/projekt3:/home/admin/ros2_ws/install/tutorial_interfaces:/home/admin/ros2_ws/install/py_pubsub:/home/admin/ros2_ws/install/projekt2:/home/admin/ros2_ws/install/my_urdf_pkg:/home/admin/ros2_ws/install/listener:/home/admin/ros2_ws/install/lab2_to_send:/home/admin/ros2_ws/install/Projekt2:/home/admin/ros2_ws/install/LAB2:/opt/ros/humble PYTHONPATH=/home/admin/ros2_ws/src/build/projekt4/prefix_override:/home/admin/ros2_ws/src/install/projekt4/lib/python3.10/site-packages:/home/admin/ros2_ws/src/install/projekt3/lib/python3.10/site-packages:/home/admin/ros2_ws/src/install/projekt4/lib/python3.10/site-packages:/home/admin/ros2_ws/src/install/tutorial_interfaces/local/lib/python3.10/dist-packages:/home/admin/ros2_ws/src/install/py_pubsub/lib/python3.10/site-packages:/home/admin/ros2_ws/src/install/projekt2/lib/python3.10/site-packages:/home/admin/ros2_ws/src/install/lab2_to_send/lib/python3.10/site-packages:/home/admin/ros2_ws/install/projekt4/lib/python3.10/site-packages:/home/admin/ros2_ws/install/projekt3/lib/python3.10/site-packages:/home/admin/ros2_ws/install/tutorial_interfaces/local/lib/python3.10/dist-packages:/home/admin/ros2_ws/install/py_pubsub/lib/python3.10/site-packages:/home/admin/ros2_ws/install/projekt2/lib/python3.10/site-packages:/home/admin/ros2_ws/install/listener/lib/python3.10/site-packages:/home/admin/ros2_ws/install/lab2_to_send/lib/python3.10/site-packages:/home/admin/ros2_ws/install/Projekt2/lib/python3.10/site-packages:/home/admin/ros2_ws/install/LAB2/lib/python3.10/site-packages:/opt/ros/humble/lib/python3.10/site-packages:/opt/ros/humble/local/lib/python3.10/dist-packages /usr/bin/python3 setup.py egg_info --egg-base ../build/projekt4 build --build-base /home/admin/ros2_ws/src/build/projekt4/build install --record /home/admin/ros2_ws/src/build/projekt4/install.log --single-version-externally-managed
