running egg_info
writing ../build/projekt3/projekt3.egg-info/PKG-INFO
writing dependency_links to ../build/projekt3/projekt3.egg-info/dependency_links.txt
writing entry points to ../build/projekt3/projekt3.egg-info/entry_points.txt
writing requirements to ../build/projekt3/projekt3.egg-info/requires.txt
writing top-level names to ../build/projekt3/projekt3.egg-info/top_level.txt
reading manifest file '../build/projekt3/projekt3.egg-info/SOURCES.txt'
writing manifest file '../build/projekt3/projekt3.egg-info/SOURCES.txt'
running build
running build_py
running install
running install_lib
running install_data
running install_egg_info
/usr/lib/python3/dist-packages/setuptools/command/install.py:34: SetuptoolsDeprecationWarning: setup.py install is deprecated. Use build and pip and other standards-based tools.
  warnings.warn(
removing '/home/admin/ros2_ws/src/install/projekt3/lib/python3.10/site-packages/projekt3-0.0.1-py3.10.egg-info' (and everything under it)
Copying ../build/projekt3/projekt3.egg-info to /home/admin/ros2_ws/src/install/projekt3/lib/python3.10/site-packages/projekt3-0.0.1-py3.10.egg-info
running install_scripts
Installing gripper_client script to /home/admin/ros2_ws/src/install/projekt3/lib/projekt3
Installing gripper_server script to /home/admin/ros2_ws/src/install/projekt3/lib/projekt3
Installing inv_kin script to /home/admin/ros2_ws/src/install/projekt3/lib/projekt3
writing list of installed files to '/home/admin/ros2_ws/src/build/projekt3/install.log'
