[2.074s] Invoking command in '/home/admin/ros2_ws/src/lab2_to_send': PYTHONPATH=/home/admin/ros2_ws/src/build/lab2_to_send/prefix_override:/home/admin/ros2_ws/src/install/lab2_to_send/lib/python3.10/site-packages:${PYTHONPATH} /usr/bin/python3 setup.py egg_info --egg-base ../build/lab2_to_send build --build-base /home/admin/ros2_ws/src/build/lab2_to_send/build install --record /home/admin/ros2_ws/src/build/lab2_to_send/install.log --single-version-externally-managed
[2.355s] running egg_info
[2.356s] writing ../build/lab2_to_send/lab2_to_send.egg-info/PKG-INFO
[2.358s] writing dependency_links to ../build/lab2_to_send/lab2_to_send.egg-info/dependency_links.txt
[2.359s] writing entry points to ../build/lab2_to_send/lab2_to_send.egg-info/entry_points.txt
[2.360s] writing requirements to ../build/lab2_to_send/lab2_to_send.egg-info/requires.txt
[2.360s] writing top-level names to ../build/lab2_to_send/lab2_to_send.egg-info/top_level.txt
[2.363s] reading manifest file '../build/lab2_to_send/lab2_to_send.egg-info/SOURCES.txt'
[2.363s] adding license file 'LICENSE'
[2.364s] writing manifest file '../build/lab2_to_send/lab2_to_send.egg-info/SOURCES.txt'
[2.365s] running build
[2.366s] running build_py
[2.366s] running install
[2.367s] /usr/lib/python3/dist-packages/setuptools/command/install.py:34: SetuptoolsDeprecationWarning: setup.py install is deprecated. Use build and pip and other standards-based tools.
[2.367s]   warnings.warn(
[2.368s] running install_lib
[2.369s] running install_data
[2.370s] running install_egg_info
[2.372s] removing '/home/admin/ros2_ws/src/install/lab2_to_send/lib/python3.10/site-packages/lab2_to_send-0.0.0-py3.10.egg-info' (and everything under it)
[2.373s] Copying ../build/lab2_to_send/lab2_to_send.egg-info to /home/admin/ros2_ws/src/install/lab2_to_send/lib/python3.10/site-packages/lab2_to_send-0.0.0-py3.10.egg-info
[2.375s] running install_scripts
[2.398s] Installing draw script to /home/admin/ros2_ws/src/install/lab2_to_send/lib/lab2_to_send
[2.400s] Installing pose_subscriber script to /home/admin/ros2_ws/src/install/lab2_to_send/lib/lab2_to_send
[2.401s] writing list of installed files to '/home/admin/ros2_ws/src/build/lab2_to_send/install.log'
[2.445s] Invoked command in '/home/admin/ros2_ws/src/lab2_to_send' returned '0': PYTHONPATH=/home/admin/ros2_ws/src/build/lab2_to_send/prefix_override:/home/admin/ros2_ws/src/install/lab2_to_send/lib/python3.10/site-packages:${PYTHONPATH} /usr/bin/python3 setup.py egg_info --egg-base ../build/lab2_to_send build --build-base /home/admin/ros2_ws/src/build/lab2_to_send/build install --record /home/admin/ros2_ws/src/build/lab2_to_send/install.log --single-version-externally-managed
