[0.470s] Invoking command in '/home/admin/ros2_ws/src/build/tutorial_interfaces': CMAKE_PREFIX_PATH=${CMAKE_PREFIX_PATH}:/home/admin/ros2_ws/src/install/projekt4:/home/admin/ros2_ws/src/install/projekt3:/home/admin/ros2_ws/src/install/py_pubsub:/home/admin/ros2_ws/src/install/projekt2:/home/admin/ros2_ws/src/install/lab2_to_send:/home/admin/ros2_ws/install/projekt4:/home/admin/ros2_ws/install/projekt3:/home/admin/ros2_ws/install/py_pubsub:/home/admin/ros2_ws/install/projekt2:/home/admin/ros2_ws/install/listener:/home/admin/ros2_ws/install/lab2_to_send:/home/admin/ros2_ws/install/Projekt2:/home/admin/ros2_ws/install/LAB2:/opt/ros/humble /usr/bin/cmake --build /home/admin/ros2_ws/src/build/tutorial_interfaces -- -j4 -l4
[1.575s] [  9%] Built target tutorial_interfaces__rosidl_generator_c
[1.575s] [ 12%] Built target tutorial_interfaces__cpp
[1.575s] [ 12%] Built target ament_cmake_python_copy_tutorial_interfaces
[1.576s] [ 22%] Built target tutorial_interfaces__rosidl_typesupport_c
[1.576s] [ 32%] Built target tutorial_interfaces__rosidl_typesupport_fastrtps_c
[1.576s] [ 41%] Built target tutorial_interfaces__rosidl_typesupport_introspection_c
[1.576s] [ 51%] Built target tutorial_interfaces__rosidl_typesupport_introspection_cpp
[1.576s] [ 61%] Built target tutorial_interfaces__rosidl_typesupport_cpp
[1.576s] [ 70%] Built target tutorial_interfaces__rosidl_typesupport_fastrtps_cpp
[1.576s] [ 70%] Built target tutorial_interfaces
[1.589s] [ 74%] Built target tutorial_interfaces__py
[1.589s] [ 80%] Built target tutorial_interfaces__rosidl_generator_py
[1.589s] [ 87%] Built target tutorial_interfaces__rosidl_typesupport_fastrtps_c__pyext
[1.589s] [ 93%] Built target tutorial_interfaces__rosidl_typesupport_c__pyext
[1.589s] running egg_info
[1.589s] writing tutorial_interfaces.egg-info/PKG-INFO
[1.589s] writing dependency_links to tutorial_interfaces.egg-info/dependency_links.txt
[1.589s] writing top-level names to tutorial_interfaces.egg-info/top_level.txt
[1.590s] reading manifest file 'tutorial_interfaces.egg-info/SOURCES.txt'
[1.590s] writing manifest file 'tutorial_interfaces.egg-info/SOURCES.txt'
[1.590s] [100%] Built target tutorial_interfaces__rosidl_typesupport_introspection_c__pyext
[1.590s] [100%] Built target ament_cmake_python_build_tutorial_interfaces_egg
[1.671s] Invoked command in '/home/admin/ros2_ws/src/build/tutorial_interfaces' returned '0': CMAKE_PREFIX_PATH=${CMAKE_PREFIX_PATH}:/home/admin/ros2_ws/src/install/projekt4:/home/admin/ros2_ws/src/install/projekt3:/home/admin/ros2_ws/src/install/py_pubsub:/home/admin/ros2_ws/src/install/projekt2:/home/admin/ros2_ws/src/install/lab2_to_send:/home/admin/ros2_ws/install/projekt4:/home/admin/ros2_ws/install/projekt3:/home/admin/ros2_ws/install/py_pubsub:/home/admin/ros2_ws/install/projekt2:/home/admin/ros2_ws/install/listener:/home/admin/ros2_ws/install/lab2_to_send:/home/admin/ros2_ws/install/Projekt2:/home/admin/ros2_ws/install/LAB2:/opt/ros/humble /usr/bin/cmake --build /home/admin/ros2_ws/src/build/tutorial_interfaces -- -j4 -l4
[2.293s] Invoking command in '/home/admin/ros2_ws/src/build/tutorial_interfaces': CMAKE_PREFIX_PATH=${CMAKE_PREFIX_PATH}:/home/admin/ros2_ws/src/install/projekt4:/home/admin/ros2_ws/src/install/projekt3:/home/admin/ros2_ws/src/install/py_pubsub:/home/admin/ros2_ws/src/install/projekt2:/home/admin/ros2_ws/src/install/lab2_to_send:/home/admin/ros2_ws/install/projekt4:/home/admin/ros2_ws/install/projekt3:/home/admin/ros2_ws/install/py_pubsub:/home/admin/ros2_ws/install/projekt2:/home/admin/ros2_ws/install/listener:/home/admin/ros2_ws/install/lab2_to_send:/home/admin/ros2_ws/install/Projekt2:/home/admin/ros2_ws/install/LAB2:/opt/ros/humble /usr/bin/cmake --install /home/admin/ros2_ws/src/build/tutorial_interfaces
[2.304s] -- Install configuration: ""
[2.304s] -- Up-to-date: /home/admin/ros2_ws/src/install/tutorial_interfaces/share/ament_index/resource_index/rosidl_interfaces/tutorial_interfaces
[2.304s] -- Up-to-date: /home/admin/ros2_ws/src/install/tutorial_interfaces/include/tutorial_interfaces/tutorial_interfaces
[2.305s] -- Up-to-date: /home/admin/ros2_ws/src/install/tutorial_interfaces/include/tutorial_interfaces/tutorial_interfaces/msg
[2.305s] -- Up-to-date: /home/admin/ros2_ws/src/install/tutorial_interfaces/include/tutorial_interfaces/tutorial_interfaces/msg/rosidl_generator_c__visibility_control.h
[2.305s] -- Up-to-date: /home/admin/ros2_ws/src/install/tutorial_interfaces/include/tutorial_interfaces/tutorial_interfaces/action
[2.305s] -- Up-to-date: /home/admin/ros2_ws/src/install/tutorial_interfaces/include/tutorial_interfaces/tutorial_interfaces/action/detail
[2.305s] -- Up-to-date: /home/admin/ros2_ws/src/install/tutorial_interfaces/include/tutorial_interfaces/tutorial_interfaces/action/detail/draw_shape__functions.c
[2.305s] -- Up-to-date: /home/admin/ros2_ws/src/install/tutorial_interfaces/include/tutorial_interfaces/tutorial_interfaces/action/detail/draw_shape__functions.h
[2.305s] -- Up-to-date: /home/admin/ros2_ws/src/install/tutorial_interfaces/include/tutorial_interfaces/tutorial_interfaces/action/detail/draw_shape__struct.h
[2.305s] -- Up-to-date: /home/admin/ros2_ws/src/install/tutorial_interfaces/include/tutorial_interfaces/tutorial_interfaces/action/detail/draw_shape__type_support.h
[2.305s] -- Up-to-date: /home/admin/ros2_ws/src/install/tutorial_interfaces/include/tutorial_interfaces/tutorial_interfaces/action/draw_shape.h
[2.305s] -- Up-to-date: /home/admin/ros2_ws/src/install/tutorial_interfaces/include/tutorial_interfaces/tutorial_interfaces/srv
[2.305s] -- Up-to-date: /home/admin/ros2_ws/src/install/tutorial_interfaces/include/tutorial_interfaces/tutorial_interfaces/srv/detail
[2.305s] -- Up-to-date: /home/admin/ros2_ws/src/install/tutorial_interfaces/include/tutorial_interfaces/tutorial_interfaces/srv/detail/gripper_control__functions.c
[2.305s] -- Up-to-date: /home/admin/ros2_ws/src/install/tutorial_interfaces/include/tutorial_interfaces/tutorial_interfaces/srv/detail/gripper_control__functions.h
[2.305s] -- Up-to-date: /home/admin/ros2_ws/src/install/tutorial_interfaces/include/tutorial_interfaces/tutorial_interfaces/srv/detail/gripper_control__type_support.h
[2.305s] -- Up-to-date: /home/admin/ros2_ws/src/install/tutorial_interfaces/include/tutorial_interfaces/tutorial_interfaces/srv/detail/gripper_control__struct.h
[2.305s] -- Up-to-date: /home/admin/ros2_ws/src/install/tutorial_interfaces/include/tutorial_interfaces/tutorial_interfaces/srv/gripper_control.h
[2.305s] -- Up-to-date: /home/admin/ros2_ws/src/install/tutorial_interfaces/share/tutorial_interfaces/environment/library_path.sh
[2.306s] -- Up-to-date: /home/admin/ros2_ws/src/install/tutorial_interfaces/share/tutorial_interfaces/environment/library_path.dsv
[2.306s] -- Up-to-date: /home/admin/ros2_ws/src/install/tutorial_interfaces/lib/libtutorial_interfaces__rosidl_generator_c.so
[2.306s] -- Up-to-date: /home/admin/ros2_ws/src/install/tutorial_interfaces/include/tutorial_interfaces/tutorial_interfaces
[2.306s] -- Up-to-date: /home/admin/ros2_ws/src/install/tutorial_interfaces/include/tutorial_interfaces/tutorial_interfaces/msg
[2.306s] -- Up-to-date: /home/admin/ros2_ws/src/install/tutorial_interfaces/include/tutorial_interfaces/tutorial_interfaces/msg/rosidl_typesupport_fastrtps_c__visibility_control.h
[2.306s] -- Up-to-date: /home/admin/ros2_ws/src/install/tutorial_interfaces/include/tutorial_interfaces/tutorial_interfaces/action
[2.306s] -- Up-to-date: /home/admin/ros2_ws/src/install/tutorial_interfaces/include/tutorial_interfaces/tutorial_interfaces/action/detail
[2.306s] -- Up-to-date: /home/admin/ros2_ws/src/install/tutorial_interfaces/include/tutorial_interfaces/tutorial_interfaces/action/detail/draw_shape__rosidl_typesupport_fastrtps_c.h
[2.307s] -- Up-to-date: /home/admin/ros2_ws/src/install/tutorial_interfaces/include/tutorial_interfaces/tutorial_interfaces/srv
[2.307s] -- Up-to-date: /home/admin/ros2_ws/src/install/tutorial_interfaces/include/tutorial_interfaces/tutorial_interfaces/srv/detail
[2.307s] -- Up-to-date: /home/admin/ros2_ws/src/install/tutorial_interfaces/include/tutorial_interfaces/tutorial_interfaces/srv/detail/gripper_control__rosidl_typesupport_fastrtps_c.h
[2.307s] -- Up-to-date: /home/admin/ros2_ws/src/install/tutorial_interfaces/lib/libtutorial_interfaces__rosidl_typesupport_fastrtps_c.so
[2.307s] -- Up-to-date: /home/admin/ros2_ws/src/install/tutorial_interfaces/include/tutorial_interfaces/tutorial_interfaces
[2.307s] -- Up-to-date: /home/admin/ros2_ws/src/install/tutorial_interfaces/include/tutorial_interfaces/tutorial_interfaces/action
[2.307s] -- Up-to-date: /home/admin/ros2_ws/src/install/tutorial_interfaces/include/tutorial_interfaces/tutorial_interfaces/action/draw_shape.hpp
[2.307s] -- Up-to-date: /home/admin/ros2_ws/src/install/tutorial_interfaces/include/tutorial_interfaces/tutorial_interfaces/action/detail
[2.307s] -- Up-to-date: /home/admin/ros2_ws/src/install/tutorial_interfaces/include/tutorial_interfaces/tutorial_interfaces/action/detail/draw_shape__traits.hpp
[2.307s] -- Up-to-date: /home/admin/ros2_ws/src/install/tutorial_interfaces/include/tutorial_interfaces/tutorial_interfaces/action/detail/draw_shape__struct.hpp
[2.307s] -- Up-to-date: /home/admin/ros2_ws/src/install/tutorial_interfaces/include/tutorial_interfaces/tutorial_interfaces/action/detail/draw_shape__builder.hpp
[2.307s] -- Up-to-date: /home/admin/ros2_ws/src/install/tutorial_interfaces/include/tutorial_interfaces/tutorial_interfaces/srv
[2.307s] -- Up-to-date: /home/admin/ros2_ws/src/install/tutorial_interfaces/include/tutorial_interfaces/tutorial_interfaces/srv/gripper_control.hpp
[2.307s] -- Up-to-date: /home/admin/ros2_ws/src/install/tutorial_interfaces/include/tutorial_interfaces/tutorial_interfaces/srv/detail
[2.307s] -- Up-to-date: /home/admin/ros2_ws/src/install/tutorial_interfaces/include/tutorial_interfaces/tutorial_interfaces/srv/detail/gripper_control__struct.hpp
[2.307s] -- Up-to-date: /home/admin/ros2_ws/src/install/tutorial_interfaces/include/tutorial_interfaces/tutorial_interfaces/srv/detail/gripper_control__traits.hpp
[2.308s] -- Up-to-date: /home/admin/ros2_ws/src/install/tutorial_interfaces/include/tutorial_interfaces/tutorial_interfaces/srv/detail/gripper_control__builder.hpp
[2.308s] -- Up-to-date: /home/admin/ros2_ws/src/install/tutorial_interfaces/include/tutorial_interfaces/tutorial_interfaces
[2.308s] -- Up-to-date: /home/admin/ros2_ws/src/install/tutorial_interfaces/include/tutorial_interfaces/tutorial_interfaces/msg
[2.308s] -- Up-to-date: /home/admin/ros2_ws/src/install/tutorial_interfaces/include/tutorial_interfaces/tutorial_interfaces/msg/rosidl_typesupport_fastrtps_cpp__visibility_control.h
[2.308s] -- Up-to-date: /home/admin/ros2_ws/src/install/tutorial_interfaces/include/tutorial_interfaces/tutorial_interfaces/action
[2.308s] -- Up-to-date: /home/admin/ros2_ws/src/install/tutorial_interfaces/include/tutorial_interfaces/tutorial_interfaces/action/detail
[2.308s] -- Up-to-date: /home/admin/ros2_ws/src/install/tutorial_interfaces/include/tutorial_interfaces/tutorial_interfaces/action/detail/draw_shape__rosidl_typesupport_fastrtps_cpp.hpp
[2.308s] -- Up-to-date: /home/admin/ros2_ws/src/install/tutorial_interfaces/include/tutorial_interfaces/tutorial_interfaces/action/detail/dds_fastrtps
[2.308s] -- Up-to-date: /home/admin/ros2_ws/src/install/tutorial_interfaces/include/tutorial_interfaces/tutorial_interfaces/srv
[2.308s] -- Up-to-date: /home/admin/ros2_ws/src/install/tutorial_interfaces/include/tutorial_interfaces/tutorial_interfaces/srv/detail
[2.308s] -- Up-to-date: /home/admin/ros2_ws/src/install/tutorial_interfaces/include/tutorial_interfaces/tutorial_interfaces/srv/detail/gripper_control__rosidl_typesupport_fastrtps_cpp.hpp
[2.308s] -- Up-to-date: /home/admin/ros2_ws/src/install/tutorial_interfaces/include/tutorial_interfaces/tutorial_interfaces/srv/detail/dds_fastrtps
[2.309s] -- Up-to-date: /home/admin/ros2_ws/src/install/tutorial_interfaces/lib/libtutorial_interfaces__rosidl_typesupport_fastrtps_cpp.so
[2.309s] -- Up-to-date: /home/admin/ros2_ws/src/install/tutorial_interfaces/include/tutorial_interfaces/tutorial_interfaces
[2.309s] -- Up-to-date: /home/admin/ros2_ws/src/install/tutorial_interfaces/include/tutorial_interfaces/tutorial_interfaces/msg
[2.309s] -- Up-to-date: /home/admin/ros2_ws/src/install/tutorial_interfaces/include/tutorial_interfaces/tutorial_interfaces/msg/rosidl_typesupport_introspection_c__visibility_control.h
[2.309s] -- Up-to-date: /home/admin/ros2_ws/src/install/tutorial_interfaces/include/tutorial_interfaces/tutorial_interfaces/action
[2.309s] -- Up-to-date: /home/admin/ros2_ws/src/install/tutorial_interfaces/include/tutorial_interfaces/tutorial_interfaces/action/detail
[2.309s] -- Up-to-date: /home/admin/ros2_ws/src/install/tutorial_interfaces/include/tutorial_interfaces/tutorial_interfaces/action/detail/draw_shape__rosidl_typesupport_introspection_c.h
[2.309s] -- Up-to-date: /home/admin/ros2_ws/src/install/tutorial_interfaces/include/tutorial_interfaces/tutorial_interfaces/action/detail/draw_shape__type_support.c
[2.309s] -- Up-to-date: /home/admin/ros2_ws/src/install/tutorial_interfaces/include/tutorial_interfaces/tutorial_interfaces/srv
[2.310s] -- Up-to-date: /home/admin/ros2_ws/src/install/tutorial_interfaces/include/tutorial_interfaces/tutorial_interfaces/srv/detail
[2.311s] -- Up-to-date: /home/admin/ros2_ws/src/install/tutorial_interfaces/include/tutorial_interfaces/tutorial_interfaces/srv/detail/gripper_control__type_support.c
[2.311s] -- Up-to-date: /home/admin/ros2_ws/src/install/tutorial_interfaces/include/tutorial_interfaces/tutorial_interfaces/srv/detail/gripper_control__rosidl_typesupport_introspection_c.h
[2.311s] -- Up-to-date: /home/admin/ros2_ws/src/install/tutorial_interfaces/lib/libtutorial_interfaces__rosidl_typesupport_introspection_c.so
[2.312s] -- Up-to-date: /home/admin/ros2_ws/src/install/tutorial_interfaces/lib/libtutorial_interfaces__rosidl_typesupport_c.so
[2.312s] -- Up-to-date: /home/admin/ros2_ws/src/install/tutorial_interfaces/include/tutorial_interfaces/tutorial_interfaces
[2.312s] -- Up-to-date: /home/admin/ros2_ws/src/install/tutorial_interfaces/include/tutorial_interfaces/tutorial_interfaces/action
[2.312s] -- Up-to-date: /home/admin/ros2_ws/src/install/tutorial_interfaces/include/tutorial_interfaces/tutorial_interfaces/action/detail
[2.313s] -- Up-to-date: /home/admin/ros2_ws/src/install/tutorial_interfaces/include/tutorial_interfaces/tutorial_interfaces/action/detail/draw_shape__rosidl_typesupport_introspection_cpp.hpp
[2.313s] -- Up-to-date: /home/admin/ros2_ws/src/install/tutorial_interfaces/include/tutorial_interfaces/tutorial_interfaces/action/detail/draw_shape__type_support.cpp
[2.313s] -- Up-to-date: /home/admin/ros2_ws/src/install/tutorial_interfaces/include/tutorial_interfaces/tutorial_interfaces/srv
[2.313s] -- Up-to-date: /home/admin/ros2_ws/src/install/tutorial_interfaces/include/tutorial_interfaces/tutorial_interfaces/srv/detail
[2.313s] -- Up-to-date: /home/admin/ros2_ws/src/install/tutorial_interfaces/include/tutorial_interfaces/tutorial_interfaces/srv/detail/gripper_control__rosidl_typesupport_introspection_cpp.hpp
[2.313s] -- Up-to-date: /home/admin/ros2_ws/src/install/tutorial_interfaces/include/tutorial_interfaces/tutorial_interfaces/srv/detail/gripper_control__type_support.cpp
[2.314s] -- Up-to-date: /home/admin/ros2_ws/src/install/tutorial_interfaces/lib/libtutorial_interfaces__rosidl_typesupport_introspection_cpp.so
[2.314s] -- Up-to-date: /home/admin/ros2_ws/src/install/tutorial_interfaces/lib/libtutorial_interfaces__rosidl_typesupport_cpp.so
[2.314s] -- Up-to-date: /home/admin/ros2_ws/src/install/tutorial_interfaces/share/tutorial_interfaces/environment/pythonpath.sh
[2.319s] -- Up-to-date: /home/admin/ros2_ws/src/install/tutorial_interfaces/share/tutorial_interfaces/environment/pythonpath.dsv
[2.319s] -- Up-to-date: /home/admin/ros2_ws/src/install/tutorial_interfaces/local/lib/python3.10/dist-packages/tutorial_interfaces-0.0.0-py3.10.egg-info
[2.319s] -- Installing: /home/admin/ros2_ws/src/install/tutorial_interfaces/local/lib/python3.10/dist-packages/tutorial_interfaces-0.0.0-py3.10.egg-info/top_level.txt
[2.323s] -- Installing: /home/admin/ros2_ws/src/install/tutorial_interfaces/local/lib/python3.10/dist-packages/tutorial_interfaces-0.0.0-py3.10.egg-info/dependency_links.txt
[2.323s] -- Installing: /home/admin/ros2_ws/src/install/tutorial_interfaces/local/lib/python3.10/dist-packages/tutorial_interfaces-0.0.0-py3.10.egg-info/PKG-INFO
[2.324s] -- Installing: /home/admin/ros2_ws/src/install/tutorial_interfaces/local/lib/python3.10/dist-packages/tutorial_interfaces-0.0.0-py3.10.egg-info/SOURCES.txt
[2.324s] -- Up-to-date: /home/admin/ros2_ws/src/install/tutorial_interfaces/local/lib/python3.10/dist-packages/tutorial_interfaces
[2.324s] -- Up-to-date: /home/admin/ros2_ws/src/install/tutorial_interfaces/local/lib/python3.10/dist-packages/tutorial_interfaces/tutorial_interfaces_s__rosidl_typesupport_introspection_c.cpython-310-x86_64-linux-gnu.so
[2.324s] -- Up-to-date: /home/admin/ros2_ws/src/install/tutorial_interfaces/local/lib/python3.10/dist-packages/tutorial_interfaces/__init__.py
[2.324s] -- Up-to-date: /home/admin/ros2_ws/src/install/tutorial_interfaces/local/lib/python3.10/dist-packages/tutorial_interfaces/_tutorial_interfaces_s.ep.rosidl_typesupport_c.c
[2.324s] -- Up-to-date: /home/admin/ros2_ws/src/install/tutorial_interfaces/local/lib/python3.10/dist-packages/tutorial_interfaces/_tutorial_interfaces_s.ep.rosidl_typesupport_introspection_c.c
[2.324s] -- Up-to-date: /home/admin/ros2_ws/src/install/tutorial_interfaces/local/lib/python3.10/dist-packages/tutorial_interfaces/action
[2.324s] -- Up-to-date: /home/admin/ros2_ws/src/install/tutorial_interfaces/local/lib/python3.10/dist-packages/tutorial_interfaces/action/__init__.py
[2.324s] -- Up-to-date: /home/admin/ros2_ws/src/install/tutorial_interfaces/local/lib/python3.10/dist-packages/tutorial_interfaces/action/_draw_shape_s.c
[2.324s] -- Up-to-date: /home/admin/ros2_ws/src/install/tutorial_interfaces/local/lib/python3.10/dist-packages/tutorial_interfaces/action/_draw_shape.py
[2.324s] -- Up-to-date: /home/admin/ros2_ws/src/install/tutorial_interfaces/local/lib/python3.10/dist-packages/tutorial_interfaces/tutorial_interfaces_s__rosidl_typesupport_c.cpython-310-x86_64-linux-gnu.so
[2.324s] -- Up-to-date: /home/admin/ros2_ws/src/install/tutorial_interfaces/local/lib/python3.10/dist-packages/tutorial_interfaces/tutorial_interfaces_s__rosidl_typesupport_fastrtps_c.cpython-310-x86_64-linux-gnu.so
[2.324s] -- Up-to-date: /home/admin/ros2_ws/src/install/tutorial_interfaces/local/lib/python3.10/dist-packages/tutorial_interfaces/libtutorial_interfaces__rosidl_generator_py.so
[2.324s] -- Up-to-date: /home/admin/ros2_ws/src/install/tutorial_interfaces/local/lib/python3.10/dist-packages/tutorial_interfaces/srv
[2.324s] -- Up-to-date: /home/admin/ros2_ws/src/install/tutorial_interfaces/local/lib/python3.10/dist-packages/tutorial_interfaces/srv/__init__.py
[2.324s] -- Up-to-date: /home/admin/ros2_ws/src/install/tutorial_interfaces/local/lib/python3.10/dist-packages/tutorial_interfaces/srv/_gripper_control.py
[2.324s] -- Up-to-date: /home/admin/ros2_ws/src/install/tutorial_interfaces/local/lib/python3.10/dist-packages/tutorial_interfaces/srv/_gripper_control_s.c
[2.325s] -- Up-to-date: /home/admin/ros2_ws/src/install/tutorial_interfaces/local/lib/python3.10/dist-packages/tutorial_interfaces/_tutorial_interfaces_s.ep.rosidl_typesupport_fastrtps_c.c
[2.389s] Listing '/home/admin/ros2_ws/src/install/tutorial_interfaces/local/lib/python3.10/dist-packages/tutorial_interfaces'...
[2.389s] Listing '/home/admin/ros2_ws/src/install/tutorial_interfaces/local/lib/python3.10/dist-packages/tutorial_interfaces/action'...
[2.389s] Listing '/home/admin/ros2_ws/src/install/tutorial_interfaces/local/lib/python3.10/dist-packages/tutorial_interfaces/srv'...
[2.395s] -- Up-to-date: /home/admin/ros2_ws/src/install/tutorial_interfaces/local/lib/python3.10/dist-packages/tutorial_interfaces/tutorial_interfaces_s__rosidl_typesupport_fastrtps_c.cpython-310-x86_64-linux-gnu.so
[2.395s] -- Up-to-date: /home/admin/ros2_ws/src/install/tutorial_interfaces/local/lib/python3.10/dist-packages/tutorial_interfaces/tutorial_interfaces_s__rosidl_typesupport_introspection_c.cpython-310-x86_64-linux-gnu.so
[2.396s] -- Up-to-date: /home/admin/ros2_ws/src/install/tutorial_interfaces/local/lib/python3.10/dist-packages/tutorial_interfaces/tutorial_interfaces_s__rosidl_typesupport_c.cpython-310-x86_64-linux-gnu.so
[2.396s] -- Up-to-date: /home/admin/ros2_ws/src/install/tutorial_interfaces/lib/libtutorial_interfaces__rosidl_generator_py.so
[2.397s] -- Up-to-date: /home/admin/ros2_ws/src/install/tutorial_interfaces/share/tutorial_interfaces/action/DrawShape.idl
[2.397s] -- Up-to-date: /home/admin/ros2_ws/src/install/tutorial_interfaces/share/tutorial_interfaces/action/DrawShape.action
[2.397s] -- Up-to-date: /home/admin/ros2_ws/src/install/tutorial_interfaces/share/ament_index/resource_index/package_run_dependencies/tutorial_interfaces
[2.397s] -- Up-to-date: /home/admin/ros2_ws/src/install/tutorial_interfaces/share/ament_index/resource_index/parent_prefix_path/tutorial_interfaces
[2.397s] -- Up-to-date: /home/admin/ros2_ws/src/install/tutorial_interfaces/share/tutorial_interfaces/environment/ament_prefix_path.sh
[2.397s] -- Up-to-date: /home/admin/ros2_ws/src/install/tutorial_interfaces/share/tutorial_interfaces/environment/ament_prefix_path.dsv
[2.397s] -- Up-to-date: /home/admin/ros2_ws/src/install/tutorial_interfaces/share/tutorial_interfaces/environment/path.sh
[2.398s] -- Up-to-date: /home/admin/ros2_ws/src/install/tutorial_interfaces/share/tutorial_interfaces/environment/path.dsv
[2.398s] -- Up-to-date: /home/admin/ros2_ws/src/install/tutorial_interfaces/share/tutorial_interfaces/local_setup.bash
[2.398s] -- Up-to-date: /home/admin/ros2_ws/src/install/tutorial_interfaces/share/tutorial_interfaces/local_setup.sh
[2.398s] -- Up-to-date: /home/admin/ros2_ws/src/install/tutorial_interfaces/share/tutorial_interfaces/local_setup.zsh
[2.398s] -- Up-to-date: /home/admin/ros2_ws/src/install/tutorial_interfaces/share/tutorial_interfaces/local_setup.dsv
[2.398s] -- Installing: /home/admin/ros2_ws/src/install/tutorial_interfaces/share/tutorial_interfaces/package.dsv
[2.398s] -- Up-to-date: /home/admin/ros2_ws/src/install/tutorial_interfaces/share/ament_index/resource_index/packages/tutorial_interfaces
[2.398s] -- Up-to-date: /home/admin/ros2_ws/src/install/tutorial_interfaces/share/tutorial_interfaces/cmake/export_tutorial_interfaces__rosidl_generator_cExport.cmake
[2.398s] -- Up-to-date: /home/admin/ros2_ws/src/install/tutorial_interfaces/share/tutorial_interfaces/cmake/export_tutorial_interfaces__rosidl_generator_cExport-noconfig.cmake
[2.398s] -- Up-to-date: /home/admin/ros2_ws/src/install/tutorial_interfaces/share/tutorial_interfaces/cmake/export_tutorial_interfaces__rosidl_typesupport_fastrtps_cExport.cmake
[2.398s] -- Up-to-date: /home/admin/ros2_ws/src/install/tutorial_interfaces/share/tutorial_interfaces/cmake/export_tutorial_interfaces__rosidl_typesupport_fastrtps_cExport-noconfig.cmake
[2.399s] -- Up-to-date: /home/admin/ros2_ws/src/install/tutorial_interfaces/share/tutorial_interfaces/cmake/export_tutorial_interfaces__rosidl_generator_cppExport.cmake
[2.399s] -- Up-to-date: /home/admin/ros2_ws/src/install/tutorial_interfaces/share/tutorial_interfaces/cmake/export_tutorial_interfaces__rosidl_typesupport_fastrtps_cppExport.cmake
[2.400s] -- Up-to-date: /home/admin/ros2_ws/src/install/tutorial_interfaces/share/tutorial_interfaces/cmake/export_tutorial_interfaces__rosidl_typesupport_fastrtps_cppExport-noconfig.cmake
[2.401s] -- Up-to-date: /home/admin/ros2_ws/src/install/tutorial_interfaces/share/tutorial_interfaces/cmake/tutorial_interfaces__rosidl_typesupport_introspection_cExport.cmake
[2.401s] -- Up-to-date: /home/admin/ros2_ws/src/install/tutorial_interfaces/share/tutorial_interfaces/cmake/tutorial_interfaces__rosidl_typesupport_introspection_cExport-noconfig.cmake
[2.401s] -- Up-to-date: /home/admin/ros2_ws/src/install/tutorial_interfaces/share/tutorial_interfaces/cmake/tutorial_interfaces__rosidl_typesupport_cExport.cmake
[2.401s] -- Up-to-date: /home/admin/ros2_ws/src/install/tutorial_interfaces/share/tutorial_interfaces/cmake/tutorial_interfaces__rosidl_typesupport_cExport-noconfig.cmake
[2.402s] -- Up-to-date: /home/admin/ros2_ws/src/install/tutorial_interfaces/share/tutorial_interfaces/cmake/tutorial_interfaces__rosidl_typesupport_introspection_cppExport.cmake
[2.402s] -- Up-to-date: /home/admin/ros2_ws/src/install/tutorial_interfaces/share/tutorial_interfaces/cmake/tutorial_interfaces__rosidl_typesupport_introspection_cppExport-noconfig.cmake
[2.403s] -- Up-to-date: /home/admin/ros2_ws/src/install/tutorial_interfaces/share/tutorial_interfaces/cmake/tutorial_interfaces__rosidl_typesupport_cppExport.cmake
[2.403s] -- Up-to-date: /home/admin/ros2_ws/src/install/tutorial_interfaces/share/tutorial_interfaces/cmake/tutorial_interfaces__rosidl_typesupport_cppExport-noconfig.cmake
[2.403s] -- Up-to-date: /home/admin/ros2_ws/src/install/tutorial_interfaces/share/tutorial_interfaces/cmake/export_tutorial_interfaces__rosidl_generator_pyExport.cmake
[2.403s] -- Up-to-date: /home/admin/ros2_ws/src/install/tutorial_interfaces/share/tutorial_interfaces/cmake/export_tutorial_interfaces__rosidl_generator_pyExport-noconfig.cmake
[2.404s] -- Up-to-date: /home/admin/ros2_ws/src/install/tutorial_interfaces/share/tutorial_interfaces/cmake/rosidl_cmake-extras.cmake
[2.404s] -- Up-to-date: /home/admin/ros2_ws/src/install/tutorial_interfaces/share/tutorial_interfaces/cmake/ament_cmake_export_dependencies-extras.cmake
[2.405s] -- Up-to-date: /home/admin/ros2_ws/src/install/tutorial_interfaces/share/tutorial_interfaces/cmake/ament_cmake_export_include_directories-extras.cmake
[2.405s] -- Up-to-date: /home/admin/ros2_ws/src/install/tutorial_interfaces/share/tutorial_interfaces/cmake/ament_cmake_export_libraries-extras.cmake
[2.406s] -- Up-to-date: /home/admin/ros2_ws/src/install/tutorial_interfaces/share/tutorial_interfaces/cmake/ament_cmake_export_targets-extras.cmake
[2.406s] -- Up-to-date: /home/admin/ros2_ws/src/install/tutorial_interfaces/share/tutorial_interfaces/cmake/rosidl_cmake_export_typesupport_targets-extras.cmake
[2.406s] -- Up-to-date: /home/admin/ros2_ws/src/install/tutorial_interfaces/share/tutorial_interfaces/cmake/rosidl_cmake_export_typesupport_libraries-extras.cmake
[2.406s] -- Up-to-date: /home/admin/ros2_ws/src/install/tutorial_interfaces/share/tutorial_interfaces/cmake/tutorial_interfacesConfig.cmake
[2.407s] -- Up-to-date: /home/admin/ros2_ws/src/install/tutorial_interfaces/share/tutorial_interfaces/cmake/tutorial_interfacesConfig-version.cmake
[2.407s] -- Up-to-date: /home/admin/ros2_ws/src/install/tutorial_interfaces/share/tutorial_interfaces/package.xml
[2.791s] Invoked command in '/home/admin/ros2_ws/src/build/tutorial_interfaces' returned '0': CMAKE_PREFIX_PATH=${CMAKE_PREFIX_PATH}:/home/admin/ros2_ws/src/install/projekt4:/home/admin/ros2_ws/src/install/projekt3:/home/admin/ros2_ws/src/install/py_pubsub:/home/admin/ros2_ws/src/install/projekt2:/home/admin/ros2_ws/src/install/lab2_to_send:/home/admin/ros2_ws/install/projekt4:/home/admin/ros2_ws/install/projekt3:/home/admin/ros2_ws/install/py_pubsub:/home/admin/ros2_ws/install/projekt2:/home/admin/ros2_ws/install/listener:/home/admin/ros2_ws/install/lab2_to_send:/home/admin/ros2_ws/install/Projekt2:/home/admin/ros2_ws/install/LAB2:/opt/ros/humble /usr/bin/cmake --install /home/admin/ros2_ws/src/build/tutorial_interfaces
