[0.793s] Invoking command in '/home/admin/ros2_ws/src/projekt3': AMENT_PREFIX_PATH=/home/admin/ros2_ws/src/install/tutorial_interfaces:${AMENT_PREFIX_PATH} CMAKE_PREFIX_PATH=/home/admin/ros2_ws/src/install/tutorial_interfaces LD_LIBRARY_PATH=/home/admin/ros2_ws/src/install/tutorial_interfaces/lib:${LD_LIBRARY_PATH} PYTHONPATH=/home/admin/ros2_ws/src/build/projekt3/prefix_override:/home/admin/ros2_ws/src/install/projekt3/lib/python3.10/site-packages:/home/admin/ros2_ws/src/install/tutorial_interfaces/local/lib/python3.10/dist-packages:${PYTHONPATH} /usr/bin/python3 setup.py egg_info --egg-base ../build/projekt3 build --build-base /home/admin/ros2_ws/src/build/projekt3/build install --record /home/admin/ros2_ws/src/build/projekt3/install.log --single-version-externally-managed
[1.041s] running egg_info
[1.041s] creating ../build/projekt3/projekt3.egg-info
[1.042s] writing ../build/projekt3/projekt3.egg-info/PKG-INFO
[1.042s] writing dependency_links to ../build/projekt3/projekt3.egg-info/dependency_links.txt
[1.043s] writing entry points to ../build/projekt3/projekt3.egg-info/entry_points.txt
[1.043s] writing requirements to ../build/projekt3/projekt3.egg-info/requires.txt
[1.043s] writing top-level names to ../build/projekt3/projekt3.egg-info/top_level.txt
[1.043s] writing manifest file '../build/projekt3/projekt3.egg-info/SOURCES.txt'
[1.045s] reading manifest file '../build/projekt3/projekt3.egg-info/SOURCES.txt'
[1.046s] writing manifest file '../build/projekt3/projekt3.egg-info/SOURCES.txt'
[1.046s] running build
[1.046s] running build_py
[1.047s] creating /home/admin/ros2_ws/src/build/projekt3/build
[1.047s] creating /home/admin/ros2_ws/src/build/projekt3/build/lib
[1.047s] creating /home/admin/ros2_ws/src/build/projekt3/build/lib/projekt3
[1.047s] copying projekt3/__init__.py -> /home/admin/ros2_ws/src/build/projekt3/build/lib/projekt3
[1.047s] copying projekt3/gripper_client.py -> /home/admin/ros2_ws/src/build/projekt3/build/lib/projekt3
[1.047s] copying projekt3/inv_kin.py -> /home/admin/ros2_ws/src/build/projekt3/build/lib/projekt3
[1.047s] copying projekt3/gripper_server.py -> /home/admin/ros2_ws/src/build/projekt3/build/lib/projekt3
[1.048s] running install
[1.048s] /usr/lib/python3/dist-packages/setuptools/command/install.py:34: SetuptoolsDeprecationWarning: setup.py install is deprecated. Use build and pip and other standards-based tools.
[1.049s]   warnings.warn(
[1.049s] running install_lib
[1.049s] creating /home/admin/ros2_ws/src/install/projekt3/lib/python3.10/site-packages/projekt3
[1.049s] copying /home/admin/ros2_ws/src/build/projekt3/build/lib/projekt3/__init__.py -> /home/admin/ros2_ws/src/install/projekt3/lib/python3.10/site-packages/projekt3
[1.049s] copying /home/admin/ros2_ws/src/build/projekt3/build/lib/projekt3/gripper_client.py -> /home/admin/ros2_ws/src/install/projekt3/lib/python3.10/site-packages/projekt3
[1.050s] copying /home/admin/ros2_ws/src/build/projekt3/build/lib/projekt3/inv_kin.py -> /home/admin/ros2_ws/src/install/projekt3/lib/python3.10/site-packages/projekt3
[1.050s] copying /home/admin/ros2_ws/src/build/projekt3/build/lib/projekt3/gripper_server.py -> /home/admin/ros2_ws/src/install/projekt3/lib/python3.10/site-packages/projekt3
[1.050s] byte-compiling /home/admin/ros2_ws/src/install/projekt3/lib/python3.10/site-packages/projekt3/__init__.py to __init__.cpython-310.pyc
[1.050s] byte-compiling /home/admin/ros2_ws/src/install/projekt3/lib/python3.10/site-packages/projekt3/gripper_client.py to gripper_client.cpython-310.pyc
[1.051s] byte-compiling /home/admin/ros2_ws/src/install/projekt3/lib/python3.10/site-packages/projekt3/inv_kin.py to inv_kin.cpython-310.pyc
[1.052s] byte-compiling /home/admin/ros2_ws/src/install/projekt3/lib/python3.10/site-packages/projekt3/gripper_server.py to gripper_server.cpython-310.pyc
[1.052s] running install_data
[1.053s] creating /home/admin/ros2_ws/src/install/projekt3/share/ament_index
[1.053s] creating /home/admin/ros2_ws/src/install/projekt3/share/ament_index/resource_index
[1.054s] creating /home/admin/ros2_ws/src/install/projekt3/share/ament_index/resource_index/packages
[1.054s] copying resource/projekt3 -> /home/admin/ros2_ws/src/install/projekt3/share/ament_index/resource_index/packages
[1.054s] copying package.xml -> /home/admin/ros2_ws/src/install/projekt3/share/projekt3
[1.054s] running install_egg_info
[1.056s] Copying ../build/projekt3/projekt3.egg-info to /home/admin/ros2_ws/src/install/projekt3/lib/python3.10/site-packages/projekt3-0.0.1-py3.10.egg-info
[1.058s] running install_scripts
[1.082s] Installing gripper_client script to /home/admin/ros2_ws/src/install/projekt3/lib/projekt3
[1.082s] Installing gripper_server script to /home/admin/ros2_ws/src/install/projekt3/lib/projekt3
[1.082s] Installing inv_kin script to /home/admin/ros2_ws/src/install/projekt3/lib/projekt3
[1.083s] writing list of installed files to '/home/admin/ros2_ws/src/build/projekt3/install.log'
[1.114s] Invoked command in '/home/admin/ros2_ws/src/projekt3' returned '0': AMENT_PREFIX_PATH=/home/admin/ros2_ws/src/install/tutorial_interfaces:${AMENT_PREFIX_PATH} CMAKE_PREFIX_PATH=/home/admin/ros2_ws/src/install/tutorial_interfaces LD_LIBRARY_PATH=/home/admin/ros2_ws/src/install/tutorial_interfaces/lib:${LD_LIBRARY_PATH} PYTHONPATH=/home/admin/ros2_ws/src/build/projekt3/prefix_override:/home/admin/ros2_ws/src/install/projekt3/lib/python3.10/site-packages:/home/admin/ros2_ws/src/install/tutorial_interfaces/local/lib/python3.10/dist-packages:${PYTHONPATH} /usr/bin/python3 setup.py egg_info --egg-base ../build/projekt3 build --build-base /home/admin/ros2_ws/src/build/projekt3/build install --record /home/admin/ros2_ws/src/build/projekt3/install.log --single-version-externally-managed
