running egg_info
creating ../build/projekt3/projekt3.egg-info
writing ../build/projekt3/projekt3.egg-info/PKG-INFO
writing dependency_links to ../build/projekt3/projekt3.egg-info/dependency_links.txt
writing entry points to ../build/projekt3/projekt3.egg-info/entry_points.txt
writing requirements to ../build/projekt3/projekt3.egg-info/requires.txt
writing top-level names to ../build/projekt3/projekt3.egg-info/top_level.txt
writing manifest file '../build/projekt3/projekt3.egg-info/SOURCES.txt'
reading manifest file '../build/projekt3/projekt3.egg-info/SOURCES.txt'
writing manifest file '../build/projekt3/projekt3.egg-info/SOURCES.txt'
running build
running build_py
creating /home/admin/ros2_ws/src/build/projekt3/build
creating /home/admin/ros2_ws/src/build/projekt3/build/lib
creating /home/admin/ros2_ws/src/build/projekt3/build/lib/projekt3
copying projekt3/__init__.py -> /home/admin/ros2_ws/src/build/projekt3/build/lib/projekt3
running install
running install_lib
creating /home/admin/ros2_ws/src/install/projekt3/lib/python3.10/site-packages/projekt3
copying /home/admin/ros2_ws/src/build/projekt3/build/lib/projekt3/__init__.py -> /home/admin/ros2_ws/src/install/projekt3/lib/python3.10/site-packages/projekt3
byte-compiling /home/admin/ros2_ws/src/install/projekt3/lib/python3.10/site-packages/projekt3/__init__.py to __init__.cpython-310.pyc
running install_data
creating /home/admin/ros2_ws/src/install/projekt3/share/ament_index
creating /home/admin/ros2_ws/src/install/projekt3/share/ament_index/resource_index
creating /home/admin/ros2_ws/src/install/projekt3/share/ament_index/resource_index/packages
copying resource/projekt3 -> /home/admin/ros2_ws/src/install/projekt3/share/ament_index/resource_index/packages
copying package.xml -> /home/admin/ros2_ws/src/install/projekt3/share/projekt3
running install_egg_info
Copying ../build/projekt3/projekt3.egg-info to /home/admin/ros2_ws/src/install/projekt3/lib/python3.10/site-packages/projekt3-0.0.0-py3.10.egg-info
running install_scripts
writing list of installed files to '/home/admin/ros2_ws/src/build/projekt3/install.log'
