[1.441s] Invoking command in '/home/admin/ros2_ws/src/projekt3': PYTHONPATH=/home/admin/ros2_ws/src/build/projekt3/prefix_override:/home/admin/ros2_ws/src/install/projekt3/lib/python3.10/site-packages:${PYTHONPATH} /usr/bin/python3 setup.py egg_info --egg-base ../build/projekt3 build --build-base /home/admin/ros2_ws/src/build/projekt3/build install --record /home/admin/ros2_ws/src/build/projekt3/install.log --single-version-externally-managed
[1.707s] running egg_info
[1.708s] creating ../build/projekt3/projekt3.egg-info
[1.709s] writing ../build/projekt3/projekt3.egg-info/PKG-INFO
[1.712s] writing dependency_links to ../build/projekt3/projekt3.egg-info/dependency_links.txt
[1.712s] writing entry points to ../build/projekt3/projekt3.egg-info/entry_points.txt
[1.728s] writing requirements to ../build/projekt3/projekt3.egg-info/requires.txt
[1.728s] writing top-level names to ../build/projekt3/projekt3.egg-info/top_level.txt
[1.728s] writing manifest file '../build/projekt3/projekt3.egg-info/SOURCES.txt'
[1.728s] reading manifest file '../build/projekt3/projekt3.egg-info/SOURCES.txt'
[1.729s] writing manifest file '../build/projekt3/projekt3.egg-info/SOURCES.txt'
[1.729s] running build
[1.729s] running build_py
[1.729s] creating /home/admin/ros2_ws/src/build/projekt3/build
[1.729s] creating /home/admin/ros2_ws/src/build/projekt3/build/lib
[1.730s] creating /home/admin/ros2_ws/src/build/projekt3/build/lib/projekt3
[1.730s] copying projekt3/__init__.py -> /home/admin/ros2_ws/src/build/projekt3/build/lib/projekt3
[1.730s] running install
[1.731s] /usr/lib/python3/dist-packages/setuptools/command/install.py:34: SetuptoolsDeprecationWarning: setup.py install is deprecated. Use build and pip and other standards-based tools.
[1.731s]   warnings.warn(
[1.731s] running install_lib
[1.732s] creating /home/admin/ros2_ws/src/install/projekt3/lib/python3.10/site-packages/projekt3
[1.732s] copying /home/admin/ros2_ws/src/build/projekt3/build/lib/projekt3/__init__.py -> /home/admin/ros2_ws/src/install/projekt3/lib/python3.10/site-packages/projekt3
[1.733s] byte-compiling /home/admin/ros2_ws/src/install/projekt3/lib/python3.10/site-packages/projekt3/__init__.py to __init__.cpython-310.pyc
[1.733s] running install_data
[1.734s] creating /home/admin/ros2_ws/src/install/projekt3/share/ament_index
[1.734s] creating /home/admin/ros2_ws/src/install/projekt3/share/ament_index/resource_index
[1.734s] creating /home/admin/ros2_ws/src/install/projekt3/share/ament_index/resource_index/packages
[1.734s] copying resource/projekt3 -> /home/admin/ros2_ws/src/install/projekt3/share/ament_index/resource_index/packages
[1.734s] copying package.xml -> /home/admin/ros2_ws/src/install/projekt3/share/projekt3
[1.734s] running install_egg_info
[1.736s] Copying ../build/projekt3/projekt3.egg-info to /home/admin/ros2_ws/src/install/projekt3/lib/python3.10/site-packages/projekt3-0.0.0-py3.10.egg-info
[1.737s] running install_scripts
[1.763s] writing list of installed files to '/home/admin/ros2_ws/src/build/projekt3/install.log'
[2.043s] Invoked command in '/home/admin/ros2_ws/src/projekt3' returned '0': PYTHONPATH=/home/admin/ros2_ws/src/build/projekt3/prefix_override:/home/admin/ros2_ws/src/install/projekt3/lib/python3.10/site-packages:${PYTHONPATH} /usr/bin/python3 setup.py egg_info --egg-base ../build/projekt3 build --build-base /home/admin/ros2_ws/src/build/projekt3/build install --record /home/admin/ros2_ws/src/build/projekt3/install.log --single-version-externally-managed
