[0.725s] Invoking command in '/home/admin/ros2_ws/src/projekt3': PYTHONPATH=/home/admin/ros2_ws/src/build/projekt3/prefix_override:/home/admin/ros2_ws/src/install/projekt3/lib/python3.10/site-packages:${PYTHONPATH} /usr/bin/python3 setup.py egg_info --egg-base ../build/projekt3 build --build-base /home/admin/ros2_ws/src/build/projekt3/build install --record /home/admin/ros2_ws/src/build/projekt3/install.log --single-version-externally-managed
[0.947s] running egg_info
[0.947s] writing ../build/projekt3/projekt3.egg-info/PKG-INFO
[0.948s] writing dependency_links to ../build/projekt3/projekt3.egg-info/dependency_links.txt
[0.949s] writing entry points to ../build/projekt3/projekt3.egg-info/entry_points.txt
[0.949s] writing requirements to ../build/projekt3/projekt3.egg-info/requires.txt
[0.949s] writing top-level names to ../build/projekt3/projekt3.egg-info/top_level.txt
[0.960s] reading manifest file '../build/projekt3/projekt3.egg-info/SOURCES.txt'
[0.961s] writing manifest file '../build/projekt3/projekt3.egg-info/SOURCES.txt'
[0.962s] running build
[0.962s] running build_py
[0.962s] running install
[0.962s] /usr/lib/python3/dist-packages/setuptools/command/install.py:34: SetuptoolsDeprecationWarning: setup.py install is deprecated. Use build and pip and other standards-based tools.
[0.962s]   warnings.warn(
[0.962s] running install_lib
[0.965s] running install_data
[0.965s] running install_egg_info
[0.967s] removing '/home/admin/ros2_ws/src/install/projekt3/lib/python3.10/site-packages/projekt3-0.0.1-py3.10.egg-info' (and everything under it)
[0.967s] Copying ../build/projekt3/projekt3.egg-info to /home/admin/ros2_ws/src/install/projekt3/lib/python3.10/site-packages/projekt3-0.0.1-py3.10.egg-info
[0.968s] running install_scripts
[0.989s] Installing gripper_client script to /home/admin/ros2_ws/src/install/projekt3/lib/projekt3
[0.989s] Installing gripper_server script to /home/admin/ros2_ws/src/install/projekt3/lib/projekt3
[0.989s] Installing inv_kin script to /home/admin/ros2_ws/src/install/projekt3/lib/projekt3
[0.989s] writing list of installed files to '/home/admin/ros2_ws/src/build/projekt3/install.log'
[1.011s] Invoked command in '/home/admin/ros2_ws/src/projekt3' returned '0': PYTHONPATH=/home/admin/ros2_ws/src/build/projekt3/prefix_override:/home/admin/ros2_ws/src/install/projekt3/lib/python3.10/site-packages:${PYTHONPATH} /usr/bin/python3 setup.py egg_info --egg-base ../build/projekt3 build --build-base /home/admin/ros2_ws/src/build/projekt3/build install --record /home/admin/ros2_ws/src/build/projekt3/install.log --single-version-externally-managed
