[0.834s] Invoking command in '/home/admin/ros2_ws/src/projekt4': AMENT_PREFIX_PATH=/home/admin/ros2_ws/src/install/projekt3:/home/admin/ros2_ws/src/install/projekt4:/home/admin/ros2_ws/src/install/tutorial_interfaces:/home/admin/ros2_ws/src/install/py_pubsub:/home/admin/ros2_ws/src/install/projekt2:/home/admin/ros2_ws/src/install/my_urdf_pkg:/home/admin/ros2_ws/src/install/lab2_to_send:/opt/ros/humble PYTHONPATH=/home/admin/ros2_ws/src/build/projekt4/prefix_override:/home/admin/ros2_ws/src/install/projekt4/lib/python3.10/site-packages:/home/admin/ros2_ws/src/install/projekt3/lib/python3.10/site-packages:/home/admin/ros2_ws/src/install/projekt4/lib/python3.10/site-packages:/home/admin/ros2_ws/src/install/tutorial_interfaces/local/lib/python3.10/dist-packages:/home/admin/ros2_ws/src/install/py_pubsub/lib/python3.10/site-packages:/home/admin/ros2_ws/src/install/projekt2/lib/python3.10/site-packages:/home/admin/ros2_ws/src/install/lab2_to_send/lib/python3.10/site-packages:/opt/ros/humble/lib/python3.10/site-packages:/opt/ros/humble/local/lib/python3.10/dist-packages /usr/bin/python3 setup.py egg_info --egg-base ../build/projekt4 build --build-base /home/admin/ros2_ws/src/build/projekt4/build install --record /home/admin/ros2_ws/src/build/projekt4/install.log --single-version-externally-managed
[1.062s] running egg_info
[1.062s] writing ../build/projekt4/projekt4.egg-info/PKG-INFO
[1.063s] writing dependency_links to ../build/projekt4/projekt4.egg-info/dependency_links.txt
[1.063s] writing entry points to ../build/projekt4/projekt4.egg-info/entry_points.txt
[1.063s] writing requirements to ../build/projekt4/projekt4.egg-info/requires.txt
[1.063s] writing top-level names to ../build/projekt4/projekt4.egg-info/top_level.txt
[1.066s] reading manifest file '../build/projekt4/projekt4.egg-info/SOURCES.txt'
[1.067s] writing manifest file '../build/projekt4/projekt4.egg-info/SOURCES.txt'
[1.067s] running build
[1.067s] running build_py
[1.067s] copying projekt4/draw_shape_server.py -> /home/admin/ros2_ws/src/build/projekt4/build/lib/projekt4
[1.068s] running install
[1.068s] /usr/lib/python3/dist-packages/setuptools/command/install.py:34: SetuptoolsDeprecationWarning: setup.py install is deprecated. Use build and pip and other standards-based tools.
[1.068s]   warnings.warn(
[1.070s] running install_lib
[1.070s] copying /home/admin/ros2_ws/src/build/projekt4/build/lib/projekt4/draw_shape_server.py -> /home/admin/ros2_ws/src/install/projekt4/lib/python3.10/site-packages/projekt4
[1.070s] byte-compiling /home/admin/ros2_ws/src/install/projekt4/lib/python3.10/site-packages/projekt4/draw_shape_server.py to draw_shape_server.cpython-310.pyc
[1.072s] running install_data
[1.073s] running install_egg_info
[1.074s] removing '/home/admin/ros2_ws/src/install/projekt4/lib/python3.10/site-packages/projekt4-0.0.0-py3.10.egg-info' (and everything under it)
[1.075s] Copying ../build/projekt4/projekt4.egg-info to /home/admin/ros2_ws/src/install/projekt4/lib/python3.10/site-packages/projekt4-0.0.0-py3.10.egg-info
[1.077s] running install_scripts
[1.107s] Installing draw_shape_server script to /home/admin/ros2_ws/src/install/projekt4/lib/projekt4
[1.107s] writing list of installed files to '/home/admin/ros2_ws/src/build/projekt4/install.log'
[1.133s] Invoked command in '/home/admin/ros2_ws/src/projekt4' returned '0': AMENT_PREFIX_PATH=/home/admin/ros2_ws/src/install/projekt3:/home/admin/ros2_ws/src/install/projekt4:/home/admin/ros2_ws/src/install/tutorial_interfaces:/home/admin/ros2_ws/src/install/py_pubsub:/home/admin/ros2_ws/src/install/projekt2:/home/admin/ros2_ws/src/install/my_urdf_pkg:/home/admin/ros2_ws/src/install/lab2_to_send:/opt/ros/humble PYTHONPATH=/home/admin/ros2_ws/src/build/projekt4/prefix_override:/home/admin/ros2_ws/src/install/projekt4/lib/python3.10/site-packages:/home/admin/ros2_ws/src/install/projekt3/lib/python3.10/site-packages:/home/admin/ros2_ws/src/install/projekt4/lib/python3.10/site-packages:/home/admin/ros2_ws/src/install/tutorial_interfaces/local/lib/python3.10/dist-packages:/home/admin/ros2_ws/src/install/py_pubsub/lib/python3.10/site-packages:/home/admin/ros2_ws/src/install/projekt2/lib/python3.10/site-packages:/home/admin/ros2_ws/src/install/lab2_to_send/lib/python3.10/site-packages:/opt/ros/humble/lib/python3.10/site-packages:/opt/ros/humble/local/lib/python3.10/dist-packages /usr/bin/python3 setup.py egg_info --egg-base ../build/projekt4 build --build-base /home/admin/ros2_ws/src/build/projekt4/build install --record /home/admin/ros2_ws/src/build/projekt4/install.log --single-version-externally-managed
