[1.824s] Invoking command in '/home/admin/ros2_ws/src/lab2_to_send': PYTHONPATH=/home/admin/ros2_ws/src/build/lab2_to_send/prefix_override:/home/admin/ros2_ws/src/install/lab2_to_send/lib/python3.10/site-packages:${PYTHONPATH} /usr/bin/python3 setup.py egg_info --egg-base ../build/lab2_to_send build --build-base /home/admin/ros2_ws/src/build/lab2_to_send/build install --record /home/admin/ros2_ws/src/build/lab2_to_send/install.log --single-version-externally-managed
[2.115s] running egg_info
[2.116s] writing ../build/lab2_to_send/lab2_to_send.egg-info/PKG-INFO
[2.116s] writing dependency_links to ../build/lab2_to_send/lab2_to_send.egg-info/dependency_links.txt
[2.117s] writing entry points to ../build/lab2_to_send/lab2_to_send.egg-info/entry_points.txt
[2.117s] writing requirements to ../build/lab2_to_send/lab2_to_send.egg-info/requires.txt
[2.118s] writing top-level names to ../build/lab2_to_send/lab2_to_send.egg-info/top_level.txt
[2.123s] reading manifest file '../build/lab2_to_send/lab2_to_send.egg-info/SOURCES.txt'
[2.126s] adding license file 'LICENSE'
[2.127s] /usr/lib/python3/dist-packages/setuptools/command/install.py:34: SetuptoolsDeprecationWarning: setup.py install is deprecated. Use build and pip and other standards-based tools.
[2.148s]   warnings.warn(
[2.149s] writing manifest file '../build/lab2_to_send/lab2_to_send.egg-info/SOURCES.txt'
[2.150s] running build
[2.150s] running build_py
[2.152s] running install
[2.153s] running install_lib
[2.153s] running install_data
[2.153s] running install_egg_info
[2.154s] removing '/home/admin/ros2_ws/src/install/lab2_to_send/lib/python3.10/site-packages/lab2_to_send-0.0.0-py3.10.egg-info' (and everything under it)
[2.154s] Copying ../build/lab2_to_send/lab2_to_send.egg-info to /home/admin/ros2_ws/src/install/lab2_to_send/lib/python3.10/site-packages/lab2_to_send-0.0.0-py3.10.egg-info
[2.154s] running install_scripts
[2.169s] Installing draw script to /home/admin/ros2_ws/src/install/lab2_to_send/lib/lab2_to_send
[2.171s] Installing pose_subscriber script to /home/admin/ros2_ws/src/install/lab2_to_send/lib/lab2_to_send
[2.172s] writing list of installed files to '/home/admin/ros2_ws/src/build/lab2_to_send/install.log'
[3.024s] Invoked command in '/home/admin/ros2_ws/src/lab2_to_send' returned '0': PYTHONPATH=/home/admin/ros2_ws/src/build/lab2_to_send/prefix_override:/home/admin/ros2_ws/src/install/lab2_to_send/lib/python3.10/site-packages:${PYTHONPATH} /usr/bin/python3 setup.py egg_info --egg-base ../build/lab2_to_send build --build-base /home/admin/ros2_ws/src/build/lab2_to_send/build install --record /home/admin/ros2_ws/src/build/lab2_to_send/install.log --single-version-externally-managed
