[1.452s] Invoking command in '/home/admin/ros2_ws/src/py_pubsub': PYTHONPATH=/home/admin/ros2_ws/src/build/py_pubsub/prefix_override:/home/admin/ros2_ws/src/install/py_pubsub/lib/python3.10/site-packages:${PYTHONPATH} /usr/bin/python3 setup.py egg_info --egg-base ../build/py_pubsub build --build-base /home/admin/ros2_ws/src/build/py_pubsub/build install --record /home/admin/ros2_ws/src/build/py_pubsub/install.log --single-version-externally-managed
[1.757s] running egg_info
[1.758s] writing ../build/py_pubsub/py_pubsub.egg-info/PKG-INFO
[1.759s] writing dependency_links to ../build/py_pubsub/py_pubsub.egg-info/dependency_links.txt
[1.760s] writing entry points to ../build/py_pubsub/py_pubsub.egg-info/entry_points.txt
[1.760s] writing requirements to ../build/py_pubsub/py_pubsub.egg-info/requires.txt
[1.761s] writing top-level names to ../build/py_pubsub/py_pubsub.egg-info/top_level.txt
[1.765s] reading manifest file '../build/py_pubsub/py_pubsub.egg-info/SOURCES.txt'
[1.765s] adding license file 'LICENSE'
[1.766s] writing manifest file '../build/py_pubsub/py_pubsub.egg-info/SOURCES.txt'
[1.766s] running build
[1.766s] running build_py
[1.767s] running install
[1.768s] /usr/lib/python3/dist-packages/setuptools/command/install.py:34: SetuptoolsDeprecationWarning: setup.py install is deprecated. Use build and pip and other standards-based tools.
[1.768s]   warnings.warn(
[1.768s] running install_lib
[1.770s] running install_data
[1.771s] running install_egg_info
[1.774s] removing '/home/admin/ros2_ws/src/install/py_pubsub/lib/python3.10/site-packages/py_pubsub-0.0.0-py3.10.egg-info' (and everything under it)
[1.774s] Copying ../build/py_pubsub/py_pubsub.egg-info to /home/admin/ros2_ws/src/install/py_pubsub/lib/python3.10/site-packages/py_pubsub-0.0.0-py3.10.egg-info
[1.775s] running install_scripts
[1.805s] Installing listener script to /home/admin/ros2_ws/src/install/py_pubsub/lib/py_pubsub
[1.805s] Installing talker script to /home/admin/ros2_ws/src/install/py_pubsub/lib/py_pubsub
[1.807s] writing list of installed files to '/home/admin/ros2_ws/src/build/py_pubsub/install.log'
[1.844s] Invoked command in '/home/admin/ros2_ws/src/py_pubsub' returned '0': PYTHONPATH=/home/admin/ros2_ws/src/build/py_pubsub/prefix_override:/home/admin/ros2_ws/src/install/py_pubsub/lib/python3.10/site-packages:${PYTHONPATH} /usr/bin/python3 setup.py egg_info --egg-base ../build/py_pubsub build --build-base /home/admin/ros2_ws/src/build/py_pubsub/build install --record /home/admin/ros2_ws/src/build/py_pubsub/install.log --single-version-externally-managed
