[1.067s] Invoking command in '/home/admin/ros2_ws/src/projekt3': AMENT_PREFIX_PATH=/home/admin/ros2_ws/src/install/tutorial_interfaces:${AMENT_PREFIX_PATH} CMAKE_PREFIX_PATH=/home/admin/ros2_ws/src/install/tutorial_interfaces:${CMAKE_PREFIX_PATH} LD_LIBRARY_PATH=/home/admin/ros2_ws/src/install/tutorial_interfaces/lib:${LD_LIBRARY_PATH} PYTHONPATH=/home/admin/ros2_ws/src/build/projekt3/prefix_override:/home/admin/ros2_ws/src/install/projekt3/lib/python3.10/site-packages:/home/admin/ros2_ws/src/install/tutorial_interfaces/local/lib/python3.10/dist-packages:${PYTHONPATH} /usr/bin/python3 setup.py egg_info --egg-base ../build/projekt3 build --build-base /home/admin/ros2_ws/src/build/projekt3/build install --record /home/admin/ros2_ws/src/build/projekt3/install.log --single-version-externally-managed
[1.336s] running egg_info
[1.338s] writing ../build/projekt3/projekt3.egg-info/PKG-INFO
[1.339s] writing dependency_links to ../build/projekt3/projekt3.egg-info/dependency_links.txt
[1.340s] writing entry points to ../build/projekt3/projekt3.egg-info/entry_points.txt
[1.341s] writing requirements to ../build/projekt3/projekt3.egg-info/requires.txt
[1.341s] writing top-level names to ../build/projekt3/projekt3.egg-info/top_level.txt
[1.344s] reading manifest file '../build/projekt3/projekt3.egg-info/SOURCES.txt'
[1.346s] writing manifest file '../build/projekt3/projekt3.egg-info/SOURCES.txt'
[1.346s] running build
[1.346s] running build_py
[1.349s] running install
[1.349s] /usr/lib/python3/dist-packages/setuptools/command/install.py:34: SetuptoolsDeprecationWarning: setup.py install is deprecated. Use build and pip and other standards-based tools.
[1.349s]   warnings.warn(
[1.349s] running install_lib
[1.352s] running install_data
[1.354s] running install_egg_info
[1.356s] removing '/home/admin/ros2_ws/src/install/projekt3/lib/python3.10/site-packages/projekt3-0.0.1-py3.10.egg-info' (and everything under it)
[1.357s] Copying ../build/projekt3/projekt3.egg-info to /home/admin/ros2_ws/src/install/projekt3/lib/python3.10/site-packages/projekt3-0.0.1-py3.10.egg-info
[1.359s] running install_scripts
[1.382s] Installing gripper_client script to /home/admin/ros2_ws/src/install/projekt3/lib/projekt3
[1.384s] Installing gripper_server script to /home/admin/ros2_ws/src/install/projekt3/lib/projekt3
[1.385s] Installing inv_kin script to /home/admin/ros2_ws/src/install/projekt3/lib/projekt3
[1.385s] writing list of installed files to '/home/admin/ros2_ws/src/build/projekt3/install.log'
[1.414s] Invoked command in '/home/admin/ros2_ws/src/projekt3' returned '0': AMENT_PREFIX_PATH=/home/admin/ros2_ws/src/install/tutorial_interfaces:${AMENT_PREFIX_PATH} CMAKE_PREFIX_PATH=/home/admin/ros2_ws/src/install/tutorial_interfaces:${CMAKE_PREFIX_PATH} LD_LIBRARY_PATH=/home/admin/ros2_ws/src/install/tutorial_interfaces/lib:${LD_LIBRARY_PATH} PYTHONPATH=/home/admin/ros2_ws/src/build/projekt3/prefix_override:/home/admin/ros2_ws/src/install/projekt3/lib/python3.10/site-packages:/home/admin/ros2_ws/src/install/tutorial_interfaces/local/lib/python3.10/dist-packages:${PYTHONPATH} /usr/bin/python3 setup.py egg_info --egg-base ../build/projekt3 build --build-base /home/admin/ros2_ws/src/build/projekt3/build install --record /home/admin/ros2_ws/src/build/projekt3/install.log --single-version-externally-managed
