[0.542s] Invoking command in '/home/admin/ros2_ws/src/build/my_urdf_pkg': CMAKE_PREFIX_PATH=${CMAKE_PREFIX_PATH}:/home/admin/ros2_ws/install/py_pubsub:/home/admin/ros2_ws/install/projekt3:/home/admin/ros2_ws/install/projekt2:/home/admin/ros2_ws/install/listener:/home/admin/ros2_ws/install/lab2_to_send:/home/admin/ros2_ws/install/Projekt2:/home/admin/ros2_ws/install/LAB2:/opt/ros/humble /usr/bin/cmake /home/admin/ros2_ws/src/my_urdf_pkg -DCMAKE_INSTALL_PREFIX=/home/admin/ros2_ws/src/install/my_urdf_pkg
[0.875s] -- The C compiler identification is GNU 11.4.0
[1.014s] -- The CXX compiler identification is GNU 11.4.0
[1.037s] -- Detecting C compiler ABI info
[1.145s] -- Detecting C compiler ABI info - done
[1.149s] -- Check for working C compiler: /usr/bin/cc - skipped
[1.149s] -- Detecting C compile features
[1.149s] -- Detecting C compile features - done
[1.155s] -- Detecting CXX compiler ABI info
[1.290s] -- Detecting CXX compiler ABI info - done
[1.308s] -- Check for working CXX compiler: /usr/bin/c++ - skipped
[1.308s] -- Detecting CXX compile features
[1.308s] -- Detecting CXX compile features - done
[1.322s] -- Found ament_cmake: 1.3.7 (/opt/ros/humble/share/ament_cmake/cmake)
[1.559s] -- Found Python3: /usr/bin/python3.10 (found version "3.10.12") found components: Interpreter 
[1.732s] -- Found ament_lint_auto: 0.12.10 (/opt/ros/humble/share/ament_lint_auto/cmake)
[1.849s] -- Configuring done
[1.864s] -- Generating done
[1.868s] -- Build files have been written to: /home/admin/ros2_ws/src/build/my_urdf_pkg
[1.886s] Invoked command in '/home/admin/ros2_ws/src/build/my_urdf_pkg' returned '0': CMAKE_PREFIX_PATH=${CMAKE_PREFIX_PATH}:/home/admin/ros2_ws/install/py_pubsub:/home/admin/ros2_ws/install/projekt3:/home/admin/ros2_ws/install/projekt2:/home/admin/ros2_ws/install/listener:/home/admin/ros2_ws/install/lab2_to_send:/home/admin/ros2_ws/install/Projekt2:/home/admin/ros2_ws/install/LAB2:/opt/ros/humble /usr/bin/cmake /home/admin/ros2_ws/src/my_urdf_pkg -DCMAKE_INSTALL_PREFIX=/home/admin/ros2_ws/src/install/my_urdf_pkg
[1.886s] Invoking command in '/home/admin/ros2_ws/src/build/my_urdf_pkg': CMAKE_PREFIX_PATH=${CMAKE_PREFIX_PATH}:/home/admin/ros2_ws/install/py_pubsub:/home/admin/ros2_ws/install/projekt3:/home/admin/ros2_ws/install/projekt2:/home/admin/ros2_ws/install/listener:/home/admin/ros2_ws/install/lab2_to_send:/home/admin/ros2_ws/install/Projekt2:/home/admin/ros2_ws/install/LAB2:/opt/ros/humble /usr/bin/cmake --build /home/admin/ros2_ws/src/build/my_urdf_pkg -- -j4 -l4
[2.198s] Invoked command in '/home/admin/ros2_ws/src/build/my_urdf_pkg' returned '0': CMAKE_PREFIX_PATH=${CMAKE_PREFIX_PATH}:/home/admin/ros2_ws/install/py_pubsub:/home/admin/ros2_ws/install/projekt3:/home/admin/ros2_ws/install/projekt2:/home/admin/ros2_ws/install/listener:/home/admin/ros2_ws/install/lab2_to_send:/home/admin/ros2_ws/install/Projekt2:/home/admin/ros2_ws/install/LAB2:/opt/ros/humble /usr/bin/cmake --build /home/admin/ros2_ws/src/build/my_urdf_pkg -- -j4 -l4
[2.581s] Invoking command in '/home/admin/ros2_ws/src/build/my_urdf_pkg': CMAKE_PREFIX_PATH=${CMAKE_PREFIX_PATH}:/home/admin/ros2_ws/install/py_pubsub:/home/admin/ros2_ws/install/projekt3:/home/admin/ros2_ws/install/projekt2:/home/admin/ros2_ws/install/listener:/home/admin/ros2_ws/install/lab2_to_send:/home/admin/ros2_ws/install/Projekt2:/home/admin/ros2_ws/install/LAB2:/opt/ros/humble /usr/bin/cmake --install /home/admin/ros2_ws/src/build/my_urdf_pkg
[2.591s] -- Install configuration: ""
[2.591s] -- Installing: /home/admin/ros2_ws/src/install/my_urdf_pkg/share/my_urdf_pkg/launch
[2.593s] -- Installing: /home/admin/ros2_ws/src/install/my_urdf_pkg/share/my_urdf_pkg/launch/display.launch.py
[2.593s] -- Installing: /home/admin/ros2_ws/src/install/my_urdf_pkg/share/my_urdf_pkg/rviz
[2.593s] -- Installing: /home/admin/ros2_ws/src/install/my_urdf_pkg/share/my_urdf_pkg/rviz/urdf.rviz
[2.593s] -- Installing: /home/admin/ros2_ws/src/install/my_urdf_pkg/share/my_urdf_pkg/urdf
[2.593s] -- Installing: /home/admin/ros2_ws/src/install/my_urdf_pkg/share/my_urdf_pkg/urdf/manipulator_model_with_gripper.urdf
[2.594s] -- Installing: /home/admin/ros2_ws/src/install/my_urdf_pkg/share/my_urdf_pkg/urdf/manipulator_model.urdf
[2.594s] -- Installing: /home/admin/ros2_ws/src/install/my_urdf_pkg/share/ament_index/resource_index/package_run_dependencies/my_urdf_pkg
[2.594s] -- Installing: /home/admin/ros2_ws/src/install/my_urdf_pkg/share/ament_index/resource_index/parent_prefix_path/my_urdf_pkg
[2.594s] -- Installing: /home/admin/ros2_ws/src/install/my_urdf_pkg/share/my_urdf_pkg/environment/ament_prefix_path.sh
[2.598s] -- Installing: /home/admin/ros2_ws/src/install/my_urdf_pkg/share/my_urdf_pkg/environment/ament_prefix_path.dsv
[2.598s] -- Installing: /home/admin/ros2_ws/src/install/my_urdf_pkg/share/my_urdf_pkg/environment/path.sh
[2.599s] -- Installing: /home/admin/ros2_ws/src/install/my_urdf_pkg/share/my_urdf_pkg/environment/path.dsv
[2.599s] -- Installing: /home/admin/ros2_ws/src/install/my_urdf_pkg/share/my_urdf_pkg/local_setup.bash
[2.599s] -- Installing: /home/admin/ros2_ws/src/install/my_urdf_pkg/share/my_urdf_pkg/local_setup.sh
[2.600s] -- Installing: /home/admin/ros2_ws/src/install/my_urdf_pkg/share/my_urdf_pkg/local_setup.zsh
[2.600s] -- Installing: /home/admin/ros2_ws/src/install/my_urdf_pkg/share/my_urdf_pkg/local_setup.dsv
[2.600s] -- Installing: /home/admin/ros2_ws/src/install/my_urdf_pkg/share/my_urdf_pkg/package.dsv
[2.601s] -- Installing: /home/admin/ros2_ws/src/install/my_urdf_pkg/share/ament_index/resource_index/packages/my_urdf_pkg
[2.601s] -- Installing: /home/admin/ros2_ws/src/install/my_urdf_pkg/share/my_urdf_pkg/cmake/my_urdf_pkgConfig.cmake
[2.601s] -- Installing: /home/admin/ros2_ws/src/install/my_urdf_pkg/share/my_urdf_pkg/cmake/my_urdf_pkgConfig-version.cmake
[2.602s] -- Installing: /home/admin/ros2_ws/src/install/my_urdf_pkg/share/my_urdf_pkg/package.xml
[2.610s] Invoked command in '/home/admin/ros2_ws/src/build/my_urdf_pkg' returned '0': CMAKE_PREFIX_PATH=${CMAKE_PREFIX_PATH}:/home/admin/ros2_ws/install/py_pubsub:/home/admin/ros2_ws/install/projekt3:/home/admin/ros2_ws/install/projekt2:/home/admin/ros2_ws/install/listener:/home/admin/ros2_ws/install/lab2_to_send:/home/admin/ros2_ws/install/Projekt2:/home/admin/ros2_ws/install/LAB2:/opt/ros/humble /usr/bin/cmake --install /home/admin/ros2_ws/src/build/my_urdf_pkg
