[0.561s] Invoking command in '/home/admin/ros2_ws/src/build/my_urdf_pkg': CMAKE_PREFIX_PATH=${CMAKE_PREFIX_PATH}:/home/admin/ros2_ws/src/install/projekt3:/home/admin/ros2_ws/src/install/py_pubsub:/home/admin/ros2_ws/src/install/projekt2:/home/admin/ros2_ws/src/install/lab2_to_send:/opt/ros/humble /usr/bin/cmake --build /home/admin/ros2_ws/src/build/my_urdf_pkg -- -j4 -l4
[0.893s] Invoked command in '/home/admin/ros2_ws/src/build/my_urdf_pkg' returned '0': CMAKE_PREFIX_PATH=${CMAKE_PREFIX_PATH}:/home/admin/ros2_ws/src/install/projekt3:/home/admin/ros2_ws/src/install/py_pubsub:/home/admin/ros2_ws/src/install/projekt2:/home/admin/ros2_ws/src/install/lab2_to_send:/opt/ros/humble /usr/bin/cmake --build /home/admin/ros2_ws/src/build/my_urdf_pkg -- -j4 -l4
[0.953s] Invoking command in '/home/admin/ros2_ws/src/build/my_urdf_pkg': CMAKE_PREFIX_PATH=${CMAKE_PREFIX_PATH}:/home/admin/ros2_ws/src/install/projekt3:/home/admin/ros2_ws/src/install/py_pubsub:/home/admin/ros2_ws/src/install/projekt2:/home/admin/ros2_ws/src/install/lab2_to_send:/opt/ros/humble /usr/bin/cmake --install /home/admin/ros2_ws/src/build/my_urdf_pkg
[0.964s] -- Install configuration: ""
[0.964s] -- Up-to-date: /home/admin/ros2_ws/src/install/my_urdf_pkg/share/my_urdf_pkg/launch
[0.964s] -- Up-to-date: /home/admin/ros2_ws/src/install/my_urdf_pkg/share/my_urdf_pkg/launch/display.launch.py
[0.965s] -- Up-to-date: /home/admin/ros2_ws/src/install/my_urdf_pkg/share/my_urdf_pkg/rviz
[0.965s] -- Up-to-date: /home/admin/ros2_ws/src/install/my_urdf_pkg/share/my_urdf_pkg/rviz/urdf.rviz
[0.965s] -- Up-to-date: /home/admin/ros2_ws/src/install/my_urdf_pkg/share/my_urdf_pkg/urdf
[0.965s] -- Up-to-date: /home/admin/ros2_ws/src/install/my_urdf_pkg/share/my_urdf_pkg/urdf/manipulator_model_with_gripper.urdf
[0.965s] -- Up-to-date: /home/admin/ros2_ws/src/install/my_urdf_pkg/share/my_urdf_pkg/urdf/manipulator_model.urdf
[0.965s] -- Up-to-date: /home/admin/ros2_ws/src/install/my_urdf_pkg/share/ament_index/resource_index/package_run_dependencies/my_urdf_pkg
[0.965s] -- Up-to-date: /home/admin/ros2_ws/src/install/my_urdf_pkg/share/ament_index/resource_index/parent_prefix_path/my_urdf_pkg
[0.965s] -- Up-to-date: /home/admin/ros2_ws/src/install/my_urdf_pkg/share/my_urdf_pkg/environment/ament_prefix_path.sh
[0.965s] -- Up-to-date: /home/admin/ros2_ws/src/install/my_urdf_pkg/share/my_urdf_pkg/environment/ament_prefix_path.dsv
[0.965s] -- Up-to-date: /home/admin/ros2_ws/src/install/my_urdf_pkg/share/my_urdf_pkg/environment/path.sh
[0.965s] -- Up-to-date: /home/admin/ros2_ws/src/install/my_urdf_pkg/share/my_urdf_pkg/environment/path.dsv
[0.965s] -- Up-to-date: /home/admin/ros2_ws/src/install/my_urdf_pkg/share/my_urdf_pkg/local_setup.bash
[0.965s] -- Up-to-date: /home/admin/ros2_ws/src/install/my_urdf_pkg/share/my_urdf_pkg/local_setup.sh
[0.965s] -- Up-to-date: /home/admin/ros2_ws/src/install/my_urdf_pkg/share/my_urdf_pkg/local_setup.zsh
[0.966s] -- Up-to-date: /home/admin/ros2_ws/src/install/my_urdf_pkg/share/my_urdf_pkg/local_setup.dsv
[0.966s] -- Installing: /home/admin/ros2_ws/src/install/my_urdf_pkg/share/my_urdf_pkg/package.dsv
[0.966s] -- Up-to-date: /home/admin/ros2_ws/src/install/my_urdf_pkg/share/ament_index/resource_index/packages/my_urdf_pkg
[0.966s] -- Up-to-date: /home/admin/ros2_ws/src/install/my_urdf_pkg/share/my_urdf_pkg/cmake/my_urdf_pkgConfig.cmake
[0.966s] -- Up-to-date: /home/admin/ros2_ws/src/install/my_urdf_pkg/share/my_urdf_pkg/cmake/my_urdf_pkgConfig-version.cmake
[0.966s] -- Up-to-date: /home/admin/ros2_ws/src/install/my_urdf_pkg/share/my_urdf_pkg/package.xml
[1.003s] Invoked command in '/home/admin/ros2_ws/src/build/my_urdf_pkg' returned '0': CMAKE_PREFIX_PATH=${CMAKE_PREFIX_PATH}:/home/admin/ros2_ws/src/install/projekt3:/home/admin/ros2_ws/src/install/py_pubsub:/home/admin/ros2_ws/src/install/projekt2:/home/admin/ros2_ws/src/install/lab2_to_send:/opt/ros/humble /usr/bin/cmake --install /home/admin/ros2_ws/src/build/my_urdf_pkg
