[1.251s] Invoking command in '/home/admin/ros2_ws/src/py_pubsub': PYTHONPATH=/home/admin/ros2_ws/src/build/py_pubsub/prefix_override:/home/admin/ros2_ws/src/install/py_pubsub/lib/python3.10/site-packages:${PYTHONPATH} /usr/bin/python3 setup.py egg_info --egg-base ../build/py_pubsub build --build-base /home/admin/ros2_ws/src/build/py_pubsub/build install --record /home/admin/ros2_ws/src/build/py_pubsub/install.log --single-version-externally-managed
[1.541s] running egg_info
[1.542s] writing ../build/py_pubsub/py_pubsub.egg-info/PKG-INFO
[1.543s] writing dependency_links to ../build/py_pubsub/py_pubsub.egg-info/dependency_links.txt
[1.543s] writing entry points to ../build/py_pubsub/py_pubsub.egg-info/entry_points.txt
[1.544s] writing requirements to ../build/py_pubsub/py_pubsub.egg-info/requires.txt
[1.545s] writing top-level names to ../build/py_pubsub/py_pubsub.egg-info/top_level.txt
[1.547s] reading manifest file '../build/py_pubsub/py_pubsub.egg-info/SOURCES.txt'
[1.548s] adding license file 'LICENSE'
[1.548s] writing manifest file '../build/py_pubsub/py_pubsub.egg-info/SOURCES.txt'
[1.549s] running build
[1.549s] running build_py
[1.549s] running install
[1.549s] /usr/lib/python3/dist-packages/setuptools/command/install.py:34: SetuptoolsDeprecationWarning: setup.py install is deprecated. Use build and pip and other standards-based tools.
[1.549s]   warnings.warn(
[1.550s] running install_lib
[1.552s] running install_data
[1.553s] running install_egg_info
[1.555s] removing '/home/admin/ros2_ws/src/install/py_pubsub/lib/python3.10/site-packages/py_pubsub-0.0.0-py3.10.egg-info' (and everything under it)
[1.556s] Copying ../build/py_pubsub/py_pubsub.egg-info to /home/admin/ros2_ws/src/install/py_pubsub/lib/python3.10/site-packages/py_pubsub-0.0.0-py3.10.egg-info
[1.557s] running install_scripts
[1.601s] Installing listener script to /home/admin/ros2_ws/src/install/py_pubsub/lib/py_pubsub
[1.601s] Installing talker script to /home/admin/ros2_ws/src/install/py_pubsub/lib/py_pubsub
[1.604s] writing list of installed files to '/home/admin/ros2_ws/src/build/py_pubsub/install.log'
[1.706s] Invoked command in '/home/admin/ros2_ws/src/py_pubsub' returned '0': PYTHONPATH=/home/admin/ros2_ws/src/build/py_pubsub/prefix_override:/home/admin/ros2_ws/src/install/py_pubsub/lib/python3.10/site-packages:${PYTHONPATH} /usr/bin/python3 setup.py egg_info --egg-base ../build/py_pubsub build --build-base /home/admin/ros2_ws/src/build/py_pubsub/build install --record /home/admin/ros2_ws/src/build/py_pubsub/install.log --single-version-externally-managed
