[1.746s] Invoking command in '/home/admin/ros2_ws/src/projekt4': PYTHONPATH=/home/admin/ros2_ws/src/build/projekt4/prefix_override:/home/admin/ros2_ws/src/install/projekt4/lib/python3.10/site-packages:${PYTHONPATH} /usr/bin/python3 setup.py egg_info --egg-base ../build/projekt4 build --build-base /home/admin/ros2_ws/src/build/projekt4/build install --record /home/admin/ros2_ws/src/build/projekt4/install.log --single-version-externally-managed
[1.988s] running egg_info
[1.988s] writing ../build/projekt4/projekt4.egg-info/PKG-INFO
[1.988s] writing dependency_links to ../build/projekt4/projekt4.egg-info/dependency_links.txt
[1.988s] writing entry points to ../build/projekt4/projekt4.egg-info/entry_points.txt
[1.988s] writing requirements to ../build/projekt4/projekt4.egg-info/requires.txt
[1.988s] writing top-level names to ../build/projekt4/projekt4.egg-info/top_level.txt
[1.988s] reading manifest file '../build/projekt4/projekt4.egg-info/SOURCES.txt'
[1.988s] writing manifest file '../build/projekt4/projekt4.egg-info/SOURCES.txt'
[1.988s] running build
[1.988s] running build_py
[1.988s] running install
[1.988s] /usr/lib/python3/dist-packages/setuptools/command/install.py:34: SetuptoolsDeprecationWarning: setup.py install is deprecated. Use build and pip and other standards-based tools.
[1.988s]   warnings.warn(
[1.988s] running install_lib
[1.995s] running install_data
[1.995s] running install_egg_info
[1.995s] removing '/home/admin/ros2_ws/src/install/projekt4/lib/python3.10/site-packages/projekt4-0.0.0-py3.10.egg-info' (and everything under it)
[1.995s] Copying ../build/projekt4/projekt4.egg-info to /home/admin/ros2_ws/src/install/projekt4/lib/python3.10/site-packages/projekt4-0.0.0-py3.10.egg-info
[1.995s] running install_scripts
[2.023s] Installing draw_shape_server script to /home/admin/ros2_ws/src/install/projekt4/lib/projekt4
[2.024s] writing list of installed files to '/home/admin/ros2_ws/src/build/projekt4/install.log'
[2.110s] Invoked command in '/home/admin/ros2_ws/src/projekt4' returned '0': PYTHONPATH=/home/admin/ros2_ws/src/build/projekt4/prefix_override:/home/admin/ros2_ws/src/install/projekt4/lib/python3.10/site-packages:${PYTHONPATH} /usr/bin/python3 setup.py egg_info --egg-base ../build/projekt4 build --build-base /home/admin/ros2_ws/src/build/projekt4/build install --record /home/admin/ros2_ws/src/build/projekt4/install.log --single-version-externally-managed
