[1.023s] Invoking command in '/home/admin/ros2_ws/src/projekt3': PYTHONPATH=/home/admin/ros2_ws/src/build/projekt3/prefix_override:/home/admin/ros2_ws/src/install/projekt3/lib/python3.10/site-packages:${PYTHONPATH} /usr/bin/python3 setup.py egg_info --egg-base ../build/projekt3 build --build-base /home/admin/ros2_ws/src/build/projekt3/build install --record /home/admin/ros2_ws/src/build/projekt3/install.log --single-version-externally-managed
[1.275s] running egg_info
[1.275s] writing ../build/projekt3/projekt3.egg-info/PKG-INFO
[1.275s] writing dependency_links to ../build/projekt3/projekt3.egg-info/dependency_links.txt
[1.275s] writing entry points to ../build/projekt3/projekt3.egg-info/entry_points.txt
[1.276s] writing requirements to ../build/projekt3/projekt3.egg-info/requires.txt
[1.277s] writing top-level names to ../build/projekt3/projekt3.egg-info/top_level.txt
[1.281s] reading manifest file '../build/projekt3/projekt3.egg-info/SOURCES.txt'
[1.283s] writing manifest file '../build/projekt3/projekt3.egg-info/SOURCES.txt'
[1.283s] running build
[1.283s] running build_py
[1.285s] running install
[1.285s] /usr/lib/python3/dist-packages/setuptools/command/install.py:34: SetuptoolsDeprecationWarning: setup.py install is deprecated. Use build and pip and other standards-based tools.
[1.285s]   warnings.warn(
[1.285s] running install_lib
[1.287s] running install_data
[1.288s] running install_egg_info
[1.289s] removing '/home/admin/ros2_ws/src/install/projekt3/lib/python3.10/site-packages/projekt3-0.0.1-py3.10.egg-info' (and everything under it)
[1.290s] Copying ../build/projekt3/projekt3.egg-info to /home/admin/ros2_ws/src/install/projekt3/lib/python3.10/site-packages/projekt3-0.0.1-py3.10.egg-info
[1.291s] running install_scripts
[1.321s] Installing gripper_client script to /home/admin/ros2_ws/src/install/projekt3/lib/projekt3
[1.322s] Installing gripper_server script to /home/admin/ros2_ws/src/install/projekt3/lib/projekt3
[1.322s] Installing inv_kin script to /home/admin/ros2_ws/src/install/projekt3/lib/projekt3
[1.323s] writing list of installed files to '/home/admin/ros2_ws/src/build/projekt3/install.log'
[1.352s] Invoked command in '/home/admin/ros2_ws/src/projekt3' returned '0': PYTHONPATH=/home/admin/ros2_ws/src/build/projekt3/prefix_override:/home/admin/ros2_ws/src/install/projekt3/lib/python3.10/site-packages:${PYTHONPATH} /usr/bin/python3 setup.py egg_info --egg-base ../build/projekt3 build --build-base /home/admin/ros2_ws/src/build/projekt3/build install --record /home/admin/ros2_ws/src/build/projekt3/install.log --single-version-externally-managed
