running egg_info
creating ../build/projekt4/projekt4.egg-info
writing ../build/projekt4/projekt4.egg-info/PKG-INFO
writing dependency_links to ../build/projekt4/projekt4.egg-info/dependency_links.txt
writing entry points to ../build/projekt4/projekt4.egg-info/entry_points.txt
writing requirements to ../build/projekt4/projekt4.egg-info/requires.txt
writing top-level names to ../build/projekt4/projekt4.egg-info/top_level.txt
writing manifest file '../build/projekt4/projekt4.egg-info/SOURCES.txt'
reading manifest file '../build/projekt4/projekt4.egg-info/SOURCES.txt'
writing manifest file '../build/projekt4/projekt4.egg-info/SOURCES.txt'
running build
running build_py
creating /home/admin/ros2_ws/src/build/projekt4/build
creating /home/admin/ros2_ws/src/build/projekt4/build/lib
creating /home/admin/ros2_ws/src/build/projekt4/build/lib/projekt4
copying projekt4/draw_shape_server.py -> /home/admin/ros2_ws/src/build/projekt4/build/lib/projekt4
copying projekt4/__init__.py -> /home/admin/ros2_ws/src/build/projekt4/build/lib/projekt4
copying projekt4/inv_kin.py -> /home/admin/ros2_ws/src/build/projekt4/build/lib/projekt4
running install
running install_lib
creating /home/admin/ros2_ws/src/install/projekt4/lib/python3.10/site-packages/projekt4
copying /home/admin/ros2_ws/src/build/projekt4/build/lib/projekt4/draw_shape_server.py -> /home/admin/ros2_ws/src/install/projekt4/lib/python3.10/site-packages/projekt4
copying /home/admin/ros2_ws/src/build/projekt4/build/lib/projekt4/__init__.py -> /home/admin/ros2_ws/src/install/projekt4/lib/python3.10/site-packages/projekt4
copying /home/admin/ros2_ws/src/build/projekt4/build/lib/projekt4/inv_kin.py -> /home/admin/ros2_ws/src/install/projekt4/lib/python3.10/site-packages/projekt4
byte-compiling /home/admin/ros2_ws/src/install/projekt4/lib/python3.10/site-packages/projekt4/draw_shape_server.py to draw_shape_server.cpython-310.pyc
byte-compiling /home/admin/ros2_ws/src/install/projekt4/lib/python3.10/site-packages/projekt4/__init__.py to __init__.cpython-310.pyc
byte-compiling /home/admin/ros2_ws/src/install/projekt4/lib/python3.10/site-packages/projekt4/inv_kin.py to inv_kin.cpython-310.pyc
running install_data
creating /home/admin/ros2_ws/src/install/projekt4/share
creating /home/admin/ros2_ws/src/install/projekt4/share/ament_index
creating /home/admin/ros2_ws/src/install/projekt4/share/ament_index/resource_index
creating /home/admin/ros2_ws/src/install/projekt4/share/ament_index/resource_index/packages
copying resource/projekt4 -> /home/admin/ros2_ws/src/install/projekt4/share/ament_index/resource_index/packages
creating /home/admin/ros2_ws/src/install/projekt4/share/projekt4
copying package.xml -> /home/admin/ros2_ws/src/install/projekt4/share/projekt4
running install_egg_info
Copying ../build/projekt4/projekt4.egg-info to /home/admin/ros2_ws/src/install/projekt4/lib/python3.10/site-packages/projekt4-0.0.0-py3.10.egg-info
running install_scripts
Installing draw_shape_server script to /home/admin/ros2_ws/src/install/projekt4/lib/projekt4
writing list of installed files to '/home/admin/ros2_ws/src/build/projekt4/install.log'
