[0.912s] Invoking command in '/home/admin/ros2_ws/src/projekt4': PYTHONPATH=/home/admin/ros2_ws/src/build/projekt4/prefix_override:/home/admin/ros2_ws/src/install/projekt4/lib/python3.10/site-packages:${PYTHONPATH} /usr/bin/python3 setup.py egg_info --egg-base ../build/projekt4 build --build-base /home/admin/ros2_ws/src/build/projekt4/build install --record /home/admin/ros2_ws/src/build/projekt4/install.log --single-version-externally-managed
[1.227s] running egg_info
[1.227s] creating ../build/projekt4/projekt4.egg-info
[1.229s] writing ../build/projekt4/projekt4.egg-info/PKG-INFO
[1.229s] writing dependency_links to ../build/projekt4/projekt4.egg-info/dependency_links.txt
[1.229s] writing entry points to ../build/projekt4/projekt4.egg-info/entry_points.txt
[1.229s] writing requirements to ../build/projekt4/projekt4.egg-info/requires.txt
[1.230s] writing top-level names to ../build/projekt4/projekt4.egg-info/top_level.txt
[1.230s] writing manifest file '../build/projekt4/projekt4.egg-info/SOURCES.txt'
[1.231s] reading manifest file '../build/projekt4/projekt4.egg-info/SOURCES.txt'
[1.231s] writing manifest file '../build/projekt4/projekt4.egg-info/SOURCES.txt'
[1.233s] running build
[1.233s] running build_py
[1.233s] creating /home/admin/ros2_ws/src/build/projekt4/build
[1.234s] creating /home/admin/ros2_ws/src/build/projekt4/build/lib
[1.241s] creating /home/admin/ros2_ws/src/build/projekt4/build/lib/projekt4
[1.248s] copying projekt4/draw_shape_server.py -> /home/admin/ros2_ws/src/build/projekt4/build/lib/projekt4
[1.248s] copying projekt4/__init__.py -> /home/admin/ros2_ws/src/build/projekt4/build/lib/projekt4
[1.249s] copying projekt4/inv_kin.py -> /home/admin/ros2_ws/src/build/projekt4/build/lib/projekt4
[1.250s] running install
[1.250s] running install_lib
[1.250s] creating /home/admin/ros2_ws/src/install/projekt4/lib/python3.10/site-packages/projekt4
[1.250s] copying /home/admin/ros2_ws/src/build/projekt4/build/lib/projekt4/draw_shape_server.py -> /home/admin/ros2_ws/src/install/projekt4/lib/python3.10/site-packages/projekt4
[1.251s] copying /home/admin/ros2_ws/src/build/projekt4/build/lib/projekt4/__init__.py -> /home/admin/ros2_ws/src/install/projekt4/lib/python3.10/site-packages/projekt4
[1.251s] copying /home/admin/ros2_ws/src/build/projekt4/build/lib/projekt4/inv_kin.py -> /home/admin/ros2_ws/src/install/projekt4/lib/python3.10/site-packages/projekt4
[1.251s] byte-compiling /home/admin/ros2_ws/src/install/projekt4/lib/python3.10/site-packages/projekt4/draw_shape_server.py to draw_shape_server.cpython-310.pyc
[1.252s] byte-compiling /home/admin/ros2_ws/src/install/projekt4/lib/python3.10/site-packages/projekt4/__init__.py to __init__.cpython-310.pyc
[1.252s] byte-compiling /home/admin/ros2_ws/src/install/projekt4/lib/python3.10/site-packages/projekt4/inv_kin.py to inv_kin.cpython-310.pyc
[1.252s] running install_data
[1.253s] creating /home/admin/ros2_ws/src/install/projekt4/share
[1.253s] creating /home/admin/ros2_ws/src/install/projekt4/share/ament_index
[1.253s] creating /home/admin/ros2_ws/src/install/projekt4/share/ament_index/resource_index
[1.253s] creating /home/admin/ros2_ws/src/install/projekt4/share/ament_index/resource_index/packages
[1.254s] copying resource/projekt4 -> /home/admin/ros2_ws/src/install/projekt4/share/ament_index/resource_index/packages
[1.254s] creating /home/admin/ros2_ws/src/install/projekt4/share/projekt4
[1.255s] copying package.xml -> /home/admin/ros2_ws/src/install/projekt4/share/projekt4
[1.255s] running install_egg_info
[1.255s] Copying ../build/projekt4/projekt4.egg-info to /home/admin/ros2_ws/src/install/projekt4/lib/python3.10/site-packages/projekt4-0.0.0-py3.10.egg-info
[1.256s] running install_scripts
[1.256s] Installing draw_shape_server script to /home/admin/ros2_ws/src/install/projekt4/lib/projekt4
[1.256s] writing list of installed files to '/home/admin/ros2_ws/src/build/projekt4/install.log'
[1.257s] /usr/lib/python3/dist-packages/setuptools/command/install.py:34: SetuptoolsDeprecationWarning: setup.py install is deprecated. Use build and pip and other standards-based tools.
[1.257s]   warnings.warn(
[1.257s] Invoked command in '/home/admin/ros2_ws/src/projekt4' returned '0': PYTHONPATH=/home/admin/ros2_ws/src/build/projekt4/prefix_override:/home/admin/ros2_ws/src/install/projekt4/lib/python3.10/site-packages:${PYTHONPATH} /usr/bin/python3 setup.py egg_info --egg-base ../build/projekt4 build --build-base /home/admin/ros2_ws/src/build/projekt4/build install --record /home/admin/ros2_ws/src/build/projekt4/install.log --single-version-externally-managed
